2026-03-07 07:00:02,024 - INFO - ======================================================================
2026-03-07 07:00:02,024 - INFO - INICIO DE SESIÓN - 07/03/2026 07:00:02
2026-03-07 07:00:02,024 - INFO - ======================================================================
2026-03-07 07:00:02,568 - INFO - Iniciando Playwright...
2026-03-07 07:00:02,747 - INFO - Navegador (Chromium) lanzado en modo visible
2026-03-07 07:00:03,122 - INFO - Navegando a: https://cencarvajal.com/#/portal/login
2026-03-07 07:00:08,267 - INFO - [Intento 1/3] Intentando login…
2026-03-07 07:00:10,749 - INFO - [Intento 1] Formulario de login enviado
2026-03-07 07:00:20,752 - WARNING - [Intento 1] No apareció 'Tus servicios' después de intentar login (posible modal)
2026-03-07 07:00:20,774 - INFO - [Intento 1] Se hizo clic en botón 'Continuar' del modal
2026-03-07 07:00:27,776 - WARNING - [Intento 1] Aún no aparece 'Tus servicios' tras aceptar modal
2026-03-07 07:00:27,776 - INFO - [Intento 1] Navegando de nuevo a login y reintentando...
2026-03-07 07:00:27,786 - INFO - [Intento 1] Página de login cargada nuevamente
2026-03-07 07:00:27,786 - INFO - [Intento 2/3] Intentando login…
2026-03-07 07:00:27,842 - INFO - [Intento 2] Formulario de login enviado
2026-03-07 07:00:30,255 - INFO - [Intento 2] [OK] Login exitoso - texto 'Tus servicios' encontrado
2026-03-07 07:00:30,255 - INFO - [Intento 2] Esperando que la página se cargue completamente...
2026-03-07 07:00:32,256 - INFO - [Intento 2] Página estabilizada, listo para descargar
2026-03-07 07:00:32,256 - INFO - ======================================================================
2026-03-07 07:00:32,256 - INFO - [*] Iniciando descarga de Reportes VENTAS
2026-03-07 07:00:32,256 - INFO - ======================================================================
2026-03-07 07:00:32,256 - INFO - Navegando a: https://cencarvajal.com/receivingadvicenewportal/#/home/consult-service?service=SLSRPT
2026-03-07 07:00:32,677 - INFO - Esperando que Angular cargue...
2026-03-07 07:00:36,215 - INFO - ✓ Formulario de filtros cargado
2026-03-07 07:00:38,217 - INFO - Configurando filtro de fechas: 06/03/2026 a 07/03/2026
2026-03-07 07:00:38,246 - INFO - Campo 'Fecha inicio' rellenado: 06/03/2026
2026-03-07 07:00:38,781 - INFO - Campo 'Fecha fin' rellenado: 07/03/2026
2026-03-07 07:00:40,309 - INFO - Calendarios cerrados, filtros de fecha configurados
2026-03-07 07:00:40,309 - INFO - 🔍 Presionando botón 'Buscar' para obtener el listado...
2026-03-07 07:00:40,369 - INFO - ✓ Búsqueda completada y tabla cargada
2026-03-07 07:00:42,373 - INFO - ✓ Se encontraron 1 registro(s)
2026-03-07 07:00:42,374 - INFO - 📄 Procesando página 1...
2026-03-07 07:00:42,378 - INFO -   -> 1 fila(s) en esta página
2026-03-07 07:00:42,403 - INFO - Fila 1: Iniciando descarga - Dismel Ltda | SUPERTIENDAS Y DROGUERIAS OLIMPICAS
2026-03-07 07:00:42,437 - INFO - Fila 1: Modal de formato abierto, esperando selección...
2026-03-07 07:00:43,474 - INFO - Fila 1: Formato XLSX seleccionado
2026-03-07 07:00:44,489 - INFO - Fila 1: Botón Descargar encontrado
2026-03-07 07:00:45,008 - INFO - Fila 1: Descargando archivo...
2026-03-07 07:00:50,854 - INFO - Fila 1: [OK] Descargado exitosamente: VENTAS_PAGE1_FILA1_20260307_070050.xlsx
2026-03-07 07:00:51,870 - INFO - No hay página siguiente. Fin de paginación.
2026-03-07 07:00:51,870 - INFO - ======================================================================
2026-03-07 07:00:51,870 - INFO - [OK] Proceso completado
2026-03-07 07:00:51,871 - INFO - [REPORT] Total de descargas: 1 archivo(s)
2026-03-07 07:00:51,871 - INFO - 📁 Ubicación: D:\TAREAS\CARVAJAL\descargas_reportes
2026-03-07 07:00:51,871 - INFO - [LOG] Logs guardados en: logs_reportes\reporte_descargas_20260307_070002.log
2026-03-07 07:00:51,871 - INFO - ======================================================================
2026-03-07 07:00:51,871 - INFO - ✅ Descarga de reportes de VENTAS completada exitosamente
2026-03-07 07:00:51,871 - INFO - ======================================================================
2026-03-07 07:00:51,871 - INFO - [*] Iniciando descarga de Reportes INVENTARIO
2026-03-07 07:00:51,871 - INFO - ======================================================================
2026-03-07 07:00:51,871 - INFO - Navegando a: https://cencarvajal.com/receivingadvicenewportal/#/home/consult-service?service=INVRPT
2026-03-07 07:00:51,874 - INFO - Esperando que Angular cargue...
2026-03-07 07:00:55,196 - INFO - ✓ Formulario de filtros cargado
2026-03-07 07:00:57,196 - INFO - Configurando filtro de fechas: 06/03/2026 a 07/03/2026
2026-03-07 07:00:57,215 - INFO - Campo 'Fecha inicio' rellenado: 06/03/2026
2026-03-07 07:00:57,745 - INFO - Campo 'Fecha fin' rellenado: 07/03/2026
2026-03-07 07:00:59,255 - INFO - Calendarios cerrados, filtros de fecha configurados
2026-03-07 07:00:59,255 - INFO - 🔍 Presionando botón 'Buscar' para obtener el listado...
2026-03-07 07:00:59,297 - INFO - ✓ Búsqueda completada y tabla cargada
2026-03-07 07:01:01,302 - INFO - ✓ Se encontraron 1 registro(s)
2026-03-07 07:01:01,302 - INFO - 📄 Procesando página 1...
2026-03-07 07:01:01,306 - INFO -   -> 1 fila(s) en esta página
2026-03-07 07:01:01,330 - INFO - Fila 1: Iniciando descarga - Dismel Ltda | SUPERTIENDAS Y DROGUERIAS OLIMPICAS
2026-03-07 07:01:01,369 - INFO - Fila 1: Modal de formato abierto, esperando selección...
2026-03-07 07:01:02,408 - INFO - Fila 1: Formato XLSX seleccionado
2026-03-07 07:01:03,423 - INFO - Fila 1: Botón Descargar encontrado
2026-03-07 07:01:03,944 - INFO - Fila 1: Descargando archivo...
2026-03-07 07:01:06,683 - INFO - Fila 1: [OK] Descargado exitosamente: INVENTARIO_PAGE1_FILA1_20260307_070106.xlsx
2026-03-07 07:01:07,710 - INFO - No hay página siguiente. Fin de paginación.
2026-03-07 07:01:07,710 - INFO - ======================================================================
2026-03-07 07:01:07,710 - INFO - [OK] Proceso completado
2026-03-07 07:01:07,711 - INFO - [REPORT] Total de descargas: 1 archivo(s)
2026-03-07 07:01:07,711 - INFO - 📁 Ubicación: D:\TAREAS\CARVAJAL\descargas_reportes
2026-03-07 07:01:07,711 - INFO - [LOG] Logs guardados en: logs_reportes\reporte_descargas_20260307_070002.log
2026-03-07 07:01:07,711 - INFO - ======================================================================
2026-03-07 07:01:07,711 - INFO - ✅ Descarga de reportes de INVENTARIO completada exitosamente
2026-03-07 07:01:07,794 - INFO - 
[OK] Navegador cerrado. Proceso finalizado correctamente
2026-03-07 07:01:07,795 - INFO - [LOG] Archivo de log: logs_reportes\reporte_descargas_20260307_070002.log
2026-03-07 07:01:07,795 - INFO - ======================================================================
