2026-03-07 09:00:02,008 - INFO - ======================================================================
2026-03-07 09:00:02,008 - INFO - INICIO DE SESIÓN - 07/03/2026 09:00:02
2026-03-07 09:00:02,009 - INFO - ======================================================================
2026-03-07 09:00:02,546 - INFO - Iniciando Playwright...
2026-03-07 09:00:02,721 - INFO - Navegador (Chromium) lanzado en modo visible
2026-03-07 09:00:03,096 - INFO - Navegando a: https://cencarvajal.com/#/portal/login
2026-03-07 09:00:04,754 - INFO - [Intento 1/3] Intentando login…
2026-03-07 09:00:07,161 - INFO - [Intento 1] Formulario de login enviado
2026-03-07 09:00:17,164 - WARNING - [Intento 1] No apareció 'Tus servicios' después de intentar login (posible modal)
2026-03-07 09:00:17,186 - INFO - [Intento 1] Se hizo clic en botón 'Continuar' del modal
2026-03-07 09:00:24,187 - WARNING - [Intento 1] Aún no aparece 'Tus servicios' tras aceptar modal
2026-03-07 09:00:24,187 - INFO - [Intento 1] Navegando de nuevo a login y reintentando...
2026-03-07 09:00:24,197 - INFO - [Intento 1] Página de login cargada nuevamente
2026-03-07 09:00:24,197 - INFO - [Intento 2/3] Intentando login…
2026-03-07 09:00:24,254 - INFO - [Intento 2] Formulario de login enviado
2026-03-07 09:00:26,550 - INFO - [Intento 2] [OK] Login exitoso - texto 'Tus servicios' encontrado
2026-03-07 09:00:26,550 - INFO - [Intento 2] Esperando que la página se cargue completamente...
2026-03-07 09:00:28,551 - INFO - [Intento 2] Página estabilizada, listo para descargar
2026-03-07 09:00:28,551 - INFO - ======================================================================
2026-03-07 09:00:28,551 - INFO - [*] Iniciando descarga de Reportes VENTAS
2026-03-07 09:00:28,551 - INFO - ======================================================================
2026-03-07 09:00:28,551 - INFO - Navegando a: https://cencarvajal.com/receivingadvicenewportal/#/home/consult-service?service=SLSRPT
2026-03-07 09:00:28,579 - INFO - Esperando que Angular cargue...
2026-03-07 09:00:32,134 - INFO - ✓ Formulario de filtros cargado
2026-03-07 09:00:34,135 - INFO - Configurando filtro de fechas: 06/03/2026 a 07/03/2026
2026-03-07 09:00:34,164 - INFO - Campo 'Fecha inicio' rellenado: 06/03/2026
2026-03-07 09:00:34,698 - INFO - Campo 'Fecha fin' rellenado: 07/03/2026
2026-03-07 09:00:36,207 - INFO - Calendarios cerrados, filtros de fecha configurados
2026-03-07 09:00:36,207 - INFO - 🔍 Presionando botón 'Buscar' para obtener el listado...
2026-03-07 09:00:36,248 - INFO - ✓ Búsqueda completada y tabla cargada
2026-03-07 09:00:38,254 - INFO - ✓ Se encontraron 1 registro(s)
2026-03-07 09:00:38,254 - INFO - 📄 Procesando página 1...
2026-03-07 09:00:38,257 - INFO -   -> 1 fila(s) en esta página
2026-03-07 09:00:38,282 - INFO - Fila 1: Iniciando descarga - Dismel Ltda | SUPERTIENDAS Y DROGUERIAS OLIMPICAS
2026-03-07 09:00:38,316 - INFO - Fila 1: Modal de formato abierto, esperando selección...
2026-03-07 09:00:39,354 - INFO - Fila 1: Formato XLSX seleccionado
2026-03-07 09:00:40,368 - INFO - Fila 1: Botón Descargar encontrado
2026-03-07 09:00:40,887 - INFO - Fila 1: Descargando archivo...
2026-03-07 09:00:46,793 - INFO - Fila 1: [OK] Descargado exitosamente: VENTAS_PAGE1_FILA1_20260307_090046.xlsx
2026-03-07 09:00:47,809 - INFO - No hay página siguiente. Fin de paginación.
2026-03-07 09:00:47,809 - INFO - ======================================================================
2026-03-07 09:00:47,810 - INFO - [OK] Proceso completado
2026-03-07 09:00:47,810 - INFO - [REPORT] Total de descargas: 1 archivo(s)
2026-03-07 09:00:47,810 - INFO - 📁 Ubicación: D:\TAREAS\CARVAJAL\descargas_reportes
2026-03-07 09:00:47,810 - INFO - [LOG] Logs guardados en: logs_reportes\reporte_descargas_20260307_090002.log
2026-03-07 09:00:47,810 - INFO - ======================================================================
2026-03-07 09:00:47,810 - INFO - ✅ Descarga de reportes de VENTAS completada exitosamente
2026-03-07 09:00:47,810 - INFO - ======================================================================
2026-03-07 09:00:47,810 - INFO - [*] Iniciando descarga de Reportes INVENTARIO
2026-03-07 09:00:47,810 - INFO - ======================================================================
2026-03-07 09:00:47,811 - INFO - Navegando a: https://cencarvajal.com/receivingadvicenewportal/#/home/consult-service?service=INVRPT
2026-03-07 09:00:47,813 - INFO - Esperando que Angular cargue...
2026-03-07 09:00:51,136 - INFO - ✓ Formulario de filtros cargado
2026-03-07 09:00:53,137 - INFO - Configurando filtro de fechas: 06/03/2026 a 07/03/2026
2026-03-07 09:00:53,156 - INFO - Campo 'Fecha inicio' rellenado: 06/03/2026
2026-03-07 09:00:53,687 - INFO - Campo 'Fecha fin' rellenado: 07/03/2026
2026-03-07 09:00:55,197 - INFO - Calendarios cerrados, filtros de fecha configurados
2026-03-07 09:00:55,197 - INFO - 🔍 Presionando botón 'Buscar' para obtener el listado...
2026-03-07 09:00:55,227 - INFO - ✓ Búsqueda completada y tabla cargada
2026-03-07 09:00:57,232 - INFO - ✓ Se encontraron 1 registro(s)
2026-03-07 09:00:57,232 - INFO - 📄 Procesando página 1...
2026-03-07 09:00:57,236 - INFO -   -> 1 fila(s) en esta página
2026-03-07 09:00:57,260 - INFO - Fila 1: Iniciando descarga - Dismel Ltda | SUPERTIENDAS Y DROGUERIAS OLIMPICAS
2026-03-07 09:00:57,298 - INFO - Fila 1: Modal de formato abierto, esperando selección...
2026-03-07 09:00:58,336 - INFO - Fila 1: Formato XLSX seleccionado
2026-03-07 09:00:59,351 - INFO - Fila 1: Botón Descargar encontrado
2026-03-07 09:00:59,871 - INFO - Fila 1: Descargando archivo...
2026-03-07 09:01:02,665 - INFO - Fila 1: [OK] Descargado exitosamente: INVENTARIO_PAGE1_FILA1_20260307_090102.xlsx
2026-03-07 09:01:03,694 - INFO - No hay página siguiente. Fin de paginación.
2026-03-07 09:01:03,694 - INFO - ======================================================================
2026-03-07 09:01:03,694 - INFO - [OK] Proceso completado
2026-03-07 09:01:03,694 - INFO - [REPORT] Total de descargas: 1 archivo(s)
2026-03-07 09:01:03,694 - INFO - 📁 Ubicación: D:\TAREAS\CARVAJAL\descargas_reportes
2026-03-07 09:01:03,694 - INFO - [LOG] Logs guardados en: logs_reportes\reporte_descargas_20260307_090002.log
2026-03-07 09:01:03,695 - INFO - ======================================================================
2026-03-07 09:01:03,695 - INFO - ✅ Descarga de reportes de INVENTARIO completada exitosamente
2026-03-07 09:01:03,879 - INFO - 
[OK] Navegador cerrado. Proceso finalizado correctamente
2026-03-07 09:01:03,879 - INFO - [LOG] Archivo de log: logs_reportes\reporte_descargas_20260307_090002.log
2026-03-07 09:01:03,879 - INFO - ======================================================================
