2026-03-08 03:00:02,022 - INFO - ======================================================================
2026-03-08 03:00:02,022 - INFO - INICIO DE SESIÓN - 08/03/2026 03:00:02
2026-03-08 03:00:02,022 - INFO - ======================================================================
2026-03-08 03:00:02,561 - INFO - Iniciando Playwright...
2026-03-08 03:00:02,742 - INFO - Navegador (Chromium) lanzado en modo visible
2026-03-08 03:00:03,109 - INFO - Navegando a: https://cencarvajal.com/#/portal/login
2026-03-08 03:00:08,543 - INFO - [Intento 1/3] Intentando login…
2026-03-08 03:00:10,559 - INFO - [Intento 1] Formulario de login enviado
2026-03-08 03:00:20,562 - WARNING - [Intento 1] No apareció 'Tus servicios' después de intentar login (posible modal)
2026-03-08 03:00:20,577 - INFO - [Intento 1] Se hizo clic en botón 'Continuar' del modal
2026-03-08 03:00:27,579 - WARNING - [Intento 1] Aún no aparece 'Tus servicios' tras aceptar modal
2026-03-08 03:00:27,579 - INFO - [Intento 1] Navegando de nuevo a login y reintentando...
2026-03-08 03:00:27,589 - INFO - [Intento 1] Página de login cargada nuevamente
2026-03-08 03:00:27,589 - INFO - [Intento 2/3] Intentando login…
2026-03-08 03:00:27,645 - INFO - [Intento 2] Formulario de login enviado
2026-03-08 03:00:32,496 - INFO - [Intento 2] [OK] Login exitoso - texto 'Tus servicios' encontrado
2026-03-08 03:00:32,496 - INFO - [Intento 2] Esperando que la página se cargue completamente...
2026-03-08 03:00:34,497 - INFO - [Intento 2] Página estabilizada, listo para descargar
2026-03-08 03:00:34,497 - INFO - ======================================================================
2026-03-08 03:00:34,497 - INFO - [*] Iniciando descarga de Reportes VENTAS
2026-03-08 03:00:34,497 - INFO - ======================================================================
2026-03-08 03:00:34,497 - INFO - Navegando a: https://cencarvajal.com/receivingadvicenewportal/#/home/consult-service?service=SLSRPT
2026-03-08 03:00:34,529 - INFO - Esperando que Angular cargue...
2026-03-08 03:00:39,335 - INFO - ✓ Formulario de filtros cargado
2026-03-08 03:00:41,336 - INFO - Configurando filtro de fechas: 07/03/2026 a 08/03/2026
2026-03-08 03:00:41,367 - INFO - Campo 'Fecha inicio' rellenado: 07/03/2026
2026-03-08 03:00:41,921 - INFO - Campo 'Fecha fin' rellenado: 08/03/2026
2026-03-08 03:00:43,430 - INFO - Calendarios cerrados, filtros de fecha configurados
2026-03-08 03:00:43,430 - INFO - 🔍 Presionando botón 'Buscar' para obtener el listado...
2026-03-08 03:00:43,472 - INFO - ✓ Búsqueda completada y tabla cargada
2026-03-08 03:00:45,478 - INFO - ✓ Se encontraron 2 registro(s)
2026-03-08 03:00:45,479 - INFO - 📄 Procesando página 1...
2026-03-08 03:00:45,483 - INFO -   -> 2 fila(s) en esta página
2026-03-08 03:00:45,508 - INFO - Fila 1: Iniciando descarga - Dismel Ltda | SUPERTIENDAS Y DROGUERIAS OLIMPICAS
2026-03-08 03:00:45,541 - INFO - Fila 1: Modal de formato abierto, esperando selección...
2026-03-08 03:00:46,578 - INFO - Fila 1: Formato XLSX seleccionado
2026-03-08 03:00:47,593 - INFO - Fila 1: Botón Descargar encontrado
2026-03-08 03:00:48,129 - INFO - Fila 1: Descargando archivo...
2026-03-08 03:00:54,452 - INFO - Fila 1: [OK] Descargado exitosamente: VENTAS_PAGE1_FILA1_20260308_030054.xlsx
2026-03-08 03:00:55,477 - INFO - Fila 2: Iniciando descarga - Dismel Ltda | SUPERTIENDAS Y DROGUERIAS OLIMPICAS
2026-03-08 03:00:55,507 - INFO - Fila 2: Modal de formato abierto, esperando selección...
2026-03-08 03:00:56,543 - INFO - Fila 2: Formato XLSX seleccionado
2026-03-08 03:00:57,558 - INFO - Fila 2: Botón Descargar encontrado
2026-03-08 03:00:58,079 - INFO - Fila 2: Descargando archivo...
2026-03-08 03:01:00,726 - INFO - Fila 2: [OK] Descargado exitosamente: VENTAS_PAGE1_FILA2_20260308_030100.xlsx
2026-03-08 03:01:01,742 - INFO - No hay página siguiente. Fin de paginación.
2026-03-08 03:01:01,742 - INFO - ======================================================================
2026-03-08 03:01:01,742 - INFO - [OK] Proceso completado
2026-03-08 03:01:01,743 - INFO - [REPORT] Total de descargas: 2 archivo(s)
2026-03-08 03:01:01,743 - INFO - 📁 Ubicación: D:\TAREAS\CARVAJAL\descargas_reportes
2026-03-08 03:01:01,743 - INFO - [LOG] Logs guardados en: logs_reportes\reporte_descargas_20260308_030002.log
2026-03-08 03:01:01,743 - INFO - ======================================================================
2026-03-08 03:01:01,743 - INFO - ✅ Descarga de reportes de VENTAS completada exitosamente
2026-03-08 03:01:01,743 - INFO - ======================================================================
2026-03-08 03:01:01,743 - INFO - [*] Iniciando descarga de Reportes INVENTARIO
2026-03-08 03:01:01,743 - INFO - ======================================================================
2026-03-08 03:01:01,743 - INFO - Navegando a: https://cencarvajal.com/receivingadvicenewportal/#/home/consult-service?service=INVRPT
2026-03-08 03:01:01,746 - INFO - Esperando que Angular cargue...
2026-03-08 03:01:05,067 - INFO - ✓ Formulario de filtros cargado
2026-03-08 03:01:07,068 - INFO - Configurando filtro de fechas: 07/03/2026 a 08/03/2026
2026-03-08 03:01:07,086 - INFO - Campo 'Fecha inicio' rellenado: 07/03/2026
2026-03-08 03:01:07,630 - INFO - Campo 'Fecha fin' rellenado: 08/03/2026
2026-03-08 03:01:09,140 - INFO - Calendarios cerrados, filtros de fecha configurados
2026-03-08 03:01:09,140 - INFO - 🔍 Presionando botón 'Buscar' para obtener el listado...
2026-03-08 03:01:09,167 - INFO - ✓ Búsqueda completada y tabla cargada
2026-03-08 03:01:11,173 - INFO - ✓ Se encontraron 2 registro(s)
2026-03-08 03:01:11,173 - INFO - 📄 Procesando página 1...
2026-03-08 03:01:11,178 - INFO -   -> 2 fila(s) en esta página
2026-03-08 03:01:11,201 - INFO - Fila 1: Iniciando descarga - Dismel Ltda | SUPERTIENDAS Y DROGUERIAS OLIMPICAS
2026-03-08 03:01:11,238 - INFO - Fila 1: Modal de formato abierto, esperando selección...
2026-03-08 03:01:12,277 - INFO - Fila 1: Formato XLSX seleccionado
2026-03-08 03:01:13,290 - INFO - Fila 1: Botón Descargar encontrado
2026-03-08 03:01:13,812 - INFO - Fila 1: Descargando archivo...
2026-03-08 03:01:16,603 - INFO - Fila 1: [OK] Descargado exitosamente: INVENTARIO_PAGE1_FILA1_20260308_030116.xlsx
2026-03-08 03:01:17,629 - INFO - Fila 2: Iniciando descarga - Dismel Ltda | SUPERTIENDAS Y DROGUERIAS OLIMPICAS
2026-03-08 03:01:17,654 - INFO - Fila 2: Modal de formato abierto, esperando selección...
2026-03-08 03:01:18,693 - INFO - Fila 2: Formato XLSX seleccionado
2026-03-08 03:01:19,707 - INFO - Fila 2: Botón Descargar encontrado
2026-03-08 03:01:20,228 - INFO - Fila 2: Descargando archivo...
2026-03-08 03:01:22,816 - INFO - Fila 2: [OK] Descargado exitosamente: INVENTARIO_PAGE1_FILA2_20260308_030122.xlsx
2026-03-08 03:01:23,837 - INFO - No hay página siguiente. Fin de paginación.
2026-03-08 03:01:23,837 - INFO - ======================================================================
2026-03-08 03:01:23,837 - INFO - [OK] Proceso completado
2026-03-08 03:01:23,837 - INFO - [REPORT] Total de descargas: 2 archivo(s)
2026-03-08 03:01:23,837 - INFO - 📁 Ubicación: D:\TAREAS\CARVAJAL\descargas_reportes
2026-03-08 03:01:23,837 - INFO - [LOG] Logs guardados en: logs_reportes\reporte_descargas_20260308_030002.log
2026-03-08 03:01:23,838 - INFO - ======================================================================
2026-03-08 03:01:23,838 - INFO - ✅ Descarga de reportes de INVENTARIO completada exitosamente
2026-03-08 03:01:23,922 - INFO - 
[OK] Navegador cerrado. Proceso finalizado correctamente
2026-03-08 03:01:23,922 - INFO - [LOG] Archivo de log: logs_reportes\reporte_descargas_20260308_030002.log
2026-03-08 03:01:23,923 - INFO - ======================================================================
