2026-03-09 06:00:02,678 - INFO - ======================================================================
2026-03-09 06:00:02,678 - INFO - INICIO DE SESIÓN - 09/03/2026 06:00:02
2026-03-09 06:00:02,678 - INFO - ======================================================================
2026-03-09 06:00:05,463 - INFO - Iniciando Playwright...
2026-03-09 06:00:20,720 - INFO - Navegador (Chromium) lanzado en modo visible
2026-03-09 06:00:31,159 - INFO - Navegando a: https://cencarvajal.com/#/portal/login
2026-03-09 06:00:45,456 - INFO - [Intento 1/3] Intentando login…
2026-03-09 06:00:47,742 - INFO - [Intento 1] Formulario de login enviado
2026-03-09 06:00:57,745 - WARNING - [Intento 1] No apareció 'Tus servicios' después de intentar login (posible modal)
2026-03-09 06:00:57,881 - INFO - [Intento 1] Se hizo clic en botón 'Continuar' del modal
2026-03-09 06:01:04,883 - WARNING - [Intento 1] Aún no aparece 'Tus servicios' tras aceptar modal
2026-03-09 06:01:04,883 - INFO - [Intento 1] Navegando de nuevo a login y reintentando...
2026-03-09 06:01:05,127 - INFO - [Intento 1] Página de login cargada nuevamente
2026-03-09 06:01:05,127 - INFO - [Intento 2/3] Intentando login…
2026-03-09 06:01:05,215 - INFO - [Intento 2] Formulario de login enviado
2026-03-09 06:01:08,129 - INFO - [Intento 2] [OK] Login exitoso - texto 'Tus servicios' encontrado
2026-03-09 06:01:08,129 - INFO - [Intento 2] Esperando que la página se cargue completamente...
2026-03-09 06:01:10,130 - INFO - [Intento 2] Página estabilizada, listo para descargar
2026-03-09 06:01:10,130 - INFO - ======================================================================
2026-03-09 06:01:10,130 - INFO - [*] Iniciando descarga de Reportes VENTAS
2026-03-09 06:01:10,130 - INFO - ======================================================================
2026-03-09 06:01:10,130 - INFO - Navegando a: https://cencarvajal.com/receivingadvicenewportal/#/home/consult-service?service=SLSRPT
2026-03-09 06:01:10,349 - INFO - Esperando que Angular cargue...
2026-03-09 06:01:14,388 - INFO - ✓ Formulario de filtros cargado
2026-03-09 06:01:16,389 - INFO - Configurando filtro de fechas: 08/03/2026 a 09/03/2026
2026-03-09 06:01:16,609 - INFO - Campo 'Fecha inicio' rellenado: 08/03/2026
2026-03-09 06:01:17,475 - INFO - Campo 'Fecha fin' rellenado: 09/03/2026
2026-03-09 06:01:19,022 - INFO - Calendarios cerrados, filtros de fecha configurados
2026-03-09 06:01:19,022 - INFO - 🔍 Presionando botón 'Buscar' para obtener el listado...
2026-03-09 06:01:19,111 - INFO - ✓ Búsqueda completada y tabla cargada
2026-03-09 06:01:21,158 - INFO - ✓ Se encontraron 1 registro(s)
2026-03-09 06:01:21,158 - INFO - 📄 Procesando página 1...
2026-03-09 06:01:21,162 - INFO -   -> 1 fila(s) en esta página
2026-03-09 06:01:21,187 - INFO - Fila 1: Iniciando descarga - Dismel Ltda | SUPERTIENDAS Y DROGUERIAS OLIMPICAS
2026-03-09 06:01:21,356 - INFO - Fila 1: Modal de formato abierto, esperando selección...
2026-03-09 06:01:22,463 - INFO - Fila 1: Formato XLSX seleccionado
2026-03-09 06:01:23,477 - INFO - Fila 1: Botón Descargar encontrado
2026-03-09 06:01:24,056 - INFO - Fila 1: Descargando archivo...
2026-03-09 06:01:31,004 - INFO - Fila 1: [OK] Descargado exitosamente: VENTAS_PAGE1_FILA1_20260309_060130.xlsx
2026-03-09 06:01:32,020 - INFO - No hay página siguiente. Fin de paginación.
2026-03-09 06:01:32,020 - INFO - ======================================================================
2026-03-09 06:01:32,020 - INFO - [OK] Proceso completado
2026-03-09 06:01:32,021 - INFO - [REPORT] Total de descargas: 1 archivo(s)
2026-03-09 06:01:32,021 - INFO - 📁 Ubicación: D:\TAREAS\CARVAJAL\descargas_reportes
2026-03-09 06:01:32,021 - INFO - [LOG] Logs guardados en: logs_reportes\reporte_descargas_20260309_060002.log
2026-03-09 06:01:32,021 - INFO - ======================================================================
2026-03-09 06:01:32,021 - INFO - ✅ Descarga de reportes de VENTAS completada exitosamente
2026-03-09 06:01:32,021 - INFO - ======================================================================
2026-03-09 06:01:32,021 - INFO - [*] Iniciando descarga de Reportes INVENTARIO
2026-03-09 06:01:32,021 - INFO - ======================================================================
2026-03-09 06:01:32,021 - INFO - Navegando a: https://cencarvajal.com/receivingadvicenewportal/#/home/consult-service?service=INVRPT
2026-03-09 06:01:32,036 - INFO - Esperando que Angular cargue...
2026-03-09 06:01:35,393 - INFO - ✓ Formulario de filtros cargado
2026-03-09 06:01:37,394 - INFO - Configurando filtro de fechas: 08/03/2026 a 09/03/2026
2026-03-09 06:01:37,411 - INFO - Campo 'Fecha inicio' rellenado: 08/03/2026
2026-03-09 06:01:37,941 - INFO - Campo 'Fecha fin' rellenado: 09/03/2026
2026-03-09 06:01:39,452 - INFO - Calendarios cerrados, filtros de fecha configurados
2026-03-09 06:01:39,452 - INFO - 🔍 Presionando botón 'Buscar' para obtener el listado...
2026-03-09 06:01:39,494 - INFO - ✓ Búsqueda completada y tabla cargada
2026-03-09 06:01:41,549 - INFO - ✓ Se encontraron 1 registro(s)
2026-03-09 06:01:41,550 - INFO - 📄 Procesando página 1...
2026-03-09 06:01:41,555 - INFO -   -> 1 fila(s) en esta página
2026-03-09 06:01:41,579 - INFO - Fila 1: Iniciando descarga - Dismel Ltda | SUPERTIENDAS Y DROGUERIAS OLIMPICAS
2026-03-09 06:01:41,616 - INFO - Fila 1: Modal de formato abierto, esperando selección...
2026-03-09 06:01:42,653 - INFO - Fila 1: Formato XLSX seleccionado
2026-03-09 06:01:43,668 - INFO - Fila 1: Botón Descargar encontrado
2026-03-09 06:01:44,188 - INFO - Fila 1: Descargando archivo...
2026-03-09 06:01:47,350 - INFO - Fila 1: [OK] Descargado exitosamente: INVENTARIO_PAGE1_FILA1_20260309_060147.xlsx
2026-03-09 06:01:48,367 - INFO - No hay página siguiente. Fin de paginación.
2026-03-09 06:01:48,367 - INFO - ======================================================================
2026-03-09 06:01:48,367 - INFO - [OK] Proceso completado
2026-03-09 06:01:48,367 - INFO - [REPORT] Total de descargas: 1 archivo(s)
2026-03-09 06:01:48,367 - INFO - 📁 Ubicación: D:\TAREAS\CARVAJAL\descargas_reportes
2026-03-09 06:01:48,367 - INFO - [LOG] Logs guardados en: logs_reportes\reporte_descargas_20260309_060002.log
2026-03-09 06:01:48,368 - INFO - ======================================================================
2026-03-09 06:01:48,368 - INFO - ✅ Descarga de reportes de INVENTARIO completada exitosamente
2026-03-09 06:01:50,473 - INFO - 
[OK] Navegador cerrado. Proceso finalizado correctamente
2026-03-09 06:01:50,473 - INFO - [LOG] Archivo de log: logs_reportes\reporte_descargas_20260309_060002.log
2026-03-09 06:01:50,473 - INFO - ======================================================================
