2026-03-09 04:00:02,008 - INFO - ======================================================================
2026-03-09 04:00:02,008 - INFO - INICIO DE SESIÓN - 09/03/2026 04:00:02
2026-03-09 04:00:02,008 - INFO - ======================================================================
2026-03-09 04:00:02,549 - INFO - Iniciando Playwright...
2026-03-09 04:00:02,710 - INFO - Navegador (Chromium) lanzado en modo visible
2026-03-09 04:00:03,093 - INFO - Navegando a: https://cencarvajal.com/#/portal/login
2026-03-09 04:00:08,324 - INFO - [Intento 1/3] Intentando login…
2026-03-09 04:00:10,303 - INFO - [Intento 1] Formulario de login enviado
2026-03-09 04:00:20,308 - WARNING - [Intento 1] No apareció 'Tus servicios' después de intentar login (posible modal)
2026-03-09 04:00:20,328 - INFO - [Intento 1] Se hizo clic en botón 'Continuar' del modal
2026-03-09 04:00:27,330 - WARNING - [Intento 1] Aún no aparece 'Tus servicios' tras aceptar modal
2026-03-09 04:00:27,330 - INFO - [Intento 1] Navegando de nuevo a login y reintentando...
2026-03-09 04:00:27,339 - INFO - [Intento 1] Página de login cargada nuevamente
2026-03-09 04:00:27,339 - INFO - [Intento 2/3] Intentando login…
2026-03-09 04:00:27,394 - INFO - [Intento 2] Formulario de login enviado
2026-03-09 04:00:29,691 - INFO - [Intento 2] [OK] Login exitoso - texto 'Tus servicios' encontrado
2026-03-09 04:00:29,691 - INFO - [Intento 2] Esperando que la página se cargue completamente...
2026-03-09 04:00:31,692 - INFO - [Intento 2] Página estabilizada, listo para descargar
2026-03-09 04:00:31,692 - INFO - ======================================================================
2026-03-09 04:00:31,692 - INFO - [*] Iniciando descarga de Reportes VENTAS
2026-03-09 04:00:31,692 - INFO - ======================================================================
2026-03-09 04:00:31,692 - INFO - Navegando a: https://cencarvajal.com/receivingadvicenewportal/#/home/consult-service?service=SLSRPT
2026-03-09 04:00:31,720 - INFO - Esperando que Angular cargue...
2026-03-09 04:00:35,492 - INFO - ✓ Formulario de filtros cargado
2026-03-09 04:00:37,494 - INFO - Configurando filtro de fechas: 08/03/2026 a 09/03/2026
2026-03-09 04:00:37,524 - INFO - Campo 'Fecha inicio' rellenado: 08/03/2026
2026-03-09 04:00:38,060 - INFO - Campo 'Fecha fin' rellenado: 09/03/2026
2026-03-09 04:00:39,569 - INFO - Calendarios cerrados, filtros de fecha configurados
2026-03-09 04:00:39,569 - INFO - 🔍 Presionando botón 'Buscar' para obtener el listado...
2026-03-09 04:00:39,605 - INFO - ✓ Búsqueda completada y tabla cargada
2026-03-09 04:00:41,611 - INFO - ✓ Se encontraron 2 registro(s)
2026-03-09 04:00:41,611 - INFO - 📄 Procesando página 1...
2026-03-09 04:00:41,616 - INFO -   -> 2 fila(s) en esta página
2026-03-09 04:00:41,641 - INFO - Fila 1: Iniciando descarga - Dismel Ltda | SUPERTIENDAS Y DROGUERIAS OLIMPICAS
2026-03-09 04:00:41,674 - INFO - Fila 1: Modal de formato abierto, esperando selección...
2026-03-09 04:00:42,711 - INFO - Fila 1: Formato XLSX seleccionado
2026-03-09 04:00:43,727 - INFO - Fila 1: Botón Descargar encontrado
2026-03-09 04:00:44,263 - INFO - Fila 1: Descargando archivo...
2026-03-09 04:00:50,305 - INFO - Fila 1: [OK] Descargado exitosamente: VENTAS_PAGE1_FILA1_20260309_040050.xlsx
2026-03-09 04:00:51,330 - INFO - Fila 2: Iniciando descarga - Dismel Ltda | SUPERTIENDAS Y DROGUERIAS OLIMPICAS
2026-03-09 04:00:51,371 - INFO - Fila 2: Modal de formato abierto, esperando selección...
2026-03-09 04:00:52,410 - INFO - Fila 2: Formato XLSX seleccionado
2026-03-09 04:00:53,423 - INFO - Fila 2: Botón Descargar encontrado
2026-03-09 04:00:53,945 - INFO - Fila 2: Descargando archivo...
2026-03-09 04:00:56,717 - INFO - Fila 2: [OK] Descargado exitosamente: VENTAS_PAGE1_FILA2_20260309_040056.xlsx
2026-03-09 04:00:57,732 - INFO - No hay página siguiente. Fin de paginación.
2026-03-09 04:00:57,732 - INFO - ======================================================================
2026-03-09 04:00:57,733 - INFO - [OK] Proceso completado
2026-03-09 04:00:57,733 - INFO - [REPORT] Total de descargas: 2 archivo(s)
2026-03-09 04:00:57,733 - INFO - 📁 Ubicación: D:\TAREAS\CARVAJAL\descargas_reportes
2026-03-09 04:00:57,733 - INFO - [LOG] Logs guardados en: logs_reportes\reporte_descargas_20260309_040002.log
2026-03-09 04:00:57,733 - INFO - ======================================================================
2026-03-09 04:00:57,733 - INFO - ✅ Descarga de reportes de VENTAS completada exitosamente
2026-03-09 04:00:57,733 - INFO - ======================================================================
2026-03-09 04:00:57,734 - INFO - [*] Iniciando descarga de Reportes INVENTARIO
2026-03-09 04:00:57,734 - INFO - ======================================================================
2026-03-09 04:00:57,734 - INFO - Navegando a: https://cencarvajal.com/receivingadvicenewportal/#/home/consult-service?service=INVRPT
2026-03-09 04:00:57,736 - INFO - Esperando que Angular cargue...
2026-03-09 04:01:01,056 - INFO - ✓ Formulario de filtros cargado
2026-03-09 04:01:03,057 - INFO - Configurando filtro de fechas: 08/03/2026 a 09/03/2026
2026-03-09 04:01:03,076 - INFO - Campo 'Fecha inicio' rellenado: 08/03/2026
2026-03-09 04:01:03,626 - INFO - Campo 'Fecha fin' rellenado: 09/03/2026
2026-03-09 04:01:05,135 - INFO - Calendarios cerrados, filtros de fecha configurados
2026-03-09 04:01:05,135 - INFO - 🔍 Presionando botón 'Buscar' para obtener el listado...
2026-03-09 04:01:05,166 - INFO - ✓ Búsqueda completada y tabla cargada
2026-03-09 04:01:07,171 - INFO - ✓ Se encontraron 2 registro(s)
2026-03-09 04:01:07,171 - INFO - 📄 Procesando página 1...
2026-03-09 04:01:07,176 - INFO -   -> 2 fila(s) en esta página
2026-03-09 04:01:07,199 - INFO - Fila 1: Iniciando descarga - Dismel Ltda | SUPERTIENDAS Y DROGUERIAS OLIMPICAS
2026-03-09 04:01:07,238 - INFO - Fila 1: Modal de formato abierto, esperando selección...
2026-03-09 04:01:08,276 - INFO - Fila 1: Formato XLSX seleccionado
2026-03-09 04:01:09,289 - INFO - Fila 1: Botón Descargar encontrado
2026-03-09 04:01:09,813 - INFO - Fila 1: Descargando archivo...
2026-03-09 04:01:12,629 - INFO - Fila 1: [OK] Descargado exitosamente: INVENTARIO_PAGE1_FILA1_20260309_040112.xlsx
2026-03-09 04:01:13,668 - INFO - Fila 2: Iniciando descarga - Dismel Ltda | SUPERTIENDAS Y DROGUERIAS OLIMPICAS
2026-03-09 04:01:13,703 - INFO - Fila 2: Modal de formato abierto, esperando selección...
2026-03-09 04:01:14,743 - INFO - Fila 2: Formato XLSX seleccionado
2026-03-09 04:01:15,757 - INFO - Fila 2: Botón Descargar encontrado
2026-03-09 04:01:16,279 - INFO - Fila 2: Descargando archivo...
2026-03-09 04:01:18,866 - INFO - Fila 2: [OK] Descargado exitosamente: INVENTARIO_PAGE1_FILA2_20260309_040118.xlsx
2026-03-09 04:01:19,883 - INFO - No hay página siguiente. Fin de paginación.
2026-03-09 04:01:19,883 - INFO - ======================================================================
2026-03-09 04:01:19,884 - INFO - [OK] Proceso completado
2026-03-09 04:01:19,884 - INFO - [REPORT] Total de descargas: 2 archivo(s)
2026-03-09 04:01:19,884 - INFO - 📁 Ubicación: D:\TAREAS\CARVAJAL\descargas_reportes
2026-03-09 04:01:19,884 - INFO - [LOG] Logs guardados en: logs_reportes\reporte_descargas_20260309_040002.log
2026-03-09 04:01:19,884 - INFO - ======================================================================
2026-03-09 04:01:19,884 - INFO - ✅ Descarga de reportes de INVENTARIO completada exitosamente
2026-03-09 04:01:19,973 - INFO - 
[OK] Navegador cerrado. Proceso finalizado correctamente
2026-03-09 04:01:19,974 - INFO - [LOG] Archivo de log: logs_reportes\reporte_descargas_20260309_040002.log
2026-03-09 04:01:19,974 - INFO - ======================================================================
