2026-03-07 19:00:02,024 - INFO - ======================================================================
2026-03-07 19:00:02,024 - INFO - INICIO DE SESIÓN - 07/03/2026 19:00:02
2026-03-07 19:00:02,024 - INFO - ======================================================================
2026-03-07 19:00:02,562 - INFO - Iniciando Playwright...
2026-03-07 19:00:02,738 - INFO - Navegador (Chromium) lanzado en modo visible
2026-03-07 19:00:03,099 - INFO - Navegando a: https://cencarvajal.com/#/portal/login
2026-03-07 19:00:08,526 - INFO - [Intento 1/3] Intentando login…
2026-03-07 19:00:10,970 - INFO - [Intento 1] Formulario de login enviado
2026-03-07 19:00:20,973 - WARNING - [Intento 1] No apareció 'Tus servicios' después de intentar login (posible modal)
2026-03-07 19:00:20,996 - INFO - [Intento 1] Se hizo clic en botón 'Continuar' del modal
2026-03-07 19:00:27,998 - WARNING - [Intento 1] Aún no aparece 'Tus servicios' tras aceptar modal
2026-03-07 19:00:27,998 - INFO - [Intento 1] Navegando de nuevo a login y reintentando...
2026-03-07 19:00:28,008 - INFO - [Intento 1] Página de login cargada nuevamente
2026-03-07 19:00:28,008 - INFO - [Intento 2/3] Intentando login…
2026-03-07 19:00:28,064 - INFO - [Intento 2] Formulario de login enviado
2026-03-07 19:00:30,359 - INFO - [Intento 2] [OK] Login exitoso - texto 'Tus servicios' encontrado
2026-03-07 19:00:30,359 - INFO - [Intento 2] Esperando que la página se cargue completamente...
2026-03-07 19:00:32,360 - INFO - [Intento 2] Página estabilizada, listo para descargar
2026-03-07 19:00:32,360 - INFO - ======================================================================
2026-03-07 19:00:32,360 - INFO - [*] Iniciando descarga de Reportes VENTAS
2026-03-07 19:00:32,360 - INFO - ======================================================================
2026-03-07 19:00:32,360 - INFO - Navegando a: https://cencarvajal.com/receivingadvicenewportal/#/home/consult-service?service=SLSRPT
2026-03-07 19:00:32,389 - INFO - Esperando que Angular cargue...
2026-03-07 19:00:35,917 - INFO - ✓ Formulario de filtros cargado
2026-03-07 19:00:37,917 - INFO - Configurando filtro de fechas: 06/03/2026 a 07/03/2026
2026-03-07 19:00:37,947 - INFO - Campo 'Fecha inicio' rellenado: 06/03/2026
2026-03-07 19:00:38,483 - INFO - Campo 'Fecha fin' rellenado: 07/03/2026
2026-03-07 19:00:39,996 - INFO - Calendarios cerrados, filtros de fecha configurados
2026-03-07 19:00:39,996 - INFO - 🔍 Presionando botón 'Buscar' para obtener el listado...
2026-03-07 19:00:40,024 - INFO - ✓ Búsqueda completada y tabla cargada
2026-03-07 19:00:42,030 - INFO - ✓ Se encontraron 2 registro(s)
2026-03-07 19:00:42,030 - INFO - 📄 Procesando página 1...
2026-03-07 19:00:42,035 - INFO -   -> 2 fila(s) en esta página
2026-03-07 19:00:42,061 - INFO - Fila 1: Iniciando descarga - Dismel Ltda | SUPERTIENDAS Y DROGUERIAS OLIMPICAS
2026-03-07 19:00:42,093 - INFO - Fila 1: Modal de formato abierto, esperando selección...
2026-03-07 19:00:43,129 - INFO - Fila 1: Formato XLSX seleccionado
2026-03-07 19:00:44,145 - INFO - Fila 1: Botón Descargar encontrado
2026-03-07 19:00:44,665 - INFO - Fila 1: Descargando archivo...
2026-03-07 19:00:50,414 - INFO - Fila 1: [OK] Descargado exitosamente: VENTAS_PAGE1_FILA1_20260307_190050.xlsx
2026-03-07 19:00:51,440 - INFO - Fila 2: Iniciando descarga - Dismel Ltda | SUPERTIENDAS Y DROGUERIAS OLIMPICAS
2026-03-07 19:00:51,475 - INFO - Fila 2: Modal de formato abierto, esperando selección...
2026-03-07 19:00:52,512 - INFO - Fila 2: Formato XLSX seleccionado
2026-03-07 19:00:53,527 - INFO - Fila 2: Botón Descargar encontrado
2026-03-07 19:00:54,049 - INFO - Fila 2: Descargando archivo...
2026-03-07 19:00:56,947 - INFO - Fila 2: [OK] Descargado exitosamente: VENTAS_PAGE1_FILA2_20260307_190056.xlsx
2026-03-07 19:00:57,965 - INFO - No hay página siguiente. Fin de paginación.
2026-03-07 19:00:57,965 - INFO - ======================================================================
2026-03-07 19:00:57,966 - INFO - [OK] Proceso completado
2026-03-07 19:00:57,966 - INFO - [REPORT] Total de descargas: 2 archivo(s)
2026-03-07 19:00:57,966 - INFO - 📁 Ubicación: D:\TAREAS\CARVAJAL\descargas_reportes
2026-03-07 19:00:57,966 - INFO - [LOG] Logs guardados en: logs_reportes\reporte_descargas_20260307_190002.log
2026-03-07 19:00:57,966 - INFO - ======================================================================
2026-03-07 19:00:57,966 - INFO - ✅ Descarga de reportes de VENTAS completada exitosamente
2026-03-07 19:00:57,966 - INFO - ======================================================================
2026-03-07 19:00:57,966 - INFO - [*] Iniciando descarga de Reportes INVENTARIO
2026-03-07 19:00:57,966 - INFO - ======================================================================
2026-03-07 19:00:57,966 - INFO - Navegando a: https://cencarvajal.com/receivingadvicenewportal/#/home/consult-service?service=INVRPT
2026-03-07 19:00:57,969 - INFO - Esperando que Angular cargue...
2026-03-07 19:01:01,327 - INFO - ✓ Formulario de filtros cargado
2026-03-07 19:01:03,328 - INFO - Configurando filtro de fechas: 06/03/2026 a 07/03/2026
2026-03-07 19:01:03,348 - INFO - Campo 'Fecha inicio' rellenado: 06/03/2026
2026-03-07 19:01:03,895 - INFO - Campo 'Fecha fin' rellenado: 07/03/2026
2026-03-07 19:01:05,406 - INFO - Calendarios cerrados, filtros de fecha configurados
2026-03-07 19:01:05,406 - INFO - 🔍 Presionando botón 'Buscar' para obtener el listado...
2026-03-07 19:01:05,436 - INFO - ✓ Búsqueda completada y tabla cargada
2026-03-07 19:01:07,479 - INFO - ✓ Se encontraron 2 registro(s)
2026-03-07 19:01:07,479 - INFO - 📄 Procesando página 1...
2026-03-07 19:01:07,484 - INFO -   -> 2 fila(s) en esta página
2026-03-07 19:01:07,510 - INFO - Fila 1: Iniciando descarga - Dismel Ltda | SUPERTIENDAS Y DROGUERIAS OLIMPICAS
2026-03-07 19:01:07,541 - INFO - Fila 1: Modal de formato abierto, esperando selección...
2026-03-07 19:01:08,579 - INFO - Fila 1: Formato XLSX seleccionado
2026-03-07 19:01:09,594 - INFO - Fila 1: Botón Descargar encontrado
2026-03-07 19:01:10,114 - INFO - Fila 1: Descargando archivo...
2026-03-07 19:01:12,789 - INFO - Fila 1: [OK] Descargado exitosamente: INVENTARIO_PAGE1_FILA1_20260307_190112.xlsx
2026-03-07 19:01:13,828 - INFO - Fila 2: Iniciando descarga - Dismel Ltda | SUPERTIENDAS Y DROGUERIAS OLIMPICAS
2026-03-07 19:01:13,856 - INFO - Fila 2: Modal de formato abierto, esperando selección...
2026-03-07 19:01:14,895 - INFO - Fila 2: Formato XLSX seleccionado
2026-03-07 19:01:15,910 - INFO - Fila 2: Botón Descargar encontrado
2026-03-07 19:01:16,430 - INFO - Fila 2: Descargando archivo...
2026-03-07 19:01:19,092 - INFO - Fila 2: [OK] Descargado exitosamente: INVENTARIO_PAGE1_FILA2_20260307_190119.xlsx
2026-03-07 19:01:20,109 - INFO - No hay página siguiente. Fin de paginación.
2026-03-07 19:01:20,109 - INFO - ======================================================================
2026-03-07 19:01:20,110 - INFO - [OK] Proceso completado
2026-03-07 19:01:20,110 - INFO - [REPORT] Total de descargas: 2 archivo(s)
2026-03-07 19:01:20,110 - INFO - 📁 Ubicación: D:\TAREAS\CARVAJAL\descargas_reportes
2026-03-07 19:01:20,110 - INFO - [LOG] Logs guardados en: logs_reportes\reporte_descargas_20260307_190002.log
2026-03-07 19:01:20,110 - INFO - ======================================================================
2026-03-07 19:01:20,110 - INFO - ✅ Descarga de reportes de INVENTARIO completada exitosamente
2026-03-07 19:01:20,215 - INFO - 
[OK] Navegador cerrado. Proceso finalizado correctamente
2026-03-07 19:01:20,215 - INFO - [LOG] Archivo de log: logs_reportes\reporte_descargas_20260307_190002.log
2026-03-07 19:01:20,215 - INFO - ======================================================================
