2026-03-06 20:00:02,008 - INFO - ======================================================================
2026-03-06 20:00:02,009 - INFO - INICIO DE SESIÓN - 06/03/2026 20:00:02
2026-03-06 20:00:02,009 - INFO - ======================================================================
2026-03-06 20:00:02,552 - INFO - Iniciando Playwright...
2026-03-06 20:00:02,725 - INFO - Navegador (Chromium) lanzado en modo visible
2026-03-06 20:00:03,101 - INFO - Navegando a: https://cencarvajal.com/#/portal/login
2026-03-06 20:00:08,273 - INFO - [Intento 1/3] Intentando login…
2026-03-06 20:00:10,732 - INFO - [Intento 1] Formulario de login enviado
2026-03-06 20:00:20,736 - WARNING - [Intento 1] No apareció 'Tus servicios' después de intentar login (posible modal)
2026-03-06 20:00:20,759 - INFO - [Intento 1] Se hizo clic en botón 'Continuar' del modal
2026-03-06 20:00:27,760 - WARNING - [Intento 1] Aún no aparece 'Tus servicios' tras aceptar modal
2026-03-06 20:00:27,760 - INFO - [Intento 1] Navegando de nuevo a login y reintentando...
2026-03-06 20:00:27,769 - INFO - [Intento 1] Página de login cargada nuevamente
2026-03-06 20:00:27,769 - INFO - [Intento 2/3] Intentando login…
2026-03-06 20:00:27,825 - INFO - [Intento 2] Formulario de login enviado
2026-03-06 20:00:30,192 - INFO - [Intento 2] [OK] Login exitoso - texto 'Tus servicios' encontrado
2026-03-06 20:00:30,192 - INFO - [Intento 2] Esperando que la página se cargue completamente...
2026-03-06 20:00:32,193 - INFO - [Intento 2] Página estabilizada, listo para descargar
2026-03-06 20:00:32,193 - INFO - ======================================================================
2026-03-06 20:00:32,193 - INFO - [*] Iniciando descarga de Reportes VENTAS
2026-03-06 20:00:32,193 - INFO - ======================================================================
2026-03-06 20:00:32,193 - INFO - Navegando a: https://cencarvajal.com/receivingadvicenewportal/#/home/consult-service?service=SLSRPT
2026-03-06 20:00:32,219 - INFO - Esperando que Angular cargue...
2026-03-06 20:00:35,762 - INFO - ✓ Formulario de filtros cargado
2026-03-06 20:00:37,763 - INFO - Configurando filtro de fechas: 05/03/2026 a 06/03/2026
2026-03-06 20:00:37,793 - INFO - Campo 'Fecha inicio' rellenado: 05/03/2026
2026-03-06 20:00:38,343 - INFO - Campo 'Fecha fin' rellenado: 06/03/2026
2026-03-06 20:00:39,853 - INFO - Calendarios cerrados, filtros de fecha configurados
2026-03-06 20:00:39,853 - INFO - 🔍 Presionando botón 'Buscar' para obtener el listado...
2026-03-06 20:00:39,886 - INFO - ✓ Búsqueda completada y tabla cargada
2026-03-06 20:00:41,892 - INFO - ✓ Se encontraron 2 registro(s)
2026-03-06 20:00:41,893 - INFO - 📄 Procesando página 1...
2026-03-06 20:00:41,897 - INFO -   -> 2 fila(s) en esta página
2026-03-06 20:00:41,921 - INFO - Fila 1: Iniciando descarga - Dismel Ltda | SUPERTIENDAS Y DROGUERIAS OLIMPICAS
2026-03-06 20:00:41,954 - INFO - Fila 1: Modal de formato abierto, esperando selección...
2026-03-06 20:00:42,992 - INFO - Fila 1: Formato XLSX seleccionado
2026-03-06 20:00:44,006 - INFO - Fila 1: Botón Descargar encontrado
2026-03-06 20:00:44,528 - INFO - Fila 1: Descargando archivo...
2026-03-06 20:00:50,830 - INFO - Fila 1: [OK] Descargado exitosamente: VENTAS_PAGE1_FILA1_20260306_200050.xlsx
2026-03-06 20:00:51,855 - INFO - Fila 2: Iniciando descarga - Dismel Ltda | SUPERTIENDAS Y DROGUERIAS OLIMPICAS
2026-03-06 20:00:51,887 - INFO - Fila 2: Modal de formato abierto, esperando selección...
2026-03-06 20:00:52,924 - INFO - Fila 2: Formato XLSX seleccionado
2026-03-06 20:00:53,939 - INFO - Fila 2: Botón Descargar encontrado
2026-03-06 20:00:54,461 - INFO - Fila 2: Descargando archivo...
2026-03-06 20:00:57,130 - INFO - Fila 2: [OK] Descargado exitosamente: VENTAS_PAGE1_FILA2_20260306_200057.xlsx
2026-03-06 20:00:58,146 - INFO - No hay página siguiente. Fin de paginación.
2026-03-06 20:00:58,147 - INFO - ======================================================================
2026-03-06 20:00:58,147 - INFO - [OK] Proceso completado
2026-03-06 20:00:58,147 - INFO - [REPORT] Total de descargas: 2 archivo(s)
2026-03-06 20:00:58,147 - INFO - 📁 Ubicación: D:\TAREAS\CARVAJAL\descargas_reportes
2026-03-06 20:00:58,147 - INFO - [LOG] Logs guardados en: logs_reportes\reporte_descargas_20260306_200002.log
2026-03-06 20:00:58,147 - INFO - ======================================================================
2026-03-06 20:00:58,148 - INFO - ✅ Descarga de reportes de VENTAS completada exitosamente
2026-03-06 20:00:58,148 - INFO - ======================================================================
2026-03-06 20:00:58,148 - INFO - [*] Iniciando descarga de Reportes INVENTARIO
2026-03-06 20:00:58,148 - INFO - ======================================================================
2026-03-06 20:00:58,148 - INFO - Navegando a: https://cencarvajal.com/receivingadvicenewportal/#/home/consult-service?service=INVRPT
2026-03-06 20:00:58,150 - INFO - Esperando que Angular cargue...
2026-03-06 20:01:01,472 - INFO - ✓ Formulario de filtros cargado
2026-03-06 20:01:03,473 - INFO - Configurando filtro de fechas: 05/03/2026 a 06/03/2026
2026-03-06 20:01:03,493 - INFO - Campo 'Fecha inicio' rellenado: 05/03/2026
2026-03-06 20:01:04,036 - INFO - Campo 'Fecha fin' rellenado: 06/03/2026
2026-03-06 20:01:05,547 - INFO - Calendarios cerrados, filtros de fecha configurados
2026-03-06 20:01:05,547 - INFO - 🔍 Presionando botón 'Buscar' para obtener el listado...
2026-03-06 20:01:05,581 - INFO - ✓ Búsqueda completada y tabla cargada
2026-03-06 20:01:07,586 - INFO - ✓ Se encontraron 2 registro(s)
2026-03-06 20:01:07,587 - INFO - 📄 Procesando página 1...
2026-03-06 20:01:07,591 - INFO -   -> 2 fila(s) en esta página
2026-03-06 20:01:07,614 - INFO - Fila 1: Iniciando descarga - Dismel Ltda | SUPERTIENDAS Y DROGUERIAS OLIMPICAS
2026-03-06 20:01:07,653 - INFO - Fila 1: Modal de formato abierto, esperando selección...
2026-03-06 20:01:08,691 - INFO - Fila 1: Formato XLSX seleccionado
2026-03-06 20:01:09,708 - INFO - Fila 1: Botón Descargar encontrado
2026-03-06 20:01:10,242 - INFO - Fila 1: Descargando archivo...
2026-03-06 20:01:13,114 - INFO - Fila 1: [OK] Descargado exitosamente: INVENTARIO_PAGE1_FILA1_20260306_200113.xlsx
2026-03-06 20:01:14,139 - INFO - Fila 2: Iniciando descarga - Dismel Ltda | SUPERTIENDAS Y DROGUERIAS OLIMPICAS
2026-03-06 20:01:14,168 - INFO - Fila 2: Modal de formato abierto, esperando selección...
2026-03-06 20:01:15,207 - INFO - Fila 2: Formato XLSX seleccionado
2026-03-06 20:01:16,223 - INFO - Fila 2: Botón Descargar encontrado
2026-03-06 20:01:16,742 - INFO - Fila 2: Descargando archivo...
2026-03-06 20:01:19,385 - INFO - Fila 2: [OK] Descargado exitosamente: INVENTARIO_PAGE1_FILA2_20260306_200119.xlsx
2026-03-06 20:01:20,413 - INFO - No hay página siguiente. Fin de paginación.
2026-03-06 20:01:20,413 - INFO - ======================================================================
2026-03-06 20:01:20,413 - INFO - [OK] Proceso completado
2026-03-06 20:01:20,413 - INFO - [REPORT] Total de descargas: 2 archivo(s)
2026-03-06 20:01:20,413 - INFO - 📁 Ubicación: D:\TAREAS\CARVAJAL\descargas_reportes
2026-03-06 20:01:20,414 - INFO - [LOG] Logs guardados en: logs_reportes\reporte_descargas_20260306_200002.log
2026-03-06 20:01:20,414 - INFO - ======================================================================
2026-03-06 20:01:20,414 - INFO - ✅ Descarga de reportes de INVENTARIO completada exitosamente
2026-03-06 20:01:20,521 - INFO - 
[OK] Navegador cerrado. Proceso finalizado correctamente
2026-03-06 20:01:20,521 - INFO - [LOG] Archivo de log: logs_reportes\reporte_descargas_20260306_200002.log
2026-03-06 20:01:20,521 - INFO - ======================================================================
