2026-03-06 18:00:01,466 - INFO - ======================================================================
2026-03-06 18:00:01,466 - INFO - INICIO DE SESIÓN - 06/03/2026 18:00:01
2026-03-06 18:00:01,466 - INFO - ======================================================================
2026-03-06 18:00:02,017 - INFO - Iniciando Playwright...
2026-03-06 18:00:02,193 - INFO - Navegador (Chromium) lanzado en modo visible
2026-03-06 18:00:02,581 - INFO - Navegando a: https://cencarvajal.com/#/portal/login
2026-03-06 18:00:07,266 - INFO - [Intento 1/3] Intentando login…
2026-03-06 18:00:10,171 - INFO - [Intento 1] Formulario de login enviado
2026-03-06 18:00:20,175 - WARNING - [Intento 1] No apareció 'Tus servicios' después de intentar login (posible modal)
2026-03-06 18:00:20,198 - INFO - [Intento 1] Se hizo clic en botón 'Continuar' del modal
2026-03-06 18:00:27,199 - WARNING - [Intento 1] Aún no aparece 'Tus servicios' tras aceptar modal
2026-03-06 18:00:27,199 - INFO - [Intento 1] Navegando de nuevo a login y reintentando...
2026-03-06 18:00:27,209 - INFO - [Intento 1] Página de login cargada nuevamente
2026-03-06 18:00:27,209 - INFO - [Intento 2/3] Intentando login…
2026-03-06 18:00:27,264 - INFO - [Intento 2] Formulario de login enviado
2026-03-06 18:00:29,630 - INFO - [Intento 2] [OK] Login exitoso - texto 'Tus servicios' encontrado
2026-03-06 18:00:29,630 - INFO - [Intento 2] Esperando que la página se cargue completamente...
2026-03-06 18:00:31,631 - INFO - [Intento 2] Página estabilizada, listo para descargar
2026-03-06 18:00:31,631 - INFO - ======================================================================
2026-03-06 18:00:31,631 - INFO - [*] Iniciando descarga de Reportes VENTAS
2026-03-06 18:00:31,631 - INFO - ======================================================================
2026-03-06 18:00:31,631 - INFO - Navegando a: https://cencarvajal.com/receivingadvicenewportal/#/home/consult-service?service=SLSRPT
2026-03-06 18:00:31,656 - INFO - Esperando que Angular cargue...
2026-03-06 18:00:35,449 - INFO - ✓ Formulario de filtros cargado
2026-03-06 18:00:37,450 - INFO - Configurando filtro de fechas: 05/03/2026 a 06/03/2026
2026-03-06 18:00:37,480 - INFO - Campo 'Fecha inicio' rellenado: 05/03/2026
2026-03-06 18:00:38,031 - INFO - Campo 'Fecha fin' rellenado: 06/03/2026
2026-03-06 18:00:39,542 - INFO - Calendarios cerrados, filtros de fecha configurados
2026-03-06 18:00:39,542 - INFO - 🔍 Presionando botón 'Buscar' para obtener el listado...
2026-03-06 18:00:39,574 - INFO - ✓ Búsqueda completada y tabla cargada
2026-03-06 18:00:41,580 - INFO - ✓ Se encontraron 2 registro(s)
2026-03-06 18:00:41,581 - INFO - 📄 Procesando página 1...
2026-03-06 18:00:41,585 - INFO -   -> 2 fila(s) en esta página
2026-03-06 18:00:41,610 - INFO - Fila 1: Iniciando descarga - Dismel Ltda | SUPERTIENDAS Y DROGUERIAS OLIMPICAS
2026-03-06 18:00:41,656 - INFO - Fila 1: Modal de formato abierto, esperando selección...
2026-03-06 18:00:42,697 - INFO - Fila 1: Formato XLSX seleccionado
2026-03-06 18:00:43,711 - INFO - Fila 1: Botón Descargar encontrado
2026-03-06 18:00:44,232 - INFO - Fila 1: Descargando archivo...
2026-03-06 18:00:50,180 - INFO - Fila 1: [OK] Descargado exitosamente: VENTAS_PAGE1_FILA1_20260306_180050.xlsx
2026-03-06 18:00:51,206 - INFO - Fila 2: Iniciando descarga - Dismel Ltda | SUPERTIENDAS Y DROGUERIAS OLIMPICAS
2026-03-06 18:00:51,263 - INFO - Fila 2: Modal de formato abierto, esperando selección...
2026-03-06 18:00:52,295 - INFO - Fila 2: Formato XLSX seleccionado
2026-03-06 18:00:53,310 - INFO - Fila 2: Botón Descargar encontrado
2026-03-06 18:00:53,831 - INFO - Fila 2: Descargando archivo...
2026-03-06 18:00:56,530 - INFO - Fila 2: [OK] Descargado exitosamente: VENTAS_PAGE1_FILA2_20260306_180056.xlsx
2026-03-06 18:00:57,547 - INFO - No hay página siguiente. Fin de paginación.
2026-03-06 18:00:57,547 - INFO - ======================================================================
2026-03-06 18:00:57,547 - INFO - [OK] Proceso completado
2026-03-06 18:00:57,547 - INFO - [REPORT] Total de descargas: 2 archivo(s)
2026-03-06 18:00:57,547 - INFO - 📁 Ubicación: D:\TAREAS\CARVAJAL\descargas_reportes
2026-03-06 18:00:57,547 - INFO - [LOG] Logs guardados en: logs_reportes\reporte_descargas_20260306_180001.log
2026-03-06 18:00:57,547 - INFO - ======================================================================
2026-03-06 18:00:57,548 - INFO - ✅ Descarga de reportes de VENTAS completada exitosamente
2026-03-06 18:00:57,548 - INFO - ======================================================================
2026-03-06 18:00:57,548 - INFO - [*] Iniciando descarga de Reportes INVENTARIO
2026-03-06 18:00:57,548 - INFO - ======================================================================
2026-03-06 18:00:57,548 - INFO - Navegando a: https://cencarvajal.com/receivingadvicenewportal/#/home/consult-service?service=INVRPT
2026-03-06 18:00:57,551 - INFO - Esperando que Angular cargue...
2026-03-06 18:01:00,871 - INFO - ✓ Formulario de filtros cargado
2026-03-06 18:01:02,872 - INFO - Configurando filtro de fechas: 05/03/2026 a 06/03/2026
2026-03-06 18:01:02,891 - INFO - Campo 'Fecha inicio' rellenado: 05/03/2026
2026-03-06 18:01:03,436 - INFO - Campo 'Fecha fin' rellenado: 06/03/2026
2026-03-06 18:01:04,945 - INFO - Calendarios cerrados, filtros de fecha configurados
2026-03-06 18:01:04,945 - INFO - 🔍 Presionando botón 'Buscar' para obtener el listado...
2026-03-06 18:01:04,985 - INFO - ✓ Búsqueda completada y tabla cargada
2026-03-06 18:01:06,991 - INFO - ✓ Se encontraron 2 registro(s)
2026-03-06 18:01:06,991 - INFO - 📄 Procesando página 1...
2026-03-06 18:01:06,995 - INFO -   -> 2 fila(s) en esta página
2026-03-06 18:01:07,019 - INFO - Fila 1: Iniciando descarga - Dismel Ltda | SUPERTIENDAS Y DROGUERIAS OLIMPICAS
2026-03-06 18:01:07,058 - INFO - Fila 1: Modal de formato abierto, esperando selección...
2026-03-06 18:01:08,095 - INFO - Fila 1: Formato XLSX seleccionado
2026-03-06 18:01:09,109 - INFO - Fila 1: Botón Descargar encontrado
2026-03-06 18:01:09,631 - INFO - Fila 1: Descargando archivo...
2026-03-06 18:01:12,419 - INFO - Fila 1: [OK] Descargado exitosamente: INVENTARIO_PAGE1_FILA1_20260306_180112.xlsx
2026-03-06 18:01:13,457 - INFO - Fila 2: Iniciando descarga - Dismel Ltda | SUPERTIENDAS Y DROGUERIAS OLIMPICAS
2026-03-06 18:01:13,490 - INFO - Fila 2: Modal de formato abierto, esperando selección...
2026-03-06 18:01:14,529 - INFO - Fila 2: Formato XLSX seleccionado
2026-03-06 18:01:15,543 - INFO - Fila 2: Botón Descargar encontrado
2026-03-06 18:01:16,064 - INFO - Fila 2: Descargando archivo...
2026-03-06 18:01:18,646 - INFO - Fila 2: [OK] Descargado exitosamente: INVENTARIO_PAGE1_FILA2_20260306_180118.xlsx
2026-03-06 18:01:19,661 - INFO - No hay página siguiente. Fin de paginación.
2026-03-06 18:01:19,661 - INFO - ======================================================================
2026-03-06 18:01:19,662 - INFO - [OK] Proceso completado
2026-03-06 18:01:19,662 - INFO - [REPORT] Total de descargas: 2 archivo(s)
2026-03-06 18:01:19,662 - INFO - 📁 Ubicación: D:\TAREAS\CARVAJAL\descargas_reportes
2026-03-06 18:01:19,662 - INFO - [LOG] Logs guardados en: logs_reportes\reporte_descargas_20260306_180001.log
2026-03-06 18:01:19,662 - INFO - ======================================================================
2026-03-06 18:01:19,662 - INFO - ✅ Descarga de reportes de INVENTARIO completada exitosamente
2026-03-06 18:01:19,844 - INFO - 
[OK] Navegador cerrado. Proceso finalizado correctamente
2026-03-06 18:01:19,844 - INFO - [LOG] Archivo de log: logs_reportes\reporte_descargas_20260306_180001.log
2026-03-06 18:01:19,844 - INFO - ======================================================================
