2026-03-08 18:00:01,467 - INFO - ======================================================================
2026-03-08 18:00:01,467 - INFO - INICIO DE SESIÓN - 08/03/2026 18:00:01
2026-03-08 18:00:01,467 - INFO - ======================================================================
2026-03-08 18:00:02,019 - INFO - Iniciando Playwright...
2026-03-08 18:00:02,197 - INFO - Navegador (Chromium) lanzado en modo visible
2026-03-08 18:00:02,587 - INFO - Navegando a: https://cencarvajal.com/#/portal/login
2026-03-08 18:00:07,639 - INFO - [Intento 1/3] Intentando login…
2026-03-08 18:00:09,758 - INFO - [Intento 1] Formulario de login enviado
2026-03-08 18:00:19,762 - WARNING - [Intento 1] No apareció 'Tus servicios' después de intentar login (posible modal)
2026-03-08 18:00:19,784 - INFO - [Intento 1] Se hizo clic en botón 'Continuar' del modal
2026-03-08 18:00:26,785 - WARNING - [Intento 1] Aún no aparece 'Tus servicios' tras aceptar modal
2026-03-08 18:00:26,785 - INFO - [Intento 1] Navegando de nuevo a login y reintentando...
2026-03-08 18:00:26,795 - INFO - [Intento 1] Página de login cargada nuevamente
2026-03-08 18:00:26,795 - INFO - [Intento 2/3] Intentando login…
2026-03-08 18:00:26,851 - INFO - [Intento 2] Formulario de login enviado
2026-03-08 18:00:29,218 - INFO - [Intento 2] [OK] Login exitoso - texto 'Tus servicios' encontrado
2026-03-08 18:00:29,218 - INFO - [Intento 2] Esperando que la página se cargue completamente...
2026-03-08 18:00:31,219 - INFO - [Intento 2] Página estabilizada, listo para descargar
2026-03-08 18:00:31,219 - INFO - ======================================================================
2026-03-08 18:00:31,219 - INFO - [*] Iniciando descarga de Reportes VENTAS
2026-03-08 18:00:31,219 - INFO - ======================================================================
2026-03-08 18:00:31,219 - INFO - Navegando a: https://cencarvajal.com/receivingadvicenewportal/#/home/consult-service?service=SLSRPT
2026-03-08 18:00:31,247 - INFO - Esperando que Angular cargue...
2026-03-08 18:00:35,246 - INFO - ✓ Formulario de filtros cargado
2026-03-08 18:00:37,246 - INFO - Configurando filtro de fechas: 07/03/2026 a 08/03/2026
2026-03-08 18:00:37,276 - INFO - Campo 'Fecha inicio' rellenado: 07/03/2026
2026-03-08 18:00:37,809 - INFO - Campo 'Fecha fin' rellenado: 08/03/2026
2026-03-08 18:00:39,318 - INFO - Calendarios cerrados, filtros de fecha configurados
2026-03-08 18:00:39,318 - INFO - 🔍 Presionando botón 'Buscar' para obtener el listado...
2026-03-08 18:00:39,362 - INFO - ✓ Búsqueda completada y tabla cargada
2026-03-08 18:00:41,368 - INFO - ✓ Se encontraron 2 registro(s)
2026-03-08 18:00:41,368 - INFO - 📄 Procesando página 1...
2026-03-08 18:00:41,373 - INFO -   -> 2 fila(s) en esta página
2026-03-08 18:00:41,398 - INFO - Fila 1: Iniciando descarga - Dismel Ltda | SUPERTIENDAS Y DROGUERIAS OLIMPICAS
2026-03-08 18:00:41,431 - INFO - Fila 1: Modal de formato abierto, esperando selección...
2026-03-08 18:00:42,467 - INFO - Fila 1: Formato XLSX seleccionado
2026-03-08 18:00:43,484 - INFO - Fila 1: Botón Descargar encontrado
2026-03-08 18:00:44,020 - INFO - Fila 1: Descargando archivo...
2026-03-08 18:00:49,739 - INFO - Fila 1: [OK] Descargado exitosamente: VENTAS_PAGE1_FILA1_20260308_180049.xlsx
2026-03-08 18:00:50,764 - INFO - Fila 2: Iniciando descarga - Dismel Ltda | SUPERTIENDAS Y DROGUERIAS OLIMPICAS
2026-03-08 18:00:50,796 - INFO - Fila 2: Modal de formato abierto, esperando selección...
2026-03-08 18:00:51,833 - INFO - Fila 2: Formato XLSX seleccionado
2026-03-08 18:00:52,848 - INFO - Fila 2: Botón Descargar encontrado
2026-03-08 18:00:53,368 - INFO - Fila 2: Descargando archivo...
2026-03-08 18:00:56,226 - INFO - Fila 2: [OK] Descargado exitosamente: VENTAS_PAGE1_FILA2_20260308_180056.xlsx
2026-03-08 18:00:57,243 - INFO - No hay página siguiente. Fin de paginación.
2026-03-08 18:00:57,243 - INFO - ======================================================================
2026-03-08 18:00:57,244 - INFO - [OK] Proceso completado
2026-03-08 18:00:57,244 - INFO - [REPORT] Total de descargas: 2 archivo(s)
2026-03-08 18:00:57,244 - INFO - 📁 Ubicación: D:\TAREAS\CARVAJAL\descargas_reportes
2026-03-08 18:00:57,244 - INFO - [LOG] Logs guardados en: logs_reportes\reporte_descargas_20260308_180001.log
2026-03-08 18:00:57,244 - INFO - ======================================================================
2026-03-08 18:00:57,244 - INFO - ✅ Descarga de reportes de VENTAS completada exitosamente
2026-03-08 18:00:57,244 - INFO - ======================================================================
2026-03-08 18:00:57,244 - INFO - [*] Iniciando descarga de Reportes INVENTARIO
2026-03-08 18:00:57,244 - INFO - ======================================================================
2026-03-08 18:00:57,244 - INFO - Navegando a: https://cencarvajal.com/receivingadvicenewportal/#/home/consult-service?service=INVRPT
2026-03-08 18:00:57,247 - INFO - Esperando que Angular cargue...
2026-03-08 18:01:00,568 - INFO - ✓ Formulario de filtros cargado
2026-03-08 18:01:02,569 - INFO - Configurando filtro de fechas: 07/03/2026 a 08/03/2026
2026-03-08 18:01:02,588 - INFO - Campo 'Fecha inicio' rellenado: 07/03/2026
2026-03-08 18:01:03,135 - INFO - Campo 'Fecha fin' rellenado: 08/03/2026
2026-03-08 18:01:04,645 - INFO - Calendarios cerrados, filtros de fecha configurados
2026-03-08 18:01:04,645 - INFO - 🔍 Presionando botón 'Buscar' para obtener el listado...
2026-03-08 18:01:04,674 - INFO - ✓ Búsqueda completada y tabla cargada
2026-03-08 18:01:06,680 - INFO - ✓ Se encontraron 2 registro(s)
2026-03-08 18:01:06,680 - INFO - 📄 Procesando página 1...
2026-03-08 18:01:06,684 - INFO -   -> 2 fila(s) en esta página
2026-03-08 18:01:06,708 - INFO - Fila 1: Iniciando descarga - Dismel Ltda | SUPERTIENDAS Y DROGUERIAS OLIMPICAS
2026-03-08 18:01:06,745 - INFO - Fila 1: Modal de formato abierto, esperando selección...
2026-03-08 18:01:07,784 - INFO - Fila 1: Formato XLSX seleccionado
2026-03-08 18:01:08,797 - INFO - Fila 1: Botón Descargar encontrado
2026-03-08 18:01:09,319 - INFO - Fila 1: Descargando archivo...
2026-03-08 18:01:11,994 - INFO - Fila 1: [OK] Descargado exitosamente: INVENTARIO_PAGE1_FILA1_20260308_180111.xlsx
2026-03-08 18:01:13,032 - INFO - Fila 2: Iniciando descarga - Dismel Ltda | SUPERTIENDAS Y DROGUERIAS OLIMPICAS
2026-03-08 18:01:13,060 - INFO - Fila 2: Modal de formato abierto, esperando selección...
2026-03-08 18:01:14,099 - INFO - Fila 2: Formato XLSX seleccionado
2026-03-08 18:01:15,114 - INFO - Fila 2: Botón Descargar encontrado
2026-03-08 18:01:15,635 - INFO - Fila 2: Descargando archivo...
2026-03-08 18:01:18,750 - INFO - Fila 2: [OK] Descargado exitosamente: INVENTARIO_PAGE1_FILA2_20260308_180118.xlsx
2026-03-08 18:01:19,768 - INFO - No hay página siguiente. Fin de paginación.
2026-03-08 18:01:19,768 - INFO - ======================================================================
2026-03-08 18:01:19,768 - INFO - [OK] Proceso completado
2026-03-08 18:01:19,768 - INFO - [REPORT] Total de descargas: 2 archivo(s)
2026-03-08 18:01:19,768 - INFO - 📁 Ubicación: D:\TAREAS\CARVAJAL\descargas_reportes
2026-03-08 18:01:19,768 - INFO - [LOG] Logs guardados en: logs_reportes\reporte_descargas_20260308_180001.log
2026-03-08 18:01:19,769 - INFO - ======================================================================
2026-03-08 18:01:19,769 - INFO - ✅ Descarga de reportes de INVENTARIO completada exitosamente
2026-03-08 18:01:19,860 - INFO - 
[OK] Navegador cerrado. Proceso finalizado correctamente
2026-03-08 18:01:19,861 - INFO - [LOG] Archivo de log: logs_reportes\reporte_descargas_20260308_180001.log
2026-03-08 18:01:19,861 - INFO - ======================================================================
