2026-03-09 08:00:02,025 - INFO - ======================================================================
2026-03-09 08:00:02,025 - INFO - INICIO DE SESIÓN - 09/03/2026 08:00:02
2026-03-09 08:00:02,025 - INFO - ======================================================================
2026-03-09 08:00:02,566 - INFO - Iniciando Playwright...
2026-03-09 08:00:02,743 - INFO - Navegador (Chromium) lanzado en modo visible
2026-03-09 08:00:03,119 - INFO - Navegando a: https://cencarvajal.com/#/portal/login
2026-03-09 08:00:08,203 - INFO - [Intento 1/3] Intentando login…
2026-03-09 08:00:10,710 - INFO - [Intento 1] Formulario de login enviado
2026-03-09 08:00:20,715 - WARNING - [Intento 1] No apareció 'Tus servicios' después de intentar login (posible modal)
2026-03-09 08:00:20,735 - INFO - [Intento 1] Se hizo clic en botón 'Continuar' del modal
2026-03-09 08:00:27,736 - WARNING - [Intento 1] Aún no aparece 'Tus servicios' tras aceptar modal
2026-03-09 08:00:27,736 - INFO - [Intento 1] Navegando de nuevo a login y reintentando...
2026-03-09 08:00:27,746 - INFO - [Intento 1] Página de login cargada nuevamente
2026-03-09 08:00:27,746 - INFO - [Intento 2/3] Intentando login…
2026-03-09 08:00:27,802 - INFO - [Intento 2] Formulario de login enviado
2026-03-09 08:00:30,187 - INFO - [Intento 2] [OK] Login exitoso - texto 'Tus servicios' encontrado
2026-03-09 08:00:30,188 - INFO - [Intento 2] Esperando que la página se cargue completamente...
2026-03-09 08:00:32,189 - INFO - [Intento 2] Página estabilizada, listo para descargar
2026-03-09 08:00:32,189 - INFO - ======================================================================
2026-03-09 08:00:32,189 - INFO - [*] Iniciando descarga de Reportes VENTAS
2026-03-09 08:00:32,189 - INFO - ======================================================================
2026-03-09 08:00:32,189 - INFO - Navegando a: https://cencarvajal.com/receivingadvicenewportal/#/home/consult-service?service=SLSRPT
2026-03-09 08:00:32,212 - INFO - Esperando que Angular cargue...
2026-03-09 08:00:35,788 - INFO - ✓ Formulario de filtros cargado
2026-03-09 08:00:37,789 - INFO - Configurando filtro de fechas: 08/03/2026 a 09/03/2026
2026-03-09 08:00:37,819 - INFO - Campo 'Fecha inicio' rellenado: 08/03/2026
2026-03-09 08:00:38,355 - INFO - Campo 'Fecha fin' rellenado: 09/03/2026
2026-03-09 08:00:39,870 - INFO - Calendarios cerrados, filtros de fecha configurados
2026-03-09 08:00:39,870 - INFO - 🔍 Presionando botón 'Buscar' para obtener el listado...
2026-03-09 08:00:39,929 - INFO - ✓ Búsqueda completada y tabla cargada
2026-03-09 08:00:41,935 - INFO - ✓ Se encontraron 1 registro(s)
2026-03-09 08:00:41,935 - INFO - 📄 Procesando página 1...
2026-03-09 08:00:41,939 - INFO -   -> 1 fila(s) en esta página
2026-03-09 08:00:41,964 - INFO - Fila 1: Iniciando descarga - Dismel Ltda | SUPERTIENDAS Y DROGUERIAS OLIMPICAS
2026-03-09 08:00:41,998 - INFO - Fila 1: Modal de formato abierto, esperando selección...
2026-03-09 08:00:43,035 - INFO - Fila 1: Formato XLSX seleccionado
2026-03-09 08:00:44,050 - INFO - Fila 1: Botón Descargar encontrado
2026-03-09 08:00:44,569 - INFO - Fila 1: Descargando archivo...
2026-03-09 08:00:50,597 - INFO - Fila 1: [OK] Descargado exitosamente: VENTAS_PAGE1_FILA1_20260309_080050.xlsx
2026-03-09 08:00:51,613 - INFO - No hay página siguiente. Fin de paginación.
2026-03-09 08:00:51,613 - INFO - ======================================================================
2026-03-09 08:00:51,614 - INFO - [OK] Proceso completado
2026-03-09 08:00:51,614 - INFO - [REPORT] Total de descargas: 1 archivo(s)
2026-03-09 08:00:51,614 - INFO - 📁 Ubicación: D:\TAREAS\CARVAJAL\descargas_reportes
2026-03-09 08:00:51,614 - INFO - [LOG] Logs guardados en: logs_reportes\reporte_descargas_20260309_080002.log
2026-03-09 08:00:51,614 - INFO - ======================================================================
2026-03-09 08:00:51,614 - INFO - ✅ Descarga de reportes de VENTAS completada exitosamente
2026-03-09 08:00:51,614 - INFO - ======================================================================
2026-03-09 08:00:51,614 - INFO - [*] Iniciando descarga de Reportes INVENTARIO
2026-03-09 08:00:51,614 - INFO - ======================================================================
2026-03-09 08:00:51,615 - INFO - Navegando a: https://cencarvajal.com/receivingadvicenewportal/#/home/consult-service?service=INVRPT
2026-03-09 08:00:51,617 - INFO - Esperando que Angular cargue...
2026-03-09 08:00:54,936 - INFO - ✓ Formulario de filtros cargado
2026-03-09 08:00:56,937 - INFO - Configurando filtro de fechas: 08/03/2026 a 09/03/2026
2026-03-09 08:00:56,957 - INFO - Campo 'Fecha inicio' rellenado: 08/03/2026
2026-03-09 08:00:57,486 - INFO - Campo 'Fecha fin' rellenado: 09/03/2026
2026-03-09 08:00:58,997 - INFO - Calendarios cerrados, filtros de fecha configurados
2026-03-09 08:00:58,997 - INFO - 🔍 Presionando botón 'Buscar' para obtener el listado...
2026-03-09 08:00:59,041 - INFO - ✓ Búsqueda completada y tabla cargada
2026-03-09 08:01:01,121 - INFO - ✓ Se encontraron 1 registro(s)
2026-03-09 08:01:01,121 - INFO - 📄 Procesando página 1...
2026-03-09 08:01:01,125 - INFO -   -> 1 fila(s) en esta página
2026-03-09 08:01:01,149 - INFO - Fila 1: Iniciando descarga - Dismel Ltda | SUPERTIENDAS Y DROGUERIAS OLIMPICAS
2026-03-09 08:01:01,180 - INFO - Fila 1: Modal de formato abierto, esperando selección...
2026-03-09 08:01:02,218 - INFO - Fila 1: Formato XLSX seleccionado
2026-03-09 08:01:03,233 - INFO - Fila 1: Botón Descargar encontrado
2026-03-09 08:01:03,756 - INFO - Fila 1: Descargando archivo...
2026-03-09 08:01:06,523 - INFO - Fila 1: [OK] Descargado exitosamente: INVENTARIO_PAGE1_FILA1_20260309_080106.xlsx
2026-03-09 08:01:07,538 - INFO - No hay página siguiente. Fin de paginación.
2026-03-09 08:01:07,538 - INFO - ======================================================================
2026-03-09 08:01:07,538 - INFO - [OK] Proceso completado
2026-03-09 08:01:07,539 - INFO - [REPORT] Total de descargas: 1 archivo(s)
2026-03-09 08:01:07,539 - INFO - 📁 Ubicación: D:\TAREAS\CARVAJAL\descargas_reportes
2026-03-09 08:01:07,539 - INFO - [LOG] Logs guardados en: logs_reportes\reporte_descargas_20260309_080002.log
2026-03-09 08:01:07,539 - INFO - ======================================================================
2026-03-09 08:01:07,539 - INFO - ✅ Descarga de reportes de INVENTARIO completada exitosamente
2026-03-09 08:01:07,624 - INFO - 
[OK] Navegador cerrado. Proceso finalizado correctamente
2026-03-09 08:01:07,624 - INFO - [LOG] Archivo de log: logs_reportes\reporte_descargas_20260309_080002.log
2026-03-09 08:01:07,624 - INFO - ======================================================================
