2026-03-07 11:00:02,050 - INFO - ======================================================================
2026-03-07 11:00:02,051 - INFO - INICIO DE SESIÓN - 07/03/2026 11:00:02
2026-03-07 11:00:02,051 - INFO - ======================================================================
2026-03-07 11:00:02,590 - INFO - Iniciando Playwright...
2026-03-07 11:00:02,765 - INFO - Navegador (Chromium) lanzado en modo visible
2026-03-07 11:00:03,133 - INFO - Navegando a: https://cencarvajal.com/#/portal/login
2026-03-07 11:00:07,814 - INFO - [Intento 1/3] Intentando login…
2026-03-07 11:00:10,240 - INFO - [Intento 1] Formulario de login enviado
2026-03-07 11:00:20,245 - WARNING - [Intento 1] No apareció 'Tus servicios' después de intentar login (posible modal)
2026-03-07 11:00:20,265 - INFO - [Intento 1] Se hizo clic en botón 'Continuar' del modal
2026-03-07 11:00:27,268 - WARNING - [Intento 1] Aún no aparece 'Tus servicios' tras aceptar modal
2026-03-07 11:00:27,268 - INFO - [Intento 1] Navegando de nuevo a login y reintentando...
2026-03-07 11:00:27,278 - INFO - [Intento 1] Página de login cargada nuevamente
2026-03-07 11:00:27,278 - INFO - [Intento 2/3] Intentando login…
2026-03-07 11:00:27,333 - INFO - [Intento 2] Formulario de login enviado
2026-03-07 11:00:29,629 - INFO - [Intento 2] [OK] Login exitoso - texto 'Tus servicios' encontrado
2026-03-07 11:00:29,629 - INFO - [Intento 2] Esperando que la página se cargue completamente...
2026-03-07 11:00:31,630 - INFO - [Intento 2] Página estabilizada, listo para descargar
2026-03-07 11:00:31,630 - INFO - ======================================================================
2026-03-07 11:00:31,630 - INFO - [*] Iniciando descarga de Reportes VENTAS
2026-03-07 11:00:31,630 - INFO - ======================================================================
2026-03-07 11:00:31,630 - INFO - Navegando a: https://cencarvajal.com/receivingadvicenewportal/#/home/consult-service?service=SLSRPT
2026-03-07 11:00:31,654 - INFO - Esperando que Angular cargue...
2026-03-07 11:00:35,193 - INFO - ✓ Formulario de filtros cargado
2026-03-07 11:00:37,194 - INFO - Configurando filtro de fechas: 06/03/2026 a 07/03/2026
2026-03-07 11:00:37,224 - INFO - Campo 'Fecha inicio' rellenado: 06/03/2026
2026-03-07 11:00:37,760 - INFO - Campo 'Fecha fin' rellenado: 07/03/2026
2026-03-07 11:00:39,269 - INFO - Calendarios cerrados, filtros de fecha configurados
2026-03-07 11:00:39,269 - INFO - 🔍 Presionando botón 'Buscar' para obtener el listado...
2026-03-07 11:00:39,309 - INFO - ✓ Búsqueda completada y tabla cargada
2026-03-07 11:00:41,314 - INFO - ✓ Se encontraron 1 registro(s)
2026-03-07 11:00:41,315 - INFO - 📄 Procesando página 1...
2026-03-07 11:00:41,319 - INFO -   -> 1 fila(s) en esta página
2026-03-07 11:00:41,343 - INFO - Fila 1: Iniciando descarga - Dismel Ltda | SUPERTIENDAS Y DROGUERIAS OLIMPICAS
2026-03-07 11:00:41,378 - INFO - Fila 1: Modal de formato abierto, esperando selección...
2026-03-07 11:00:42,415 - INFO - Fila 1: Formato XLSX seleccionado
2026-03-07 11:00:43,430 - INFO - Fila 1: Botón Descargar encontrado
2026-03-07 11:00:43,950 - INFO - Fila 1: Descargando archivo...
2026-03-07 11:00:50,280 - INFO - Fila 1: [OK] Descargado exitosamente: VENTAS_PAGE1_FILA1_20260307_110050.xlsx
2026-03-07 11:00:51,298 - INFO - No hay página siguiente. Fin de paginación.
2026-03-07 11:00:51,298 - INFO - ======================================================================
2026-03-07 11:00:51,299 - INFO - [OK] Proceso completado
2026-03-07 11:00:51,299 - INFO - [REPORT] Total de descargas: 1 archivo(s)
2026-03-07 11:00:51,299 - INFO - 📁 Ubicación: D:\TAREAS\CARVAJAL\descargas_reportes
2026-03-07 11:00:51,299 - INFO - [LOG] Logs guardados en: logs_reportes\reporte_descargas_20260307_110002.log
2026-03-07 11:00:51,299 - INFO - ======================================================================
2026-03-07 11:00:51,299 - INFO - ✅ Descarga de reportes de VENTAS completada exitosamente
2026-03-07 11:00:51,299 - INFO - ======================================================================
2026-03-07 11:00:51,299 - INFO - [*] Iniciando descarga de Reportes INVENTARIO
2026-03-07 11:00:51,299 - INFO - ======================================================================
2026-03-07 11:00:51,300 - INFO - Navegando a: https://cencarvajal.com/receivingadvicenewportal/#/home/consult-service?service=INVRPT
2026-03-07 11:00:51,302 - INFO - Esperando que Angular cargue...
2026-03-07 11:00:54,679 - INFO - ✓ Formulario de filtros cargado
2026-03-07 11:00:56,680 - INFO - Configurando filtro de fechas: 06/03/2026 a 07/03/2026
2026-03-07 11:00:56,698 - INFO - Campo 'Fecha inicio' rellenado: 06/03/2026
2026-03-07 11:00:57,229 - INFO - Campo 'Fecha fin' rellenado: 07/03/2026
2026-03-07 11:00:58,750 - INFO - Calendarios cerrados, filtros de fecha configurados
2026-03-07 11:00:58,750 - INFO - 🔍 Presionando botón 'Buscar' para obtener el listado...
2026-03-07 11:00:58,804 - INFO - ✓ Búsqueda completada y tabla cargada
2026-03-07 11:01:00,809 - INFO - ✓ Se encontraron 1 registro(s)
2026-03-07 11:01:00,809 - INFO - 📄 Procesando página 1...
2026-03-07 11:01:00,814 - INFO -   -> 1 fila(s) en esta página
2026-03-07 11:01:00,837 - INFO - Fila 1: Iniciando descarga - Dismel Ltda | SUPERTIENDAS Y DROGUERIAS OLIMPICAS
2026-03-07 11:01:00,876 - INFO - Fila 1: Modal de formato abierto, esperando selección...
2026-03-07 11:01:01,914 - INFO - Fila 1: Formato XLSX seleccionado
2026-03-07 11:01:02,929 - INFO - Fila 1: Botón Descargar encontrado
2026-03-07 11:01:03,450 - INFO - Fila 1: Descargando archivo...
2026-03-07 11:01:06,510 - INFO - Fila 1: [OK] Descargado exitosamente: INVENTARIO_PAGE1_FILA1_20260307_110106.xlsx
2026-03-07 11:01:07,538 - INFO - No hay página siguiente. Fin de paginación.
2026-03-07 11:01:07,538 - INFO - ======================================================================
2026-03-07 11:01:07,539 - INFO - [OK] Proceso completado
2026-03-07 11:01:07,539 - INFO - [REPORT] Total de descargas: 1 archivo(s)
2026-03-07 11:01:07,539 - INFO - 📁 Ubicación: D:\TAREAS\CARVAJAL\descargas_reportes
2026-03-07 11:01:07,539 - INFO - [LOG] Logs guardados en: logs_reportes\reporte_descargas_20260307_110002.log
2026-03-07 11:01:07,539 - INFO - ======================================================================
2026-03-07 11:01:07,539 - INFO - ✅ Descarga de reportes de INVENTARIO completada exitosamente
2026-03-07 11:01:07,703 - INFO - 
[OK] Navegador cerrado. Proceso finalizado correctamente
2026-03-07 11:01:07,703 - INFO - [LOG] Archivo de log: logs_reportes\reporte_descargas_20260307_110002.log
2026-03-07 11:01:07,703 - INFO - ======================================================================
