2026-03-07 05:00:02,010 - INFO - ======================================================================
2026-03-07 05:00:02,010 - INFO - INICIO DE SESIÓN - 07/03/2026 05:00:02
2026-03-07 05:00:02,010 - INFO - ======================================================================
2026-03-07 05:00:02,548 - INFO - Iniciando Playwright...
2026-03-07 05:00:02,728 - INFO - Navegador (Chromium) lanzado en modo visible
2026-03-07 05:00:03,105 - INFO - Navegando a: https://cencarvajal.com/#/portal/login
2026-03-07 05:00:08,601 - INFO - [Intento 1/3] Intentando login…
2026-03-07 05:00:10,586 - INFO - [Intento 1] Formulario de login enviado
2026-03-07 05:00:20,589 - WARNING - [Intento 1] No apareció 'Tus servicios' después de intentar login (posible modal)
2026-03-07 05:00:20,613 - INFO - [Intento 1] Se hizo clic en botón 'Continuar' del modal
2026-03-07 05:00:27,614 - WARNING - [Intento 1] Aún no aparece 'Tus servicios' tras aceptar modal
2026-03-07 05:00:27,614 - INFO - [Intento 1] Navegando de nuevo a login y reintentando...
2026-03-07 05:00:27,625 - INFO - [Intento 1] Página de login cargada nuevamente
2026-03-07 05:00:27,625 - INFO - [Intento 2/3] Intentando login…
2026-03-07 05:00:27,682 - INFO - [Intento 2] Formulario de login enviado
2026-03-07 05:00:29,988 - INFO - [Intento 2] [OK] Login exitoso - texto 'Tus servicios' encontrado
2026-03-07 05:00:29,989 - INFO - [Intento 2] Esperando que la página se cargue completamente...
2026-03-07 05:00:31,990 - INFO - [Intento 2] Página estabilizada, listo para descargar
2026-03-07 05:00:31,990 - INFO - ======================================================================
2026-03-07 05:00:31,990 - INFO - [*] Iniciando descarga de Reportes VENTAS
2026-03-07 05:00:31,990 - INFO - ======================================================================
2026-03-07 05:00:31,990 - INFO - Navegando a: https://cencarvajal.com/receivingadvicenewportal/#/home/consult-service?service=SLSRPT
2026-03-07 05:00:32,022 - INFO - Esperando que Angular cargue...
2026-03-07 05:00:35,614 - INFO - ✓ Formulario de filtros cargado
2026-03-07 05:00:37,615 - INFO - Configurando filtro de fechas: 06/03/2026 a 07/03/2026
2026-03-07 05:00:37,647 - INFO - Campo 'Fecha inicio' rellenado: 06/03/2026
2026-03-07 05:00:38,182 - INFO - Campo 'Fecha fin' rellenado: 07/03/2026
2026-03-07 05:00:39,694 - INFO - Calendarios cerrados, filtros de fecha configurados
2026-03-07 05:00:39,694 - INFO - 🔍 Presionando botón 'Buscar' para obtener el listado...
2026-03-07 05:00:39,723 - INFO - ✓ Búsqueda completada y tabla cargada
2026-03-07 05:00:41,729 - INFO - ✓ Se encontraron 1 registro(s)
2026-03-07 05:00:41,729 - INFO - 📄 Procesando página 1...
2026-03-07 05:00:41,733 - INFO -   -> 1 fila(s) en esta página
2026-03-07 05:00:41,758 - INFO - Fila 1: Iniciando descarga - Dismel Ltda | SUPERTIENDAS Y DROGUERIAS OLIMPICAS
2026-03-07 05:00:41,857 - INFO - Fila 1: Modal de formato abierto, esperando selección...
2026-03-07 05:00:42,897 - INFO - Fila 1: Formato XLSX seleccionado
2026-03-07 05:00:43,912 - INFO - Fila 1: Botón Descargar encontrado
2026-03-07 05:00:44,448 - INFO - Fila 1: Descargando archivo...
2026-03-07 05:00:50,258 - INFO - Fila 1: [OK] Descargado exitosamente: VENTAS_PAGE1_FILA1_20260307_050050.xlsx
2026-03-07 05:00:51,274 - INFO - No hay página siguiente. Fin de paginación.
2026-03-07 05:00:51,274 - INFO - ======================================================================
2026-03-07 05:00:51,274 - INFO - [OK] Proceso completado
2026-03-07 05:00:51,274 - INFO - [REPORT] Total de descargas: 1 archivo(s)
2026-03-07 05:00:51,274 - INFO - 📁 Ubicación: D:\TAREAS\CARVAJAL\descargas_reportes
2026-03-07 05:00:51,274 - INFO - [LOG] Logs guardados en: logs_reportes\reporte_descargas_20260307_050002.log
2026-03-07 05:00:51,275 - INFO - ======================================================================
2026-03-07 05:00:51,275 - INFO - ✅ Descarga de reportes de VENTAS completada exitosamente
2026-03-07 05:00:51,275 - INFO - ======================================================================
2026-03-07 05:00:51,275 - INFO - [*] Iniciando descarga de Reportes INVENTARIO
2026-03-07 05:00:51,275 - INFO - ======================================================================
2026-03-07 05:00:51,275 - INFO - Navegando a: https://cencarvajal.com/receivingadvicenewportal/#/home/consult-service?service=INVRPT
2026-03-07 05:00:51,278 - INFO - Esperando que Angular cargue...
2026-03-07 05:00:54,784 - INFO - ✓ Formulario de filtros cargado
2026-03-07 05:00:56,785 - INFO - Configurando filtro de fechas: 06/03/2026 a 07/03/2026
2026-03-07 05:00:56,803 - INFO - Campo 'Fecha inicio' rellenado: 06/03/2026
2026-03-07 05:00:57,334 - INFO - Campo 'Fecha fin' rellenado: 07/03/2026
2026-03-07 05:00:58,856 - INFO - Calendarios cerrados, filtros de fecha configurados
2026-03-07 05:00:58,856 - INFO - 🔍 Presionando botón 'Buscar' para obtener el listado...
2026-03-07 05:00:58,888 - INFO - ✓ Búsqueda completada y tabla cargada
2026-03-07 05:01:00,893 - INFO - ✓ Se encontraron 1 registro(s)
2026-03-07 05:01:00,893 - INFO - 📄 Procesando página 1...
2026-03-07 05:01:00,898 - INFO -   -> 1 fila(s) en esta página
2026-03-07 05:01:00,922 - INFO - Fila 1: Iniciando descarga - Dismel Ltda | SUPERTIENDAS Y DROGUERIAS OLIMPICAS
2026-03-07 05:01:00,957 - INFO - Fila 1: Modal de formato abierto, esperando selección...
2026-03-07 05:01:01,995 - INFO - Fila 1: Formato XLSX seleccionado
2026-03-07 05:01:03,010 - INFO - Fila 1: Botón Descargar encontrado
2026-03-07 05:01:03,531 - INFO - Fila 1: Descargando archivo...
2026-03-07 05:01:06,397 - INFO - Fila 1: [OK] Descargado exitosamente: INVENTARIO_PAGE1_FILA1_20260307_050106.xlsx
2026-03-07 05:01:07,412 - INFO - No hay página siguiente. Fin de paginación.
2026-03-07 05:01:07,412 - INFO - ======================================================================
2026-03-07 05:01:07,413 - INFO - [OK] Proceso completado
2026-03-07 05:01:07,413 - INFO - [REPORT] Total de descargas: 1 archivo(s)
2026-03-07 05:01:07,413 - INFO - 📁 Ubicación: D:\TAREAS\CARVAJAL\descargas_reportes
2026-03-07 05:01:07,413 - INFO - [LOG] Logs guardados en: logs_reportes\reporte_descargas_20260307_050002.log
2026-03-07 05:01:07,413 - INFO - ======================================================================
2026-03-07 05:01:07,413 - INFO - ✅ Descarga de reportes de INVENTARIO completada exitosamente
2026-03-07 05:01:07,730 - INFO - 
[OK] Navegador cerrado. Proceso finalizado correctamente
2026-03-07 05:01:07,730 - INFO - [LOG] Archivo de log: logs_reportes\reporte_descargas_20260307_050002.log
2026-03-07 05:01:07,730 - INFO - ======================================================================
