2026-03-06 22:00:02,752 - INFO - ======================================================================
2026-03-06 22:00:02,752 - INFO - INICIO DE SESIÓN - 06/03/2026 22:00:02
2026-03-06 22:00:02,752 - INFO - ======================================================================
2026-03-06 22:00:03,291 - INFO - Iniciando Playwright...
2026-03-06 22:00:03,464 - INFO - Navegador (Chromium) lanzado en modo visible
2026-03-06 22:00:03,827 - INFO - Navegando a: https://cencarvajal.com/#/portal/login
2026-03-06 22:00:09,583 - INFO - [Intento 1/3] Intentando login…
2026-03-06 22:00:12,086 - INFO - [Intento 1] Formulario de login enviado
2026-03-06 22:00:22,090 - WARNING - [Intento 1] No apareció 'Tus servicios' después de intentar login (posible modal)
2026-03-06 22:00:22,104 - INFO - [Intento 1] Se hizo clic en botón 'Continuar' del modal
2026-03-06 22:00:29,106 - WARNING - [Intento 1] Aún no aparece 'Tus servicios' tras aceptar modal
2026-03-06 22:00:29,106 - INFO - [Intento 1] Navegando de nuevo a login y reintentando...
2026-03-06 22:00:29,115 - INFO - [Intento 1] Página de login cargada nuevamente
2026-03-06 22:00:29,115 - INFO - [Intento 2/3] Intentando login…
2026-03-06 22:00:29,172 - INFO - [Intento 2] Formulario de login enviado
2026-03-06 22:00:31,526 - INFO - [Intento 2] [OK] Login exitoso - texto 'Tus servicios' encontrado
2026-03-06 22:00:31,526 - INFO - [Intento 2] Esperando que la página se cargue completamente...
2026-03-06 22:00:33,527 - INFO - [Intento 2] Página estabilizada, listo para descargar
2026-03-06 22:00:33,527 - INFO - ======================================================================
2026-03-06 22:00:33,527 - INFO - [*] Iniciando descarga de Reportes VENTAS
2026-03-06 22:00:33,527 - INFO - ======================================================================
2026-03-06 22:00:33,527 - INFO - Navegando a: https://cencarvajal.com/receivingadvicenewportal/#/home/consult-service?service=SLSRPT
2026-03-06 22:00:33,553 - INFO - Esperando que Angular cargue...
2026-03-06 22:00:38,346 - INFO - ✓ Formulario de filtros cargado
2026-03-06 22:00:40,347 - INFO - Configurando filtro de fechas: 05/03/2026 a 06/03/2026
2026-03-06 22:00:40,377 - INFO - Campo 'Fecha inicio' rellenado: 05/03/2026
2026-03-06 22:00:40,931 - INFO - Campo 'Fecha fin' rellenado: 06/03/2026
2026-03-06 22:00:42,451 - INFO - Calendarios cerrados, filtros de fecha configurados
2026-03-06 22:00:42,451 - INFO - 🔍 Presionando botón 'Buscar' para obtener el listado...
2026-03-06 22:00:42,481 - INFO - ✓ Búsqueda completada y tabla cargada
2026-03-06 22:00:44,488 - INFO - ✓ Se encontraron 2 registro(s)
2026-03-06 22:00:44,488 - INFO - 📄 Procesando página 1...
2026-03-06 22:00:44,493 - INFO -   -> 2 fila(s) en esta página
2026-03-06 22:00:44,517 - INFO - Fila 1: Iniciando descarga - Dismel Ltda | SUPERTIENDAS Y DROGUERIAS OLIMPICAS
2026-03-06 22:00:44,552 - INFO - Fila 1: Modal de formato abierto, esperando selección...
2026-03-06 22:00:45,587 - INFO - Fila 1: Formato XLSX seleccionado
2026-03-06 22:00:46,602 - INFO - Fila 1: Botón Descargar encontrado
2026-03-06 22:00:47,123 - INFO - Fila 1: Descargando archivo...
2026-03-06 22:00:53,432 - INFO - Fila 1: [OK] Descargado exitosamente: VENTAS_PAGE1_FILA1_20260306_220053.xlsx
2026-03-06 22:00:54,459 - INFO - Fila 2: Iniciando descarga - Dismel Ltda | SUPERTIENDAS Y DROGUERIAS OLIMPICAS
2026-03-06 22:00:54,499 - INFO - Fila 2: Modal de formato abierto, esperando selección...
2026-03-06 22:00:55,536 - INFO - Fila 2: Formato XLSX seleccionado
2026-03-06 22:00:56,551 - INFO - Fila 2: Botón Descargar encontrado
2026-03-06 22:00:57,072 - INFO - Fila 2: Descargando archivo...
2026-03-06 22:00:59,692 - INFO - Fila 2: [OK] Descargado exitosamente: VENTAS_PAGE1_FILA2_20260306_220059.xlsx
2026-03-06 22:01:00,708 - INFO - No hay página siguiente. Fin de paginación.
2026-03-06 22:01:00,708 - INFO - ======================================================================
2026-03-06 22:01:00,709 - INFO - [OK] Proceso completado
2026-03-06 22:01:00,709 - INFO - [REPORT] Total de descargas: 2 archivo(s)
2026-03-06 22:01:00,709 - INFO - 📁 Ubicación: D:\TAREAS\CARVAJAL\descargas_reportes
2026-03-06 22:01:00,709 - INFO - [LOG] Logs guardados en: logs_reportes\reporte_descargas_20260306_220002.log
2026-03-06 22:01:00,709 - INFO - ======================================================================
2026-03-06 22:01:00,709 - INFO - ✅ Descarga de reportes de VENTAS completada exitosamente
2026-03-06 22:01:00,709 - INFO - ======================================================================
2026-03-06 22:01:00,709 - INFO - [*] Iniciando descarga de Reportes INVENTARIO
2026-03-06 22:01:00,710 - INFO - ======================================================================
2026-03-06 22:01:00,710 - INFO - Navegando a: https://cencarvajal.com/receivingadvicenewportal/#/home/consult-service?service=INVRPT
2026-03-06 22:01:00,712 - INFO - Esperando que Angular cargue...
2026-03-06 22:01:04,070 - INFO - ✓ Formulario de filtros cargado
2026-03-06 22:01:06,071 - INFO - Configurando filtro de fechas: 05/03/2026 a 06/03/2026
2026-03-06 22:01:06,089 - INFO - Campo 'Fecha inicio' rellenado: 05/03/2026
2026-03-06 22:01:06,620 - INFO - Campo 'Fecha fin' rellenado: 06/03/2026
2026-03-06 22:01:08,142 - INFO - Calendarios cerrados, filtros de fecha configurados
2026-03-06 22:01:08,142 - INFO - 🔍 Presionando botón 'Buscar' para obtener el listado...
2026-03-06 22:01:08,194 - INFO - ✓ Búsqueda completada y tabla cargada
2026-03-06 22:01:10,199 - INFO - ✓ Se encontraron 2 registro(s)
2026-03-06 22:01:10,199 - INFO - 📄 Procesando página 1...
2026-03-06 22:01:10,204 - INFO -   -> 2 fila(s) en esta página
2026-03-06 22:01:10,228 - INFO - Fila 1: Iniciando descarga - Dismel Ltda | SUPERTIENDAS Y DROGUERIAS OLIMPICAS
2026-03-06 22:01:10,265 - INFO - Fila 1: Modal de formato abierto, esperando selección...
2026-03-06 22:01:11,302 - INFO - Fila 1: Formato XLSX seleccionado
2026-03-06 22:01:12,317 - INFO - Fila 1: Botón Descargar encontrado
2026-03-06 22:01:12,839 - INFO - Fila 1: Descargando archivo...
2026-03-06 22:01:15,578 - INFO - Fila 1: [OK] Descargado exitosamente: INVENTARIO_PAGE1_FILA1_20260306_220115.xlsx
2026-03-06 22:01:16,617 - INFO - Fila 2: Iniciando descarga - Dismel Ltda | SUPERTIENDAS Y DROGUERIAS OLIMPICAS
2026-03-06 22:01:16,647 - INFO - Fila 2: Modal de formato abierto, esperando selección...
2026-03-06 22:01:17,686 - INFO - Fila 2: Formato XLSX seleccionado
2026-03-06 22:01:18,701 - INFO - Fila 2: Botón Descargar encontrado
2026-03-06 22:01:19,220 - INFO - Fila 2: Descargando archivo...
2026-03-06 22:01:22,178 - INFO - Fila 2: [OK] Descargado exitosamente: INVENTARIO_PAGE1_FILA2_20260306_220122.xlsx
2026-03-06 22:01:23,195 - INFO - No hay página siguiente. Fin de paginación.
2026-03-06 22:01:23,195 - INFO - ======================================================================
2026-03-06 22:01:23,195 - INFO - [OK] Proceso completado
2026-03-06 22:01:23,195 - INFO - [REPORT] Total de descargas: 2 archivo(s)
2026-03-06 22:01:23,195 - INFO - 📁 Ubicación: D:\TAREAS\CARVAJAL\descargas_reportes
2026-03-06 22:01:23,195 - INFO - [LOG] Logs guardados en: logs_reportes\reporte_descargas_20260306_220002.log
2026-03-06 22:01:23,195 - INFO - ======================================================================
2026-03-06 22:01:23,196 - INFO - ✅ Descarga de reportes de INVENTARIO completada exitosamente
2026-03-06 22:01:23,405 - INFO - 
[OK] Navegador cerrado. Proceso finalizado correctamente
2026-03-06 22:01:23,405 - INFO - [LOG] Archivo de log: logs_reportes\reporte_descargas_20260306_220002.log
2026-03-06 22:01:23,406 - INFO - ======================================================================
