2026-03-09 05:00:02,016 - INFO - ======================================================================
2026-03-09 05:00:02,016 - INFO - INICIO DE SESIÓN - 09/03/2026 05:00:02
2026-03-09 05:00:02,016 - INFO - ======================================================================
2026-03-09 05:00:02,556 - INFO - Iniciando Playwright...
2026-03-09 05:00:02,733 - INFO - Navegador (Chromium) lanzado en modo visible
2026-03-09 05:00:03,103 - INFO - Navegando a: https://cencarvajal.com/#/portal/login
2026-03-09 05:00:08,684 - INFO - [Intento 1/3] Intentando login…
2026-03-09 05:00:10,658 - INFO - [Intento 1] Formulario de login enviado
2026-03-09 05:00:20,661 - WARNING - [Intento 1] No apareció 'Tus servicios' después de intentar login (posible modal)
2026-03-09 05:00:20,683 - INFO - [Intento 1] Se hizo clic en botón 'Continuar' del modal
2026-03-09 05:00:27,685 - WARNING - [Intento 1] Aún no aparece 'Tus servicios' tras aceptar modal
2026-03-09 05:00:27,685 - INFO - [Intento 1] Navegando de nuevo a login y reintentando...
2026-03-09 05:00:27,696 - INFO - [Intento 1] Página de login cargada nuevamente
2026-03-09 05:00:27,696 - INFO - [Intento 2/3] Intentando login…
2026-03-09 05:00:27,751 - INFO - [Intento 2] Formulario de login enviado
2026-03-09 05:00:30,111 - INFO - [Intento 2] [OK] Login exitoso - texto 'Tus servicios' encontrado
2026-03-09 05:00:30,111 - INFO - [Intento 2] Esperando que la página se cargue completamente...
2026-03-09 05:00:32,112 - INFO - [Intento 2] Página estabilizada, listo para descargar
2026-03-09 05:00:32,112 - INFO - ======================================================================
2026-03-09 05:00:32,112 - INFO - [*] Iniciando descarga de Reportes VENTAS
2026-03-09 05:00:32,112 - INFO - ======================================================================
2026-03-09 05:00:32,112 - INFO - Navegando a: https://cencarvajal.com/receivingadvicenewportal/#/home/consult-service?service=SLSRPT
2026-03-09 05:00:32,140 - INFO - Esperando que Angular cargue...
2026-03-09 05:00:36,130 - INFO - ✓ Formulario de filtros cargado
2026-03-09 05:00:38,131 - INFO - Configurando filtro de fechas: 08/03/2026 a 09/03/2026
2026-03-09 05:00:38,161 - INFO - Campo 'Fecha inicio' rellenado: 08/03/2026
2026-03-09 05:00:38,721 - INFO - Campo 'Fecha fin' rellenado: 09/03/2026
2026-03-09 05:00:40,232 - INFO - Calendarios cerrados, filtros de fecha configurados
2026-03-09 05:00:40,232 - INFO - 🔍 Presionando botón 'Buscar' para obtener el listado...
2026-03-09 05:00:40,279 - INFO - ✓ Búsqueda completada y tabla cargada
2026-03-09 05:00:42,285 - INFO - ✓ Se encontraron 1 registro(s)
2026-03-09 05:00:42,285 - INFO - 📄 Procesando página 1...
2026-03-09 05:00:42,288 - INFO -   -> 1 fila(s) en esta página
2026-03-09 05:00:42,314 - INFO - Fila 1: Iniciando descarga - Dismel Ltda | SUPERTIENDAS Y DROGUERIAS OLIMPICAS
2026-03-09 05:00:42,348 - INFO - Fila 1: Modal de formato abierto, esperando selección...
2026-03-09 05:00:43,384 - INFO - Fila 1: Formato XLSX seleccionado
2026-03-09 05:00:44,399 - INFO - Fila 1: Botón Descargar encontrado
2026-03-09 05:00:44,919 - INFO - Fila 1: Descargando archivo...
2026-03-09 05:00:50,848 - INFO - Fila 1: [OK] Descargado exitosamente: VENTAS_PAGE1_FILA1_20260309_050050.xlsx
2026-03-09 05:00:51,863 - INFO - No hay página siguiente. Fin de paginación.
2026-03-09 05:00:51,863 - INFO - ======================================================================
2026-03-09 05:00:51,864 - INFO - [OK] Proceso completado
2026-03-09 05:00:51,864 - INFO - [REPORT] Total de descargas: 1 archivo(s)
2026-03-09 05:00:51,864 - INFO - 📁 Ubicación: D:\TAREAS\CARVAJAL\descargas_reportes
2026-03-09 05:00:51,864 - INFO - [LOG] Logs guardados en: logs_reportes\reporte_descargas_20260309_050002.log
2026-03-09 05:00:51,864 - INFO - ======================================================================
2026-03-09 05:00:51,864 - INFO - ✅ Descarga de reportes de VENTAS completada exitosamente
2026-03-09 05:00:51,864 - INFO - ======================================================================
2026-03-09 05:00:51,864 - INFO - [*] Iniciando descarga de Reportes INVENTARIO
2026-03-09 05:00:51,865 - INFO - ======================================================================
2026-03-09 05:00:51,865 - INFO - Navegando a: https://cencarvajal.com/receivingadvicenewportal/#/home/consult-service?service=INVRPT
2026-03-09 05:00:51,867 - INFO - Esperando que Angular cargue...
2026-03-09 05:00:55,188 - INFO - ✓ Formulario de filtros cargado
2026-03-09 05:00:57,189 - INFO - Configurando filtro de fechas: 08/03/2026 a 09/03/2026
2026-03-09 05:00:57,208 - INFO - Campo 'Fecha inicio' rellenado: 08/03/2026
2026-03-09 05:00:57,739 - INFO - Campo 'Fecha fin' rellenado: 09/03/2026
2026-03-09 05:00:59,250 - INFO - Calendarios cerrados, filtros de fecha configurados
2026-03-09 05:00:59,250 - INFO - 🔍 Presionando botón 'Buscar' para obtener el listado...
2026-03-09 05:00:59,293 - INFO - ✓ Búsqueda completada y tabla cargada
2026-03-09 05:01:01,298 - INFO - ✓ Se encontraron 1 registro(s)
2026-03-09 05:01:01,298 - INFO - 📄 Procesando página 1...
2026-03-09 05:01:01,303 - INFO -   -> 1 fila(s) en esta página
2026-03-09 05:01:01,326 - INFO - Fila 1: Iniciando descarga - Dismel Ltda | SUPERTIENDAS Y DROGUERIAS OLIMPICAS
2026-03-09 05:01:01,363 - INFO - Fila 1: Modal de formato abierto, esperando selección...
2026-03-09 05:01:02,400 - INFO - Fila 1: Formato XLSX seleccionado
2026-03-09 05:01:03,415 - INFO - Fila 1: Botón Descargar encontrado
2026-03-09 05:01:03,935 - INFO - Fila 1: Descargando archivo...
2026-03-09 05:01:07,010 - INFO - Fila 1: [OK] Descargado exitosamente: INVENTARIO_PAGE1_FILA1_20260309_050106.xlsx
2026-03-09 05:01:08,045 - INFO - No hay página siguiente. Fin de paginación.
2026-03-09 05:01:08,045 - INFO - ======================================================================
2026-03-09 05:01:08,046 - INFO - [OK] Proceso completado
2026-03-09 05:01:08,046 - INFO - [REPORT] Total de descargas: 1 archivo(s)
2026-03-09 05:01:08,046 - INFO - 📁 Ubicación: D:\TAREAS\CARVAJAL\descargas_reportes
2026-03-09 05:01:08,046 - INFO - [LOG] Logs guardados en: logs_reportes\reporte_descargas_20260309_050002.log
2026-03-09 05:01:08,046 - INFO - ======================================================================
2026-03-09 05:01:08,046 - INFO - ✅ Descarga de reportes de INVENTARIO completada exitosamente
2026-03-09 05:01:08,190 - INFO - 
[OK] Navegador cerrado. Proceso finalizado correctamente
2026-03-09 05:01:08,191 - INFO - [LOG] Archivo de log: logs_reportes\reporte_descargas_20260309_050002.log
2026-03-09 05:01:08,191 - INFO - ======================================================================
