2026-03-07 12:00:02,008 - INFO - ======================================================================
2026-03-07 12:00:02,008 - INFO - INICIO DE SESIÓN - 07/03/2026 12:00:02
2026-03-07 12:00:02,009 - INFO - ======================================================================
2026-03-07 12:00:02,542 - INFO - Iniciando Playwright...
2026-03-07 12:00:02,720 - INFO - Navegador (Chromium) lanzado en modo visible
2026-03-07 12:00:03,091 - INFO - Navegando a: https://cencarvajal.com/#/portal/login
2026-03-07 12:00:08,018 - INFO - [Intento 1/3] Intentando login…
2026-03-07 12:00:10,895 - INFO - [Intento 1] Formulario de login enviado
2026-03-07 12:00:20,898 - WARNING - [Intento 1] No apareció 'Tus servicios' después de intentar login (posible modal)
2026-03-07 12:00:20,921 - INFO - [Intento 1] Se hizo clic en botón 'Continuar' del modal
2026-03-07 12:00:27,924 - WARNING - [Intento 1] Aún no aparece 'Tus servicios' tras aceptar modal
2026-03-07 12:00:27,924 - INFO - [Intento 1] Navegando de nuevo a login y reintentando...
2026-03-07 12:00:27,934 - INFO - [Intento 1] Página de login cargada nuevamente
2026-03-07 12:00:27,934 - INFO - [Intento 2/3] Intentando login…
2026-03-07 12:00:27,989 - INFO - [Intento 2] Formulario de login enviado
2026-03-07 12:00:30,285 - INFO - [Intento 2] [OK] Login exitoso - texto 'Tus servicios' encontrado
2026-03-07 12:00:30,285 - INFO - [Intento 2] Esperando que la página se cargue completamente...
2026-03-07 12:00:32,286 - INFO - [Intento 2] Página estabilizada, listo para descargar
2026-03-07 12:00:32,286 - INFO - ======================================================================
2026-03-07 12:00:32,286 - INFO - [*] Iniciando descarga de Reportes VENTAS
2026-03-07 12:00:32,286 - INFO - ======================================================================
2026-03-07 12:00:32,286 - INFO - Navegando a: https://cencarvajal.com/receivingadvicenewportal/#/home/consult-service?service=SLSRPT
2026-03-07 12:00:32,312 - INFO - Esperando que Angular cargue...
2026-03-07 12:00:35,834 - INFO - ✓ Formulario de filtros cargado
2026-03-07 12:00:37,835 - INFO - Configurando filtro de fechas: 06/03/2026 a 07/03/2026
2026-03-07 12:00:37,864 - INFO - Campo 'Fecha inicio' rellenado: 06/03/2026
2026-03-07 12:00:38,398 - INFO - Campo 'Fecha fin' rellenado: 07/03/2026
2026-03-07 12:00:39,907 - INFO - Calendarios cerrados, filtros de fecha configurados
2026-03-07 12:00:39,907 - INFO - 🔍 Presionando botón 'Buscar' para obtener el listado...
2026-03-07 12:00:39,948 - INFO - ✓ Búsqueda completada y tabla cargada
2026-03-07 12:00:41,954 - INFO - ✓ Se encontraron 1 registro(s)
2026-03-07 12:00:41,954 - INFO - 📄 Procesando página 1...
2026-03-07 12:00:41,958 - INFO -   -> 1 fila(s) en esta página
2026-03-07 12:00:41,983 - INFO - Fila 1: Iniciando descarga - Dismel Ltda | SUPERTIENDAS Y DROGUERIAS OLIMPICAS
2026-03-07 12:00:42,017 - INFO - Fila 1: Modal de formato abierto, esperando selección...
2026-03-07 12:00:43,054 - INFO - Fila 1: Formato XLSX seleccionado
2026-03-07 12:00:44,069 - INFO - Fila 1: Botón Descargar encontrado
2026-03-07 12:00:44,589 - INFO - Fila 1: Descargando archivo...
2026-03-07 12:00:50,240 - INFO - Fila 1: [OK] Descargado exitosamente: VENTAS_PAGE1_FILA1_20260307_120050.xlsx
2026-03-07 12:00:51,255 - INFO - No hay página siguiente. Fin de paginación.
2026-03-07 12:00:51,255 - INFO - ======================================================================
2026-03-07 12:00:51,256 - INFO - [OK] Proceso completado
2026-03-07 12:00:51,256 - INFO - [REPORT] Total de descargas: 1 archivo(s)
2026-03-07 12:00:51,256 - INFO - 📁 Ubicación: D:\TAREAS\CARVAJAL\descargas_reportes
2026-03-07 12:00:51,256 - INFO - [LOG] Logs guardados en: logs_reportes\reporte_descargas_20260307_120002.log
2026-03-07 12:00:51,256 - INFO - ======================================================================
2026-03-07 12:00:51,256 - INFO - ✅ Descarga de reportes de VENTAS completada exitosamente
2026-03-07 12:00:51,256 - INFO - ======================================================================
2026-03-07 12:00:51,256 - INFO - [*] Iniciando descarga de Reportes INVENTARIO
2026-03-07 12:00:51,256 - INFO - ======================================================================
2026-03-07 12:00:51,256 - INFO - Navegando a: https://cencarvajal.com/receivingadvicenewportal/#/home/consult-service?service=INVRPT
2026-03-07 12:00:51,259 - INFO - Esperando que Angular cargue...
2026-03-07 12:00:54,578 - INFO - ✓ Formulario de filtros cargado
2026-03-07 12:00:56,579 - INFO - Configurando filtro de fechas: 06/03/2026 a 07/03/2026
2026-03-07 12:00:56,598 - INFO - Campo 'Fecha inicio' rellenado: 06/03/2026
2026-03-07 12:00:57,128 - INFO - Campo 'Fecha fin' rellenado: 07/03/2026
2026-03-07 12:00:58,637 - INFO - Calendarios cerrados, filtros de fecha configurados
2026-03-07 12:00:58,637 - INFO - 🔍 Presionando botón 'Buscar' para obtener el listado...
2026-03-07 12:00:58,677 - INFO - ✓ Búsqueda completada y tabla cargada
2026-03-07 12:01:00,682 - INFO - ✓ Se encontraron 1 registro(s)
2026-03-07 12:01:00,682 - INFO - 📄 Procesando página 1...
2026-03-07 12:01:00,686 - INFO -   -> 1 fila(s) en esta página
2026-03-07 12:01:00,709 - INFO - Fila 1: Iniciando descarga - Dismel Ltda | SUPERTIENDAS Y DROGUERIAS OLIMPICAS
2026-03-07 12:01:00,749 - INFO - Fila 1: Modal de formato abierto, esperando selección...
2026-03-07 12:01:01,787 - INFO - Fila 1: Formato XLSX seleccionado
2026-03-07 12:01:02,802 - INFO - Fila 1: Botón Descargar encontrado
2026-03-07 12:01:03,322 - INFO - Fila 1: Descargando archivo...
2026-03-07 12:01:06,074 - INFO - Fila 1: [OK] Descargado exitosamente: INVENTARIO_PAGE1_FILA1_20260307_120106.xlsx
2026-03-07 12:01:07,089 - INFO - No hay página siguiente. Fin de paginación.
2026-03-07 12:01:07,090 - INFO - ======================================================================
2026-03-07 12:01:07,090 - INFO - [OK] Proceso completado
2026-03-07 12:01:07,090 - INFO - [REPORT] Total de descargas: 1 archivo(s)
2026-03-07 12:01:07,090 - INFO - 📁 Ubicación: D:\TAREAS\CARVAJAL\descargas_reportes
2026-03-07 12:01:07,090 - INFO - [LOG] Logs guardados en: logs_reportes\reporte_descargas_20260307_120002.log
2026-03-07 12:01:07,090 - INFO - ======================================================================
2026-03-07 12:01:07,090 - INFO - ✅ Descarga de reportes de INVENTARIO completada exitosamente
2026-03-07 12:01:07,231 - INFO - 
[OK] Navegador cerrado. Proceso finalizado correctamente
2026-03-07 12:01:07,232 - INFO - [LOG] Archivo de log: logs_reportes\reporte_descargas_20260307_120002.log
2026-03-07 12:01:07,232 - INFO - ======================================================================
