2026-03-06 16:44:35,193 - INFO - ======================================================================
2026-03-06 16:44:35,193 - INFO - INICIO DE SESIÓN - 06/03/2026 16:44:35
2026-03-06 16:44:35,194 - INFO - ======================================================================
2026-03-06 16:44:35,730 - INFO - Iniciando Playwright...
2026-03-06 16:44:35,934 - INFO - Navegador (Chromium) lanzado en modo visible
2026-03-06 16:44:36,289 - INFO - Navegando a: https://cencarvajal.com/#/portal/login
2026-03-06 16:44:41,247 - INFO - [Intento 1/3] Intentando login…
2026-03-06 16:44:43,298 - INFO - [Intento 1] Formulario de login enviado
2026-03-06 16:44:53,301 - WARNING - [Intento 1] No apareció 'Tus servicios' después de intentar login (posible modal)
2026-03-06 16:44:53,518 - INFO - [Intento 1] Se hizo clic en botón 'Continuar' del modal
2026-03-06 16:45:00,521 - WARNING - [Intento 1] Aún no aparece 'Tus servicios' tras aceptar modal
2026-03-06 16:45:00,521 - INFO - [Intento 1] Navegando de nuevo a login y reintentando...
2026-03-06 16:45:00,712 - INFO - [Intento 1] Página de login cargada nuevamente
2026-03-06 16:45:00,712 - INFO - [Intento 2/3] Intentando login…
2026-03-06 16:45:00,790 - INFO - [Intento 2] Formulario de login enviado
2026-03-06 16:45:03,760 - INFO - [Intento 2] [OK] Login exitoso - texto 'Tus servicios' encontrado
2026-03-06 16:45:03,760 - INFO - [Intento 2] Esperando que la página se cargue completamente...
2026-03-06 16:45:05,761 - INFO - [Intento 2] Página estabilizada, listo para descargar
2026-03-06 16:45:05,761 - INFO - ======================================================================
2026-03-06 16:45:05,761 - INFO - [*] Iniciando descarga de Reportes VENTAS
2026-03-06 16:45:05,761 - INFO - ======================================================================
2026-03-06 16:45:05,761 - INFO - Navegando a: https://cencarvajal.com/receivingadvicenewportal/#/home/consult-service?service=SLSRPT
2026-03-06 16:45:05,975 - INFO - Esperando que Angular cargue...
2026-03-06 16:45:09,864 - INFO - ✓ Formulario de filtros cargado
2026-03-06 16:45:11,864 - INFO - Configurando filtro de fechas: 05/03/2026 a 06/03/2026
2026-03-06 16:45:12,060 - INFO - Campo 'Fecha inicio' rellenado: 05/03/2026
2026-03-06 16:45:12,965 - INFO - Campo 'Fecha fin' rellenado: 06/03/2026
2026-03-06 16:45:14,506 - INFO - Calendarios cerrados, filtros de fecha configurados
2026-03-06 16:45:14,506 - INFO - 🔍 Presionando botón 'Buscar' para obtener el listado...
2026-03-06 16:45:14,588 - INFO - ✓ Búsqueda completada y tabla cargada
2026-03-06 16:45:16,618 - INFO - ✓ Se encontraron 2 registro(s)
2026-03-06 16:45:16,618 - INFO - 📄 Procesando página 1...
2026-03-06 16:45:16,623 - INFO -   -> 2 fila(s) en esta página
2026-03-06 16:45:16,649 - INFO - Fila 1: Iniciando descarga - Dismel Ltda | SUPERTIENDAS Y DROGUERIAS OLIMPICAS
2026-03-06 16:45:16,823 - INFO - Fila 1: Modal de formato abierto, esperando selección...
2026-03-06 16:45:17,914 - INFO - Fila 1: Formato XLSX seleccionado
2026-03-06 16:45:18,929 - INFO - Fila 1: Botón Descargar encontrado
2026-03-06 16:45:19,474 - INFO - Fila 1: Descargando archivo...
2026-03-06 16:45:26,047 - INFO - Fila 1: [OK] Descargado exitosamente: VENTAS_PAGE1_FILA1_20260306_164525.xlsx
2026-03-06 16:45:27,072 - INFO - Fila 2: Iniciando descarga - Dismel Ltda | SUPERTIENDAS Y DROGUERIAS OLIMPICAS
2026-03-06 16:45:27,107 - INFO - Fila 2: Modal de formato abierto, esperando selección...
2026-03-06 16:45:28,144 - INFO - Fila 2: Formato XLSX seleccionado
2026-03-06 16:45:29,159 - INFO - Fila 2: Botón Descargar encontrado
2026-03-06 16:45:29,679 - INFO - Fila 2: Descargando archivo...
2026-03-06 16:45:32,337 - INFO - Fila 2: [OK] Descargado exitosamente: VENTAS_PAGE1_FILA2_20260306_164532.xlsx
2026-03-06 16:45:33,354 - INFO - No hay página siguiente. Fin de paginación.
2026-03-06 16:45:33,354 - INFO - ======================================================================
2026-03-06 16:45:33,355 - INFO - [OK] Proceso completado
2026-03-06 16:45:33,355 - INFO - [REPORT] Total de descargas: 2 archivo(s)
2026-03-06 16:45:33,355 - INFO - 📁 Ubicación: D:\TAREAS\CARVAJAL\descargas_reportes
2026-03-06 16:45:33,355 - INFO - [LOG] Logs guardados en: logs_reportes\reporte_descargas_20260306_164435.log
2026-03-06 16:45:33,356 - INFO - ======================================================================
2026-03-06 16:45:33,356 - INFO - ✅ Descarga de reportes de VENTAS completada exitosamente
2026-03-06 16:45:33,356 - INFO - ======================================================================
2026-03-06 16:45:33,357 - INFO - [*] Iniciando descarga de Reportes INVENTARIO
2026-03-06 16:45:33,357 - INFO - ======================================================================
2026-03-06 16:45:33,357 - INFO - Navegando a: https://cencarvajal.com/receivingadvicenewportal/#/home/consult-service?service=INVRPT
2026-03-06 16:45:33,379 - INFO - Esperando que Angular cargue...
2026-03-06 16:45:36,818 - INFO - ✓ Formulario de filtros cargado
2026-03-06 16:45:38,819 - INFO - Configurando filtro de fechas: 05/03/2026 a 06/03/2026
2026-03-06 16:45:38,847 - INFO - Campo 'Fecha inicio' rellenado: 05/03/2026
2026-03-06 16:45:39,379 - INFO - Campo 'Fecha fin' rellenado: 06/03/2026
2026-03-06 16:45:40,889 - INFO - Calendarios cerrados, filtros de fecha configurados
2026-03-06 16:45:40,889 - INFO - 🔍 Presionando botón 'Buscar' para obtener el listado...
2026-03-06 16:45:40,920 - INFO - ✓ Búsqueda completada y tabla cargada
2026-03-06 16:45:42,925 - INFO - ✓ Se encontraron 2 registro(s)
2026-03-06 16:45:42,926 - INFO - 📄 Procesando página 1...
2026-03-06 16:45:42,931 - INFO -   -> 2 fila(s) en esta página
2026-03-06 16:45:42,955 - INFO - Fila 1: Iniciando descarga - Dismel Ltda | SUPERTIENDAS Y DROGUERIAS OLIMPICAS
2026-03-06 16:45:43,002 - INFO - Fila 1: Modal de formato abierto, esperando selección...
2026-03-06 16:45:44,044 - INFO - Fila 1: Formato XLSX seleccionado
2026-03-06 16:45:45,058 - INFO - Fila 1: Botón Descargar encontrado
2026-03-06 16:45:45,579 - INFO - Fila 1: Descargando archivo...
2026-03-06 16:45:48,282 - INFO - Fila 1: [OK] Descargado exitosamente: INVENTARIO_PAGE1_FILA1_20260306_164548.xlsx
2026-03-06 16:45:49,322 - INFO - Fila 2: Iniciando descarga - Dismel Ltda | SUPERTIENDAS Y DROGUERIAS OLIMPICAS
2026-03-06 16:45:49,354 - INFO - Fila 2: Modal de formato abierto, esperando selección...
2026-03-06 16:45:50,393 - INFO - Fila 2: Formato XLSX seleccionado
2026-03-06 16:45:51,408 - INFO - Fila 2: Botón Descargar encontrado
2026-03-06 16:45:51,928 - INFO - Fila 2: Descargando archivo...
2026-03-06 16:45:54,509 - INFO - Fila 2: [OK] Descargado exitosamente: INVENTARIO_PAGE1_FILA2_20260306_164554.xlsx
2026-03-06 16:45:55,538 - INFO - No hay página siguiente. Fin de paginación.
2026-03-06 16:45:55,539 - INFO - ======================================================================
2026-03-06 16:45:55,539 - INFO - [OK] Proceso completado
2026-03-06 16:45:55,540 - INFO - [REPORT] Total de descargas: 2 archivo(s)
2026-03-06 16:45:55,540 - INFO - 📁 Ubicación: D:\TAREAS\CARVAJAL\descargas_reportes
2026-03-06 16:45:55,541 - INFO - [LOG] Logs guardados en: logs_reportes\reporte_descargas_20260306_164435.log
2026-03-06 16:45:55,541 - INFO - ======================================================================
2026-03-06 16:45:55,541 - INFO - ✅ Descarga de reportes de INVENTARIO completada exitosamente
2026-03-06 16:45:57,334 - INFO - 
[OK] Navegador cerrado. Proceso finalizado correctamente
2026-03-06 16:45:57,334 - INFO - [LOG] Archivo de log: logs_reportes\reporte_descargas_20260306_164435.log
2026-03-06 16:45:57,335 - INFO - ======================================================================
