2026-03-08 04:00:02,011 - INFO - ======================================================================
2026-03-08 04:00:02,012 - INFO - INICIO DE SESIÓN - 08/03/2026 04:00:02
2026-03-08 04:00:02,012 - INFO - ======================================================================
2026-03-08 04:00:02,549 - INFO - Iniciando Playwright...
2026-03-08 04:00:02,727 - INFO - Navegador (Chromium) lanzado en modo visible
2026-03-08 04:00:03,097 - INFO - Navegando a: https://cencarvajal.com/#/portal/login
2026-03-08 04:00:08,850 - INFO - [Intento 1/3] Intentando login…
2026-03-08 04:00:10,774 - INFO - [Intento 1] Formulario de login enviado
2026-03-08 04:00:20,776 - WARNING - [Intento 1] No apareció 'Tus servicios' después de intentar login (posible modal)
2026-03-08 04:00:20,800 - INFO - [Intento 1] Se hizo clic en botón 'Continuar' del modal
2026-03-08 04:00:27,803 - WARNING - [Intento 1] Aún no aparece 'Tus servicios' tras aceptar modal
2026-03-08 04:00:27,803 - INFO - [Intento 1] Navegando de nuevo a login y reintentando...
2026-03-08 04:00:27,813 - INFO - [Intento 1] Página de login cargada nuevamente
2026-03-08 04:00:27,813 - INFO - [Intento 2/3] Intentando login…
2026-03-08 04:00:27,868 - INFO - [Intento 2] Formulario de login enviado
2026-03-08 04:00:30,197 - INFO - [Intento 2] [OK] Login exitoso - texto 'Tus servicios' encontrado
2026-03-08 04:00:30,197 - INFO - [Intento 2] Esperando que la página se cargue completamente...
2026-03-08 04:00:32,198 - INFO - [Intento 2] Página estabilizada, listo para descargar
2026-03-08 04:00:32,198 - INFO - ======================================================================
2026-03-08 04:00:32,198 - INFO - [*] Iniciando descarga de Reportes VENTAS
2026-03-08 04:00:32,198 - INFO - ======================================================================
2026-03-08 04:00:32,198 - INFO - Navegando a: https://cencarvajal.com/receivingadvicenewportal/#/home/consult-service?service=SLSRPT
2026-03-08 04:00:32,227 - INFO - Esperando que Angular cargue...
2026-03-08 04:00:37,199 - INFO - ✓ Formulario de filtros cargado
2026-03-08 04:00:39,200 - INFO - Configurando filtro de fechas: 07/03/2026 a 08/03/2026
2026-03-08 04:00:39,230 - INFO - Campo 'Fecha inicio' rellenado: 07/03/2026
2026-03-08 04:00:39,767 - INFO - Campo 'Fecha fin' rellenado: 08/03/2026
2026-03-08 04:00:41,276 - INFO - Calendarios cerrados, filtros de fecha configurados
2026-03-08 04:00:41,276 - INFO - 🔍 Presionando botón 'Buscar' para obtener el listado...
2026-03-08 04:00:41,310 - INFO - ✓ Búsqueda completada y tabla cargada
2026-03-08 04:00:43,316 - INFO - ✓ Se encontraron 2 registro(s)
2026-03-08 04:00:43,316 - INFO - 📄 Procesando página 1...
2026-03-08 04:00:43,321 - INFO -   -> 2 fila(s) en esta página
2026-03-08 04:00:43,346 - INFO - Fila 1: Iniciando descarga - Dismel Ltda | SUPERTIENDAS Y DROGUERIAS OLIMPICAS
2026-03-08 04:00:43,380 - INFO - Fila 1: Modal de formato abierto, esperando selección...
2026-03-08 04:00:44,417 - INFO - Fila 1: Formato XLSX seleccionado
2026-03-08 04:00:45,432 - INFO - Fila 1: Botón Descargar encontrado
2026-03-08 04:00:45,952 - INFO - Fila 1: Descargando archivo...
2026-03-08 04:00:51,937 - INFO - Fila 1: [OK] Descargado exitosamente: VENTAS_PAGE1_FILA1_20260308_040051.xlsx
2026-03-08 04:00:52,963 - INFO - Fila 2: Iniciando descarga - Dismel Ltda | SUPERTIENDAS Y DROGUERIAS OLIMPICAS
2026-03-08 04:00:52,996 - INFO - Fila 2: Modal de formato abierto, esperando selección...
2026-03-08 04:00:54,032 - INFO - Fila 2: Formato XLSX seleccionado
2026-03-08 04:00:55,046 - INFO - Fila 2: Botón Descargar encontrado
2026-03-08 04:00:55,568 - INFO - Fila 2: Descargando archivo...
2026-03-08 04:00:58,763 - INFO - Fila 2: [OK] Descargado exitosamente: VENTAS_PAGE1_FILA2_20260308_040058.xlsx
2026-03-08 04:00:59,779 - INFO - No hay página siguiente. Fin de paginación.
2026-03-08 04:00:59,780 - INFO - ======================================================================
2026-03-08 04:00:59,780 - INFO - [OK] Proceso completado
2026-03-08 04:00:59,780 - INFO - [REPORT] Total de descargas: 2 archivo(s)
2026-03-08 04:00:59,780 - INFO - 📁 Ubicación: D:\TAREAS\CARVAJAL\descargas_reportes
2026-03-08 04:00:59,780 - INFO - [LOG] Logs guardados en: logs_reportes\reporte_descargas_20260308_040002.log
2026-03-08 04:00:59,780 - INFO - ======================================================================
2026-03-08 04:00:59,781 - INFO - ✅ Descarga de reportes de VENTAS completada exitosamente
2026-03-08 04:00:59,781 - INFO - ======================================================================
2026-03-08 04:00:59,781 - INFO - [*] Iniciando descarga de Reportes INVENTARIO
2026-03-08 04:00:59,781 - INFO - ======================================================================
2026-03-08 04:00:59,781 - INFO - Navegando a: https://cencarvajal.com/receivingadvicenewportal/#/home/consult-service?service=INVRPT
2026-03-08 04:00:59,784 - INFO - Esperando que Angular cargue...
2026-03-08 04:01:03,106 - INFO - ✓ Formulario de filtros cargado
2026-03-08 04:01:05,107 - INFO - Configurando filtro de fechas: 07/03/2026 a 08/03/2026
2026-03-08 04:01:05,126 - INFO - Campo 'Fecha inicio' rellenado: 07/03/2026
2026-03-08 04:01:05,673 - INFO - Campo 'Fecha fin' rellenado: 08/03/2026
2026-03-08 04:01:07,183 - INFO - Calendarios cerrados, filtros de fecha configurados
2026-03-08 04:01:07,183 - INFO - 🔍 Presionando botón 'Buscar' para obtener el listado...
2026-03-08 04:01:07,257 - INFO - ✓ Búsqueda completada y tabla cargada
2026-03-08 04:01:09,261 - INFO - ✓ Se encontraron 2 registro(s)
2026-03-08 04:01:09,261 - INFO - 📄 Procesando página 1...
2026-03-08 04:01:09,267 - INFO -   -> 2 fila(s) en esta página
2026-03-08 04:01:09,290 - INFO - Fila 1: Iniciando descarga - Dismel Ltda | SUPERTIENDAS Y DROGUERIAS OLIMPICAS
2026-03-08 04:01:09,328 - INFO - Fila 1: Modal de formato abierto, esperando selección...
2026-03-08 04:01:10,365 - INFO - Fila 1: Formato XLSX seleccionado
2026-03-08 04:01:11,380 - INFO - Fila 1: Botón Descargar encontrado
2026-03-08 04:01:11,901 - INFO - Fila 1: Descargando archivo...
2026-03-08 04:01:14,622 - INFO - Fila 1: [OK] Descargado exitosamente: INVENTARIO_PAGE1_FILA1_20260308_040114.xlsx
2026-03-08 04:01:15,661 - INFO - Fila 2: Iniciando descarga - Dismel Ltda | SUPERTIENDAS Y DROGUERIAS OLIMPICAS
2026-03-08 04:01:15,693 - INFO - Fila 2: Modal de formato abierto, esperando selección...
2026-03-08 04:01:16,733 - INFO - Fila 2: Formato XLSX seleccionado
2026-03-08 04:01:17,747 - INFO - Fila 2: Botón Descargar encontrado
2026-03-08 04:01:18,268 - INFO - Fila 2: Descargando archivo...
2026-03-08 04:01:20,900 - INFO - Fila 2: [OK] Descargado exitosamente: INVENTARIO_PAGE1_FILA2_20260308_040120.xlsx
2026-03-08 04:01:21,917 - INFO - No hay página siguiente. Fin de paginación.
2026-03-08 04:01:21,917 - INFO - ======================================================================
2026-03-08 04:01:21,918 - INFO - [OK] Proceso completado
2026-03-08 04:01:21,918 - INFO - [REPORT] Total de descargas: 2 archivo(s)
2026-03-08 04:01:21,918 - INFO - 📁 Ubicación: D:\TAREAS\CARVAJAL\descargas_reportes
2026-03-08 04:01:21,918 - INFO - [LOG] Logs guardados en: logs_reportes\reporte_descargas_20260308_040002.log
2026-03-08 04:01:21,918 - INFO - ======================================================================
2026-03-08 04:01:21,918 - INFO - ✅ Descarga de reportes de INVENTARIO completada exitosamente
2026-03-08 04:01:22,022 - INFO - 
[OK] Navegador cerrado. Proceso finalizado correctamente
2026-03-08 04:01:22,022 - INFO - [LOG] Archivo de log: logs_reportes\reporte_descargas_20260308_040002.log
2026-03-08 04:01:22,023 - INFO - ======================================================================
