2026-03-09 03:00:02,008 - INFO - ======================================================================
2026-03-09 03:00:02,009 - INFO - INICIO DE SESIÓN - 09/03/2026 03:00:02
2026-03-09 03:00:02,009 - INFO - ======================================================================
2026-03-09 03:00:02,551 - INFO - Iniciando Playwright...
2026-03-09 03:00:02,725 - INFO - Navegador (Chromium) lanzado en modo visible
2026-03-09 03:00:03,096 - INFO - Navegando a: https://cencarvajal.com/#/portal/login
2026-03-09 03:00:08,392 - INFO - [Intento 1/3] Intentando login…
2026-03-09 03:00:10,381 - INFO - [Intento 1] Formulario de login enviado
2026-03-09 03:00:20,387 - WARNING - [Intento 1] No apareció 'Tus servicios' después de intentar login (posible modal)
2026-03-09 03:00:20,405 - INFO - [Intento 1] Se hizo clic en botón 'Continuar' del modal
2026-03-09 03:00:27,408 - WARNING - [Intento 1] Aún no aparece 'Tus servicios' tras aceptar modal
2026-03-09 03:00:27,408 - INFO - [Intento 1] Navegando de nuevo a login y reintentando...
2026-03-09 03:00:27,418 - INFO - [Intento 1] Página de login cargada nuevamente
2026-03-09 03:00:27,418 - INFO - [Intento 2/3] Intentando login…
2026-03-09 03:00:27,472 - INFO - [Intento 2] Formulario de login enviado
2026-03-09 03:00:29,842 - INFO - [Intento 2] [OK] Login exitoso - texto 'Tus servicios' encontrado
2026-03-09 03:00:29,842 - INFO - [Intento 2] Esperando que la página se cargue completamente...
2026-03-09 03:00:31,842 - INFO - [Intento 2] Página estabilizada, listo para descargar
2026-03-09 03:00:31,842 - INFO - ======================================================================
2026-03-09 03:00:31,842 - INFO - [*] Iniciando descarga de Reportes VENTAS
2026-03-09 03:00:31,842 - INFO - ======================================================================
2026-03-09 03:00:31,842 - INFO - Navegando a: https://cencarvajal.com/receivingadvicenewportal/#/home/consult-service?service=SLSRPT
2026-03-09 03:00:31,873 - INFO - Esperando que Angular cargue...
2026-03-09 03:00:35,439 - INFO - ✓ Formulario de filtros cargado
2026-03-09 03:00:37,441 - INFO - Configurando filtro de fechas: 08/03/2026 a 09/03/2026
2026-03-09 03:00:37,470 - INFO - Campo 'Fecha inicio' rellenado: 08/03/2026
2026-03-09 03:00:38,005 - INFO - Campo 'Fecha fin' rellenado: 09/03/2026
2026-03-09 03:00:39,516 - INFO - Calendarios cerrados, filtros de fecha configurados
2026-03-09 03:00:39,516 - INFO - 🔍 Presionando botón 'Buscar' para obtener el listado...
2026-03-09 03:00:39,549 - INFO - ✓ Búsqueda completada y tabla cargada
2026-03-09 03:00:41,555 - INFO - ✓ Se encontraron 2 registro(s)
2026-03-09 03:00:41,556 - INFO - 📄 Procesando página 1...
2026-03-09 03:00:41,560 - INFO -   -> 2 fila(s) en esta página
2026-03-09 03:00:41,585 - INFO - Fila 1: Iniciando descarga - Dismel Ltda | SUPERTIENDAS Y DROGUERIAS OLIMPICAS
2026-03-09 03:00:41,618 - INFO - Fila 1: Modal de formato abierto, esperando selección...
2026-03-09 03:00:42,655 - INFO - Fila 1: Formato XLSX seleccionado
2026-03-09 03:00:43,669 - INFO - Fila 1: Botón Descargar encontrado
2026-03-09 03:00:44,191 - INFO - Fila 1: Descargando archivo...
2026-03-09 03:00:50,362 - INFO - Fila 1: [OK] Descargado exitosamente: VENTAS_PAGE1_FILA1_20260309_030050.xlsx
2026-03-09 03:00:51,388 - INFO - Fila 2: Iniciando descarga - Dismel Ltda | SUPERTIENDAS Y DROGUERIAS OLIMPICAS
2026-03-09 03:00:51,415 - INFO - Fila 2: Modal de formato abierto, esperando selección...
2026-03-09 03:00:52,454 - INFO - Fila 2: Formato XLSX seleccionado
2026-03-09 03:00:53,469 - INFO - Fila 2: Botón Descargar encontrado
2026-03-09 03:00:53,988 - INFO - Fila 2: Descargando archivo...
2026-03-09 03:00:56,680 - INFO - Fila 2: [OK] Descargado exitosamente: VENTAS_PAGE1_FILA2_20260309_030056.xlsx
2026-03-09 03:00:57,697 - INFO - No hay página siguiente. Fin de paginación.
2026-03-09 03:00:57,697 - INFO - ======================================================================
2026-03-09 03:00:57,698 - INFO - [OK] Proceso completado
2026-03-09 03:00:57,698 - INFO - [REPORT] Total de descargas: 2 archivo(s)
2026-03-09 03:00:57,698 - INFO - 📁 Ubicación: D:\TAREAS\CARVAJAL\descargas_reportes
2026-03-09 03:00:57,698 - INFO - [LOG] Logs guardados en: logs_reportes\reporte_descargas_20260309_030002.log
2026-03-09 03:00:57,698 - INFO - ======================================================================
2026-03-09 03:00:57,698 - INFO - ✅ Descarga de reportes de VENTAS completada exitosamente
2026-03-09 03:00:57,698 - INFO - ======================================================================
2026-03-09 03:00:57,698 - INFO - [*] Iniciando descarga de Reportes INVENTARIO
2026-03-09 03:00:57,698 - INFO - ======================================================================
2026-03-09 03:00:57,698 - INFO - Navegando a: https://cencarvajal.com/receivingadvicenewportal/#/home/consult-service?service=INVRPT
2026-03-09 03:00:57,701 - INFO - Esperando que Angular cargue...
2026-03-09 03:01:01,019 - INFO - ✓ Formulario de filtros cargado
2026-03-09 03:01:03,020 - INFO - Configurando filtro de fechas: 08/03/2026 a 09/03/2026
2026-03-09 03:01:03,039 - INFO - Campo 'Fecha inicio' rellenado: 08/03/2026
2026-03-09 03:01:03,570 - INFO - Campo 'Fecha fin' rellenado: 09/03/2026
2026-03-09 03:01:05,079 - INFO - Calendarios cerrados, filtros de fecha configurados
2026-03-09 03:01:05,079 - INFO - 🔍 Presionando botón 'Buscar' para obtener el listado...
2026-03-09 03:01:05,111 - INFO - ✓ Búsqueda completada y tabla cargada
2026-03-09 03:01:07,115 - INFO - ✓ Se encontraron 2 registro(s)
2026-03-09 03:01:07,116 - INFO - 📄 Procesando página 1...
2026-03-09 03:01:07,120 - INFO -   -> 2 fila(s) en esta página
2026-03-09 03:01:07,144 - INFO - Fila 1: Iniciando descarga - Dismel Ltda | SUPERTIENDAS Y DROGUERIAS OLIMPICAS
2026-03-09 03:01:07,182 - INFO - Fila 1: Modal de formato abierto, esperando selección...
2026-03-09 03:01:08,220 - INFO - Fila 1: Formato XLSX seleccionado
2026-03-09 03:01:09,234 - INFO - Fila 1: Botón Descargar encontrado
2026-03-09 03:01:09,756 - INFO - Fila 1: Descargando archivo...
2026-03-09 03:01:12,549 - INFO - Fila 1: [OK] Descargado exitosamente: INVENTARIO_PAGE1_FILA1_20260309_030112.xlsx
2026-03-09 03:01:13,587 - INFO - Fila 2: Iniciando descarga - Dismel Ltda | SUPERTIENDAS Y DROGUERIAS OLIMPICAS
2026-03-09 03:01:13,631 - INFO - Fila 2: Modal de formato abierto, esperando selección...
2026-03-09 03:01:14,671 - INFO - Fila 2: Formato XLSX seleccionado
2026-03-09 03:01:15,685 - INFO - Fila 2: Botón Descargar encontrado
2026-03-09 03:01:16,205 - INFO - Fila 2: Descargando archivo...
2026-03-09 03:01:18,795 - INFO - Fila 2: [OK] Descargado exitosamente: INVENTARIO_PAGE1_FILA2_20260309_030118.xlsx
2026-03-09 03:01:19,811 - INFO - No hay página siguiente. Fin de paginación.
2026-03-09 03:01:19,811 - INFO - ======================================================================
2026-03-09 03:01:19,812 - INFO - [OK] Proceso completado
2026-03-09 03:01:19,812 - INFO - [REPORT] Total de descargas: 2 archivo(s)
2026-03-09 03:01:19,812 - INFO - 📁 Ubicación: D:\TAREAS\CARVAJAL\descargas_reportes
2026-03-09 03:01:19,812 - INFO - [LOG] Logs guardados en: logs_reportes\reporte_descargas_20260309_030002.log
2026-03-09 03:01:19,812 - INFO - ======================================================================
2026-03-09 03:01:19,812 - INFO - ✅ Descarga de reportes de INVENTARIO completada exitosamente
2026-03-09 03:01:19,903 - INFO - 
[OK] Navegador cerrado. Proceso finalizado correctamente
2026-03-09 03:01:19,903 - INFO - [LOG] Archivo de log: logs_reportes\reporte_descargas_20260309_030002.log
2026-03-09 03:01:19,903 - INFO - ======================================================================
