2026-03-09 02:00:02,021 - INFO - ======================================================================
2026-03-09 02:00:02,022 - INFO - INICIO DE SESIÓN - 09/03/2026 02:00:02
2026-03-09 02:00:02,022 - INFO - ======================================================================
2026-03-09 02:00:02,561 - INFO - Iniciando Playwright...
2026-03-09 02:00:02,738 - INFO - Navegador (Chromium) lanzado en modo visible
2026-03-09 02:00:03,106 - INFO - Navegando a: https://cencarvajal.com/#/portal/login
2026-03-09 02:00:08,466 - INFO - [Intento 1/3] Intentando login…
2026-03-09 02:00:10,441 - INFO - [Intento 1] Formulario de login enviado
2026-03-09 02:00:20,445 - WARNING - [Intento 1] No apareció 'Tus servicios' después de intentar login (posible modal)
2026-03-09 02:00:20,466 - INFO - [Intento 1] Se hizo clic en botón 'Continuar' del modal
2026-03-09 02:00:27,467 - WARNING - [Intento 1] Aún no aparece 'Tus servicios' tras aceptar modal
2026-03-09 02:00:27,467 - INFO - [Intento 1] Navegando de nuevo a login y reintentando...
2026-03-09 02:00:27,477 - INFO - [Intento 1] Página de login cargada nuevamente
2026-03-09 02:00:27,477 - INFO - [Intento 2/3] Intentando login…
2026-03-09 02:00:27,533 - INFO - [Intento 2] Formulario de login enviado
2026-03-09 02:00:29,831 - INFO - [Intento 2] [OK] Login exitoso - texto 'Tus servicios' encontrado
2026-03-09 02:00:29,831 - INFO - [Intento 2] Esperando que la página se cargue completamente...
2026-03-09 02:00:31,832 - INFO - [Intento 2] Página estabilizada, listo para descargar
2026-03-09 02:00:31,832 - INFO - ======================================================================
2026-03-09 02:00:31,832 - INFO - [*] Iniciando descarga de Reportes VENTAS
2026-03-09 02:00:31,832 - INFO - ======================================================================
2026-03-09 02:00:31,832 - INFO - Navegando a: https://cencarvajal.com/receivingadvicenewportal/#/home/consult-service?service=SLSRPT
2026-03-09 02:00:31,862 - INFO - Esperando que Angular cargue...
2026-03-09 02:00:35,390 - INFO - ✓ Formulario de filtros cargado
2026-03-09 02:00:37,391 - INFO - Configurando filtro de fechas: 08/03/2026 a 09/03/2026
2026-03-09 02:00:37,420 - INFO - Campo 'Fecha inicio' rellenado: 08/03/2026
2026-03-09 02:00:37,955 - INFO - Campo 'Fecha fin' rellenado: 09/03/2026
2026-03-09 02:00:39,466 - INFO - Calendarios cerrados, filtros de fecha configurados
2026-03-09 02:00:39,466 - INFO - 🔍 Presionando botón 'Buscar' para obtener el listado...
2026-03-09 02:00:39,509 - INFO - ✓ Búsqueda completada y tabla cargada
2026-03-09 02:00:41,515 - INFO - ✓ Se encontraron 2 registro(s)
2026-03-09 02:00:41,516 - INFO - 📄 Procesando página 1...
2026-03-09 02:00:41,521 - INFO -   -> 2 fila(s) en esta página
2026-03-09 02:00:41,547 - INFO - Fila 1: Iniciando descarga - Dismel Ltda | SUPERTIENDAS Y DROGUERIAS OLIMPICAS
2026-03-09 02:00:41,578 - INFO - Fila 1: Modal de formato abierto, esperando selección...
2026-03-09 02:00:42,615 - INFO - Fila 1: Formato XLSX seleccionado
2026-03-09 02:00:43,630 - INFO - Fila 1: Botón Descargar encontrado
2026-03-09 02:00:44,151 - INFO - Fila 1: Descargando archivo...
2026-03-09 02:00:50,012 - INFO - Fila 1: [OK] Descargado exitosamente: VENTAS_PAGE1_FILA1_20260309_020050.xlsx
2026-03-09 02:00:51,038 - INFO - Fila 2: Iniciando descarga - Dismel Ltda | SUPERTIENDAS Y DROGUERIAS OLIMPICAS
2026-03-09 02:00:51,077 - INFO - Fila 2: Modal de formato abierto, esperando selección...
2026-03-09 02:00:52,113 - INFO - Fila 2: Formato XLSX seleccionado
2026-03-09 02:00:53,128 - INFO - Fila 2: Botón Descargar encontrado
2026-03-09 02:00:53,649 - INFO - Fila 2: Descargando archivo...
2026-03-09 02:00:56,308 - INFO - Fila 2: [OK] Descargado exitosamente: VENTAS_PAGE1_FILA2_20260309_020056.xlsx
2026-03-09 02:00:57,323 - INFO - No hay página siguiente. Fin de paginación.
2026-03-09 02:00:57,323 - INFO - ======================================================================
2026-03-09 02:00:57,324 - INFO - [OK] Proceso completado
2026-03-09 02:00:57,324 - INFO - [REPORT] Total de descargas: 2 archivo(s)
2026-03-09 02:00:57,324 - INFO - 📁 Ubicación: D:\TAREAS\CARVAJAL\descargas_reportes
2026-03-09 02:00:57,324 - INFO - [LOG] Logs guardados en: logs_reportes\reporte_descargas_20260309_020002.log
2026-03-09 02:00:57,324 - INFO - ======================================================================
2026-03-09 02:00:57,324 - INFO - ✅ Descarga de reportes de VENTAS completada exitosamente
2026-03-09 02:00:57,324 - INFO - ======================================================================
2026-03-09 02:00:57,325 - INFO - [*] Iniciando descarga de Reportes INVENTARIO
2026-03-09 02:00:57,325 - INFO - ======================================================================
2026-03-09 02:00:57,325 - INFO - Navegando a: https://cencarvajal.com/receivingadvicenewportal/#/home/consult-service?service=INVRPT
2026-03-09 02:00:57,327 - INFO - Esperando que Angular cargue...
2026-03-09 02:01:00,646 - INFO - ✓ Formulario de filtros cargado
2026-03-09 02:01:02,647 - INFO - Configurando filtro de fechas: 08/03/2026 a 09/03/2026
2026-03-09 02:01:02,667 - INFO - Campo 'Fecha inicio' rellenado: 08/03/2026
2026-03-09 02:01:03,209 - INFO - Campo 'Fecha fin' rellenado: 09/03/2026
2026-03-09 02:01:04,722 - INFO - Calendarios cerrados, filtros de fecha configurados
2026-03-09 02:01:04,722 - INFO - 🔍 Presionando botón 'Buscar' para obtener el listado...
2026-03-09 02:01:04,753 - INFO - ✓ Búsqueda completada y tabla cargada
2026-03-09 02:01:06,760 - INFO - ✓ Se encontraron 2 registro(s)
2026-03-09 02:01:06,760 - INFO - 📄 Procesando página 1...
2026-03-09 02:01:06,764 - INFO -   -> 2 fila(s) en esta página
2026-03-09 02:01:06,787 - INFO - Fila 1: Iniciando descarga - Dismel Ltda | SUPERTIENDAS Y DROGUERIAS OLIMPICAS
2026-03-09 02:01:06,826 - INFO - Fila 1: Modal de formato abierto, esperando selección...
2026-03-09 02:01:07,865 - INFO - Fila 1: Formato XLSX seleccionado
2026-03-09 02:01:08,880 - INFO - Fila 1: Botón Descargar encontrado
2026-03-09 02:01:09,402 - INFO - Fila 1: Descargando archivo...
2026-03-09 02:01:12,174 - INFO - Fila 1: [OK] Descargado exitosamente: INVENTARIO_PAGE1_FILA1_20260309_020112.xlsx
2026-03-09 02:01:13,212 - INFO - Fila 2: Iniciando descarga - Dismel Ltda | SUPERTIENDAS Y DROGUERIAS OLIMPICAS
2026-03-09 02:01:13,242 - INFO - Fila 2: Modal de formato abierto, esperando selección...
2026-03-09 02:01:14,281 - INFO - Fila 2: Formato XLSX seleccionado
2026-03-09 02:01:15,295 - INFO - Fila 2: Botón Descargar encontrado
2026-03-09 02:01:15,817 - INFO - Fila 2: Descargando archivo...
2026-03-09 02:01:18,428 - INFO - Fila 2: [OK] Descargado exitosamente: INVENTARIO_PAGE1_FILA2_20260309_020118.xlsx
2026-03-09 02:01:19,445 - INFO - No hay página siguiente. Fin de paginación.
2026-03-09 02:01:19,445 - INFO - ======================================================================
2026-03-09 02:01:19,445 - INFO - [OK] Proceso completado
2026-03-09 02:01:19,446 - INFO - [REPORT] Total de descargas: 2 archivo(s)
2026-03-09 02:01:19,446 - INFO - 📁 Ubicación: D:\TAREAS\CARVAJAL\descargas_reportes
2026-03-09 02:01:19,446 - INFO - [LOG] Logs guardados en: logs_reportes\reporte_descargas_20260309_020002.log
2026-03-09 02:01:19,446 - INFO - ======================================================================
2026-03-09 02:01:19,446 - INFO - ✅ Descarga de reportes de INVENTARIO completada exitosamente
2026-03-09 02:01:19,549 - INFO - 
[OK] Navegador cerrado. Proceso finalizado correctamente
2026-03-09 02:01:19,549 - INFO - [LOG] Archivo de log: logs_reportes\reporte_descargas_20260309_020002.log
2026-03-09 02:01:19,550 - INFO - ======================================================================
