2026-03-08 05:00:02,008 - INFO - ======================================================================
2026-03-08 05:00:02,008 - INFO - INICIO DE SESIÓN - 08/03/2026 05:00:02
2026-03-08 05:00:02,008 - INFO - ======================================================================
2026-03-08 05:00:02,547 - INFO - Iniciando Playwright...
2026-03-08 05:00:02,723 - INFO - Navegador (Chromium) lanzado en modo visible
2026-03-08 05:00:03,110 - INFO - Navegando a: https://cencarvajal.com/#/portal/login
2026-03-08 05:00:08,571 - INFO - [Intento 1/3] Intentando login…
2026-03-08 05:00:11,013 - INFO - [Intento 1] Formulario de login enviado
2026-03-08 05:00:21,016 - WARNING - [Intento 1] No apareció 'Tus servicios' después de intentar login (posible modal)
2026-03-08 05:00:21,057 - INFO - [Intento 1] Se hizo clic en botón 'Continuar' del modal
2026-03-08 05:00:28,059 - WARNING - [Intento 1] Aún no aparece 'Tus servicios' tras aceptar modal
2026-03-08 05:00:28,059 - INFO - [Intento 1] Navegando de nuevo a login y reintentando...
2026-03-08 05:00:28,068 - INFO - [Intento 1] Página de login cargada nuevamente
2026-03-08 05:00:28,068 - INFO - [Intento 2/3] Intentando login…
2026-03-08 05:00:28,124 - INFO - [Intento 2] Formulario de login enviado
2026-03-08 05:00:30,419 - INFO - [Intento 2] [OK] Login exitoso - texto 'Tus servicios' encontrado
2026-03-08 05:00:30,419 - INFO - [Intento 2] Esperando que la página se cargue completamente...
2026-03-08 05:00:32,420 - INFO - [Intento 2] Página estabilizada, listo para descargar
2026-03-08 05:00:32,420 - INFO - ======================================================================
2026-03-08 05:00:32,420 - INFO - [*] Iniciando descarga de Reportes VENTAS
2026-03-08 05:00:32,420 - INFO - ======================================================================
2026-03-08 05:00:32,420 - INFO - Navegando a: https://cencarvajal.com/receivingadvicenewportal/#/home/consult-service?service=SLSRPT
2026-03-08 05:00:32,446 - INFO - Esperando que Angular cargue...
2026-03-08 05:00:36,008 - INFO - ✓ Formulario de filtros cargado
2026-03-08 05:00:38,009 - INFO - Configurando filtro de fechas: 07/03/2026 a 08/03/2026
2026-03-08 05:00:38,040 - INFO - Campo 'Fecha inicio' rellenado: 07/03/2026
2026-03-08 05:00:38,578 - INFO - Campo 'Fecha fin' rellenado: 08/03/2026
2026-03-08 05:00:40,090 - INFO - Calendarios cerrados, filtros de fecha configurados
2026-03-08 05:00:40,090 - INFO - 🔍 Presionando botón 'Buscar' para obtener el listado...
2026-03-08 05:00:40,136 - INFO - ✓ Búsqueda completada y tabla cargada
2026-03-08 05:00:42,142 - INFO - ✓ Se encontraron 1 registro(s)
2026-03-08 05:00:42,142 - INFO - 📄 Procesando página 1...
2026-03-08 05:00:42,146 - INFO -   -> 1 fila(s) en esta página
2026-03-08 05:00:42,170 - INFO - Fila 1: Iniciando descarga - Dismel Ltda | SUPERTIENDAS Y DROGUERIAS OLIMPICAS
2026-03-08 05:00:42,205 - INFO - Fila 1: Modal de formato abierto, esperando selección...
2026-03-08 05:00:43,239 - INFO - Fila 1: Formato XLSX seleccionado
2026-03-08 05:00:44,255 - INFO - Fila 1: Botón Descargar encontrado
2026-03-08 05:00:44,774 - INFO - Fila 1: Descargando archivo...
2026-03-08 05:00:50,555 - INFO - Fila 1: [OK] Descargado exitosamente: VENTAS_PAGE1_FILA1_20260308_050050.xlsx
2026-03-08 05:00:51,570 - INFO - No hay página siguiente. Fin de paginación.
2026-03-08 05:00:51,570 - INFO - ======================================================================
2026-03-08 05:00:51,571 - INFO - [OK] Proceso completado
2026-03-08 05:00:51,571 - INFO - [REPORT] Total de descargas: 1 archivo(s)
2026-03-08 05:00:51,571 - INFO - 📁 Ubicación: D:\TAREAS\CARVAJAL\descargas_reportes
2026-03-08 05:00:51,571 - INFO - [LOG] Logs guardados en: logs_reportes\reporte_descargas_20260308_050002.log
2026-03-08 05:00:51,571 - INFO - ======================================================================
2026-03-08 05:00:51,571 - INFO - ✅ Descarga de reportes de VENTAS completada exitosamente
2026-03-08 05:00:51,571 - INFO - ======================================================================
2026-03-08 05:00:51,572 - INFO - [*] Iniciando descarga de Reportes INVENTARIO
2026-03-08 05:00:51,572 - INFO - ======================================================================
2026-03-08 05:00:51,572 - INFO - Navegando a: https://cencarvajal.com/receivingadvicenewportal/#/home/consult-service?service=INVRPT
2026-03-08 05:00:51,574 - INFO - Esperando que Angular cargue...
2026-03-08 05:00:54,895 - INFO - ✓ Formulario de filtros cargado
2026-03-08 05:00:56,896 - INFO - Configurando filtro de fechas: 07/03/2026 a 08/03/2026
2026-03-08 05:00:57,206 - INFO - Campo 'Fecha inicio' rellenado: 07/03/2026
2026-03-08 05:00:57,737 - INFO - Campo 'Fecha fin' rellenado: 08/03/2026
2026-03-08 05:00:59,245 - INFO - Calendarios cerrados, filtros de fecha configurados
2026-03-08 05:00:59,245 - INFO - 🔍 Presionando botón 'Buscar' para obtener el listado...
2026-03-08 05:00:59,312 - INFO - ✓ Búsqueda completada y tabla cargada
2026-03-08 05:01:01,317 - INFO - ✓ Se encontraron 1 registro(s)
2026-03-08 05:01:01,317 - INFO - 📄 Procesando página 1...
2026-03-08 05:01:01,322 - INFO -   -> 1 fila(s) en esta página
2026-03-08 05:01:01,347 - INFO - Fila 1: Iniciando descarga - Dismel Ltda | SUPERTIENDAS Y DROGUERIAS OLIMPICAS
2026-03-08 05:01:01,386 - INFO - Fila 1: Modal de formato abierto, esperando selección...
2026-03-08 05:01:02,423 - INFO - Fila 1: Formato XLSX seleccionado
2026-03-08 05:01:03,439 - INFO - Fila 1: Botón Descargar encontrado
2026-03-08 05:01:03,962 - INFO - Fila 1: Descargando archivo...
2026-03-08 05:01:08,179 - INFO - Fila 1: [OK] Descargado exitosamente: INVENTARIO_PAGE1_FILA1_20260308_050107.xlsx
2026-03-08 05:01:09,196 - INFO - No hay página siguiente. Fin de paginación.
2026-03-08 05:01:09,197 - INFO - ======================================================================
2026-03-08 05:01:09,197 - INFO - [OK] Proceso completado
2026-03-08 05:01:09,197 - INFO - [REPORT] Total de descargas: 1 archivo(s)
2026-03-08 05:01:09,197 - INFO - 📁 Ubicación: D:\TAREAS\CARVAJAL\descargas_reportes
2026-03-08 05:01:09,197 - INFO - [LOG] Logs guardados en: logs_reportes\reporte_descargas_20260308_050002.log
2026-03-08 05:01:09,197 - INFO - ======================================================================
2026-03-08 05:01:09,197 - INFO - ✅ Descarga de reportes de INVENTARIO completada exitosamente
2026-03-08 05:01:09,468 - INFO - 
[OK] Navegador cerrado. Proceso finalizado correctamente
2026-03-08 05:01:09,468 - INFO - [LOG] Archivo de log: logs_reportes\reporte_descargas_20260308_050002.log
2026-03-08 05:01:09,469 - INFO - ======================================================================
