2026-03-06 21:00:02,009 - INFO - ======================================================================
2026-03-06 21:00:02,009 - INFO - INICIO DE SESIÓN - 06/03/2026 21:00:02
2026-03-06 21:00:02,009 - INFO - ======================================================================
2026-03-06 21:00:02,547 - INFO - Iniciando Playwright...
2026-03-06 21:00:02,711 - INFO - Navegador (Chromium) lanzado en modo visible
2026-03-06 21:00:03,080 - INFO - Navegando a: https://cencarvajal.com/#/portal/login
2026-03-06 21:00:08,391 - INFO - [Intento 1/3] Intentando login…
2026-03-06 21:00:10,874 - INFO - [Intento 1] Formulario de login enviado
2026-03-06 21:00:20,880 - WARNING - [Intento 1] No apareció 'Tus servicios' después de intentar login (posible modal)
2026-03-06 21:00:20,897 - INFO - [Intento 1] Se hizo clic en botón 'Continuar' del modal
2026-03-06 21:00:27,899 - WARNING - [Intento 1] Aún no aparece 'Tus servicios' tras aceptar modal
2026-03-06 21:00:27,899 - INFO - [Intento 1] Navegando de nuevo a login y reintentando...
2026-03-06 21:00:27,909 - INFO - [Intento 1] Página de login cargada nuevamente
2026-03-06 21:00:27,909 - INFO - [Intento 2/3] Intentando login…
2026-03-06 21:00:27,965 - INFO - [Intento 2] Formulario de login enviado
2026-03-06 21:00:29,880 - INFO - [Intento 2] [OK] Login exitoso - texto 'Tus servicios' encontrado
2026-03-06 21:00:29,880 - INFO - [Intento 2] Esperando que la página se cargue completamente...
2026-03-06 21:00:31,880 - INFO - [Intento 2] Página estabilizada, listo para descargar
2026-03-06 21:00:31,880 - INFO - ======================================================================
2026-03-06 21:00:31,880 - INFO - [*] Iniciando descarga de Reportes VENTAS
2026-03-06 21:00:31,880 - INFO - ======================================================================
2026-03-06 21:00:31,880 - INFO - Navegando a: https://cencarvajal.com/receivingadvicenewportal/#/home/consult-service?service=SLSRPT
2026-03-06 21:00:31,907 - INFO - Esperando que Angular cargue...
2026-03-06 21:00:35,888 - INFO - ✓ Formulario de filtros cargado
2026-03-06 21:00:37,889 - INFO - Configurando filtro de fechas: 05/03/2026 a 06/03/2026
2026-03-06 21:00:37,919 - INFO - Campo 'Fecha inicio' rellenado: 05/03/2026
2026-03-06 21:00:38,454 - INFO - Campo 'Fecha fin' rellenado: 06/03/2026
2026-03-06 21:00:39,965 - INFO - Calendarios cerrados, filtros de fecha configurados
2026-03-06 21:00:39,965 - INFO - 🔍 Presionando botón 'Buscar' para obtener el listado...
2026-03-06 21:00:40,009 - INFO - ✓ Búsqueda completada y tabla cargada
2026-03-06 21:00:42,016 - INFO - ✓ Se encontraron 2 registro(s)
2026-03-06 21:00:42,016 - INFO - 📄 Procesando página 1...
2026-03-06 21:00:42,021 - INFO -   -> 2 fila(s) en esta página
2026-03-06 21:00:42,046 - INFO - Fila 1: Iniciando descarga - Dismel Ltda | SUPERTIENDAS Y DROGUERIAS OLIMPICAS
2026-03-06 21:00:42,078 - INFO - Fila 1: Modal de formato abierto, esperando selección...
2026-03-06 21:00:43,115 - INFO - Fila 1: Formato XLSX seleccionado
2026-03-06 21:00:44,129 - INFO - Fila 1: Botón Descargar encontrado
2026-03-06 21:00:44,650 - INFO - Fila 1: Descargando archivo...
2026-03-06 21:00:50,604 - INFO - Fila 1: [OK] Descargado exitosamente: VENTAS_PAGE1_FILA1_20260306_210050.xlsx
2026-03-06 21:00:51,630 - INFO - Fila 2: Iniciando descarga - Dismel Ltda | SUPERTIENDAS Y DROGUERIAS OLIMPICAS
2026-03-06 21:00:51,659 - INFO - Fila 2: Modal de formato abierto, esperando selección...
2026-03-06 21:00:52,697 - INFO - Fila 2: Formato XLSX seleccionado
2026-03-06 21:00:53,710 - INFO - Fila 2: Botón Descargar encontrado
2026-03-06 21:00:54,232 - INFO - Fila 2: Descargando archivo...
2026-03-06 21:00:57,026 - INFO - Fila 2: [OK] Descargado exitosamente: VENTAS_PAGE1_FILA2_20260306_210056.xlsx
2026-03-06 21:00:58,042 - INFO - No hay página siguiente. Fin de paginación.
2026-03-06 21:00:58,043 - INFO - ======================================================================
2026-03-06 21:00:58,043 - INFO - [OK] Proceso completado
2026-03-06 21:00:58,043 - INFO - [REPORT] Total de descargas: 2 archivo(s)
2026-03-06 21:00:58,043 - INFO - 📁 Ubicación: D:\TAREAS\CARVAJAL\descargas_reportes
2026-03-06 21:00:58,043 - INFO - [LOG] Logs guardados en: logs_reportes\reporte_descargas_20260306_210002.log
2026-03-06 21:00:58,043 - INFO - ======================================================================
2026-03-06 21:00:58,043 - INFO - ✅ Descarga de reportes de VENTAS completada exitosamente
2026-03-06 21:00:58,044 - INFO - ======================================================================
2026-03-06 21:00:58,044 - INFO - [*] Iniciando descarga de Reportes INVENTARIO
2026-03-06 21:00:58,044 - INFO - ======================================================================
2026-03-06 21:00:58,044 - INFO - Navegando a: https://cencarvajal.com/receivingadvicenewportal/#/home/consult-service?service=INVRPT
2026-03-06 21:00:58,046 - INFO - Esperando que Angular cargue...
2026-03-06 21:01:01,366 - INFO - ✓ Formulario de filtros cargado
2026-03-06 21:01:03,368 - INFO - Configurando filtro de fechas: 05/03/2026 a 06/03/2026
2026-03-06 21:01:03,386 - INFO - Campo 'Fecha inicio' rellenado: 05/03/2026
2026-03-06 21:01:03,918 - INFO - Campo 'Fecha fin' rellenado: 06/03/2026
2026-03-06 21:01:05,428 - INFO - Calendarios cerrados, filtros de fecha configurados
2026-03-06 21:01:05,428 - INFO - 🔍 Presionando botón 'Buscar' para obtener el listado...
2026-03-06 21:01:05,471 - INFO - ✓ Búsqueda completada y tabla cargada
2026-03-06 21:01:07,475 - INFO - ✓ Se encontraron 2 registro(s)
2026-03-06 21:01:07,476 - INFO - 📄 Procesando página 1...
2026-03-06 21:01:07,480 - INFO -   -> 2 fila(s) en esta página
2026-03-06 21:01:07,504 - INFO - Fila 1: Iniciando descarga - Dismel Ltda | SUPERTIENDAS Y DROGUERIAS OLIMPICAS
2026-03-06 21:01:07,542 - INFO - Fila 1: Modal de formato abierto, esperando selección...
2026-03-06 21:01:08,580 - INFO - Fila 1: Formato XLSX seleccionado
2026-03-06 21:01:09,594 - INFO - Fila 1: Botón Descargar encontrado
2026-03-06 21:01:10,116 - INFO - Fila 1: Descargando archivo...
2026-03-06 21:01:12,851 - INFO - Fila 1: [OK] Descargado exitosamente: INVENTARIO_PAGE1_FILA1_20260306_210112.xlsx
2026-03-06 21:01:13,889 - INFO - Fila 2: Iniciando descarga - Dismel Ltda | SUPERTIENDAS Y DROGUERIAS OLIMPICAS
2026-03-06 21:01:13,924 - INFO - Fila 2: Modal de formato abierto, esperando selección...
2026-03-06 21:01:14,963 - INFO - Fila 2: Formato XLSX seleccionado
2026-03-06 21:01:15,978 - INFO - Fila 2: Botón Descargar encontrado
2026-03-06 21:01:16,497 - INFO - Fila 2: Descargando archivo...
2026-03-06 21:01:19,144 - INFO - Fila 2: [OK] Descargado exitosamente: INVENTARIO_PAGE1_FILA2_20260306_210119.xlsx
2026-03-06 21:01:20,160 - INFO - No hay página siguiente. Fin de paginación.
2026-03-06 21:01:20,160 - INFO - ======================================================================
2026-03-06 21:01:20,161 - INFO - [OK] Proceso completado
2026-03-06 21:01:20,161 - INFO - [REPORT] Total de descargas: 2 archivo(s)
2026-03-06 21:01:20,161 - INFO - 📁 Ubicación: D:\TAREAS\CARVAJAL\descargas_reportes
2026-03-06 21:01:20,161 - INFO - [LOG] Logs guardados en: logs_reportes\reporte_descargas_20260306_210002.log
2026-03-06 21:01:20,161 - INFO - ======================================================================
2026-03-06 21:01:20,161 - INFO - ✅ Descarga de reportes de INVENTARIO completada exitosamente
2026-03-06 21:01:20,272 - INFO - 
[OK] Navegador cerrado. Proceso finalizado correctamente
2026-03-06 21:01:20,273 - INFO - [LOG] Archivo de log: logs_reportes\reporte_descargas_20260306_210002.log
2026-03-06 21:01:20,273 - INFO - ======================================================================
