2026-03-08 13:00:02,009 - INFO - ======================================================================
2026-03-08 13:00:02,009 - INFO - INICIO DE SESIÓN - 08/03/2026 13:00:02
2026-03-08 13:00:02,010 - INFO - ======================================================================
2026-03-08 13:00:02,554 - INFO - Iniciando Playwright...
2026-03-08 13:00:02,733 - INFO - Navegador (Chromium) lanzado en modo visible
2026-03-08 13:00:03,110 - INFO - Navegando a: https://cencarvajal.com/#/portal/login
2026-03-08 13:00:08,391 - INFO - [Intento 1/3] Intentando login…
2026-03-08 13:00:10,379 - INFO - [Intento 1] Formulario de login enviado
2026-03-08 13:00:20,382 - WARNING - [Intento 1] No apareció 'Tus servicios' después de intentar login (posible modal)
2026-03-08 13:00:20,404 - INFO - [Intento 1] Se hizo clic en botón 'Continuar' del modal
2026-03-08 13:00:27,406 - WARNING - [Intento 1] Aún no aparece 'Tus servicios' tras aceptar modal
2026-03-08 13:00:27,406 - INFO - [Intento 1] Navegando de nuevo a login y reintentando...
2026-03-08 13:00:27,416 - INFO - [Intento 1] Página de login cargada nuevamente
2026-03-08 13:00:27,416 - INFO - [Intento 2/3] Intentando login…
2026-03-08 13:00:27,472 - INFO - [Intento 2] Formulario de login enviado
2026-03-08 13:00:29,834 - INFO - [Intento 2] [OK] Login exitoso - texto 'Tus servicios' encontrado
2026-03-08 13:00:29,834 - INFO - [Intento 2] Esperando que la página se cargue completamente...
2026-03-08 13:00:31,835 - INFO - [Intento 2] Página estabilizada, listo para descargar
2026-03-08 13:00:31,835 - INFO - ======================================================================
2026-03-08 13:00:31,835 - INFO - [*] Iniciando descarga de Reportes VENTAS
2026-03-08 13:00:31,835 - INFO - ======================================================================
2026-03-08 13:00:31,835 - INFO - Navegando a: https://cencarvajal.com/receivingadvicenewportal/#/home/consult-service?service=SLSRPT
2026-03-08 13:00:31,860 - INFO - Esperando que Angular cargue...
2026-03-08 13:00:35,405 - INFO - ✓ Formulario de filtros cargado
2026-03-08 13:00:37,406 - INFO - Configurando filtro de fechas: 07/03/2026 a 08/03/2026
2026-03-08 13:00:37,435 - INFO - Campo 'Fecha inicio' rellenado: 07/03/2026
2026-03-08 13:00:37,970 - INFO - Campo 'Fecha fin' rellenado: 08/03/2026
2026-03-08 13:00:39,479 - INFO - Calendarios cerrados, filtros de fecha configurados
2026-03-08 13:00:39,479 - INFO - 🔍 Presionando botón 'Buscar' para obtener el listado...
2026-03-08 13:00:39,516 - INFO - ✓ Búsqueda completada y tabla cargada
2026-03-08 13:00:41,521 - INFO - ✓ Se encontraron 1 registro(s)
2026-03-08 13:00:41,521 - INFO - 📄 Procesando página 1...
2026-03-08 13:00:41,525 - INFO -   -> 1 fila(s) en esta página
2026-03-08 13:00:41,550 - INFO - Fila 1: Iniciando descarga - Dismel Ltda | SUPERTIENDAS Y DROGUERIAS OLIMPICAS
2026-03-08 13:00:41,584 - INFO - Fila 1: Modal de formato abierto, esperando selección...
2026-03-08 13:00:42,621 - INFO - Fila 1: Formato XLSX seleccionado
2026-03-08 13:00:43,636 - INFO - Fila 1: Botón Descargar encontrado
2026-03-08 13:00:44,156 - INFO - Fila 1: Descargando archivo...
2026-03-08 13:00:50,000 - INFO - Fila 1: [OK] Descargado exitosamente: VENTAS_PAGE1_FILA1_20260308_130049.xlsx
2026-03-08 13:00:51,016 - INFO - No hay página siguiente. Fin de paginación.
2026-03-08 13:00:51,016 - INFO - ======================================================================
2026-03-08 13:00:51,016 - INFO - [OK] Proceso completado
2026-03-08 13:00:51,016 - INFO - [REPORT] Total de descargas: 1 archivo(s)
2026-03-08 13:00:51,016 - INFO - 📁 Ubicación: D:\TAREAS\CARVAJAL\descargas_reportes
2026-03-08 13:00:51,016 - INFO - [LOG] Logs guardados en: logs_reportes\reporte_descargas_20260308_130002.log
2026-03-08 13:00:51,017 - INFO - ======================================================================
2026-03-08 13:00:51,017 - INFO - ✅ Descarga de reportes de VENTAS completada exitosamente
2026-03-08 13:00:51,017 - INFO - ======================================================================
2026-03-08 13:00:51,017 - INFO - [*] Iniciando descarga de Reportes INVENTARIO
2026-03-08 13:00:51,017 - INFO - ======================================================================
2026-03-08 13:00:51,017 - INFO - Navegando a: https://cencarvajal.com/receivingadvicenewportal/#/home/consult-service?service=INVRPT
2026-03-08 13:00:51,020 - INFO - Esperando que Angular cargue...
2026-03-08 13:00:54,338 - INFO - ✓ Formulario de filtros cargado
2026-03-08 13:00:56,338 - INFO - Configurando filtro de fechas: 07/03/2026 a 08/03/2026
2026-03-08 13:00:56,357 - INFO - Campo 'Fecha inicio' rellenado: 07/03/2026
2026-03-08 13:00:56,889 - INFO - Campo 'Fecha fin' rellenado: 08/03/2026
2026-03-08 13:00:58,411 - INFO - Calendarios cerrados, filtros de fecha configurados
2026-03-08 13:00:58,411 - INFO - 🔍 Presionando botón 'Buscar' para obtener el listado...
2026-03-08 13:00:58,460 - INFO - ✓ Búsqueda completada y tabla cargada
2026-03-08 13:01:00,465 - INFO - ✓ Se encontraron 1 registro(s)
2026-03-08 13:01:00,465 - INFO - 📄 Procesando página 1...
2026-03-08 13:01:00,470 - INFO -   -> 1 fila(s) en esta página
2026-03-08 13:01:00,493 - INFO - Fila 1: Iniciando descarga - Dismel Ltda | SUPERTIENDAS Y DROGUERIAS OLIMPICAS
2026-03-08 13:01:00,533 - INFO - Fila 1: Modal de formato abierto, esperando selección...
2026-03-08 13:01:01,570 - INFO - Fila 1: Formato XLSX seleccionado
2026-03-08 13:01:02,585 - INFO - Fila 1: Botón Descargar encontrado
2026-03-08 13:01:03,107 - INFO - Fila 1: Descargando archivo...
2026-03-08 13:01:05,846 - INFO - Fila 1: [OK] Descargado exitosamente: INVENTARIO_PAGE1_FILA1_20260308_130105.xlsx
2026-03-08 13:01:06,873 - INFO - No hay página siguiente. Fin de paginación.
2026-03-08 13:01:06,873 - INFO - ======================================================================
2026-03-08 13:01:06,874 - INFO - [OK] Proceso completado
2026-03-08 13:01:06,874 - INFO - [REPORT] Total de descargas: 1 archivo(s)
2026-03-08 13:01:06,874 - INFO - 📁 Ubicación: D:\TAREAS\CARVAJAL\descargas_reportes
2026-03-08 13:01:06,874 - INFO - [LOG] Logs guardados en: logs_reportes\reporte_descargas_20260308_130002.log
2026-03-08 13:01:06,874 - INFO - ======================================================================
2026-03-08 13:01:06,874 - INFO - ✅ Descarga de reportes de INVENTARIO completada exitosamente
2026-03-08 13:01:07,012 - INFO - 
[OK] Navegador cerrado. Proceso finalizado correctamente
2026-03-08 13:01:07,012 - INFO - [LOG] Archivo de log: logs_reportes\reporte_descargas_20260308_130002.log
2026-03-08 13:01:07,013 - INFO - ======================================================================
