2026-03-07 00:00:02,007 - INFO - ======================================================================
2026-03-07 00:00:02,007 - INFO - INICIO DE SESIÓN - 07/03/2026 00:00:02
2026-03-07 00:00:02,008 - INFO - ======================================================================
2026-03-07 00:00:02,548 - INFO - Iniciando Playwright...
2026-03-07 00:00:02,721 - INFO - Navegador (Chromium) lanzado en modo visible
2026-03-07 00:00:03,098 - INFO - Navegando a: https://cencarvajal.com/#/portal/login
2026-03-07 00:00:08,241 - INFO - [Intento 1/3] Intentando login…
2026-03-07 00:00:10,705 - INFO - [Intento 1] Formulario de login enviado
2026-03-07 00:00:20,710 - WARNING - [Intento 1] No apareció 'Tus servicios' después de intentar login (posible modal)
2026-03-07 00:00:20,732 - INFO - [Intento 1] Se hizo clic en botón 'Continuar' del modal
2026-03-07 00:00:27,734 - WARNING - [Intento 1] Aún no aparece 'Tus servicios' tras aceptar modal
2026-03-07 00:00:27,734 - INFO - [Intento 1] Navegando de nuevo a login y reintentando...
2026-03-07 00:00:27,744 - INFO - [Intento 1] Página de login cargada nuevamente
2026-03-07 00:00:27,744 - INFO - [Intento 2/3] Intentando login…
2026-03-07 00:00:27,799 - INFO - [Intento 2] Formulario de login enviado
2026-03-07 00:00:30,164 - INFO - [Intento 2] [OK] Login exitoso - texto 'Tus servicios' encontrado
2026-03-07 00:00:30,164 - INFO - [Intento 2] Esperando que la página se cargue completamente...
2026-03-07 00:00:32,165 - INFO - [Intento 2] Página estabilizada, listo para descargar
2026-03-07 00:00:32,165 - INFO - ======================================================================
2026-03-07 00:00:32,165 - INFO - [*] Iniciando descarga de Reportes VENTAS
2026-03-07 00:00:32,165 - INFO - ======================================================================
2026-03-07 00:00:32,165 - INFO - Navegando a: https://cencarvajal.com/receivingadvicenewportal/#/home/consult-service?service=SLSRPT
2026-03-07 00:00:32,191 - INFO - Esperando que Angular cargue...
2026-03-07 00:00:35,742 - INFO - ✓ Formulario de filtros cargado
2026-03-07 00:00:37,744 - INFO - Configurando filtro de fechas: 06/03/2026 a 07/03/2026
2026-03-07 00:00:37,773 - INFO - Campo 'Fecha inicio' rellenado: 06/03/2026
2026-03-07 00:00:38,308 - INFO - Campo 'Fecha fin' rellenado: 07/03/2026
2026-03-07 00:00:39,818 - INFO - Calendarios cerrados, filtros de fecha configurados
2026-03-07 00:00:39,818 - INFO - 🔍 Presionando botón 'Buscar' para obtener el listado...
2026-03-07 00:00:39,860 - INFO - ✓ Búsqueda completada y tabla cargada
2026-03-07 00:00:41,867 - INFO - ✓ Se encontraron 2 registro(s)
2026-03-07 00:00:41,867 - INFO - 📄 Procesando página 1...
2026-03-07 00:00:41,871 - INFO -   -> 2 fila(s) en esta página
2026-03-07 00:00:41,897 - INFO - Fila 1: Iniciando descarga - Dismel Ltda | SUPERTIENDAS Y DROGUERIAS OLIMPICAS
2026-03-07 00:00:41,930 - INFO - Fila 1: Modal de formato abierto, esperando selección...
2026-03-07 00:00:42,966 - INFO - Fila 1: Formato XLSX seleccionado
2026-03-07 00:00:43,980 - INFO - Fila 1: Botón Descargar encontrado
2026-03-07 00:00:44,501 - INFO - Fila 1: Descargando archivo...
2026-03-07 00:00:50,281 - INFO - Fila 1: [OK] Descargado exitosamente: VENTAS_PAGE1_FILA1_20260307_000050.xlsx
2026-03-07 00:00:51,306 - INFO - Fila 2: Iniciando descarga - Dismel Ltda | SUPERTIENDAS Y DROGUERIAS OLIMPICAS
2026-03-07 00:00:51,343 - INFO - Fila 2: Modal de formato abierto, esperando selección...
2026-03-07 00:00:52,382 - INFO - Fila 2: Formato XLSX seleccionado
2026-03-07 00:00:53,396 - INFO - Fila 2: Botón Descargar encontrado
2026-03-07 00:00:53,917 - INFO - Fila 2: Descargando archivo...
2026-03-07 00:00:56,672 - INFO - Fila 2: [OK] Descargado exitosamente: VENTAS_PAGE1_FILA2_20260307_000056.xlsx
2026-03-07 00:00:57,689 - INFO - No hay página siguiente. Fin de paginación.
2026-03-07 00:00:57,690 - INFO - ======================================================================
2026-03-07 00:00:57,690 - INFO - [OK] Proceso completado
2026-03-07 00:00:57,690 - INFO - [REPORT] Total de descargas: 2 archivo(s)
2026-03-07 00:00:57,690 - INFO - 📁 Ubicación: D:\TAREAS\CARVAJAL\descargas_reportes
2026-03-07 00:00:57,690 - INFO - [LOG] Logs guardados en: logs_reportes\reporte_descargas_20260307_000002.log
2026-03-07 00:00:57,690 - INFO - ======================================================================
2026-03-07 00:00:57,691 - INFO - ✅ Descarga de reportes de VENTAS completada exitosamente
2026-03-07 00:00:57,691 - INFO - ======================================================================
2026-03-07 00:00:57,691 - INFO - [*] Iniciando descarga de Reportes INVENTARIO
2026-03-07 00:00:57,691 - INFO - ======================================================================
2026-03-07 00:00:57,691 - INFO - Navegando a: https://cencarvajal.com/receivingadvicenewportal/#/home/consult-service?service=INVRPT
2026-03-07 00:00:57,693 - INFO - Esperando que Angular cargue...
2026-03-07 00:01:01,012 - INFO - ✓ Formulario de filtros cargado
2026-03-07 00:01:03,013 - INFO - Configurando filtro de fechas: 06/03/2026 a 07/03/2026
2026-03-07 00:01:03,032 - INFO - Campo 'Fecha inicio' rellenado: 06/03/2026
2026-03-07 00:01:03,579 - INFO - Campo 'Fecha fin' rellenado: 07/03/2026
2026-03-07 00:01:05,088 - INFO - Calendarios cerrados, filtros de fecha configurados
2026-03-07 00:01:05,088 - INFO - 🔍 Presionando botón 'Buscar' para obtener el listado...
2026-03-07 00:01:05,121 - INFO - ✓ Búsqueda completada y tabla cargada
2026-03-07 00:01:07,127 - INFO - ✓ Se encontraron 2 registro(s)
2026-03-07 00:01:07,128 - INFO - 📄 Procesando página 1...
2026-03-07 00:01:07,132 - INFO -   -> 2 fila(s) en esta página
2026-03-07 00:01:07,156 - INFO - Fila 1: Iniciando descarga - Dismel Ltda | SUPERTIENDAS Y DROGUERIAS OLIMPICAS
2026-03-07 00:01:07,194 - INFO - Fila 1: Modal de formato abierto, esperando selección...
2026-03-07 00:01:08,231 - INFO - Fila 1: Formato XLSX seleccionado
2026-03-07 00:01:09,245 - INFO - Fila 1: Botón Descargar encontrado
2026-03-07 00:01:09,766 - INFO - Fila 1: Descargando archivo...
2026-03-07 00:01:12,959 - INFO - Fila 1: [OK] Descargado exitosamente: INVENTARIO_PAGE1_FILA1_20260307_000112.xlsx
2026-03-07 00:01:13,998 - INFO - Fila 2: Iniciando descarga - Dismel Ltda | SUPERTIENDAS Y DROGUERIAS OLIMPICAS
2026-03-07 00:01:14,023 - INFO - Fila 2: Modal de formato abierto, esperando selección...
2026-03-07 00:01:15,065 - INFO - Fila 2: Formato XLSX seleccionado
2026-03-07 00:01:16,080 - INFO - Fila 2: Botón Descargar encontrado
2026-03-07 00:01:16,599 - INFO - Fila 2: Descargando archivo...
2026-03-07 00:01:19,197 - INFO - Fila 2: [OK] Descargado exitosamente: INVENTARIO_PAGE1_FILA2_20260307_000119.xlsx
2026-03-07 00:01:20,213 - INFO - No hay página siguiente. Fin de paginación.
2026-03-07 00:01:20,213 - INFO - ======================================================================
2026-03-07 00:01:20,214 - INFO - [OK] Proceso completado
2026-03-07 00:01:20,214 - INFO - [REPORT] Total de descargas: 2 archivo(s)
2026-03-07 00:01:20,214 - INFO - 📁 Ubicación: D:\TAREAS\CARVAJAL\descargas_reportes
2026-03-07 00:01:20,214 - INFO - [LOG] Logs guardados en: logs_reportes\reporte_descargas_20260307_000002.log
2026-03-07 00:01:20,214 - INFO - ======================================================================
2026-03-07 00:01:20,214 - INFO - ✅ Descarga de reportes de INVENTARIO completada exitosamente
2026-03-07 00:01:20,323 - INFO - 
[OK] Navegador cerrado. Proceso finalizado correctamente
2026-03-07 00:01:20,323 - INFO - [LOG] Archivo de log: logs_reportes\reporte_descargas_20260307_000002.log
2026-03-07 00:01:20,323 - INFO - ======================================================================
