2026-03-08 14:00:02,012 - INFO - ======================================================================
2026-03-08 14:00:02,012 - INFO - INICIO DE SESIÓN - 08/03/2026 14:00:02
2026-03-08 14:00:02,013 - INFO - ======================================================================
2026-03-08 14:00:02,554 - INFO - Iniciando Playwright...
2026-03-08 14:00:02,729 - INFO - Navegador (Chromium) lanzado en modo visible
2026-03-08 14:00:03,089 - INFO - Navegando a: https://cencarvajal.com/#/portal/login
2026-03-08 14:00:08,310 - INFO - [Intento 1/3] Intentando login…
2026-03-08 14:00:10,783 - INFO - [Intento 1] Formulario de login enviado
2026-03-08 14:00:20,785 - WARNING - [Intento 1] No apareció 'Tus servicios' después de intentar login (posible modal)
2026-03-08 14:00:20,826 - INFO - [Intento 1] Se hizo clic en botón 'Continuar' del modal
2026-03-08 14:00:27,828 - WARNING - [Intento 1] Aún no aparece 'Tus servicios' tras aceptar modal
2026-03-08 14:00:27,828 - INFO - [Intento 1] Navegando de nuevo a login y reintentando...
2026-03-08 14:00:27,838 - INFO - [Intento 1] Página de login cargada nuevamente
2026-03-08 14:00:27,838 - INFO - [Intento 2/3] Intentando login…
2026-03-08 14:00:27,894 - INFO - [Intento 2] Formulario de login enviado
2026-03-08 14:00:30,250 - INFO - [Intento 2] [OK] Login exitoso - texto 'Tus servicios' encontrado
2026-03-08 14:00:30,250 - INFO - [Intento 2] Esperando que la página se cargue completamente...
2026-03-08 14:00:32,251 - INFO - [Intento 2] Página estabilizada, listo para descargar
2026-03-08 14:00:32,251 - INFO - ======================================================================
2026-03-08 14:00:32,251 - INFO - [*] Iniciando descarga de Reportes VENTAS
2026-03-08 14:00:32,251 - INFO - ======================================================================
2026-03-08 14:00:32,251 - INFO - Navegando a: https://cencarvajal.com/receivingadvicenewportal/#/home/consult-service?service=SLSRPT
2026-03-08 14:00:32,280 - INFO - Esperando que Angular cargue...
2026-03-08 14:00:35,825 - INFO - ✓ Formulario de filtros cargado
2026-03-08 14:00:37,826 - INFO - Configurando filtro de fechas: 07/03/2026 a 08/03/2026
2026-03-08 14:00:37,855 - INFO - Campo 'Fecha inicio' rellenado: 07/03/2026
2026-03-08 14:00:38,392 - INFO - Campo 'Fecha fin' rellenado: 08/03/2026
2026-03-08 14:00:39,919 - INFO - Calendarios cerrados, filtros de fecha configurados
2026-03-08 14:00:39,919 - INFO - 🔍 Presionando botón 'Buscar' para obtener el listado...
2026-03-08 14:00:39,971 - INFO - ✓ Búsqueda completada y tabla cargada
2026-03-08 14:00:41,976 - INFO - ✓ Se encontraron 1 registro(s)
2026-03-08 14:00:41,977 - INFO - 📄 Procesando página 1...
2026-03-08 14:00:41,981 - INFO -   -> 1 fila(s) en esta página
2026-03-08 14:00:42,005 - INFO - Fila 1: Iniciando descarga - Dismel Ltda | SUPERTIENDAS Y DROGUERIAS OLIMPICAS
2026-03-08 14:00:42,040 - INFO - Fila 1: Modal de formato abierto, esperando selección...
2026-03-08 14:00:43,077 - INFO - Fila 1: Formato XLSX seleccionado
2026-03-08 14:00:44,092 - INFO - Fila 1: Botón Descargar encontrado
2026-03-08 14:00:44,612 - INFO - Fila 1: Descargando archivo...
2026-03-08 14:00:50,900 - INFO - Fila 1: [OK] Descargado exitosamente: VENTAS_PAGE1_FILA1_20260308_140050.xlsx
2026-03-08 14:00:51,916 - INFO - No hay página siguiente. Fin de paginación.
2026-03-08 14:00:51,916 - INFO - ======================================================================
2026-03-08 14:00:51,917 - INFO - [OK] Proceso completado
2026-03-08 14:00:51,917 - INFO - [REPORT] Total de descargas: 1 archivo(s)
2026-03-08 14:00:51,917 - INFO - 📁 Ubicación: D:\TAREAS\CARVAJAL\descargas_reportes
2026-03-08 14:00:51,917 - INFO - [LOG] Logs guardados en: logs_reportes\reporte_descargas_20260308_140002.log
2026-03-08 14:00:51,917 - INFO - ======================================================================
2026-03-08 14:00:51,917 - INFO - ✅ Descarga de reportes de VENTAS completada exitosamente
2026-03-08 14:00:51,917 - INFO - ======================================================================
2026-03-08 14:00:51,917 - INFO - [*] Iniciando descarga de Reportes INVENTARIO
2026-03-08 14:00:51,917 - INFO - ======================================================================
2026-03-08 14:00:51,917 - INFO - Navegando a: https://cencarvajal.com/receivingadvicenewportal/#/home/consult-service?service=INVRPT
2026-03-08 14:00:51,920 - INFO - Esperando que Angular cargue...
2026-03-08 14:00:55,242 - INFO - ✓ Formulario de filtros cargado
2026-03-08 14:00:57,243 - INFO - Configurando filtro de fechas: 07/03/2026 a 08/03/2026
2026-03-08 14:00:57,261 - INFO - Campo 'Fecha inicio' rellenado: 07/03/2026
2026-03-08 14:00:57,792 - INFO - Campo 'Fecha fin' rellenado: 08/03/2026
2026-03-08 14:00:59,301 - INFO - Calendarios cerrados, filtros de fecha configurados
2026-03-08 14:00:59,301 - INFO - 🔍 Presionando botón 'Buscar' para obtener el listado...
2026-03-08 14:00:59,333 - INFO - ✓ Búsqueda completada y tabla cargada
2026-03-08 14:01:01,338 - INFO - ✓ Se encontraron 1 registro(s)
2026-03-08 14:01:01,338 - INFO - 📄 Procesando página 1...
2026-03-08 14:01:01,342 - INFO -   -> 1 fila(s) en esta página
2026-03-08 14:01:01,365 - INFO - Fila 1: Iniciando descarga - Dismel Ltda | SUPERTIENDAS Y DROGUERIAS OLIMPICAS
2026-03-08 14:01:01,405 - INFO - Fila 1: Modal de formato abierto, esperando selección...
2026-03-08 14:01:02,444 - INFO - Fila 1: Formato XLSX seleccionado
2026-03-08 14:01:03,459 - INFO - Fila 1: Botón Descargar encontrado
2026-03-08 14:01:03,980 - INFO - Fila 1: Descargando archivo...
2026-03-08 14:01:06,692 - INFO - Fila 1: [OK] Descargado exitosamente: INVENTARIO_PAGE1_FILA1_20260308_140106.xlsx
2026-03-08 14:01:07,720 - INFO - No hay página siguiente. Fin de paginación.
2026-03-08 14:01:07,720 - INFO - ======================================================================
2026-03-08 14:01:07,720 - INFO - [OK] Proceso completado
2026-03-08 14:01:07,720 - INFO - [REPORT] Total de descargas: 1 archivo(s)
2026-03-08 14:01:07,720 - INFO - 📁 Ubicación: D:\TAREAS\CARVAJAL\descargas_reportes
2026-03-08 14:01:07,720 - INFO - [LOG] Logs guardados en: logs_reportes\reporte_descargas_20260308_140002.log
2026-03-08 14:01:07,721 - INFO - ======================================================================
2026-03-08 14:01:07,721 - INFO - ✅ Descarga de reportes de INVENTARIO completada exitosamente
2026-03-08 14:01:07,802 - INFO - 
[OK] Navegador cerrado. Proceso finalizado correctamente
2026-03-08 14:01:07,802 - INFO - [LOG] Archivo de log: logs_reportes\reporte_descargas_20260308_140002.log
2026-03-08 14:01:07,802 - INFO - ======================================================================
