2026-03-08 08:00:02,006 - INFO - ======================================================================
2026-03-08 08:00:02,006 - INFO - INICIO DE SESIÓN - 08/03/2026 08:00:02
2026-03-08 08:00:02,007 - INFO - ======================================================================
2026-03-08 08:00:02,542 - INFO - Iniciando Playwright...
2026-03-08 08:00:02,719 - INFO - Navegador (Chromium) lanzado en modo visible
2026-03-08 08:00:03,088 - INFO - Navegando a: https://cencarvajal.com/#/portal/login
2026-03-08 08:00:08,454 - INFO - [Intento 1/3] Intentando login…
2026-03-08 08:00:10,466 - INFO - [Intento 1] Formulario de login enviado
2026-03-08 08:00:20,472 - WARNING - [Intento 1] No apareció 'Tus servicios' después de intentar login (posible modal)
2026-03-08 08:00:20,491 - INFO - [Intento 1] Se hizo clic en botón 'Continuar' del modal
2026-03-08 08:00:27,492 - WARNING - [Intento 1] Aún no aparece 'Tus servicios' tras aceptar modal
2026-03-08 08:00:27,492 - INFO - [Intento 1] Navegando de nuevo a login y reintentando...
2026-03-08 08:00:27,502 - INFO - [Intento 1] Página de login cargada nuevamente
2026-03-08 08:00:27,502 - INFO - [Intento 2/3] Intentando login…
2026-03-08 08:00:27,558 - INFO - [Intento 2] Formulario de login enviado
2026-03-08 08:00:29,889 - INFO - [Intento 2] [OK] Login exitoso - texto 'Tus servicios' encontrado
2026-03-08 08:00:29,889 - INFO - [Intento 2] Esperando que la página se cargue completamente...
2026-03-08 08:00:31,890 - INFO - [Intento 2] Página estabilizada, listo para descargar
2026-03-08 08:00:31,890 - INFO - ======================================================================
2026-03-08 08:00:31,890 - INFO - [*] Iniciando descarga de Reportes VENTAS
2026-03-08 08:00:31,890 - INFO - ======================================================================
2026-03-08 08:00:31,890 - INFO - Navegando a: https://cencarvajal.com/receivingadvicenewportal/#/home/consult-service?service=SLSRPT
2026-03-08 08:00:31,913 - INFO - Esperando que Angular cargue...
2026-03-08 08:00:35,469 - INFO - ✓ Formulario de filtros cargado
2026-03-08 08:00:37,470 - INFO - Configurando filtro de fechas: 07/03/2026 a 08/03/2026
2026-03-08 08:00:37,499 - INFO - Campo 'Fecha inicio' rellenado: 07/03/2026
2026-03-08 08:00:38,077 - INFO - Campo 'Fecha fin' rellenado: 08/03/2026
2026-03-08 08:00:39,587 - INFO - Calendarios cerrados, filtros de fecha configurados
2026-03-08 08:00:39,587 - INFO - 🔍 Presionando botón 'Buscar' para obtener el listado...
2026-03-08 08:00:39,619 - INFO - ✓ Búsqueda completada y tabla cargada
2026-03-08 08:00:41,625 - INFO - ✓ Se encontraron 1 registro(s)
2026-03-08 08:00:41,625 - INFO - 📄 Procesando página 1...
2026-03-08 08:00:41,629 - INFO -   -> 1 fila(s) en esta página
2026-03-08 08:00:41,653 - INFO - Fila 1: Iniciando descarga - Dismel Ltda | SUPERTIENDAS Y DROGUERIAS OLIMPICAS
2026-03-08 08:00:41,687 - INFO - Fila 1: Modal de formato abierto, esperando selección...
2026-03-08 08:00:42,724 - INFO - Fila 1: Formato XLSX seleccionado
2026-03-08 08:00:43,738 - INFO - Fila 1: Botón Descargar encontrado
2026-03-08 08:00:44,258 - INFO - Fila 1: Descargando archivo...
2026-03-08 08:00:50,461 - INFO - Fila 1: [OK] Descargado exitosamente: VENTAS_PAGE1_FILA1_20260308_080050.xlsx
2026-03-08 08:00:51,477 - INFO - No hay página siguiente. Fin de paginación.
2026-03-08 08:00:51,477 - INFO - ======================================================================
2026-03-08 08:00:51,477 - INFO - [OK] Proceso completado
2026-03-08 08:00:51,478 - INFO - [REPORT] Total de descargas: 1 archivo(s)
2026-03-08 08:00:51,478 - INFO - 📁 Ubicación: D:\TAREAS\CARVAJAL\descargas_reportes
2026-03-08 08:00:51,478 - INFO - [LOG] Logs guardados en: logs_reportes\reporte_descargas_20260308_080002.log
2026-03-08 08:00:51,478 - INFO - ======================================================================
2026-03-08 08:00:51,478 - INFO - ✅ Descarga de reportes de VENTAS completada exitosamente
2026-03-08 08:00:51,478 - INFO - ======================================================================
2026-03-08 08:00:51,478 - INFO - [*] Iniciando descarga de Reportes INVENTARIO
2026-03-08 08:00:51,478 - INFO - ======================================================================
2026-03-08 08:00:51,478 - INFO - Navegando a: https://cencarvajal.com/receivingadvicenewportal/#/home/consult-service?service=INVRPT
2026-03-08 08:00:51,481 - INFO - Esperando que Angular cargue...
2026-03-08 08:00:54,805 - INFO - ✓ Formulario de filtros cargado
2026-03-08 08:00:56,806 - INFO - Configurando filtro de fechas: 07/03/2026 a 08/03/2026
2026-03-08 08:00:56,824 - INFO - Campo 'Fecha inicio' rellenado: 07/03/2026
2026-03-08 08:00:57,356 - INFO - Campo 'Fecha fin' rellenado: 08/03/2026
2026-03-08 08:00:58,866 - INFO - Calendarios cerrados, filtros de fecha configurados
2026-03-08 08:00:58,866 - INFO - 🔍 Presionando botón 'Buscar' para obtener el listado...
2026-03-08 08:00:58,897 - INFO - ✓ Búsqueda completada y tabla cargada
2026-03-08 08:01:00,902 - INFO - ✓ Se encontraron 1 registro(s)
2026-03-08 08:01:00,902 - INFO - 📄 Procesando página 1...
2026-03-08 08:01:00,906 - INFO -   -> 1 fila(s) en esta página
2026-03-08 08:01:00,929 - INFO - Fila 1: Iniciando descarga - Dismel Ltda | SUPERTIENDAS Y DROGUERIAS OLIMPICAS
2026-03-08 08:01:00,970 - INFO - Fila 1: Modal de formato abierto, esperando selección...
2026-03-08 08:01:02,008 - INFO - Fila 1: Formato XLSX seleccionado
2026-03-08 08:01:03,023 - INFO - Fila 1: Botón Descargar encontrado
2026-03-08 08:01:03,543 - INFO - Fila 1: Descargando archivo...
2026-03-08 08:01:06,254 - INFO - Fila 1: [OK] Descargado exitosamente: INVENTARIO_PAGE1_FILA1_20260308_080106.xlsx
2026-03-08 08:01:07,269 - INFO - No hay página siguiente. Fin de paginación.
2026-03-08 08:01:07,270 - INFO - ======================================================================
2026-03-08 08:01:07,270 - INFO - [OK] Proceso completado
2026-03-08 08:01:07,270 - INFO - [REPORT] Total de descargas: 1 archivo(s)
2026-03-08 08:01:07,270 - INFO - 📁 Ubicación: D:\TAREAS\CARVAJAL\descargas_reportes
2026-03-08 08:01:07,270 - INFO - [LOG] Logs guardados en: logs_reportes\reporte_descargas_20260308_080002.log
2026-03-08 08:01:07,270 - INFO - ======================================================================
2026-03-08 08:01:07,270 - INFO - ✅ Descarga de reportes de INVENTARIO completada exitosamente
2026-03-08 08:01:07,431 - INFO - 
[OK] Navegador cerrado. Proceso finalizado correctamente
2026-03-08 08:01:07,431 - INFO - [LOG] Archivo de log: logs_reportes\reporte_descargas_20260308_080002.log
2026-03-08 08:01:07,432 - INFO - ======================================================================
