2026-03-07 21:00:02,011 - INFO - ======================================================================
2026-03-07 21:00:02,011 - INFO - INICIO DE SESIÓN - 07/03/2026 21:00:02
2026-03-07 21:00:02,011 - INFO - ======================================================================
2026-03-07 21:00:02,551 - INFO - Iniciando Playwright...
2026-03-07 21:00:02,728 - INFO - Navegador (Chromium) lanzado en modo visible
2026-03-07 21:00:03,096 - INFO - Navegando a: https://cencarvajal.com/#/portal/login
2026-03-07 21:00:08,150 - INFO - [Intento 1/3] Intentando login…
2026-03-07 21:00:10,549 - INFO - [Intento 1] Formulario de login enviado
2026-03-07 21:00:20,552 - WARNING - [Intento 1] No apareció 'Tus servicios' después de intentar login (posible modal)
2026-03-07 21:00:20,575 - INFO - [Intento 1] Se hizo clic en botón 'Continuar' del modal
2026-03-07 21:00:27,577 - WARNING - [Intento 1] Aún no aparece 'Tus servicios' tras aceptar modal
2026-03-07 21:00:27,577 - INFO - [Intento 1] Navegando de nuevo a login y reintentando...
2026-03-07 21:00:27,587 - INFO - [Intento 1] Página de login cargada nuevamente
2026-03-07 21:00:27,587 - INFO - [Intento 2/3] Intentando login…
2026-03-07 21:00:27,644 - INFO - [Intento 2] Formulario de login enviado
2026-03-07 21:00:30,013 - INFO - [Intento 2] [OK] Login exitoso - texto 'Tus servicios' encontrado
2026-03-07 21:00:30,013 - INFO - [Intento 2] Esperando que la página se cargue completamente...
2026-03-07 21:00:32,014 - INFO - [Intento 2] Página estabilizada, listo para descargar
2026-03-07 21:00:32,014 - INFO - ======================================================================
2026-03-07 21:00:32,014 - INFO - [*] Iniciando descarga de Reportes VENTAS
2026-03-07 21:00:32,014 - INFO - ======================================================================
2026-03-07 21:00:32,014 - INFO - Navegando a: https://cencarvajal.com/receivingadvicenewportal/#/home/consult-service?service=SLSRPT
2026-03-07 21:00:32,311 - INFO - Esperando que Angular cargue...
2026-03-07 21:00:36,534 - INFO - ✓ Formulario de filtros cargado
2026-03-07 21:00:38,535 - INFO - Configurando filtro de fechas: 06/03/2026 a 07/03/2026
2026-03-07 21:00:38,565 - INFO - Campo 'Fecha inicio' rellenado: 06/03/2026
2026-03-07 21:00:39,099 - INFO - Campo 'Fecha fin' rellenado: 07/03/2026
2026-03-07 21:00:40,609 - INFO - Calendarios cerrados, filtros de fecha configurados
2026-03-07 21:00:40,609 - INFO - 🔍 Presionando botón 'Buscar' para obtener el listado...
2026-03-07 21:00:40,653 - INFO - ✓ Búsqueda completada y tabla cargada
2026-03-07 21:00:42,659 - INFO - ✓ Se encontraron 2 registro(s)
2026-03-07 21:00:42,659 - INFO - 📄 Procesando página 1...
2026-03-07 21:00:42,664 - INFO -   -> 2 fila(s) en esta página
2026-03-07 21:00:42,689 - INFO - Fila 1: Iniciando descarga - Dismel Ltda | SUPERTIENDAS Y DROGUERIAS OLIMPICAS
2026-03-07 21:00:42,722 - INFO - Fila 1: Modal de formato abierto, esperando selección...
2026-03-07 21:00:43,759 - INFO - Fila 1: Formato XLSX seleccionado
2026-03-07 21:00:44,774 - INFO - Fila 1: Botón Descargar encontrado
2026-03-07 21:00:45,294 - INFO - Fila 1: Descargando archivo...
2026-03-07 21:00:51,107 - INFO - Fila 1: [OK] Descargado exitosamente: VENTAS_PAGE1_FILA1_20260307_210051.xlsx
2026-03-07 21:00:52,133 - INFO - Fila 2: Iniciando descarga - Dismel Ltda | SUPERTIENDAS Y DROGUERIAS OLIMPICAS
2026-03-07 21:00:52,171 - INFO - Fila 2: Modal de formato abierto, esperando selección...
2026-03-07 21:00:53,206 - INFO - Fila 2: Formato XLSX seleccionado
2026-03-07 21:00:54,221 - INFO - Fila 2: Botón Descargar encontrado
2026-03-07 21:00:54,742 - INFO - Fila 2: Descargando archivo...
2026-03-07 21:00:57,576 - INFO - Fila 2: [OK] Descargado exitosamente: VENTAS_PAGE1_FILA2_20260307_210057.xlsx
2026-03-07 21:00:58,593 - INFO - No hay página siguiente. Fin de paginación.
2026-03-07 21:00:58,593 - INFO - ======================================================================
2026-03-07 21:00:58,593 - INFO - [OK] Proceso completado
2026-03-07 21:00:58,593 - INFO - [REPORT] Total de descargas: 2 archivo(s)
2026-03-07 21:00:58,594 - INFO - 📁 Ubicación: D:\TAREAS\CARVAJAL\descargas_reportes
2026-03-07 21:00:58,594 - INFO - [LOG] Logs guardados en: logs_reportes\reporte_descargas_20260307_210002.log
2026-03-07 21:00:58,594 - INFO - ======================================================================
2026-03-07 21:00:58,594 - INFO - ✅ Descarga de reportes de VENTAS completada exitosamente
2026-03-07 21:00:58,594 - INFO - ======================================================================
2026-03-07 21:00:58,594 - INFO - [*] Iniciando descarga de Reportes INVENTARIO
2026-03-07 21:00:58,594 - INFO - ======================================================================
2026-03-07 21:00:58,594 - INFO - Navegando a: https://cencarvajal.com/receivingadvicenewportal/#/home/consult-service?service=INVRPT
2026-03-07 21:00:58,597 - INFO - Esperando que Angular cargue...
2026-03-07 21:01:01,917 - INFO - ✓ Formulario de filtros cargado
2026-03-07 21:01:03,918 - INFO - Configurando filtro de fechas: 06/03/2026 a 07/03/2026
2026-03-07 21:01:03,936 - INFO - Campo 'Fecha inicio' rellenado: 06/03/2026
2026-03-07 21:01:04,467 - INFO - Campo 'Fecha fin' rellenado: 07/03/2026
2026-03-07 21:01:05,977 - INFO - Calendarios cerrados, filtros de fecha configurados
2026-03-07 21:01:05,977 - INFO - 🔍 Presionando botón 'Buscar' para obtener el listado...
2026-03-07 21:01:06,015 - INFO - ✓ Búsqueda completada y tabla cargada
2026-03-07 21:01:08,020 - INFO - ✓ Se encontraron 2 registro(s)
2026-03-07 21:01:08,021 - INFO - 📄 Procesando página 1...
2026-03-07 21:01:08,024 - INFO -   -> 2 fila(s) en esta página
2026-03-07 21:01:08,048 - INFO - Fila 1: Iniciando descarga - Dismel Ltda | SUPERTIENDAS Y DROGUERIAS OLIMPICAS
2026-03-07 21:01:08,086 - INFO - Fila 1: Modal de formato abierto, esperando selección...
2026-03-07 21:01:09,125 - INFO - Fila 1: Formato XLSX seleccionado
2026-03-07 21:01:10,138 - INFO - Fila 1: Botón Descargar encontrado
2026-03-07 21:01:10,660 - INFO - Fila 1: Descargando archivo...
2026-03-07 21:01:13,405 - INFO - Fila 1: [OK] Descargado exitosamente: INVENTARIO_PAGE1_FILA1_20260307_210113.xlsx
2026-03-07 21:01:14,443 - INFO - Fila 2: Iniciando descarga - Dismel Ltda | SUPERTIENDAS Y DROGUERIAS OLIMPICAS
2026-03-07 21:01:14,470 - INFO - Fila 2: Modal de formato abierto, esperando selección...
2026-03-07 21:01:15,506 - INFO - Fila 2: Formato XLSX seleccionado
2026-03-07 21:01:16,521 - INFO - Fila 2: Botón Descargar encontrado
2026-03-07 21:01:17,043 - INFO - Fila 2: Descargando archivo...
2026-03-07 21:01:19,632 - INFO - Fila 2: [OK] Descargado exitosamente: INVENTARIO_PAGE1_FILA2_20260307_210119.xlsx
2026-03-07 21:01:20,647 - INFO - No hay página siguiente. Fin de paginación.
2026-03-07 21:01:20,648 - INFO - ======================================================================
2026-03-07 21:01:20,648 - INFO - [OK] Proceso completado
2026-03-07 21:01:20,648 - INFO - [REPORT] Total de descargas: 2 archivo(s)
2026-03-07 21:01:20,648 - INFO - 📁 Ubicación: D:\TAREAS\CARVAJAL\descargas_reportes
2026-03-07 21:01:20,648 - INFO - [LOG] Logs guardados en: logs_reportes\reporte_descargas_20260307_210002.log
2026-03-07 21:01:20,648 - INFO - ======================================================================
2026-03-07 21:01:20,648 - INFO - ✅ Descarga de reportes de INVENTARIO completada exitosamente
2026-03-07 21:01:20,742 - INFO - 
[OK] Navegador cerrado. Proceso finalizado correctamente
2026-03-07 21:01:20,743 - INFO - [LOG] Archivo de log: logs_reportes\reporte_descargas_20260307_210002.log
2026-03-07 21:01:20,743 - INFO - ======================================================================
