2026-03-08 06:00:02,633 - INFO - ======================================================================
2026-03-08 06:00:02,633 - INFO - INICIO DE SESIÓN - 08/03/2026 06:00:02
2026-03-08 06:00:02,633 - INFO - ======================================================================
2026-03-08 06:00:05,373 - INFO - Iniciando Playwright...
2026-03-08 06:00:20,666 - INFO - Navegador (Chromium) lanzado en modo visible
2026-03-08 06:00:31,022 - INFO - Navegando a: https://cencarvajal.com/#/portal/login
2026-03-08 06:00:46,668 - INFO - [Intento 1/3] Intentando login…
2026-03-08 06:00:50,106 - INFO - [Intento 1] Formulario de login enviado
2026-03-08 06:01:00,109 - WARNING - [Intento 1] No apareció 'Tus servicios' después de intentar login (posible modal)
2026-03-08 06:01:00,219 - INFO - [Intento 1] Se hizo clic en botón 'Continuar' del modal
2026-03-08 06:01:07,221 - WARNING - [Intento 1] Aún no aparece 'Tus servicios' tras aceptar modal
2026-03-08 06:01:07,221 - INFO - [Intento 1] Navegando de nuevo a login y reintentando...
2026-03-08 06:01:07,456 - INFO - [Intento 1] Página de login cargada nuevamente
2026-03-08 06:01:07,456 - INFO - [Intento 2/3] Intentando login…
2026-03-08 06:01:07,526 - INFO - [Intento 2] Formulario de login enviado
2026-03-08 06:01:10,417 - INFO - [Intento 2] [OK] Login exitoso - texto 'Tus servicios' encontrado
2026-03-08 06:01:10,417 - INFO - [Intento 2] Esperando que la página se cargue completamente...
2026-03-08 06:01:12,418 - INFO - [Intento 2] Página estabilizada, listo para descargar
2026-03-08 06:01:12,418 - INFO - ======================================================================
2026-03-08 06:01:12,418 - INFO - [*] Iniciando descarga de Reportes VENTAS
2026-03-08 06:01:12,418 - INFO - ======================================================================
2026-03-08 06:01:12,418 - INFO - Navegando a: https://cencarvajal.com/receivingadvicenewportal/#/home/consult-service?service=SLSRPT
2026-03-08 06:01:12,660 - INFO - Esperando que Angular cargue...
2026-03-08 06:01:16,569 - INFO - ✓ Formulario de filtros cargado
2026-03-08 06:01:18,570 - INFO - Configurando filtro de fechas: 07/03/2026 a 08/03/2026
2026-03-08 06:01:18,788 - INFO - Campo 'Fecha inicio' rellenado: 07/03/2026
2026-03-08 06:01:19,618 - INFO - Campo 'Fecha fin' rellenado: 08/03/2026
2026-03-08 06:01:21,160 - INFO - Calendarios cerrados, filtros de fecha configurados
2026-03-08 06:01:21,160 - INFO - 🔍 Presionando botón 'Buscar' para obtener el listado...
2026-03-08 06:01:21,275 - INFO - ✓ Búsqueda completada y tabla cargada
2026-03-08 06:01:23,304 - INFO - ✓ Se encontraron 1 registro(s)
2026-03-08 06:01:23,304 - INFO - 📄 Procesando página 1...
2026-03-08 06:01:23,308 - INFO -   -> 1 fila(s) en esta página
2026-03-08 06:01:23,332 - INFO - Fila 1: Iniciando descarga - Dismel Ltda | SUPERTIENDAS Y DROGUERIAS OLIMPICAS
2026-03-08 06:01:23,469 - INFO - Fila 1: Modal de formato abierto, esperando selección...
2026-03-08 06:01:24,575 - INFO - Fila 1: Formato XLSX seleccionado
2026-03-08 06:01:25,590 - INFO - Fila 1: Botón Descargar encontrado
2026-03-08 06:01:26,127 - INFO - Fila 1: Descargando archivo...
2026-03-08 06:01:32,861 - INFO - Fila 1: [OK] Descargado exitosamente: VENTAS_PAGE1_FILA1_20260308_060132.xlsx
2026-03-08 06:01:34,008 - INFO - No hay página siguiente. Fin de paginación.
2026-03-08 06:01:34,008 - INFO - ======================================================================
2026-03-08 06:01:34,009 - INFO - [OK] Proceso completado
2026-03-08 06:01:34,009 - INFO - [REPORT] Total de descargas: 1 archivo(s)
2026-03-08 06:01:34,009 - INFO - 📁 Ubicación: D:\TAREAS\CARVAJAL\descargas_reportes
2026-03-08 06:01:34,009 - INFO - [LOG] Logs guardados en: logs_reportes\reporte_descargas_20260308_060002.log
2026-03-08 06:01:34,009 - INFO - ======================================================================
2026-03-08 06:01:34,009 - INFO - ✅ Descarga de reportes de VENTAS completada exitosamente
2026-03-08 06:01:34,009 - INFO - ======================================================================
2026-03-08 06:01:34,009 - INFO - [*] Iniciando descarga de Reportes INVENTARIO
2026-03-08 06:01:34,009 - INFO - ======================================================================
2026-03-08 06:01:34,009 - INFO - Navegando a: https://cencarvajal.com/receivingadvicenewportal/#/home/consult-service?service=INVRPT
2026-03-08 06:01:34,015 - INFO - Esperando que Angular cargue...
2026-03-08 06:01:37,389 - INFO - ✓ Formulario de filtros cargado
2026-03-08 06:01:39,390 - INFO - Configurando filtro de fechas: 07/03/2026 a 08/03/2026
2026-03-08 06:01:39,409 - INFO - Campo 'Fecha inicio' rellenado: 07/03/2026
2026-03-08 06:01:39,940 - INFO - Campo 'Fecha fin' rellenado: 08/03/2026
2026-03-08 06:01:41,449 - INFO - Calendarios cerrados, filtros de fecha configurados
2026-03-08 06:01:41,449 - INFO - 🔍 Presionando botón 'Buscar' para obtener el listado...
2026-03-08 06:01:41,484 - INFO - ✓ Búsqueda completada y tabla cargada
2026-03-08 06:01:43,489 - INFO - ✓ Se encontraron 1 registro(s)
2026-03-08 06:01:43,489 - INFO - 📄 Procesando página 1...
2026-03-08 06:01:43,493 - INFO -   -> 1 fila(s) en esta página
2026-03-08 06:01:43,516 - INFO - Fila 1: Iniciando descarga - Dismel Ltda | SUPERTIENDAS Y DROGUERIAS OLIMPICAS
2026-03-08 06:01:43,556 - INFO - Fila 1: Modal de formato abierto, esperando selección...
2026-03-08 06:01:44,593 - INFO - Fila 1: Formato XLSX seleccionado
2026-03-08 06:01:45,608 - INFO - Fila 1: Botón Descargar encontrado
2026-03-08 06:01:46,128 - INFO - Fila 1: Descargando archivo...
2026-03-08 06:01:48,827 - INFO - Fila 1: [OK] Descargado exitosamente: INVENTARIO_PAGE1_FILA1_20260308_060148.xlsx
2026-03-08 06:01:49,841 - INFO - No hay página siguiente. Fin de paginación.
2026-03-08 06:01:49,841 - INFO - ======================================================================
2026-03-08 06:01:49,841 - INFO - [OK] Proceso completado
2026-03-08 06:01:49,841 - INFO - [REPORT] Total de descargas: 1 archivo(s)
2026-03-08 06:01:49,842 - INFO - 📁 Ubicación: D:\TAREAS\CARVAJAL\descargas_reportes
2026-03-08 06:01:49,842 - INFO - [LOG] Logs guardados en: logs_reportes\reporte_descargas_20260308_060002.log
2026-03-08 06:01:49,842 - INFO - ======================================================================
2026-03-08 06:01:49,842 - INFO - ✅ Descarga de reportes de INVENTARIO completada exitosamente
2026-03-08 06:01:51,611 - INFO - 
[OK] Navegador cerrado. Proceso finalizado correctamente
2026-03-08 06:01:51,611 - INFO - [LOG] Archivo de log: logs_reportes\reporte_descargas_20260308_060002.log
2026-03-08 06:01:51,612 - INFO - ======================================================================
