2026-03-08 10:00:02,445 - INFO - ======================================================================
2026-03-08 10:00:02,445 - INFO - INICIO DE SESIÓN - 08/03/2026 10:00:02
2026-03-08 10:00:02,446 - INFO - ======================================================================
2026-03-08 10:00:12,570 - INFO - Iniciando Playwright...
2026-03-08 10:00:15,006 - INFO - Navegador (Chromium) lanzado en modo visible
2026-03-08 10:00:15,377 - INFO - Navegando a: https://cencarvajal.com/#/portal/login
2026-03-08 10:00:21,636 - INFO - [Intento 1/3] Intentando login…
2026-03-08 10:00:23,627 - INFO - [Intento 1] Formulario de login enviado
2026-03-08 10:00:33,629 - WARNING - [Intento 1] No apareció 'Tus servicios' después de intentar login (posible modal)
2026-03-08 10:00:33,652 - INFO - [Intento 1] Se hizo clic en botón 'Continuar' del modal
2026-03-08 10:00:40,654 - WARNING - [Intento 1] Aún no aparece 'Tus servicios' tras aceptar modal
2026-03-08 10:00:40,654 - INFO - [Intento 1] Navegando de nuevo a login y reintentando...
2026-03-08 10:00:40,664 - INFO - [Intento 1] Página de login cargada nuevamente
2026-03-08 10:00:40,664 - INFO - [Intento 2/3] Intentando login…
2026-03-08 10:00:40,722 - INFO - [Intento 2] Formulario de login enviado
2026-03-08 10:00:43,019 - INFO - [Intento 2] [OK] Login exitoso - texto 'Tus servicios' encontrado
2026-03-08 10:00:43,019 - INFO - [Intento 2] Esperando que la página se cargue completamente...
2026-03-08 10:00:45,020 - INFO - [Intento 2] Página estabilizada, listo para descargar
2026-03-08 10:00:45,020 - INFO - ======================================================================
2026-03-08 10:00:45,020 - INFO - [*] Iniciando descarga de Reportes VENTAS
2026-03-08 10:00:45,020 - INFO - ======================================================================
2026-03-08 10:00:45,020 - INFO - Navegando a: https://cencarvajal.com/receivingadvicenewportal/#/home/consult-service?service=SLSRPT
2026-03-08 10:00:45,050 - INFO - Esperando que Angular cargue...
2026-03-08 10:00:48,660 - INFO - ✓ Formulario de filtros cargado
2026-03-08 10:00:50,662 - INFO - Configurando filtro de fechas: 07/03/2026 a 08/03/2026
2026-03-08 10:00:50,704 - INFO - Campo 'Fecha inicio' rellenado: 07/03/2026
2026-03-08 10:00:51,255 - INFO - Campo 'Fecha fin' rellenado: 08/03/2026
2026-03-08 10:00:52,765 - INFO - Calendarios cerrados, filtros de fecha configurados
2026-03-08 10:00:52,765 - INFO - 🔍 Presionando botón 'Buscar' para obtener el listado...
2026-03-08 10:00:52,797 - INFO - ✓ Búsqueda completada y tabla cargada
2026-03-08 10:00:54,804 - INFO - ✓ Se encontraron 1 registro(s)
2026-03-08 10:00:54,804 - INFO - 📄 Procesando página 1...
2026-03-08 10:00:54,808 - INFO -   -> 1 fila(s) en esta página
2026-03-08 10:00:54,832 - INFO - Fila 1: Iniciando descarga - Dismel Ltda | SUPERTIENDAS Y DROGUERIAS OLIMPICAS
2026-03-08 10:00:54,865 - INFO - Fila 1: Modal de formato abierto, esperando selección...
2026-03-08 10:00:55,903 - INFO - Fila 1: Formato XLSX seleccionado
2026-03-08 10:00:56,917 - INFO - Fila 1: Botón Descargar encontrado
2026-03-08 10:00:57,438 - INFO - Fila 1: Descargando archivo...
2026-03-08 10:01:03,718 - INFO - Fila 1: [OK] Descargado exitosamente: VENTAS_PAGE1_FILA1_20260308_100103.xlsx
2026-03-08 10:01:04,734 - INFO - No hay página siguiente. Fin de paginación.
2026-03-08 10:01:04,734 - INFO - ======================================================================
2026-03-08 10:01:04,735 - INFO - [OK] Proceso completado
2026-03-08 10:01:04,735 - INFO - [REPORT] Total de descargas: 1 archivo(s)
2026-03-08 10:01:04,735 - INFO - 📁 Ubicación: D:\TAREAS\CARVAJAL\descargas_reportes
2026-03-08 10:01:04,735 - INFO - [LOG] Logs guardados en: logs_reportes\reporte_descargas_20260308_100002.log
2026-03-08 10:01:04,735 - INFO - ======================================================================
2026-03-08 10:01:04,735 - INFO - ✅ Descarga de reportes de VENTAS completada exitosamente
2026-03-08 10:01:04,735 - INFO - ======================================================================
2026-03-08 10:01:04,735 - INFO - [*] Iniciando descarga de Reportes INVENTARIO
2026-03-08 10:01:04,735 - INFO - ======================================================================
2026-03-08 10:01:04,735 - INFO - Navegando a: https://cencarvajal.com/receivingadvicenewportal/#/home/consult-service?service=INVRPT
2026-03-08 10:01:04,738 - INFO - Esperando que Angular cargue...
2026-03-08 10:01:08,058 - INFO - ✓ Formulario de filtros cargado
2026-03-08 10:01:10,059 - INFO - Configurando filtro de fechas: 07/03/2026 a 08/03/2026
2026-03-08 10:01:10,078 - INFO - Campo 'Fecha inicio' rellenado: 07/03/2026
2026-03-08 10:01:10,608 - INFO - Campo 'Fecha fin' rellenado: 08/03/2026
2026-03-08 10:01:12,119 - INFO - Calendarios cerrados, filtros de fecha configurados
2026-03-08 10:01:12,119 - INFO - 🔍 Presionando botón 'Buscar' para obtener el listado...
2026-03-08 10:01:12,158 - INFO - ✓ Búsqueda completada y tabla cargada
2026-03-08 10:01:14,163 - INFO - ✓ Se encontraron 1 registro(s)
2026-03-08 10:01:14,163 - INFO - 📄 Procesando página 1...
2026-03-08 10:01:14,168 - INFO -   -> 1 fila(s) en esta página
2026-03-08 10:01:14,192 - INFO - Fila 1: Iniciando descarga - Dismel Ltda | SUPERTIENDAS Y DROGUERIAS OLIMPICAS
2026-03-08 10:01:14,231 - INFO - Fila 1: Modal de formato abierto, esperando selección...
2026-03-08 10:01:15,269 - INFO - Fila 1: Formato XLSX seleccionado
2026-03-08 10:01:16,284 - INFO - Fila 1: Botón Descargar encontrado
2026-03-08 10:01:16,804 - INFO - Fila 1: Descargando archivo...
2026-03-08 10:01:19,492 - INFO - Fila 1: [OK] Descargado exitosamente: INVENTARIO_PAGE1_FILA1_20260308_100119.xlsx
2026-03-08 10:01:20,507 - INFO - No hay página siguiente. Fin de paginación.
2026-03-08 10:01:20,508 - INFO - ======================================================================
2026-03-08 10:01:20,508 - INFO - [OK] Proceso completado
2026-03-08 10:01:20,508 - INFO - [REPORT] Total de descargas: 1 archivo(s)
2026-03-08 10:01:20,508 - INFO - 📁 Ubicación: D:\TAREAS\CARVAJAL\descargas_reportes
2026-03-08 10:01:20,508 - INFO - [LOG] Logs guardados en: logs_reportes\reporte_descargas_20260308_100002.log
2026-03-08 10:01:20,508 - INFO - ======================================================================
2026-03-08 10:01:20,509 - INFO - ✅ Descarga de reportes de INVENTARIO completada exitosamente
2026-03-08 10:01:20,616 - INFO - 
[OK] Navegador cerrado. Proceso finalizado correctamente
2026-03-08 10:01:20,616 - INFO - [LOG] Archivo de log: logs_reportes\reporte_descargas_20260308_100002.log
2026-03-08 10:01:20,616 - INFO - ======================================================================
