2026-03-08 07:00:02,023 - INFO - ======================================================================
2026-03-08 07:00:02,023 - INFO - INICIO DE SESIÓN - 08/03/2026 07:00:02
2026-03-08 07:00:02,023 - INFO - ======================================================================
2026-03-08 07:00:02,564 - INFO - Iniciando Playwright...
2026-03-08 07:00:02,739 - INFO - Navegador (Chromium) lanzado en modo visible
2026-03-08 07:00:03,113 - INFO - Navegando a: https://cencarvajal.com/#/portal/login
2026-03-08 07:00:08,096 - INFO - [Intento 1/3] Intentando login…
2026-03-08 07:00:11,089 - INFO - [Intento 1] Formulario de login enviado
2026-03-08 07:00:21,092 - WARNING - [Intento 1] No apareció 'Tus servicios' después de intentar login (posible modal)
2026-03-08 07:00:21,118 - INFO - [Intento 1] Se hizo clic en botón 'Continuar' del modal
2026-03-08 07:00:28,121 - WARNING - [Intento 1] Aún no aparece 'Tus servicios' tras aceptar modal
2026-03-08 07:00:28,121 - INFO - [Intento 1] Navegando de nuevo a login y reintentando...
2026-03-08 07:00:28,131 - INFO - [Intento 1] Página de login cargada nuevamente
2026-03-08 07:00:28,131 - INFO - [Intento 2/3] Intentando login…
2026-03-08 07:00:28,186 - INFO - [Intento 2] Formulario de login enviado
2026-03-08 07:00:29,999 - INFO - [Intento 2] [OK] Login exitoso - texto 'Tus servicios' encontrado
2026-03-08 07:00:29,999 - INFO - [Intento 2] Esperando que la página se cargue completamente...
2026-03-08 07:00:32,000 - INFO - [Intento 2] Página estabilizada, listo para descargar
2026-03-08 07:00:32,000 - INFO - ======================================================================
2026-03-08 07:00:32,000 - INFO - [*] Iniciando descarga de Reportes VENTAS
2026-03-08 07:00:32,000 - INFO - ======================================================================
2026-03-08 07:00:32,000 - INFO - Navegando a: https://cencarvajal.com/receivingadvicenewportal/#/home/consult-service?service=SLSRPT
2026-03-08 07:00:32,031 - INFO - Esperando que Angular cargue...
2026-03-08 07:00:35,600 - INFO - ✓ Formulario de filtros cargado
2026-03-08 07:00:37,601 - INFO - Configurando filtro de fechas: 07/03/2026 a 08/03/2026
2026-03-08 07:00:37,630 - INFO - Campo 'Fecha inicio' rellenado: 07/03/2026
2026-03-08 07:00:38,203 - INFO - Campo 'Fecha fin' rellenado: 08/03/2026
2026-03-08 07:00:39,714 - INFO - Calendarios cerrados, filtros de fecha configurados
2026-03-08 07:00:39,714 - INFO - 🔍 Presionando botón 'Buscar' para obtener el listado...
2026-03-08 07:00:39,746 - INFO - ✓ Búsqueda completada y tabla cargada
2026-03-08 07:00:41,752 - INFO - ✓ Se encontraron 1 registro(s)
2026-03-08 07:00:41,752 - INFO - 📄 Procesando página 1...
2026-03-08 07:00:41,756 - INFO -   -> 1 fila(s) en esta página
2026-03-08 07:00:41,780 - INFO - Fila 1: Iniciando descarga - Dismel Ltda | SUPERTIENDAS Y DROGUERIAS OLIMPICAS
2026-03-08 07:00:41,815 - INFO - Fila 1: Modal de formato abierto, esperando selección...
2026-03-08 07:00:42,852 - INFO - Fila 1: Formato XLSX seleccionado
2026-03-08 07:00:43,867 - INFO - Fila 1: Botón Descargar encontrado
2026-03-08 07:00:44,387 - INFO - Fila 1: Descargando archivo...
2026-03-08 07:00:50,269 - INFO - Fila 1: [OK] Descargado exitosamente: VENTAS_PAGE1_FILA1_20260308_070050.xlsx
2026-03-08 07:00:51,284 - INFO - No hay página siguiente. Fin de paginación.
2026-03-08 07:00:51,284 - INFO - ======================================================================
2026-03-08 07:00:51,284 - INFO - [OK] Proceso completado
2026-03-08 07:00:51,284 - INFO - [REPORT] Total de descargas: 1 archivo(s)
2026-03-08 07:00:51,285 - INFO - 📁 Ubicación: D:\TAREAS\CARVAJAL\descargas_reportes
2026-03-08 07:00:51,285 - INFO - [LOG] Logs guardados en: logs_reportes\reporte_descargas_20260308_070002.log
2026-03-08 07:00:51,285 - INFO - ======================================================================
2026-03-08 07:00:51,285 - INFO - ✅ Descarga de reportes de VENTAS completada exitosamente
2026-03-08 07:00:51,285 - INFO - ======================================================================
2026-03-08 07:00:51,285 - INFO - [*] Iniciando descarga de Reportes INVENTARIO
2026-03-08 07:00:51,285 - INFO - ======================================================================
2026-03-08 07:00:51,285 - INFO - Navegando a: https://cencarvajal.com/receivingadvicenewportal/#/home/consult-service?service=INVRPT
2026-03-08 07:00:51,288 - INFO - Esperando que Angular cargue...
2026-03-08 07:00:54,605 - INFO - ✓ Formulario de filtros cargado
2026-03-08 07:00:56,606 - INFO - Configurando filtro de fechas: 07/03/2026 a 08/03/2026
2026-03-08 07:00:56,625 - INFO - Campo 'Fecha inicio' rellenado: 07/03/2026
2026-03-08 07:00:57,155 - INFO - Campo 'Fecha fin' rellenado: 08/03/2026
2026-03-08 07:00:58,665 - INFO - Calendarios cerrados, filtros de fecha configurados
2026-03-08 07:00:58,665 - INFO - 🔍 Presionando botón 'Buscar' para obtener el listado...
2026-03-08 07:00:58,708 - INFO - ✓ Búsqueda completada y tabla cargada
2026-03-08 07:01:00,713 - INFO - ✓ Se encontraron 1 registro(s)
2026-03-08 07:01:00,713 - INFO - 📄 Procesando página 1...
2026-03-08 07:01:00,718 - INFO -   -> 1 fila(s) en esta página
2026-03-08 07:01:00,741 - INFO - Fila 1: Iniciando descarga - Dismel Ltda | SUPERTIENDAS Y DROGUERIAS OLIMPICAS
2026-03-08 07:01:00,779 - INFO - Fila 1: Modal de formato abierto, esperando selección...
2026-03-08 07:01:01,817 - INFO - Fila 1: Formato XLSX seleccionado
2026-03-08 07:01:02,832 - INFO - Fila 1: Botón Descargar encontrado
2026-03-08 07:01:03,353 - INFO - Fila 1: Descargando archivo...
2026-03-08 07:01:06,066 - INFO - Fila 1: [OK] Descargado exitosamente: INVENTARIO_PAGE1_FILA1_20260308_070106.xlsx
2026-03-08 07:01:07,082 - INFO - No hay página siguiente. Fin de paginación.
2026-03-08 07:01:07,083 - INFO - ======================================================================
2026-03-08 07:01:07,083 - INFO - [OK] Proceso completado
2026-03-08 07:01:07,083 - INFO - [REPORT] Total de descargas: 1 archivo(s)
2026-03-08 07:01:07,083 - INFO - 📁 Ubicación: D:\TAREAS\CARVAJAL\descargas_reportes
2026-03-08 07:01:07,083 - INFO - [LOG] Logs guardados en: logs_reportes\reporte_descargas_20260308_070002.log
2026-03-08 07:01:07,083 - INFO - ======================================================================
2026-03-08 07:01:07,084 - INFO - ✅ Descarga de reportes de INVENTARIO completada exitosamente
2026-03-08 07:01:07,164 - INFO - 
[OK] Navegador cerrado. Proceso finalizado correctamente
2026-03-08 07:01:07,164 - INFO - [LOG] Archivo de log: logs_reportes\reporte_descargas_20260308_070002.log
2026-03-08 07:01:07,164 - INFO - ======================================================================
