2026-03-08 16:00:02,008 - INFO - ======================================================================
2026-03-08 16:00:02,008 - INFO - INICIO DE SESIÓN - 08/03/2026 16:00:02
2026-03-08 16:00:02,008 - INFO - ======================================================================
2026-03-08 16:00:02,559 - INFO - Iniciando Playwright...
2026-03-08 16:00:02,736 - INFO - Navegador (Chromium) lanzado en modo visible
2026-03-08 16:00:03,110 - INFO - Navegando a: https://cencarvajal.com/#/portal/login
2026-03-08 16:00:08,346 - INFO - [Intento 1/3] Intentando login…
2026-03-08 16:00:10,812 - INFO - [Intento 1] Formulario de login enviado
2026-03-08 16:00:20,814 - WARNING - [Intento 1] No apareció 'Tus servicios' después de intentar login (posible modal)
2026-03-08 16:00:20,838 - INFO - [Intento 1] Se hizo clic en botón 'Continuar' del modal
2026-03-08 16:00:27,841 - WARNING - [Intento 1] Aún no aparece 'Tus servicios' tras aceptar modal
2026-03-08 16:00:27,841 - INFO - [Intento 1] Navegando de nuevo a login y reintentando...
2026-03-08 16:00:27,850 - INFO - [Intento 1] Página de login cargada nuevamente
2026-03-08 16:00:27,850 - INFO - [Intento 2/3] Intentando login…
2026-03-08 16:00:27,906 - INFO - [Intento 2] Formulario de login enviado
2026-03-08 16:00:30,259 - INFO - [Intento 2] [OK] Login exitoso - texto 'Tus servicios' encontrado
2026-03-08 16:00:30,259 - INFO - [Intento 2] Esperando que la página se cargue completamente...
2026-03-08 16:00:32,260 - INFO - [Intento 2] Página estabilizada, listo para descargar
2026-03-08 16:00:32,260 - INFO - ======================================================================
2026-03-08 16:00:32,260 - INFO - [*] Iniciando descarga de Reportes VENTAS
2026-03-08 16:00:32,260 - INFO - ======================================================================
2026-03-08 16:00:32,260 - INFO - Navegando a: https://cencarvajal.com/receivingadvicenewportal/#/home/consult-service?service=SLSRPT
2026-03-08 16:00:32,285 - INFO - Esperando que Angular cargue...
2026-03-08 16:00:35,837 - INFO - ✓ Formulario de filtros cargado
2026-03-08 16:00:37,838 - INFO - Configurando filtro de fechas: 07/03/2026 a 08/03/2026
2026-03-08 16:00:37,869 - INFO - Campo 'Fecha inicio' rellenado: 07/03/2026
2026-03-08 16:00:38,406 - INFO - Campo 'Fecha fin' rellenado: 08/03/2026
2026-03-08 16:00:39,934 - INFO - Calendarios cerrados, filtros de fecha configurados
2026-03-08 16:00:39,934 - INFO - 🔍 Presionando botón 'Buscar' para obtener el listado...
2026-03-08 16:00:39,983 - INFO - ✓ Búsqueda completada y tabla cargada
2026-03-08 16:00:41,989 - INFO - ✓ Se encontraron 2 registro(s)
2026-03-08 16:00:41,989 - INFO - 📄 Procesando página 1...
2026-03-08 16:00:41,993 - INFO -   -> 2 fila(s) en esta página
2026-03-08 16:00:42,019 - INFO - Fila 1: Iniciando descarga - Dismel Ltda | SUPERTIENDAS Y DROGUERIAS OLIMPICAS
2026-03-08 16:00:42,051 - INFO - Fila 1: Modal de formato abierto, esperando selección...
2026-03-08 16:00:43,089 - INFO - Fila 1: Formato XLSX seleccionado
2026-03-08 16:00:44,103 - INFO - Fila 1: Botón Descargar encontrado
2026-03-08 16:00:44,623 - INFO - Fila 1: Descargando archivo...
2026-03-08 16:00:50,904 - INFO - Fila 1: [OK] Descargado exitosamente: VENTAS_PAGE1_FILA1_20260308_160050.xlsx
2026-03-08 16:00:51,929 - INFO - Fila 2: Iniciando descarga - Dismel Ltda | SUPERTIENDAS Y DROGUERIAS OLIMPICAS
2026-03-08 16:00:51,966 - INFO - Fila 2: Modal de formato abierto, esperando selección...
2026-03-08 16:00:53,004 - INFO - Fila 2: Formato XLSX seleccionado
2026-03-08 16:00:54,019 - INFO - Fila 2: Botón Descargar encontrado
2026-03-08 16:00:54,539 - INFO - Fila 2: Descargando archivo...
2026-03-08 16:00:57,227 - INFO - Fila 2: [OK] Descargado exitosamente: VENTAS_PAGE1_FILA2_20260308_160057.xlsx
2026-03-08 16:00:58,242 - INFO - No hay página siguiente. Fin de paginación.
2026-03-08 16:00:58,243 - INFO - ======================================================================
2026-03-08 16:00:58,243 - INFO - [OK] Proceso completado
2026-03-08 16:00:58,243 - INFO - [REPORT] Total de descargas: 2 archivo(s)
2026-03-08 16:00:58,243 - INFO - 📁 Ubicación: D:\TAREAS\CARVAJAL\descargas_reportes
2026-03-08 16:00:58,243 - INFO - [LOG] Logs guardados en: logs_reportes\reporte_descargas_20260308_160002.log
2026-03-08 16:00:58,243 - INFO - ======================================================================
2026-03-08 16:00:58,244 - INFO - ✅ Descarga de reportes de VENTAS completada exitosamente
2026-03-08 16:00:58,244 - INFO - ======================================================================
2026-03-08 16:00:58,244 - INFO - [*] Iniciando descarga de Reportes INVENTARIO
2026-03-08 16:00:58,244 - INFO - ======================================================================
2026-03-08 16:00:58,244 - INFO - Navegando a: https://cencarvajal.com/receivingadvicenewportal/#/home/consult-service?service=INVRPT
2026-03-08 16:00:58,247 - INFO - Esperando que Angular cargue...
2026-03-08 16:01:01,567 - INFO - ✓ Formulario de filtros cargado
2026-03-08 16:01:03,568 - INFO - Configurando filtro de fechas: 07/03/2026 a 08/03/2026
2026-03-08 16:01:03,586 - INFO - Campo 'Fecha inicio' rellenado: 07/03/2026
2026-03-08 16:01:04,132 - INFO - Campo 'Fecha fin' rellenado: 08/03/2026
2026-03-08 16:01:05,642 - INFO - Calendarios cerrados, filtros de fecha configurados
2026-03-08 16:01:05,642 - INFO - 🔍 Presionando botón 'Buscar' para obtener el listado...
2026-03-08 16:01:05,679 - INFO - ✓ Búsqueda completada y tabla cargada
2026-03-08 16:01:07,685 - INFO - ✓ Se encontraron 2 registro(s)
2026-03-08 16:01:07,685 - INFO - 📄 Procesando página 1...
2026-03-08 16:01:07,690 - INFO -   -> 2 fila(s) en esta página
2026-03-08 16:01:07,713 - INFO - Fila 1: Iniciando descarga - Dismel Ltda | SUPERTIENDAS Y DROGUERIAS OLIMPICAS
2026-03-08 16:01:07,750 - INFO - Fila 1: Modal de formato abierto, esperando selección...
2026-03-08 16:01:08,788 - INFO - Fila 1: Formato XLSX seleccionado
2026-03-08 16:01:09,802 - INFO - Fila 1: Botón Descargar encontrado
2026-03-08 16:01:10,324 - INFO - Fila 1: Descargando archivo...
2026-03-08 16:01:13,066 - INFO - Fila 1: [OK] Descargado exitosamente: INVENTARIO_PAGE1_FILA1_20260308_160113.xlsx
2026-03-08 16:01:14,105 - INFO - Fila 2: Iniciando descarga - Dismel Ltda | SUPERTIENDAS Y DROGUERIAS OLIMPICAS
2026-03-08 16:01:14,132 - INFO - Fila 2: Modal de formato abierto, esperando selección...
2026-03-08 16:01:15,171 - INFO - Fila 2: Formato XLSX seleccionado
2026-03-08 16:01:16,186 - INFO - Fila 2: Botón Descargar encontrado
2026-03-08 16:01:16,706 - INFO - Fila 2: Descargando archivo...
2026-03-08 16:01:19,294 - INFO - Fila 2: [OK] Descargado exitosamente: INVENTARIO_PAGE1_FILA2_20260308_160119.xlsx
2026-03-08 16:01:20,311 - INFO - No hay página siguiente. Fin de paginación.
2026-03-08 16:01:20,312 - INFO - ======================================================================
2026-03-08 16:01:20,312 - INFO - [OK] Proceso completado
2026-03-08 16:01:20,312 - INFO - [REPORT] Total de descargas: 2 archivo(s)
2026-03-08 16:01:20,312 - INFO - 📁 Ubicación: D:\TAREAS\CARVAJAL\descargas_reportes
2026-03-08 16:01:20,312 - INFO - [LOG] Logs guardados en: logs_reportes\reporte_descargas_20260308_160002.log
2026-03-08 16:01:20,312 - INFO - ======================================================================
2026-03-08 16:01:20,312 - INFO - ✅ Descarga de reportes de INVENTARIO completada exitosamente
2026-03-08 16:01:20,400 - INFO - 
[OK] Navegador cerrado. Proceso finalizado correctamente
2026-03-08 16:01:20,400 - INFO - [LOG] Archivo de log: logs_reportes\reporte_descargas_20260308_160002.log
2026-03-08 16:01:20,400 - INFO - ======================================================================
