2026-03-07 08:00:02,008 - INFO - ======================================================================
2026-03-07 08:00:02,008 - INFO - INICIO DE SESIÓN - 07/03/2026 08:00:02
2026-03-07 08:00:02,008 - INFO - ======================================================================
2026-03-07 08:00:02,552 - INFO - Iniciando Playwright...
2026-03-07 08:00:02,726 - INFO - Navegador (Chromium) lanzado en modo visible
2026-03-07 08:00:03,102 - INFO - Navegando a: https://cencarvajal.com/#/portal/login
2026-03-07 08:00:08,446 - INFO - [Intento 1/3] Intentando login…
2026-03-07 08:00:10,428 - INFO - [Intento 1] Formulario de login enviado
2026-03-07 08:00:20,430 - WARNING - [Intento 1] No apareció 'Tus servicios' después de intentar login (posible modal)
2026-03-07 08:00:20,480 - INFO - [Intento 1] Se hizo clic en botón 'Continuar' del modal
2026-03-07 08:00:27,481 - WARNING - [Intento 1] Aún no aparece 'Tus servicios' tras aceptar modal
2026-03-07 08:00:27,481 - INFO - [Intento 1] Navegando de nuevo a login y reintentando...
2026-03-07 08:00:27,491 - INFO - [Intento 1] Página de login cargada nuevamente
2026-03-07 08:00:27,491 - INFO - [Intento 2/3] Intentando login…
2026-03-07 08:00:27,548 - INFO - [Intento 2] Formulario de login enviado
2026-03-07 08:00:29,918 - INFO - [Intento 2] [OK] Login exitoso - texto 'Tus servicios' encontrado
2026-03-07 08:00:29,918 - INFO - [Intento 2] Esperando que la página se cargue completamente...
2026-03-07 08:00:31,919 - INFO - [Intento 2] Página estabilizada, listo para descargar
2026-03-07 08:00:31,919 - INFO - ======================================================================
2026-03-07 08:00:31,919 - INFO - [*] Iniciando descarga de Reportes VENTAS
2026-03-07 08:00:31,919 - INFO - ======================================================================
2026-03-07 08:00:31,919 - INFO - Navegando a: https://cencarvajal.com/receivingadvicenewportal/#/home/consult-service?service=SLSRPT
2026-03-07 08:00:31,946 - INFO - Esperando que Angular cargue...
2026-03-07 08:00:35,498 - INFO - ✓ Formulario de filtros cargado
2026-03-07 08:00:37,499 - INFO - Configurando filtro de fechas: 06/03/2026 a 07/03/2026
2026-03-07 08:00:37,528 - INFO - Campo 'Fecha inicio' rellenado: 06/03/2026
2026-03-07 08:00:38,063 - INFO - Campo 'Fecha fin' rellenado: 07/03/2026
2026-03-07 08:00:39,572 - INFO - Calendarios cerrados, filtros de fecha configurados
2026-03-07 08:00:39,572 - INFO - 🔍 Presionando botón 'Buscar' para obtener el listado...
2026-03-07 08:00:39,608 - INFO - ✓ Búsqueda completada y tabla cargada
2026-03-07 08:00:41,614 - INFO - ✓ Se encontraron 1 registro(s)
2026-03-07 08:00:41,614 - INFO - 📄 Procesando página 1...
2026-03-07 08:00:41,618 - INFO -   -> 1 fila(s) en esta página
2026-03-07 08:00:41,643 - INFO - Fila 1: Iniciando descarga - Dismel Ltda | SUPERTIENDAS Y DROGUERIAS OLIMPICAS
2026-03-07 08:00:41,677 - INFO - Fila 1: Modal de formato abierto, esperando selección...
2026-03-07 08:00:42,714 - INFO - Fila 1: Formato XLSX seleccionado
2026-03-07 08:00:43,729 - INFO - Fila 1: Botón Descargar encontrado
2026-03-07 08:00:44,247 - INFO - Fila 1: Descargando archivo...
2026-03-07 08:00:50,479 - INFO - Fila 1: [OK] Descargado exitosamente: VENTAS_PAGE1_FILA1_20260307_080050.xlsx
2026-03-07 08:00:51,494 - INFO - No hay página siguiente. Fin de paginación.
2026-03-07 08:00:51,494 - INFO - ======================================================================
2026-03-07 08:00:51,494 - INFO - [OK] Proceso completado
2026-03-07 08:00:51,495 - INFO - [REPORT] Total de descargas: 1 archivo(s)
2026-03-07 08:00:51,495 - INFO - 📁 Ubicación: D:\TAREAS\CARVAJAL\descargas_reportes
2026-03-07 08:00:51,495 - INFO - [LOG] Logs guardados en: logs_reportes\reporte_descargas_20260307_080002.log
2026-03-07 08:00:51,495 - INFO - ======================================================================
2026-03-07 08:00:51,495 - INFO - ✅ Descarga de reportes de VENTAS completada exitosamente
2026-03-07 08:00:51,495 - INFO - ======================================================================
2026-03-07 08:00:51,495 - INFO - [*] Iniciando descarga de Reportes INVENTARIO
2026-03-07 08:00:51,495 - INFO - ======================================================================
2026-03-07 08:00:51,495 - INFO - Navegando a: https://cencarvajal.com/receivingadvicenewportal/#/home/consult-service?service=INVRPT
2026-03-07 08:00:51,498 - INFO - Esperando que Angular cargue...
2026-03-07 08:00:54,818 - INFO - ✓ Formulario de filtros cargado
2026-03-07 08:00:56,819 - INFO - Configurando filtro de fechas: 06/03/2026 a 07/03/2026
2026-03-07 08:00:56,838 - INFO - Campo 'Fecha inicio' rellenado: 06/03/2026
2026-03-07 08:00:57,368 - INFO - Campo 'Fecha fin' rellenado: 07/03/2026
2026-03-07 08:00:58,879 - INFO - Calendarios cerrados, filtros de fecha configurados
2026-03-07 08:00:58,879 - INFO - 🔍 Presionando botón 'Buscar' para obtener el listado...
2026-03-07 08:00:58,920 - INFO - ✓ Búsqueda completada y tabla cargada
2026-03-07 08:01:00,925 - INFO - ✓ Se encontraron 1 registro(s)
2026-03-07 08:01:00,925 - INFO - 📄 Procesando página 1...
2026-03-07 08:01:00,930 - INFO -   -> 1 fila(s) en esta página
2026-03-07 08:01:00,953 - INFO - Fila 1: Iniciando descarga - Dismel Ltda | SUPERTIENDAS Y DROGUERIAS OLIMPICAS
2026-03-07 08:01:00,992 - INFO - Fila 1: Modal de formato abierto, esperando selección...
2026-03-07 08:01:02,030 - INFO - Fila 1: Formato XLSX seleccionado
2026-03-07 08:01:03,045 - INFO - Fila 1: Botón Descargar encontrado
2026-03-07 08:01:03,566 - INFO - Fila 1: Descargando archivo...
2026-03-07 08:01:06,459 - INFO - Fila 1: [OK] Descargado exitosamente: INVENTARIO_PAGE1_FILA1_20260307_080106.xlsx
2026-03-07 08:01:07,488 - INFO - No hay página siguiente. Fin de paginación.
2026-03-07 08:01:07,488 - INFO - ======================================================================
2026-03-07 08:01:07,489 - INFO - [OK] Proceso completado
2026-03-07 08:01:07,489 - INFO - [REPORT] Total de descargas: 1 archivo(s)
2026-03-07 08:01:07,489 - INFO - 📁 Ubicación: D:\TAREAS\CARVAJAL\descargas_reportes
2026-03-07 08:01:07,489 - INFO - [LOG] Logs guardados en: logs_reportes\reporte_descargas_20260307_080002.log
2026-03-07 08:01:07,489 - INFO - ======================================================================
2026-03-07 08:01:07,489 - INFO - ✅ Descarga de reportes de INVENTARIO completada exitosamente
2026-03-07 08:01:07,665 - INFO - 
[OK] Navegador cerrado. Proceso finalizado correctamente
2026-03-07 08:01:07,665 - INFO - [LOG] Archivo de log: logs_reportes\reporte_descargas_20260307_080002.log
2026-03-07 08:01:07,665 - INFO - ======================================================================
