2026-03-07 16:00:02,010 - INFO - ======================================================================
2026-03-07 16:00:02,010 - INFO - INICIO DE SESIÓN - 07/03/2026 16:00:02
2026-03-07 16:00:02,010 - INFO - ======================================================================
2026-03-07 16:00:02,558 - INFO - Iniciando Playwright...
2026-03-07 16:00:02,733 - INFO - Navegador (Chromium) lanzado en modo visible
2026-03-07 16:00:03,103 - INFO - Navegando a: https://cencarvajal.com/#/portal/login
2026-03-07 16:00:08,272 - INFO - [Intento 1/3] Intentando login…
2026-03-07 16:00:10,254 - INFO - [Intento 1] Formulario de login enviado
2026-03-07 16:00:20,260 - WARNING - [Intento 1] No apareció 'Tus servicios' después de intentar login (posible modal)
2026-03-07 16:00:20,278 - INFO - [Intento 1] Se hizo clic en botón 'Continuar' del modal
2026-03-07 16:00:27,280 - WARNING - [Intento 1] Aún no aparece 'Tus servicios' tras aceptar modal
2026-03-07 16:00:27,280 - INFO - [Intento 1] Navegando de nuevo a login y reintentando...
2026-03-07 16:00:27,290 - INFO - [Intento 1] Página de login cargada nuevamente
2026-03-07 16:00:27,290 - INFO - [Intento 2/3] Intentando login…
2026-03-07 16:00:27,346 - INFO - [Intento 2] Formulario de login enviado
2026-03-07 16:00:29,692 - INFO - [Intento 2] [OK] Login exitoso - texto 'Tus servicios' encontrado
2026-03-07 16:00:29,692 - INFO - [Intento 2] Esperando que la página se cargue completamente...
2026-03-07 16:00:31,693 - INFO - [Intento 2] Página estabilizada, listo para descargar
2026-03-07 16:00:31,693 - INFO - ======================================================================
2026-03-07 16:00:31,693 - INFO - [*] Iniciando descarga de Reportes VENTAS
2026-03-07 16:00:31,693 - INFO - ======================================================================
2026-03-07 16:00:31,693 - INFO - Navegando a: https://cencarvajal.com/receivingadvicenewportal/#/home/consult-service?service=SLSRPT
2026-03-07 16:00:31,716 - INFO - Esperando que Angular cargue...
2026-03-07 16:00:35,243 - INFO - ✓ Formulario de filtros cargado
2026-03-07 16:00:37,245 - INFO - Configurando filtro de fechas: 06/03/2026 a 07/03/2026
2026-03-07 16:00:37,275 - INFO - Campo 'Fecha inicio' rellenado: 06/03/2026
2026-03-07 16:00:37,828 - INFO - Campo 'Fecha fin' rellenado: 07/03/2026
2026-03-07 16:00:39,337 - INFO - Calendarios cerrados, filtros de fecha configurados
2026-03-07 16:00:39,337 - INFO - 🔍 Presionando botón 'Buscar' para obtener el listado...
2026-03-07 16:00:39,373 - INFO - ✓ Búsqueda completada y tabla cargada
2026-03-07 16:00:41,379 - INFO - ✓ Se encontraron 2 registro(s)
2026-03-07 16:00:41,380 - INFO - 📄 Procesando página 1...
2026-03-07 16:00:41,383 - INFO -   -> 2 fila(s) en esta página
2026-03-07 16:00:41,408 - INFO - Fila 1: Iniciando descarga - Dismel Ltda | SUPERTIENDAS Y DROGUERIAS OLIMPICAS
2026-03-07 16:00:41,441 - INFO - Fila 1: Modal de formato abierto, esperando selección...
2026-03-07 16:00:42,478 - INFO - Fila 1: Formato XLSX seleccionado
2026-03-07 16:00:43,492 - INFO - Fila 1: Botón Descargar encontrado
2026-03-07 16:00:44,013 - INFO - Fila 1: Descargando archivo...
2026-03-07 16:00:49,924 - INFO - Fila 1: [OK] Descargado exitosamente: VENTAS_PAGE1_FILA1_20260307_160049.xlsx
2026-03-07 16:00:50,950 - INFO - Fila 2: Iniciando descarga - Dismel Ltda | SUPERTIENDAS Y DROGUERIAS OLIMPICAS
2026-03-07 16:00:50,991 - INFO - Fila 2: Modal de formato abierto, esperando selección...
2026-03-07 16:00:52,028 - INFO - Fila 2: Formato XLSX seleccionado
2026-03-07 16:00:53,043 - INFO - Fila 2: Botón Descargar encontrado
2026-03-07 16:00:53,564 - INFO - Fila 2: Descargando archivo...
2026-03-07 16:00:56,229 - INFO - Fila 2: [OK] Descargado exitosamente: VENTAS_PAGE1_FILA2_20260307_160056.xlsx
2026-03-07 16:00:57,247 - INFO - No hay página siguiente. Fin de paginación.
2026-03-07 16:00:57,247 - INFO - ======================================================================
2026-03-07 16:00:57,247 - INFO - [OK] Proceso completado
2026-03-07 16:00:57,247 - INFO - [REPORT] Total de descargas: 2 archivo(s)
2026-03-07 16:00:57,247 - INFO - 📁 Ubicación: D:\TAREAS\CARVAJAL\descargas_reportes
2026-03-07 16:00:57,248 - INFO - [LOG] Logs guardados en: logs_reportes\reporte_descargas_20260307_160002.log
2026-03-07 16:00:57,248 - INFO - ======================================================================
2026-03-07 16:00:57,248 - INFO - ✅ Descarga de reportes de VENTAS completada exitosamente
2026-03-07 16:00:57,248 - INFO - ======================================================================
2026-03-07 16:00:57,248 - INFO - [*] Iniciando descarga de Reportes INVENTARIO
2026-03-07 16:00:57,248 - INFO - ======================================================================
2026-03-07 16:00:57,248 - INFO - Navegando a: https://cencarvajal.com/receivingadvicenewportal/#/home/consult-service?service=INVRPT
2026-03-07 16:00:57,251 - INFO - Esperando que Angular cargue...
2026-03-07 16:01:00,569 - INFO - ✓ Formulario de filtros cargado
2026-03-07 16:01:02,569 - INFO - Configurando filtro de fechas: 06/03/2026 a 07/03/2026
2026-03-07 16:01:02,589 - INFO - Campo 'Fecha inicio' rellenado: 06/03/2026
2026-03-07 16:01:03,141 - INFO - Campo 'Fecha fin' rellenado: 07/03/2026
2026-03-07 16:01:04,659 - INFO - Calendarios cerrados, filtros de fecha configurados
2026-03-07 16:01:04,659 - INFO - 🔍 Presionando botón 'Buscar' para obtener el listado...
2026-03-07 16:01:04,684 - INFO - ✓ Búsqueda completada y tabla cargada
2026-03-07 16:01:06,689 - INFO - ✓ Se encontraron 2 registro(s)
2026-03-07 16:01:06,689 - INFO - 📄 Procesando página 1...
2026-03-07 16:01:06,694 - INFO -   -> 2 fila(s) en esta página
2026-03-07 16:01:06,718 - INFO - Fila 1: Iniciando descarga - Dismel Ltda | SUPERTIENDAS Y DROGUERIAS OLIMPICAS
2026-03-07 16:01:06,757 - INFO - Fila 1: Modal de formato abierto, esperando selección...
2026-03-07 16:01:07,795 - INFO - Fila 1: Formato XLSX seleccionado
2026-03-07 16:01:08,809 - INFO - Fila 1: Botón Descargar encontrado
2026-03-07 16:01:09,329 - INFO - Fila 1: Descargando archivo...
2026-03-07 16:01:12,037 - INFO - Fila 1: [OK] Descargado exitosamente: INVENTARIO_PAGE1_FILA1_20260307_160112.xlsx
2026-03-07 16:01:13,075 - INFO - Fila 2: Iniciando descarga - Dismel Ltda | SUPERTIENDAS Y DROGUERIAS OLIMPICAS
2026-03-07 16:01:13,102 - INFO - Fila 2: Modal de formato abierto, esperando selección...
2026-03-07 16:01:14,144 - INFO - Fila 2: Formato XLSX seleccionado
2026-03-07 16:01:15,158 - INFO - Fila 2: Botón Descargar encontrado
2026-03-07 16:01:15,679 - INFO - Fila 2: Descargando archivo...
2026-03-07 16:01:18,250 - INFO - Fila 2: [OK] Descargado exitosamente: INVENTARIO_PAGE1_FILA2_20260307_160118.xlsx
2026-03-07 16:01:19,266 - INFO - No hay página siguiente. Fin de paginación.
2026-03-07 16:01:19,267 - INFO - ======================================================================
2026-03-07 16:01:19,267 - INFO - [OK] Proceso completado
2026-03-07 16:01:19,267 - INFO - [REPORT] Total de descargas: 2 archivo(s)
2026-03-07 16:01:19,267 - INFO - 📁 Ubicación: D:\TAREAS\CARVAJAL\descargas_reportes
2026-03-07 16:01:19,267 - INFO - [LOG] Logs guardados en: logs_reportes\reporte_descargas_20260307_160002.log
2026-03-07 16:01:19,267 - INFO - ======================================================================
2026-03-07 16:01:19,267 - INFO - ✅ Descarga de reportes de INVENTARIO completada exitosamente
2026-03-07 16:01:19,357 - INFO - 
[OK] Navegador cerrado. Proceso finalizado correctamente
2026-03-07 16:01:19,357 - INFO - [LOG] Archivo de log: logs_reportes\reporte_descargas_20260307_160002.log
2026-03-07 16:01:19,357 - INFO - ======================================================================
