2026-03-07 02:00:02,008 - INFO - ======================================================================
2026-03-07 02:00:02,008 - INFO - INICIO DE SESIÓN - 07/03/2026 02:00:02
2026-03-07 02:00:02,008 - INFO - ======================================================================
2026-03-07 02:00:02,545 - INFO - Iniciando Playwright...
2026-03-07 02:00:02,714 - INFO - Navegador (Chromium) lanzado en modo visible
2026-03-07 02:00:03,088 - INFO - Navegando a: https://cencarvajal.com/#/portal/login
2026-03-07 02:00:08,419 - INFO - [Intento 1/3] Intentando login…
2026-03-07 02:00:10,318 - INFO - [Intento 1] Formulario de login enviado
2026-03-07 02:00:20,321 - WARNING - [Intento 1] No apareció 'Tus servicios' después de intentar login (posible modal)
2026-03-07 02:00:20,345 - INFO - [Intento 1] Se hizo clic en botón 'Continuar' del modal
2026-03-07 02:00:27,347 - WARNING - [Intento 1] Aún no aparece 'Tus servicios' tras aceptar modal
2026-03-07 02:00:27,347 - INFO - [Intento 1] Navegando de nuevo a login y reintentando...
2026-03-07 02:00:27,356 - INFO - [Intento 1] Página de login cargada nuevamente
2026-03-07 02:00:27,356 - INFO - [Intento 2/3] Intentando login…
2026-03-07 02:00:27,412 - INFO - [Intento 2] Formulario de login enviado
2026-03-07 02:00:29,776 - INFO - [Intento 2] [OK] Login exitoso - texto 'Tus servicios' encontrado
2026-03-07 02:00:29,776 - INFO - [Intento 2] Esperando que la página se cargue completamente...
2026-03-07 02:00:31,777 - INFO - [Intento 2] Página estabilizada, listo para descargar
2026-03-07 02:00:31,777 - INFO - ======================================================================
2026-03-07 02:00:31,777 - INFO - [*] Iniciando descarga de Reportes VENTAS
2026-03-07 02:00:31,777 - INFO - ======================================================================
2026-03-07 02:00:31,777 - INFO - Navegando a: https://cencarvajal.com/receivingadvicenewportal/#/home/consult-service?service=SLSRPT
2026-03-07 02:00:31,808 - INFO - Esperando que Angular cargue...
2026-03-07 02:00:35,371 - INFO - ✓ Formulario de filtros cargado
2026-03-07 02:00:37,373 - INFO - Configurando filtro de fechas: 06/03/2026 a 07/03/2026
2026-03-07 02:00:37,402 - INFO - Campo 'Fecha inicio' rellenado: 06/03/2026
2026-03-07 02:00:37,954 - INFO - Campo 'Fecha fin' rellenado: 07/03/2026
2026-03-07 02:00:39,463 - INFO - Calendarios cerrados, filtros de fecha configurados
2026-03-07 02:00:39,463 - INFO - 🔍 Presionando botón 'Buscar' para obtener el listado...
2026-03-07 02:00:39,505 - INFO - ✓ Búsqueda completada y tabla cargada
2026-03-07 02:00:41,511 - INFO - ✓ Se encontraron 2 registro(s)
2026-03-07 02:00:41,511 - INFO - 📄 Procesando página 1...
2026-03-07 02:00:41,516 - INFO -   -> 2 fila(s) en esta página
2026-03-07 02:00:41,541 - INFO - Fila 1: Iniciando descarga - Dismel Ltda | SUPERTIENDAS Y DROGUERIAS OLIMPICAS
2026-03-07 02:00:41,574 - INFO - Fila 1: Modal de formato abierto, esperando selección...
2026-03-07 02:00:42,611 - INFO - Fila 1: Formato XLSX seleccionado
2026-03-07 02:00:43,627 - INFO - Fila 1: Botón Descargar encontrado
2026-03-07 02:00:44,147 - INFO - Fila 1: Descargando archivo...
2026-03-07 02:00:50,050 - INFO - Fila 1: [OK] Descargado exitosamente: VENTAS_PAGE1_FILA1_20260307_020050.xlsx
2026-03-07 02:00:51,075 - INFO - Fila 2: Iniciando descarga - Dismel Ltda | SUPERTIENDAS Y DROGUERIAS OLIMPICAS
2026-03-07 02:00:51,108 - INFO - Fila 2: Modal de formato abierto, esperando selección...
2026-03-07 02:00:52,144 - INFO - Fila 2: Formato XLSX seleccionado
2026-03-07 02:00:53,158 - INFO - Fila 2: Botón Descargar encontrado
2026-03-07 02:00:53,678 - INFO - Fila 2: Descargando archivo...
2026-03-07 02:00:56,373 - INFO - Fila 2: [OK] Descargado exitosamente: VENTAS_PAGE1_FILA2_20260307_020056.xlsx
2026-03-07 02:00:57,390 - INFO - No hay página siguiente. Fin de paginación.
2026-03-07 02:00:57,391 - INFO - ======================================================================
2026-03-07 02:00:57,391 - INFO - [OK] Proceso completado
2026-03-07 02:00:57,391 - INFO - [REPORT] Total de descargas: 2 archivo(s)
2026-03-07 02:00:57,391 - INFO - 📁 Ubicación: D:\TAREAS\CARVAJAL\descargas_reportes
2026-03-07 02:00:57,391 - INFO - [LOG] Logs guardados en: logs_reportes\reporte_descargas_20260307_020002.log
2026-03-07 02:00:57,391 - INFO - ======================================================================
2026-03-07 02:00:57,391 - INFO - ✅ Descarga de reportes de VENTAS completada exitosamente
2026-03-07 02:00:57,392 - INFO - ======================================================================
2026-03-07 02:00:57,392 - INFO - [*] Iniciando descarga de Reportes INVENTARIO
2026-03-07 02:00:57,392 - INFO - ======================================================================
2026-03-07 02:00:57,392 - INFO - Navegando a: https://cencarvajal.com/receivingadvicenewportal/#/home/consult-service?service=INVRPT
2026-03-07 02:00:57,394 - INFO - Esperando que Angular cargue...
2026-03-07 02:01:00,717 - INFO - ✓ Formulario de filtros cargado
2026-03-07 02:01:02,718 - INFO - Configurando filtro de fechas: 06/03/2026 a 07/03/2026
2026-03-07 02:01:02,736 - INFO - Campo 'Fecha inicio' rellenado: 06/03/2026
2026-03-07 02:01:03,301 - INFO - Campo 'Fecha fin' rellenado: 07/03/2026
2026-03-07 02:01:04,819 - INFO - Calendarios cerrados, filtros de fecha configurados
2026-03-07 02:01:04,819 - INFO - 🔍 Presionando botón 'Buscar' para obtener el listado...
2026-03-07 02:01:04,849 - INFO - ✓ Búsqueda completada y tabla cargada
2026-03-07 02:01:06,855 - INFO - ✓ Se encontraron 2 registro(s)
2026-03-07 02:01:06,855 - INFO - 📄 Procesando página 1...
2026-03-07 02:01:06,860 - INFO -   -> 2 fila(s) en esta página
2026-03-07 02:01:06,883 - INFO - Fila 1: Iniciando descarga - Dismel Ltda | SUPERTIENDAS Y DROGUERIAS OLIMPICAS
2026-03-07 02:01:06,922 - INFO - Fila 1: Modal de formato abierto, esperando selección...
2026-03-07 02:01:07,960 - INFO - Fila 1: Formato XLSX seleccionado
2026-03-07 02:01:08,974 - INFO - Fila 1: Botón Descargar encontrado
2026-03-07 02:01:09,496 - INFO - Fila 1: Descargando archivo...
2026-03-07 02:01:12,324 - INFO - Fila 1: [OK] Descargado exitosamente: INVENTARIO_PAGE1_FILA1_20260307_020112.xlsx
2026-03-07 02:01:13,364 - INFO - Fila 2: Iniciando descarga - Dismel Ltda | SUPERTIENDAS Y DROGUERIAS OLIMPICAS
2026-03-07 02:01:13,404 - INFO - Fila 2: Modal de formato abierto, esperando selección...
2026-03-07 02:01:14,443 - INFO - Fila 2: Formato XLSX seleccionado
2026-03-07 02:01:15,456 - INFO - Fila 2: Botón Descargar encontrado
2026-03-07 02:01:15,978 - INFO - Fila 2: Descargando archivo...
2026-03-07 02:01:18,481 - INFO - Fila 2: [OK] Descargado exitosamente: INVENTARIO_PAGE1_FILA2_20260307_020118.xlsx
2026-03-07 02:01:19,497 - INFO - No hay página siguiente. Fin de paginación.
2026-03-07 02:01:19,497 - INFO - ======================================================================
2026-03-07 02:01:19,498 - INFO - [OK] Proceso completado
2026-03-07 02:01:19,498 - INFO - [REPORT] Total de descargas: 2 archivo(s)
2026-03-07 02:01:19,498 - INFO - 📁 Ubicación: D:\TAREAS\CARVAJAL\descargas_reportes
2026-03-07 02:01:19,498 - INFO - [LOG] Logs guardados en: logs_reportes\reporte_descargas_20260307_020002.log
2026-03-07 02:01:19,498 - INFO - ======================================================================
2026-03-07 02:01:19,498 - INFO - ✅ Descarga de reportes de INVENTARIO completada exitosamente
2026-03-07 02:01:19,593 - INFO - 
[OK] Navegador cerrado. Proceso finalizado correctamente
2026-03-07 02:01:19,594 - INFO - [LOG] Archivo de log: logs_reportes\reporte_descargas_20260307_020002.log
2026-03-07 02:01:19,594 - INFO - ======================================================================
