2026-03-09 07:00:02,019 - INFO - ======================================================================
2026-03-09 07:00:02,019 - INFO - INICIO DE SESIÓN - 09/03/2026 07:00:02
2026-03-09 07:00:02,020 - INFO - ======================================================================
2026-03-09 07:00:02,560 - INFO - Iniciando Playwright...
2026-03-09 07:00:02,740 - INFO - Navegador (Chromium) lanzado en modo visible
2026-03-09 07:00:03,108 - INFO - Navegando a: https://cencarvajal.com/#/portal/login
2026-03-09 07:00:07,800 - INFO - [Intento 1/3] Intentando login…
2026-03-09 07:00:10,540 - INFO - [Intento 1] Formulario de login enviado
2026-03-09 07:00:20,543 - WARNING - [Intento 1] No apareció 'Tus servicios' después de intentar login (posible modal)
2026-03-09 07:00:20,562 - INFO - [Intento 1] Se hizo clic en botón 'Continuar' del modal
2026-03-09 07:00:27,564 - WARNING - [Intento 1] Aún no aparece 'Tus servicios' tras aceptar modal
2026-03-09 07:00:27,564 - INFO - [Intento 1] Navegando de nuevo a login y reintentando...
2026-03-09 07:00:27,574 - INFO - [Intento 1] Página de login cargada nuevamente
2026-03-09 07:00:27,574 - INFO - [Intento 2/3] Intentando login…
2026-03-09 07:00:27,630 - INFO - [Intento 2] Formulario de login enviado
2026-03-09 07:00:29,492 - INFO - [Intento 2] [OK] Login exitoso - texto 'Tus servicios' encontrado
2026-03-09 07:00:29,492 - INFO - [Intento 2] Esperando que la página se cargue completamente...
2026-03-09 07:00:31,493 - INFO - [Intento 2] Página estabilizada, listo para descargar
2026-03-09 07:00:31,493 - INFO - ======================================================================
2026-03-09 07:00:31,493 - INFO - [*] Iniciando descarga de Reportes VENTAS
2026-03-09 07:00:31,493 - INFO - ======================================================================
2026-03-09 07:00:31,493 - INFO - Navegando a: https://cencarvajal.com/receivingadvicenewportal/#/home/consult-service?service=SLSRPT
2026-03-09 07:00:31,518 - INFO - Esperando que Angular cargue...
2026-03-09 07:00:35,046 - INFO - ✓ Formulario de filtros cargado
2026-03-09 07:00:37,047 - INFO - Configurando filtro de fechas: 08/03/2026 a 09/03/2026
2026-03-09 07:00:37,076 - INFO - Campo 'Fecha inicio' rellenado: 08/03/2026
2026-03-09 07:00:37,612 - INFO - Campo 'Fecha fin' rellenado: 09/03/2026
2026-03-09 07:00:39,121 - INFO - Calendarios cerrados, filtros de fecha configurados
2026-03-09 07:00:39,121 - INFO - 🔍 Presionando botón 'Buscar' para obtener el listado...
2026-03-09 07:00:39,157 - INFO - ✓ Búsqueda completada y tabla cargada
2026-03-09 07:00:41,164 - INFO - ✓ Se encontraron 1 registro(s)
2026-03-09 07:00:41,164 - INFO - 📄 Procesando página 1...
2026-03-09 07:00:41,167 - INFO -   -> 1 fila(s) en esta página
2026-03-09 07:00:41,192 - INFO - Fila 1: Iniciando descarga - Dismel Ltda | SUPERTIENDAS Y DROGUERIAS OLIMPICAS
2026-03-09 07:00:41,225 - INFO - Fila 1: Modal de formato abierto, esperando selección...
2026-03-09 07:00:42,263 - INFO - Fila 1: Formato XLSX seleccionado
2026-03-09 07:00:43,277 - INFO - Fila 1: Botón Descargar encontrado
2026-03-09 07:00:43,796 - INFO - Fila 1: Descargando archivo...
2026-03-09 07:00:50,016 - INFO - Fila 1: [OK] Descargado exitosamente: VENTAS_PAGE1_FILA1_20260309_070050.xlsx
2026-03-09 07:00:51,032 - INFO - No hay página siguiente. Fin de paginación.
2026-03-09 07:00:51,032 - INFO - ======================================================================
2026-03-09 07:00:51,033 - INFO - [OK] Proceso completado
2026-03-09 07:00:51,033 - INFO - [REPORT] Total de descargas: 1 archivo(s)
2026-03-09 07:00:51,033 - INFO - 📁 Ubicación: D:\TAREAS\CARVAJAL\descargas_reportes
2026-03-09 07:00:51,033 - INFO - [LOG] Logs guardados en: logs_reportes\reporte_descargas_20260309_070002.log
2026-03-09 07:00:51,033 - INFO - ======================================================================
2026-03-09 07:00:51,033 - INFO - ✅ Descarga de reportes de VENTAS completada exitosamente
2026-03-09 07:00:51,033 - INFO - ======================================================================
2026-03-09 07:00:51,033 - INFO - [*] Iniciando descarga de Reportes INVENTARIO
2026-03-09 07:00:51,033 - INFO - ======================================================================
2026-03-09 07:00:51,033 - INFO - Navegando a: https://cencarvajal.com/receivingadvicenewportal/#/home/consult-service?service=INVRPT
2026-03-09 07:00:51,036 - INFO - Esperando que Angular cargue...
2026-03-09 07:00:54,416 - INFO - ✓ Formulario de filtros cargado
2026-03-09 07:00:56,417 - INFO - Configurando filtro de fechas: 08/03/2026 a 09/03/2026
2026-03-09 07:00:56,436 - INFO - Campo 'Fecha inicio' rellenado: 08/03/2026
2026-03-09 07:00:56,965 - INFO - Campo 'Fecha fin' rellenado: 09/03/2026
2026-03-09 07:00:58,475 - INFO - Calendarios cerrados, filtros de fecha configurados
2026-03-09 07:00:58,475 - INFO - 🔍 Presionando botón 'Buscar' para obtener el listado...
2026-03-09 07:00:58,518 - INFO - ✓ Búsqueda completada y tabla cargada
2026-03-09 07:01:00,524 - INFO - ✓ Se encontraron 1 registro(s)
2026-03-09 07:01:00,524 - INFO - 📄 Procesando página 1...
2026-03-09 07:01:00,528 - INFO -   -> 1 fila(s) en esta página
2026-03-09 07:01:00,553 - INFO - Fila 1: Iniciando descarga - Dismel Ltda | SUPERTIENDAS Y DROGUERIAS OLIMPICAS
2026-03-09 07:01:00,590 - INFO - Fila 1: Modal de formato abierto, esperando selección...
2026-03-09 07:01:01,628 - INFO - Fila 1: Formato XLSX seleccionado
2026-03-09 07:01:02,644 - INFO - Fila 1: Botón Descargar encontrado
2026-03-09 07:01:03,164 - INFO - Fila 1: Descargando archivo...
2026-03-09 07:01:05,788 - INFO - Fila 1: [OK] Descargado exitosamente: INVENTARIO_PAGE1_FILA1_20260309_070105.xlsx
2026-03-09 07:01:06,816 - INFO - No hay página siguiente. Fin de paginación.
2026-03-09 07:01:06,817 - INFO - ======================================================================
2026-03-09 07:01:06,817 - INFO - [OK] Proceso completado
2026-03-09 07:01:06,817 - INFO - [REPORT] Total de descargas: 1 archivo(s)
2026-03-09 07:01:06,817 - INFO - 📁 Ubicación: D:\TAREAS\CARVAJAL\descargas_reportes
2026-03-09 07:01:06,817 - INFO - [LOG] Logs guardados en: logs_reportes\reporte_descargas_20260309_070002.log
2026-03-09 07:01:06,817 - INFO - ======================================================================
2026-03-09 07:01:06,818 - INFO - ✅ Descarga de reportes de INVENTARIO completada exitosamente
2026-03-09 07:01:07,014 - INFO - 
[OK] Navegador cerrado. Proceso finalizado correctamente
2026-03-09 07:01:07,015 - INFO - [LOG] Archivo de log: logs_reportes\reporte_descargas_20260309_070002.log
2026-03-09 07:01:07,015 - INFO - ======================================================================
