2026-03-07 04:00:02,007 - INFO - ======================================================================
2026-03-07 04:00:02,008 - INFO - INICIO DE SESIÓN - 07/03/2026 04:00:02
2026-03-07 04:00:02,008 - INFO - ======================================================================
2026-03-07 04:00:02,545 - INFO - Iniciando Playwright...
2026-03-07 04:00:02,721 - INFO - Navegador (Chromium) lanzado en modo visible
2026-03-07 04:00:03,092 - INFO - Navegando a: https://cencarvajal.com/#/portal/login
2026-03-07 04:00:08,433 - INFO - [Intento 1/3] Intentando login…
2026-03-07 04:00:10,331 - INFO - [Intento 1] Formulario de login enviado
2026-03-07 04:00:20,334 - WARNING - [Intento 1] No apareció 'Tus servicios' después de intentar login (posible modal)
2026-03-07 04:00:20,356 - INFO - [Intento 1] Se hizo clic en botón 'Continuar' del modal
2026-03-07 04:00:27,357 - WARNING - [Intento 1] Aún no aparece 'Tus servicios' tras aceptar modal
2026-03-07 04:00:27,357 - INFO - [Intento 1] Navegando de nuevo a login y reintentando...
2026-03-07 04:00:27,367 - INFO - [Intento 1] Página de login cargada nuevamente
2026-03-07 04:00:27,367 - INFO - [Intento 2/3] Intentando login…
2026-03-07 04:00:27,424 - INFO - [Intento 2] Formulario de login enviado
2026-03-07 04:00:29,725 - INFO - [Intento 2] [OK] Login exitoso - texto 'Tus servicios' encontrado
2026-03-07 04:00:29,725 - INFO - [Intento 2] Esperando que la página se cargue completamente...
2026-03-07 04:00:31,726 - INFO - [Intento 2] Página estabilizada, listo para descargar
2026-03-07 04:00:31,726 - INFO - ======================================================================
2026-03-07 04:00:31,726 - INFO - [*] Iniciando descarga de Reportes VENTAS
2026-03-07 04:00:31,726 - INFO - ======================================================================
2026-03-07 04:00:31,726 - INFO - Navegando a: https://cencarvajal.com/receivingadvicenewportal/#/home/consult-service?service=SLSRPT
2026-03-07 04:00:31,755 - INFO - Esperando que Angular cargue...
2026-03-07 04:00:35,296 - INFO - ✓ Formulario de filtros cargado
2026-03-07 04:00:37,298 - INFO - Configurando filtro de fechas: 06/03/2026 a 07/03/2026
2026-03-07 04:00:37,327 - INFO - Campo 'Fecha inicio' rellenado: 06/03/2026
2026-03-07 04:00:37,924 - INFO - Campo 'Fecha fin' rellenado: 07/03/2026
2026-03-07 04:00:39,435 - INFO - Calendarios cerrados, filtros de fecha configurados
2026-03-07 04:00:39,435 - INFO - 🔍 Presionando botón 'Buscar' para obtener el listado...
2026-03-07 04:00:39,465 - INFO - ✓ Búsqueda completada y tabla cargada
2026-03-07 04:00:41,471 - INFO - ✓ Se encontraron 2 registro(s)
2026-03-07 04:00:41,472 - INFO - 📄 Procesando página 1...
2026-03-07 04:00:41,475 - INFO -   -> 2 fila(s) en esta página
2026-03-07 04:00:41,501 - INFO - Fila 1: Iniciando descarga - Dismel Ltda | SUPERTIENDAS Y DROGUERIAS OLIMPICAS
2026-03-07 04:00:41,536 - INFO - Fila 1: Modal de formato abierto, esperando selección...
2026-03-07 04:00:42,574 - INFO - Fila 1: Formato XLSX seleccionado
2026-03-07 04:00:43,588 - INFO - Fila 1: Botón Descargar encontrado
2026-03-07 04:00:44,108 - INFO - Fila 1: Descargando archivo...
2026-03-07 04:00:50,155 - INFO - Fila 1: [OK] Descargado exitosamente: VENTAS_PAGE1_FILA1_20260307_040050.xlsx
2026-03-07 04:00:51,181 - INFO - Fila 2: Iniciando descarga - Dismel Ltda | SUPERTIENDAS Y DROGUERIAS OLIMPICAS
2026-03-07 04:00:51,218 - INFO - Fila 2: Modal de formato abierto, esperando selección...
2026-03-07 04:00:52,254 - INFO - Fila 2: Formato XLSX seleccionado
2026-03-07 04:00:53,268 - INFO - Fila 2: Botón Descargar encontrado
2026-03-07 04:00:53,792 - INFO - Fila 2: Descargando archivo...
2026-03-07 04:00:56,597 - INFO - Fila 2: [OK] Descargado exitosamente: VENTAS_PAGE1_FILA2_20260307_040056.xlsx
2026-03-07 04:00:57,613 - INFO - No hay página siguiente. Fin de paginación.
2026-03-07 04:00:57,614 - INFO - ======================================================================
2026-03-07 04:00:57,614 - INFO - [OK] Proceso completado
2026-03-07 04:00:57,614 - INFO - [REPORT] Total de descargas: 2 archivo(s)
2026-03-07 04:00:57,614 - INFO - 📁 Ubicación: D:\TAREAS\CARVAJAL\descargas_reportes
2026-03-07 04:00:57,614 - INFO - [LOG] Logs guardados en: logs_reportes\reporte_descargas_20260307_040002.log
2026-03-07 04:00:57,614 - INFO - ======================================================================
2026-03-07 04:00:57,615 - INFO - ✅ Descarga de reportes de VENTAS completada exitosamente
2026-03-07 04:00:57,615 - INFO - ======================================================================
2026-03-07 04:00:57,615 - INFO - [*] Iniciando descarga de Reportes INVENTARIO
2026-03-07 04:00:57,615 - INFO - ======================================================================
2026-03-07 04:00:57,615 - INFO - Navegando a: https://cencarvajal.com/receivingadvicenewportal/#/home/consult-service?service=INVRPT
2026-03-07 04:00:57,618 - INFO - Esperando que Angular cargue...
2026-03-07 04:01:00,972 - INFO - ✓ Formulario de filtros cargado
2026-03-07 04:01:02,973 - INFO - Configurando filtro de fechas: 06/03/2026 a 07/03/2026
2026-03-07 04:01:02,992 - INFO - Campo 'Fecha inicio' rellenado: 06/03/2026
2026-03-07 04:01:03,530 - INFO - Campo 'Fecha fin' rellenado: 07/03/2026
2026-03-07 04:01:05,045 - INFO - Calendarios cerrados, filtros de fecha configurados
2026-03-07 04:01:05,045 - INFO - 🔍 Presionando botón 'Buscar' para obtener el listado...
2026-03-07 04:01:05,079 - INFO - ✓ Búsqueda completada y tabla cargada
2026-03-07 04:01:07,085 - INFO - ✓ Se encontraron 2 registro(s)
2026-03-07 04:01:07,085 - INFO - 📄 Procesando página 1...
2026-03-07 04:01:07,089 - INFO -   -> 2 fila(s) en esta página
2026-03-07 04:01:07,113 - INFO - Fila 1: Iniciando descarga - Dismel Ltda | SUPERTIENDAS Y DROGUERIAS OLIMPICAS
2026-03-07 04:01:07,150 - INFO - Fila 1: Modal de formato abierto, esperando selección...
2026-03-07 04:01:08,188 - INFO - Fila 1: Formato XLSX seleccionado
2026-03-07 04:01:09,202 - INFO - Fila 1: Botón Descargar encontrado
2026-03-07 04:01:09,724 - INFO - Fila 1: Descargando archivo...
2026-03-07 04:01:12,516 - INFO - Fila 1: [OK] Descargado exitosamente: INVENTARIO_PAGE1_FILA1_20260307_040112.xlsx
2026-03-07 04:01:13,540 - INFO - Fila 2: Iniciando descarga - Dismel Ltda | SUPERTIENDAS Y DROGUERIAS OLIMPICAS
2026-03-07 04:01:13,584 - INFO - Fila 2: Modal de formato abierto, esperando selección...
2026-03-07 04:01:14,623 - INFO - Fila 2: Formato XLSX seleccionado
2026-03-07 04:01:15,638 - INFO - Fila 2: Botón Descargar encontrado
2026-03-07 04:01:16,157 - INFO - Fila 2: Descargando archivo...
2026-03-07 04:01:18,681 - INFO - Fila 2: [OK] Descargado exitosamente: INVENTARIO_PAGE1_FILA2_20260307_040118.xlsx
2026-03-07 04:01:19,706 - INFO - No hay página siguiente. Fin de paginación.
2026-03-07 04:01:19,707 - INFO - ======================================================================
2026-03-07 04:01:19,707 - INFO - [OK] Proceso completado
2026-03-07 04:01:19,707 - INFO - [REPORT] Total de descargas: 2 archivo(s)
2026-03-07 04:01:19,707 - INFO - 📁 Ubicación: D:\TAREAS\CARVAJAL\descargas_reportes
2026-03-07 04:01:19,707 - INFO - [LOG] Logs guardados en: logs_reportes\reporte_descargas_20260307_040002.log
2026-03-07 04:01:19,707 - INFO - ======================================================================
2026-03-07 04:01:19,707 - INFO - ✅ Descarga de reportes de INVENTARIO completada exitosamente
2026-03-07 04:01:19,795 - INFO - 
[OK] Navegador cerrado. Proceso finalizado correctamente
2026-03-07 04:01:19,795 - INFO - [LOG] Archivo de log: logs_reportes\reporte_descargas_20260307_040002.log
2026-03-07 04:01:19,796 - INFO - ======================================================================
