2026-03-08 21:00:02,009 - INFO - ======================================================================
2026-03-08 21:00:02,009 - INFO - INICIO DE SESIÓN - 08/03/2026 21:00:02
2026-03-08 21:00:02,010 - INFO - ======================================================================
2026-03-08 21:00:02,551 - INFO - Iniciando Playwright...
2026-03-08 21:00:02,728 - INFO - Navegador (Chromium) lanzado en modo visible
2026-03-08 21:00:03,113 - INFO - Navegando a: https://cencarvajal.com/#/portal/login
2026-03-08 21:00:08,339 - INFO - [Intento 1/3] Intentando login…
2026-03-08 21:00:10,776 - INFO - [Intento 1] Formulario de login enviado
2026-03-08 21:00:20,779 - WARNING - [Intento 1] No apareció 'Tus servicios' después de intentar login (posible modal)
2026-03-08 21:00:20,819 - INFO - [Intento 1] Se hizo clic en botón 'Continuar' del modal
2026-03-08 21:00:27,821 - WARNING - [Intento 1] Aún no aparece 'Tus servicios' tras aceptar modal
2026-03-08 21:00:27,821 - INFO - [Intento 1] Navegando de nuevo a login y reintentando...
2026-03-08 21:00:27,831 - INFO - [Intento 1] Página de login cargada nuevamente
2026-03-08 21:00:27,831 - INFO - [Intento 2/3] Intentando login…
2026-03-08 21:00:27,887 - INFO - [Intento 2] Formulario de login enviado
2026-03-08 21:00:30,235 - INFO - [Intento 2] [OK] Login exitoso - texto 'Tus servicios' encontrado
2026-03-08 21:00:30,235 - INFO - [Intento 2] Esperando que la página se cargue completamente...
2026-03-08 21:00:32,236 - INFO - [Intento 2] Página estabilizada, listo para descargar
2026-03-08 21:00:32,236 - INFO - ======================================================================
2026-03-08 21:00:32,236 - INFO - [*] Iniciando descarga de Reportes VENTAS
2026-03-08 21:00:32,236 - INFO - ======================================================================
2026-03-08 21:00:32,236 - INFO - Navegando a: https://cencarvajal.com/receivingadvicenewportal/#/home/consult-service?service=SLSRPT
2026-03-08 21:00:32,268 - INFO - Esperando que Angular cargue...
2026-03-08 21:00:35,801 - INFO - ✓ Formulario de filtros cargado
2026-03-08 21:00:37,802 - INFO - Configurando filtro de fechas: 07/03/2026 a 08/03/2026
2026-03-08 21:00:37,831 - INFO - Campo 'Fecha inicio' rellenado: 07/03/2026
2026-03-08 21:00:38,385 - INFO - Campo 'Fecha fin' rellenado: 08/03/2026
2026-03-08 21:00:39,894 - INFO - Calendarios cerrados, filtros de fecha configurados
2026-03-08 21:00:39,894 - INFO - 🔍 Presionando botón 'Buscar' para obtener el listado...
2026-03-08 21:00:39,930 - INFO - ✓ Búsqueda completada y tabla cargada
2026-03-08 21:00:41,936 - INFO - ✓ Se encontraron 2 registro(s)
2026-03-08 21:00:41,936 - INFO - 📄 Procesando página 1...
2026-03-08 21:00:41,941 - INFO -   -> 2 fila(s) en esta página
2026-03-08 21:00:41,967 - INFO - Fila 1: Iniciando descarga - Dismel Ltda | SUPERTIENDAS Y DROGUERIAS OLIMPICAS
2026-03-08 21:00:42,001 - INFO - Fila 1: Modal de formato abierto, esperando selección...
2026-03-08 21:00:43,035 - INFO - Fila 1: Formato XLSX seleccionado
2026-03-08 21:00:44,050 - INFO - Fila 1: Botón Descargar encontrado
2026-03-08 21:00:44,571 - INFO - Fila 1: Descargando archivo...
2026-03-08 21:00:50,399 - INFO - Fila 1: [OK] Descargado exitosamente: VENTAS_PAGE1_FILA1_20260308_210050.xlsx
2026-03-08 21:00:51,425 - INFO - Fila 2: Iniciando descarga - Dismel Ltda | SUPERTIENDAS Y DROGUERIAS OLIMPICAS
2026-03-08 21:00:51,464 - INFO - Fila 2: Modal de formato abierto, esperando selección...
2026-03-08 21:00:52,500 - INFO - Fila 2: Formato XLSX seleccionado
2026-03-08 21:00:53,515 - INFO - Fila 2: Botón Descargar encontrado
2026-03-08 21:00:54,036 - INFO - Fila 2: Descargando archivo...
2026-03-08 21:00:57,060 - INFO - Fila 2: [OK] Descargado exitosamente: VENTAS_PAGE1_FILA2_20260308_210057.xlsx
2026-03-08 21:00:58,077 - INFO - No hay página siguiente. Fin de paginación.
2026-03-08 21:00:58,077 - INFO - ======================================================================
2026-03-08 21:00:58,077 - INFO - [OK] Proceso completado
2026-03-08 21:00:58,077 - INFO - [REPORT] Total de descargas: 2 archivo(s)
2026-03-08 21:00:58,077 - INFO - 📁 Ubicación: D:\TAREAS\CARVAJAL\descargas_reportes
2026-03-08 21:00:58,077 - INFO - [LOG] Logs guardados en: logs_reportes\reporte_descargas_20260308_210002.log
2026-03-08 21:00:58,078 - INFO - ======================================================================
2026-03-08 21:00:58,078 - INFO - ✅ Descarga de reportes de VENTAS completada exitosamente
2026-03-08 21:00:58,078 - INFO - ======================================================================
2026-03-08 21:00:58,078 - INFO - [*] Iniciando descarga de Reportes INVENTARIO
2026-03-08 21:00:58,078 - INFO - ======================================================================
2026-03-08 21:00:58,078 - INFO - Navegando a: https://cencarvajal.com/receivingadvicenewportal/#/home/consult-service?service=INVRPT
2026-03-08 21:00:58,081 - INFO - Esperando que Angular cargue...
2026-03-08 21:01:01,400 - INFO - ✓ Formulario de filtros cargado
2026-03-08 21:01:03,401 - INFO - Configurando filtro de fechas: 07/03/2026 a 08/03/2026
2026-03-08 21:01:03,421 - INFO - Campo 'Fecha inicio' rellenado: 07/03/2026
2026-03-08 21:01:03,983 - INFO - Campo 'Fecha fin' rellenado: 08/03/2026
2026-03-08 21:01:05,492 - INFO - Calendarios cerrados, filtros de fecha configurados
2026-03-08 21:01:05,492 - INFO - 🔍 Presionando botón 'Buscar' para obtener el listado...
2026-03-08 21:01:05,525 - INFO - ✓ Búsqueda completada y tabla cargada
2026-03-08 21:01:07,529 - INFO - ✓ Se encontraron 2 registro(s)
2026-03-08 21:01:07,529 - INFO - 📄 Procesando página 1...
2026-03-08 21:01:07,534 - INFO -   -> 2 fila(s) en esta página
2026-03-08 21:01:07,559 - INFO - Fila 1: Iniciando descarga - Dismel Ltda | SUPERTIENDAS Y DROGUERIAS OLIMPICAS
2026-03-08 21:01:07,596 - INFO - Fila 1: Modal de formato abierto, esperando selección...
2026-03-08 21:01:08,634 - INFO - Fila 1: Formato XLSX seleccionado
2026-03-08 21:01:09,648 - INFO - Fila 1: Botón Descargar encontrado
2026-03-08 21:01:10,170 - INFO - Fila 1: Descargando archivo...
2026-03-08 21:01:12,900 - INFO - Fila 1: [OK] Descargado exitosamente: INVENTARIO_PAGE1_FILA1_20260308_210112.xlsx
2026-03-08 21:01:13,938 - INFO - Fila 2: Iniciando descarga - Dismel Ltda | SUPERTIENDAS Y DROGUERIAS OLIMPICAS
2026-03-08 21:01:13,978 - INFO - Fila 2: Modal de formato abierto, esperando selección...
2026-03-08 21:01:15,017 - INFO - Fila 2: Formato XLSX seleccionado
2026-03-08 21:01:16,031 - INFO - Fila 2: Botón Descargar encontrado
2026-03-08 21:01:16,553 - INFO - Fila 2: Descargando archivo...
2026-03-08 21:01:19,146 - INFO - Fila 2: [OK] Descargado exitosamente: INVENTARIO_PAGE1_FILA2_20260308_210119.xlsx
2026-03-08 21:01:20,162 - INFO - No hay página siguiente. Fin de paginación.
2026-03-08 21:01:20,162 - INFO - ======================================================================
2026-03-08 21:01:20,163 - INFO - [OK] Proceso completado
2026-03-08 21:01:20,163 - INFO - [REPORT] Total de descargas: 2 archivo(s)
2026-03-08 21:01:20,163 - INFO - 📁 Ubicación: D:\TAREAS\CARVAJAL\descargas_reportes
2026-03-08 21:01:20,163 - INFO - [LOG] Logs guardados en: logs_reportes\reporte_descargas_20260308_210002.log
2026-03-08 21:01:20,163 - INFO - ======================================================================
2026-03-08 21:01:20,163 - INFO - ✅ Descarga de reportes de INVENTARIO completada exitosamente
2026-03-08 21:01:20,251 - INFO - 
[OK] Navegador cerrado. Proceso finalizado correctamente
2026-03-08 21:01:20,251 - INFO - [LOG] Archivo de log: logs_reportes\reporte_descargas_20260308_210002.log
2026-03-08 21:01:20,252 - INFO - ======================================================================
