2026-03-07 14:00:02,028 - INFO - ======================================================================
2026-03-07 14:00:02,028 - INFO - INICIO DE SESIÓN - 07/03/2026 14:00:02
2026-03-07 14:00:02,028 - INFO - ======================================================================
2026-03-07 14:00:02,567 - INFO - Iniciando Playwright...
2026-03-07 14:00:02,744 - INFO - Navegador (Chromium) lanzado en modo visible
2026-03-07 14:00:03,117 - INFO - Navegando a: https://cencarvajal.com/#/portal/login
2026-03-07 14:00:07,952 - INFO - [Intento 1/3] Intentando login…
2026-03-07 14:00:10,376 - INFO - [Intento 1] Formulario de login enviado
2026-03-07 14:00:20,381 - WARNING - [Intento 1] No apareció 'Tus servicios' después de intentar login (posible modal)
2026-03-07 14:00:20,400 - INFO - [Intento 1] Se hizo clic en botón 'Continuar' del modal
2026-03-07 14:00:27,402 - WARNING - [Intento 1] Aún no aparece 'Tus servicios' tras aceptar modal
2026-03-07 14:00:27,402 - INFO - [Intento 1] Navegando de nuevo a login y reintentando...
2026-03-07 14:00:27,412 - INFO - [Intento 1] Página de login cargada nuevamente
2026-03-07 14:00:27,412 - INFO - [Intento 2/3] Intentando login…
2026-03-07 14:00:27,467 - INFO - [Intento 2] Formulario de login enviado
2026-03-07 14:00:29,831 - INFO - [Intento 2] [OK] Login exitoso - texto 'Tus servicios' encontrado
2026-03-07 14:00:29,831 - INFO - [Intento 2] Esperando que la página se cargue completamente...
2026-03-07 14:00:31,831 - INFO - [Intento 2] Página estabilizada, listo para descargar
2026-03-07 14:00:31,831 - INFO - ======================================================================
2026-03-07 14:00:31,831 - INFO - [*] Iniciando descarga de Reportes VENTAS
2026-03-07 14:00:31,831 - INFO - ======================================================================
2026-03-07 14:00:31,831 - INFO - Navegando a: https://cencarvajal.com/receivingadvicenewportal/#/home/consult-service?service=SLSRPT
2026-03-07 14:00:31,859 - INFO - Esperando que Angular cargue...
2026-03-07 14:00:35,387 - INFO - ✓ Formulario de filtros cargado
2026-03-07 14:00:37,389 - INFO - Configurando filtro de fechas: 06/03/2026 a 07/03/2026
2026-03-07 14:00:37,418 - INFO - Campo 'Fecha inicio' rellenado: 06/03/2026
2026-03-07 14:00:37,970 - INFO - Campo 'Fecha fin' rellenado: 07/03/2026
2026-03-07 14:00:39,481 - INFO - Calendarios cerrados, filtros de fecha configurados
2026-03-07 14:00:39,481 - INFO - 🔍 Presionando botón 'Buscar' para obtener el listado...
2026-03-07 14:00:39,510 - INFO - ✓ Búsqueda completada y tabla cargada
2026-03-07 14:00:41,516 - INFO - ✓ Se encontraron 1 registro(s)
2026-03-07 14:00:41,516 - INFO - 📄 Procesando página 1...
2026-03-07 14:00:41,520 - INFO -   -> 1 fila(s) en esta página
2026-03-07 14:00:41,545 - INFO - Fila 1: Iniciando descarga - Dismel Ltda | SUPERTIENDAS Y DROGUERIAS OLIMPICAS
2026-03-07 14:00:41,580 - INFO - Fila 1: Modal de formato abierto, esperando selección...
2026-03-07 14:00:42,616 - INFO - Fila 1: Formato XLSX seleccionado
2026-03-07 14:00:43,631 - INFO - Fila 1: Botón Descargar encontrado
2026-03-07 14:00:44,151 - INFO - Fila 1: Descargando archivo...
2026-03-07 14:00:50,095 - INFO - Fila 1: [OK] Descargado exitosamente: VENTAS_PAGE1_FILA1_20260307_140050.xlsx
2026-03-07 14:00:51,111 - INFO - No hay página siguiente. Fin de paginación.
2026-03-07 14:00:51,111 - INFO - ======================================================================
2026-03-07 14:00:51,112 - INFO - [OK] Proceso completado
2026-03-07 14:00:51,112 - INFO - [REPORT] Total de descargas: 1 archivo(s)
2026-03-07 14:00:51,112 - INFO - 📁 Ubicación: D:\TAREAS\CARVAJAL\descargas_reportes
2026-03-07 14:00:51,112 - INFO - [LOG] Logs guardados en: logs_reportes\reporte_descargas_20260307_140002.log
2026-03-07 14:00:51,112 - INFO - ======================================================================
2026-03-07 14:00:51,112 - INFO - ✅ Descarga de reportes de VENTAS completada exitosamente
2026-03-07 14:00:51,112 - INFO - ======================================================================
2026-03-07 14:00:51,112 - INFO - [*] Iniciando descarga de Reportes INVENTARIO
2026-03-07 14:00:51,112 - INFO - ======================================================================
2026-03-07 14:00:51,113 - INFO - Navegando a: https://cencarvajal.com/receivingadvicenewportal/#/home/consult-service?service=INVRPT
2026-03-07 14:00:51,115 - INFO - Esperando que Angular cargue...
2026-03-07 14:00:54,438 - INFO - ✓ Formulario de filtros cargado
2026-03-07 14:00:56,439 - INFO - Configurando filtro de fechas: 06/03/2026 a 07/03/2026
2026-03-07 14:00:56,457 - INFO - Campo 'Fecha inicio' rellenado: 06/03/2026
2026-03-07 14:00:56,987 - INFO - Campo 'Fecha fin' rellenado: 07/03/2026
2026-03-07 14:00:58,497 - INFO - Calendarios cerrados, filtros de fecha configurados
2026-03-07 14:00:58,497 - INFO - 🔍 Presionando botón 'Buscar' para obtener el listado...
2026-03-07 14:00:58,539 - INFO - ✓ Búsqueda completada y tabla cargada
2026-03-07 14:01:00,544 - INFO - ✓ Se encontraron 1 registro(s)
2026-03-07 14:01:00,544 - INFO - 📄 Procesando página 1...
2026-03-07 14:01:00,549 - INFO -   -> 1 fila(s) en esta página
2026-03-07 14:01:00,573 - INFO - Fila 1: Iniciando descarga - Dismel Ltda | SUPERTIENDAS Y DROGUERIAS OLIMPICAS
2026-03-07 14:01:00,611 - INFO - Fila 1: Modal de formato abierto, esperando selección...
2026-03-07 14:01:01,648 - INFO - Fila 1: Formato XLSX seleccionado
2026-03-07 14:01:02,664 - INFO - Fila 1: Botón Descargar encontrado
2026-03-07 14:01:03,184 - INFO - Fila 1: Descargando archivo...
2026-03-07 14:01:05,870 - INFO - Fila 1: [OK] Descargado exitosamente: INVENTARIO_PAGE1_FILA1_20260307_140105.xlsx
2026-03-07 14:01:06,897 - INFO - No hay página siguiente. Fin de paginación.
2026-03-07 14:01:06,897 - INFO - ======================================================================
2026-03-07 14:01:06,898 - INFO - [OK] Proceso completado
2026-03-07 14:01:06,898 - INFO - [REPORT] Total de descargas: 1 archivo(s)
2026-03-07 14:01:06,898 - INFO - 📁 Ubicación: D:\TAREAS\CARVAJAL\descargas_reportes
2026-03-07 14:01:06,898 - INFO - [LOG] Logs guardados en: logs_reportes\reporte_descargas_20260307_140002.log
2026-03-07 14:01:06,898 - INFO - ======================================================================
2026-03-07 14:01:06,898 - INFO - ✅ Descarga de reportes de INVENTARIO completada exitosamente
2026-03-07 14:01:07,046 - INFO - 
[OK] Navegador cerrado. Proceso finalizado correctamente
2026-03-07 14:01:07,046 - INFO - [LOG] Archivo de log: logs_reportes\reporte_descargas_20260307_140002.log
2026-03-07 14:01:07,046 - INFO - ======================================================================
