2026-03-07 03:00:02,023 - INFO - ======================================================================
2026-03-07 03:00:02,024 - INFO - INICIO DE SESIÓN - 07/03/2026 03:00:02
2026-03-07 03:00:02,024 - INFO - ======================================================================
2026-03-07 03:00:02,559 - INFO - Iniciando Playwright...
2026-03-07 03:00:02,736 - INFO - Navegador (Chromium) lanzado en modo visible
2026-03-07 03:00:03,106 - INFO - Navegando a: https://cencarvajal.com/#/portal/login
2026-03-07 03:00:08,370 - INFO - [Intento 1/3] Intentando login…
2026-03-07 03:00:10,314 - INFO - [Intento 1] Formulario de login enviado
2026-03-07 03:00:20,317 - WARNING - [Intento 1] No apareció 'Tus servicios' después de intentar login (posible modal)
2026-03-07 03:00:20,350 - INFO - [Intento 1] Se hizo clic en botón 'Continuar' del modal
2026-03-07 03:00:27,352 - WARNING - [Intento 1] Aún no aparece 'Tus servicios' tras aceptar modal
2026-03-07 03:00:27,352 - INFO - [Intento 1] Navegando de nuevo a login y reintentando...
2026-03-07 03:00:27,362 - INFO - [Intento 1] Página de login cargada nuevamente
2026-03-07 03:00:27,362 - INFO - [Intento 2/3] Intentando login…
2026-03-07 03:00:27,418 - INFO - [Intento 2] Formulario de login enviado
2026-03-07 03:00:30,230 - INFO - [Intento 2] [OK] Login exitoso - texto 'Tus servicios' encontrado
2026-03-07 03:00:30,230 - INFO - [Intento 2] Esperando que la página se cargue completamente...
2026-03-07 03:00:32,231 - INFO - [Intento 2] Página estabilizada, listo para descargar
2026-03-07 03:00:32,231 - INFO - ======================================================================
2026-03-07 03:00:32,231 - INFO - [*] Iniciando descarga de Reportes VENTAS
2026-03-07 03:00:32,231 - INFO - ======================================================================
2026-03-07 03:00:32,231 - INFO - Navegando a: https://cencarvajal.com/receivingadvicenewportal/#/home/consult-service?service=SLSRPT
2026-03-07 03:00:32,264 - INFO - Esperando que Angular cargue...
2026-03-07 03:00:35,793 - INFO - ✓ Formulario de filtros cargado
2026-03-07 03:00:37,795 - INFO - Configurando filtro de fechas: 06/03/2026 a 07/03/2026
2026-03-07 03:00:37,826 - INFO - Campo 'Fecha inicio' rellenado: 06/03/2026
2026-03-07 03:00:38,377 - INFO - Campo 'Fecha fin' rellenado: 07/03/2026
2026-03-07 03:00:39,887 - INFO - Calendarios cerrados, filtros de fecha configurados
2026-03-07 03:00:39,887 - INFO - 🔍 Presionando botón 'Buscar' para obtener el listado...
2026-03-07 03:00:39,928 - INFO - ✓ Búsqueda completada y tabla cargada
2026-03-07 03:00:41,933 - INFO - ✓ Se encontraron 2 registro(s)
2026-03-07 03:00:41,933 - INFO - 📄 Procesando página 1...
2026-03-07 03:00:41,939 - INFO -   -> 2 fila(s) en esta página
2026-03-07 03:00:41,964 - INFO - Fila 1: Iniciando descarga - Dismel Ltda | SUPERTIENDAS Y DROGUERIAS OLIMPICAS
2026-03-07 03:00:41,999 - INFO - Fila 1: Modal de formato abierto, esperando selección...
2026-03-07 03:00:43,033 - INFO - Fila 1: Formato XLSX seleccionado
2026-03-07 03:00:44,049 - INFO - Fila 1: Botón Descargar encontrado
2026-03-07 03:00:44,569 - INFO - Fila 1: Descargando archivo...
2026-03-07 03:00:50,486 - INFO - Fila 1: [OK] Descargado exitosamente: VENTAS_PAGE1_FILA1_20260307_030050.xlsx
2026-03-07 03:00:51,512 - INFO - Fila 2: Iniciando descarga - Dismel Ltda | SUPERTIENDAS Y DROGUERIAS OLIMPICAS
2026-03-07 03:00:51,546 - INFO - Fila 2: Modal de formato abierto, esperando selección...
2026-03-07 03:00:52,582 - INFO - Fila 2: Formato XLSX seleccionado
2026-03-07 03:00:53,597 - INFO - Fila 2: Botón Descargar encontrado
2026-03-07 03:00:54,119 - INFO - Fila 2: Descargando archivo...
2026-03-07 03:00:56,756 - INFO - Fila 2: [OK] Descargado exitosamente: VENTAS_PAGE1_FILA2_20260307_030056.xlsx
2026-03-07 03:00:57,773 - INFO - No hay página siguiente. Fin de paginación.
2026-03-07 03:00:57,774 - INFO - ======================================================================
2026-03-07 03:00:57,774 - INFO - [OK] Proceso completado
2026-03-07 03:00:57,774 - INFO - [REPORT] Total de descargas: 2 archivo(s)
2026-03-07 03:00:57,774 - INFO - 📁 Ubicación: D:\TAREAS\CARVAJAL\descargas_reportes
2026-03-07 03:00:57,774 - INFO - [LOG] Logs guardados en: logs_reportes\reporte_descargas_20260307_030002.log
2026-03-07 03:00:57,774 - INFO - ======================================================================
2026-03-07 03:00:57,774 - INFO - ✅ Descarga de reportes de VENTAS completada exitosamente
2026-03-07 03:00:57,775 - INFO - ======================================================================
2026-03-07 03:00:57,775 - INFO - [*] Iniciando descarga de Reportes INVENTARIO
2026-03-07 03:00:57,775 - INFO - ======================================================================
2026-03-07 03:00:57,775 - INFO - Navegando a: https://cencarvajal.com/receivingadvicenewportal/#/home/consult-service?service=INVRPT
2026-03-07 03:00:57,778 - INFO - Esperando que Angular cargue...
2026-03-07 03:01:01,101 - INFO - ✓ Formulario de filtros cargado
2026-03-07 03:01:03,102 - INFO - Configurando filtro de fechas: 06/03/2026 a 07/03/2026
2026-03-07 03:01:03,121 - INFO - Campo 'Fecha inicio' rellenado: 06/03/2026
2026-03-07 03:01:03,668 - INFO - Campo 'Fecha fin' rellenado: 07/03/2026
2026-03-07 03:01:05,178 - INFO - Calendarios cerrados, filtros de fecha configurados
2026-03-07 03:01:05,178 - INFO - 🔍 Presionando botón 'Buscar' para obtener el listado...
2026-03-07 03:01:05,207 - INFO - ✓ Búsqueda completada y tabla cargada
2026-03-07 03:01:07,212 - INFO - ✓ Se encontraron 2 registro(s)
2026-03-07 03:01:07,212 - INFO - 📄 Procesando página 1...
2026-03-07 03:01:07,216 - INFO -   -> 2 fila(s) en esta página
2026-03-07 03:01:07,241 - INFO - Fila 1: Iniciando descarga - Dismel Ltda | SUPERTIENDAS Y DROGUERIAS OLIMPICAS
2026-03-07 03:01:07,279 - INFO - Fila 1: Modal de formato abierto, esperando selección...
2026-03-07 03:01:08,317 - INFO - Fila 1: Formato XLSX seleccionado
2026-03-07 03:01:09,330 - INFO - Fila 1: Botón Descargar encontrado
2026-03-07 03:01:09,851 - INFO - Fila 1: Descargando archivo...
2026-03-07 03:01:12,575 - INFO - Fila 1: [OK] Descargado exitosamente: INVENTARIO_PAGE1_FILA1_20260307_030112.xlsx
2026-03-07 03:01:13,615 - INFO - Fila 2: Iniciando descarga - Dismel Ltda | SUPERTIENDAS Y DROGUERIAS OLIMPICAS
2026-03-07 03:01:13,644 - INFO - Fila 2: Modal de formato abierto, esperando selección...
2026-03-07 03:01:14,683 - INFO - Fila 2: Formato XLSX seleccionado
2026-03-07 03:01:15,698 - INFO - Fila 2: Botón Descargar encontrado
2026-03-07 03:01:16,218 - INFO - Fila 2: Descargando archivo...
2026-03-07 03:01:18,766 - INFO - Fila 2: [OK] Descargado exitosamente: INVENTARIO_PAGE1_FILA2_20260307_030118.xlsx
2026-03-07 03:01:19,783 - INFO - No hay página siguiente. Fin de paginación.
2026-03-07 03:01:19,783 - INFO - ======================================================================
2026-03-07 03:01:19,783 - INFO - [OK] Proceso completado
2026-03-07 03:01:19,783 - INFO - [REPORT] Total de descargas: 2 archivo(s)
2026-03-07 03:01:19,783 - INFO - 📁 Ubicación: D:\TAREAS\CARVAJAL\descargas_reportes
2026-03-07 03:01:19,783 - INFO - [LOG] Logs guardados en: logs_reportes\reporte_descargas_20260307_030002.log
2026-03-07 03:01:19,784 - INFO - ======================================================================
2026-03-07 03:01:19,784 - INFO - ✅ Descarga de reportes de INVENTARIO completada exitosamente
2026-03-07 03:01:19,869 - INFO - 
[OK] Navegador cerrado. Proceso finalizado correctamente
2026-03-07 03:01:19,870 - INFO - [LOG] Archivo de log: logs_reportes\reporte_descargas_20260307_030002.log
2026-03-07 03:01:19,870 - INFO - ======================================================================
