2026-03-09 00:00:02,010 - INFO - ======================================================================
2026-03-09 00:00:02,010 - INFO - INICIO DE SESIÓN - 09/03/2026 00:00:02
2026-03-09 00:00:02,010 - INFO - ======================================================================
2026-03-09 00:00:02,553 - INFO - Iniciando Playwright...
2026-03-09 00:00:02,729 - INFO - Navegador (Chromium) lanzado en modo visible
2026-03-09 00:00:03,088 - INFO - Navegando a: https://cencarvajal.com/#/portal/login
2026-03-09 00:00:09,061 - INFO - [Intento 1/3] Intentando login…
2026-03-09 00:00:11,545 - INFO - [Intento 1] Formulario de login enviado
2026-03-09 00:00:21,548 - WARNING - [Intento 1] No apareció 'Tus servicios' después de intentar login (posible modal)
2026-03-09 00:00:21,570 - INFO - [Intento 1] Se hizo clic en botón 'Continuar' del modal
2026-03-09 00:00:28,572 - WARNING - [Intento 1] Aún no aparece 'Tus servicios' tras aceptar modal
2026-03-09 00:00:28,572 - INFO - [Intento 1] Navegando de nuevo a login y reintentando...
2026-03-09 00:00:28,581 - INFO - [Intento 1] Página de login cargada nuevamente
2026-03-09 00:00:28,581 - INFO - [Intento 2/3] Intentando login…
2026-03-09 00:00:28,637 - INFO - [Intento 2] Formulario de login enviado
2026-03-09 00:00:30,933 - INFO - [Intento 2] [OK] Login exitoso - texto 'Tus servicios' encontrado
2026-03-09 00:00:30,933 - INFO - [Intento 2] Esperando que la página se cargue completamente...
2026-03-09 00:00:32,935 - INFO - [Intento 2] Página estabilizada, listo para descargar
2026-03-09 00:00:32,935 - INFO - ======================================================================
2026-03-09 00:00:32,935 - INFO - [*] Iniciando descarga de Reportes VENTAS
2026-03-09 00:00:32,935 - INFO - ======================================================================
2026-03-09 00:00:32,935 - INFO - Navegando a: https://cencarvajal.com/receivingadvicenewportal/#/home/consult-service?service=SLSRPT
2026-03-09 00:00:32,960 - INFO - Esperando que Angular cargue...
2026-03-09 00:00:36,970 - INFO - ✓ Formulario de filtros cargado
2026-03-09 00:00:38,972 - INFO - Configurando filtro de fechas: 08/03/2026 a 09/03/2026
2026-03-09 00:00:39,002 - INFO - Campo 'Fecha inicio' rellenado: 08/03/2026
2026-03-09 00:00:39,557 - INFO - Campo 'Fecha fin' rellenado: 09/03/2026
2026-03-09 00:00:41,068 - INFO - Calendarios cerrados, filtros de fecha configurados
2026-03-09 00:00:41,068 - INFO - 🔍 Presionando botón 'Buscar' para obtener el listado...
2026-03-09 00:00:41,115 - INFO - ✓ Búsqueda completada y tabla cargada
2026-03-09 00:00:43,121 - INFO - ✓ Se encontraron 2 registro(s)
2026-03-09 00:00:43,121 - INFO - 📄 Procesando página 1...
2026-03-09 00:00:43,127 - INFO -   -> 2 fila(s) en esta página
2026-03-09 00:00:43,151 - INFO - Fila 1: Iniciando descarga - Dismel Ltda | SUPERTIENDAS Y DROGUERIAS OLIMPICAS
2026-03-09 00:00:43,184 - INFO - Fila 1: Modal de formato abierto, esperando selección...
2026-03-09 00:00:44,220 - INFO - Fila 1: Formato XLSX seleccionado
2026-03-09 00:00:45,235 - INFO - Fila 1: Botón Descargar encontrado
2026-03-09 00:00:45,756 - INFO - Fila 1: Descargando archivo...
2026-03-09 00:00:51,637 - INFO - Fila 1: [OK] Descargado exitosamente: VENTAS_PAGE1_FILA1_20260309_000051.xlsx
2026-03-09 00:00:52,662 - INFO - Fila 2: Iniciando descarga - Dismel Ltda | SUPERTIENDAS Y DROGUERIAS OLIMPICAS
2026-03-09 00:00:52,699 - INFO - Fila 2: Modal de formato abierto, esperando selección...
2026-03-09 00:00:53,735 - INFO - Fila 2: Formato XLSX seleccionado
2026-03-09 00:00:54,750 - INFO - Fila 2: Botón Descargar encontrado
2026-03-09 00:00:55,271 - INFO - Fila 2: Descargando archivo...
2026-03-09 00:00:58,458 - INFO - Fila 2: [OK] Descargado exitosamente: VENTAS_PAGE1_FILA2_20260309_000058.xlsx
2026-03-09 00:00:59,475 - INFO - No hay página siguiente. Fin de paginación.
2026-03-09 00:00:59,475 - INFO - ======================================================================
2026-03-09 00:00:59,475 - INFO - [OK] Proceso completado
2026-03-09 00:00:59,475 - INFO - [REPORT] Total de descargas: 2 archivo(s)
2026-03-09 00:00:59,475 - INFO - 📁 Ubicación: D:\TAREAS\CARVAJAL\descargas_reportes
2026-03-09 00:00:59,476 - INFO - [LOG] Logs guardados en: logs_reportes\reporte_descargas_20260309_000002.log
2026-03-09 00:00:59,476 - INFO - ======================================================================
2026-03-09 00:00:59,476 - INFO - ✅ Descarga de reportes de VENTAS completada exitosamente
2026-03-09 00:00:59,476 - INFO - ======================================================================
2026-03-09 00:00:59,476 - INFO - [*] Iniciando descarga de Reportes INVENTARIO
2026-03-09 00:00:59,476 - INFO - ======================================================================
2026-03-09 00:00:59,476 - INFO - Navegando a: https://cencarvajal.com/receivingadvicenewportal/#/home/consult-service?service=INVRPT
2026-03-09 00:00:59,479 - INFO - Esperando que Angular cargue...
2026-03-09 00:01:02,800 - INFO - ✓ Formulario de filtros cargado
2026-03-09 00:01:04,801 - INFO - Configurando filtro de fechas: 08/03/2026 a 09/03/2026
2026-03-09 00:01:04,821 - INFO - Campo 'Fecha inicio' rellenado: 08/03/2026
2026-03-09 00:01:05,352 - INFO - Campo 'Fecha fin' rellenado: 09/03/2026
2026-03-09 00:01:06,861 - INFO - Calendarios cerrados, filtros de fecha configurados
2026-03-09 00:01:06,861 - INFO - 🔍 Presionando botón 'Buscar' para obtener el listado...
2026-03-09 00:01:06,893 - INFO - ✓ Búsqueda completada y tabla cargada
2026-03-09 00:01:08,898 - INFO - ✓ Se encontraron 2 registro(s)
2026-03-09 00:01:08,898 - INFO - 📄 Procesando página 1...
2026-03-09 00:01:08,903 - INFO -   -> 2 fila(s) en esta página
2026-03-09 00:01:08,927 - INFO - Fila 1: Iniciando descarga - Dismel Ltda | SUPERTIENDAS Y DROGUERIAS OLIMPICAS
2026-03-09 00:01:08,965 - INFO - Fila 1: Modal de formato abierto, esperando selección...
2026-03-09 00:01:10,002 - INFO - Fila 1: Formato XLSX seleccionado
2026-03-09 00:01:11,017 - INFO - Fila 1: Botón Descargar encontrado
2026-03-09 00:01:11,539 - INFO - Fila 1: Descargando archivo...
2026-03-09 00:01:14,284 - INFO - Fila 1: [OK] Descargado exitosamente: INVENTARIO_PAGE1_FILA1_20260309_000114.xlsx
2026-03-09 00:01:15,321 - INFO - Fila 2: Iniciando descarga - Dismel Ltda | SUPERTIENDAS Y DROGUERIAS OLIMPICAS
2026-03-09 00:01:15,363 - INFO - Fila 2: Modal de formato abierto, esperando selección...
2026-03-09 00:01:16,402 - INFO - Fila 2: Formato XLSX seleccionado
2026-03-09 00:01:17,416 - INFO - Fila 2: Botón Descargar encontrado
2026-03-09 00:01:17,938 - INFO - Fila 2: Descargando archivo...
2026-03-09 00:01:20,541 - INFO - Fila 2: [OK] Descargado exitosamente: INVENTARIO_PAGE1_FILA2_20260309_000120.xlsx
2026-03-09 00:01:21,557 - INFO - No hay página siguiente. Fin de paginación.
2026-03-09 00:01:21,557 - INFO - ======================================================================
2026-03-09 00:01:21,558 - INFO - [OK] Proceso completado
2026-03-09 00:01:21,558 - INFO - [REPORT] Total de descargas: 2 archivo(s)
2026-03-09 00:01:21,558 - INFO - 📁 Ubicación: D:\TAREAS\CARVAJAL\descargas_reportes
2026-03-09 00:01:21,558 - INFO - [LOG] Logs guardados en: logs_reportes\reporte_descargas_20260309_000002.log
2026-03-09 00:01:21,558 - INFO - ======================================================================
2026-03-09 00:01:21,558 - INFO - ✅ Descarga de reportes de INVENTARIO completada exitosamente
2026-03-09 00:01:21,649 - INFO - 
[OK] Navegador cerrado. Proceso finalizado correctamente
2026-03-09 00:01:21,650 - INFO - [LOG] Archivo de log: logs_reportes\reporte_descargas_20260309_000002.log
2026-03-09 00:01:21,650 - INFO - ======================================================================
