2026-03-08 12:00:02,009 - INFO - ======================================================================
2026-03-08 12:00:02,009 - INFO - INICIO DE SESIÓN - 08/03/2026 12:00:02
2026-03-08 12:00:02,009 - INFO - ======================================================================
2026-03-08 12:00:02,547 - INFO - Iniciando Playwright...
2026-03-08 12:00:02,736 - INFO - Navegador (Chromium) lanzado en modo visible
2026-03-08 12:00:03,092 - INFO - Navegando a: https://cencarvajal.com/#/portal/login
2026-03-08 12:00:08,057 - INFO - [Intento 1/3] Intentando login…
2026-03-08 12:00:10,438 - INFO - [Intento 1] Formulario de login enviado
2026-03-08 12:00:20,441 - WARNING - [Intento 1] No apareció 'Tus servicios' después de intentar login (posible modal)
2026-03-08 12:00:20,481 - INFO - [Intento 1] Se hizo clic en botón 'Continuar' del modal
2026-03-08 12:00:27,482 - WARNING - [Intento 1] Aún no aparece 'Tus servicios' tras aceptar modal
2026-03-08 12:00:27,482 - INFO - [Intento 1] Navegando de nuevo a login y reintentando...
2026-03-08 12:00:27,492 - INFO - [Intento 1] Página de login cargada nuevamente
2026-03-08 12:00:27,492 - INFO - [Intento 2/3] Intentando login…
2026-03-08 12:00:27,549 - INFO - [Intento 2] Formulario de login enviado
2026-03-08 12:00:29,919 - INFO - [Intento 2] [OK] Login exitoso - texto 'Tus servicios' encontrado
2026-03-08 12:00:29,919 - INFO - [Intento 2] Esperando que la página se cargue completamente...
2026-03-08 12:00:31,920 - INFO - [Intento 2] Página estabilizada, listo para descargar
2026-03-08 12:00:31,920 - INFO - ======================================================================
2026-03-08 12:00:31,920 - INFO - [*] Iniciando descarga de Reportes VENTAS
2026-03-08 12:00:31,920 - INFO - ======================================================================
2026-03-08 12:00:31,920 - INFO - Navegando a: https://cencarvajal.com/receivingadvicenewportal/#/home/consult-service?service=SLSRPT
2026-03-08 12:00:31,948 - INFO - Esperando que Angular cargue...
2026-03-08 12:00:35,477 - INFO - ✓ Formulario de filtros cargado
2026-03-08 12:00:37,479 - INFO - Configurando filtro de fechas: 07/03/2026 a 08/03/2026
2026-03-08 12:00:37,508 - INFO - Campo 'Fecha inicio' rellenado: 07/03/2026
2026-03-08 12:00:38,042 - INFO - Campo 'Fecha fin' rellenado: 08/03/2026
2026-03-08 12:00:39,552 - INFO - Calendarios cerrados, filtros de fecha configurados
2026-03-08 12:00:39,552 - INFO - 🔍 Presionando botón 'Buscar' para obtener el listado...
2026-03-08 12:00:39,594 - INFO - ✓ Búsqueda completada y tabla cargada
2026-03-08 12:00:41,600 - INFO - ✓ Se encontraron 1 registro(s)
2026-03-08 12:00:41,600 - INFO - 📄 Procesando página 1...
2026-03-08 12:00:41,603 - INFO -   -> 1 fila(s) en esta página
2026-03-08 12:00:41,627 - INFO - Fila 1: Iniciando descarga - Dismel Ltda | SUPERTIENDAS Y DROGUERIAS OLIMPICAS
2026-03-08 12:00:41,662 - INFO - Fila 1: Modal de formato abierto, esperando selección...
2026-03-08 12:00:42,698 - INFO - Fila 1: Formato XLSX seleccionado
2026-03-08 12:00:43,712 - INFO - Fila 1: Botón Descargar encontrado
2026-03-08 12:00:44,232 - INFO - Fila 1: Descargando archivo...
2026-03-08 12:00:50,406 - INFO - Fila 1: [OK] Descargado exitosamente: VENTAS_PAGE1_FILA1_20260308_120050.xlsx
2026-03-08 12:00:51,422 - INFO - No hay página siguiente. Fin de paginación.
2026-03-08 12:00:51,422 - INFO - ======================================================================
2026-03-08 12:00:51,422 - INFO - [OK] Proceso completado
2026-03-08 12:00:51,422 - INFO - [REPORT] Total de descargas: 1 archivo(s)
2026-03-08 12:00:51,422 - INFO - 📁 Ubicación: D:\TAREAS\CARVAJAL\descargas_reportes
2026-03-08 12:00:51,422 - INFO - [LOG] Logs guardados en: logs_reportes\reporte_descargas_20260308_120002.log
2026-03-08 12:00:51,423 - INFO - ======================================================================
2026-03-08 12:00:51,423 - INFO - ✅ Descarga de reportes de VENTAS completada exitosamente
2026-03-08 12:00:51,423 - INFO - ======================================================================
2026-03-08 12:00:51,423 - INFO - [*] Iniciando descarga de Reportes INVENTARIO
2026-03-08 12:00:51,423 - INFO - ======================================================================
2026-03-08 12:00:51,423 - INFO - Navegando a: https://cencarvajal.com/receivingadvicenewportal/#/home/consult-service?service=INVRPT
2026-03-08 12:00:51,426 - INFO - Esperando que Angular cargue...
2026-03-08 12:00:54,746 - INFO - ✓ Formulario de filtros cargado
2026-03-08 12:00:56,747 - INFO - Configurando filtro de fechas: 07/03/2026 a 08/03/2026
2026-03-08 12:00:56,766 - INFO - Campo 'Fecha inicio' rellenado: 07/03/2026
2026-03-08 12:00:57,297 - INFO - Campo 'Fecha fin' rellenado: 08/03/2026
2026-03-08 12:00:58,806 - INFO - Calendarios cerrados, filtros de fecha configurados
2026-03-08 12:00:58,806 - INFO - 🔍 Presionando botón 'Buscar' para obtener el listado...
2026-03-08 12:00:58,838 - INFO - ✓ Búsqueda completada y tabla cargada
2026-03-08 12:01:00,842 - INFO - ✓ Se encontraron 1 registro(s)
2026-03-08 12:01:00,842 - INFO - 📄 Procesando página 1...
2026-03-08 12:01:00,846 - INFO -   -> 1 fila(s) en esta página
2026-03-08 12:01:00,870 - INFO - Fila 1: Iniciando descarga - Dismel Ltda | SUPERTIENDAS Y DROGUERIAS OLIMPICAS
2026-03-08 12:01:00,909 - INFO - Fila 1: Modal de formato abierto, esperando selección...
2026-03-08 12:01:01,947 - INFO - Fila 1: Formato XLSX seleccionado
2026-03-08 12:01:02,962 - INFO - Fila 1: Botón Descargar encontrado
2026-03-08 12:01:03,483 - INFO - Fila 1: Descargando archivo...
2026-03-08 12:01:06,564 - INFO - Fila 1: [OK] Descargado exitosamente: INVENTARIO_PAGE1_FILA1_20260308_120106.xlsx
2026-03-08 12:01:07,592 - INFO - No hay página siguiente. Fin de paginación.
2026-03-08 12:01:07,592 - INFO - ======================================================================
2026-03-08 12:01:07,592 - INFO - [OK] Proceso completado
2026-03-08 12:01:07,593 - INFO - [REPORT] Total de descargas: 1 archivo(s)
2026-03-08 12:01:07,593 - INFO - 📁 Ubicación: D:\TAREAS\CARVAJAL\descargas_reportes
2026-03-08 12:01:07,593 - INFO - [LOG] Logs guardados en: logs_reportes\reporte_descargas_20260308_120002.log
2026-03-08 12:01:07,593 - INFO - ======================================================================
2026-03-08 12:01:07,593 - INFO - ✅ Descarga de reportes de INVENTARIO completada exitosamente
2026-03-08 12:01:07,677 - INFO - 
[OK] Navegador cerrado. Proceso finalizado correctamente
2026-03-08 12:01:07,677 - INFO - [LOG] Archivo de log: logs_reportes\reporte_descargas_20260308_120002.log
2026-03-08 12:01:07,678 - INFO - ======================================================================
