2026-03-07 15:00:02,010 - INFO - ======================================================================
2026-03-07 15:00:02,010 - INFO - INICIO DE SESIÓN - 07/03/2026 15:00:02
2026-03-07 15:00:02,010 - INFO - ======================================================================
2026-03-07 15:00:02,547 - INFO - Iniciando Playwright...
2026-03-07 15:00:02,707 - INFO - Navegador (Chromium) lanzado en modo visible
2026-03-07 15:00:03,080 - INFO - Navegando a: https://cencarvajal.com/#/portal/login
2026-03-07 15:00:08,309 - INFO - [Intento 1/3] Intentando login…
2026-03-07 15:00:10,396 - INFO - [Intento 1] Formulario de login enviado
2026-03-07 15:00:20,397 - WARNING - [Intento 1] No apareció 'Tus servicios' después de intentar login (posible modal)
2026-03-07 15:00:20,422 - INFO - [Intento 1] Se hizo clic en botón 'Continuar' del modal
2026-03-07 15:00:27,424 - WARNING - [Intento 1] Aún no aparece 'Tus servicios' tras aceptar modal
2026-03-07 15:00:27,424 - INFO - [Intento 1] Navegando de nuevo a login y reintentando...
2026-03-07 15:00:27,433 - INFO - [Intento 1] Página de login cargada nuevamente
2026-03-07 15:00:27,433 - INFO - [Intento 2/3] Intentando login…
2026-03-07 15:00:27,489 - INFO - [Intento 2] Formulario de login enviado
2026-03-07 15:00:29,355 - INFO - [Intento 2] [OK] Login exitoso - texto 'Tus servicios' encontrado
2026-03-07 15:00:29,355 - INFO - [Intento 2] Esperando que la página se cargue completamente...
2026-03-07 15:00:31,356 - INFO - [Intento 2] Página estabilizada, listo para descargar
2026-03-07 15:00:31,356 - INFO - ======================================================================
2026-03-07 15:00:31,356 - INFO - [*] Iniciando descarga de Reportes VENTAS
2026-03-07 15:00:31,356 - INFO - ======================================================================
2026-03-07 15:00:31,356 - INFO - Navegando a: https://cencarvajal.com/receivingadvicenewportal/#/home/consult-service?service=SLSRPT
2026-03-07 15:00:31,385 - INFO - Esperando que Angular cargue...
2026-03-07 15:00:35,213 - INFO - ✓ Formulario de filtros cargado
2026-03-07 15:00:37,214 - INFO - Configurando filtro de fechas: 06/03/2026 a 07/03/2026
2026-03-07 15:00:37,244 - INFO - Campo 'Fecha inicio' rellenado: 06/03/2026
2026-03-07 15:00:37,780 - INFO - Campo 'Fecha fin' rellenado: 07/03/2026
2026-03-07 15:00:39,289 - INFO - Calendarios cerrados, filtros de fecha configurados
2026-03-07 15:00:39,289 - INFO - 🔍 Presionando botón 'Buscar' para obtener el listado...
2026-03-07 15:00:39,333 - INFO - ✓ Búsqueda completada y tabla cargada
2026-03-07 15:00:41,339 - INFO - ✓ Se encontraron 2 registro(s)
2026-03-07 15:00:41,340 - INFO - 📄 Procesando página 1...
2026-03-07 15:00:41,344 - INFO -   -> 2 fila(s) en esta página
2026-03-07 15:00:41,368 - INFO - Fila 1: Iniciando descarga - Dismel Ltda | SUPERTIENDAS Y DROGUERIAS OLIMPICAS
2026-03-07 15:00:41,402 - INFO - Fila 1: Modal de formato abierto, esperando selección...
2026-03-07 15:00:42,440 - INFO - Fila 1: Formato XLSX seleccionado
2026-03-07 15:00:43,455 - INFO - Fila 1: Botón Descargar encontrado
2026-03-07 15:00:43,991 - INFO - Fila 1: Descargando archivo...
2026-03-07 15:00:49,846 - INFO - Fila 1: [OK] Descargado exitosamente: VENTAS_PAGE1_FILA1_20260307_150049.xlsx
2026-03-07 15:00:50,873 - INFO - Fila 2: Iniciando descarga - Dismel Ltda | SUPERTIENDAS Y DROGUERIAS OLIMPICAS
2026-03-07 15:00:50,900 - INFO - Fila 2: Modal de formato abierto, esperando selección...
2026-03-07 15:00:51,938 - INFO - Fila 2: Formato XLSX seleccionado
2026-03-07 15:00:52,967 - INFO - Fila 2: Botón Descargar encontrado
2026-03-07 15:00:53,489 - INFO - Fila 2: Descargando archivo...
2026-03-07 15:00:56,150 - INFO - Fila 2: [OK] Descargado exitosamente: VENTAS_PAGE1_FILA2_20260307_150056.xlsx
2026-03-07 15:00:57,167 - INFO - No hay página siguiente. Fin de paginación.
2026-03-07 15:00:57,167 - INFO - ======================================================================
2026-03-07 15:00:57,168 - INFO - [OK] Proceso completado
2026-03-07 15:00:57,168 - INFO - [REPORT] Total de descargas: 2 archivo(s)
2026-03-07 15:00:57,168 - INFO - 📁 Ubicación: D:\TAREAS\CARVAJAL\descargas_reportes
2026-03-07 15:00:57,168 - INFO - [LOG] Logs guardados en: logs_reportes\reporte_descargas_20260307_150002.log
2026-03-07 15:00:57,168 - INFO - ======================================================================
2026-03-07 15:00:57,168 - INFO - ✅ Descarga de reportes de VENTAS completada exitosamente
2026-03-07 15:00:57,168 - INFO - ======================================================================
2026-03-07 15:00:57,168 - INFO - [*] Iniciando descarga de Reportes INVENTARIO
2026-03-07 15:00:57,169 - INFO - ======================================================================
2026-03-07 15:00:57,169 - INFO - Navegando a: https://cencarvajal.com/receivingadvicenewportal/#/home/consult-service?service=INVRPT
2026-03-07 15:00:57,171 - INFO - Esperando que Angular cargue...
2026-03-07 15:01:00,493 - INFO - ✓ Formulario de filtros cargado
2026-03-07 15:01:02,494 - INFO - Configurando filtro de fechas: 06/03/2026 a 07/03/2026
2026-03-07 15:01:02,512 - INFO - Campo 'Fecha inicio' rellenado: 06/03/2026
2026-03-07 15:01:03,042 - INFO - Campo 'Fecha fin' rellenado: 07/03/2026
2026-03-07 15:01:04,563 - INFO - Calendarios cerrados, filtros de fecha configurados
2026-03-07 15:01:04,563 - INFO - 🔍 Presionando botón 'Buscar' para obtener el listado...
2026-03-07 15:01:04,596 - INFO - ✓ Búsqueda completada y tabla cargada
2026-03-07 15:01:06,600 - INFO - ✓ Se encontraron 1 registro(s)
2026-03-07 15:01:06,600 - INFO - 📄 Procesando página 1...
2026-03-07 15:01:06,604 - INFO -   -> 1 fila(s) en esta página
2026-03-07 15:01:06,627 - INFO - Fila 1: Iniciando descarga - Dismel Ltda | SUPERTIENDAS Y DROGUERIAS OLIMPICAS
2026-03-07 15:01:06,666 - INFO - Fila 1: Modal de formato abierto, esperando selección...
2026-03-07 15:01:07,704 - INFO - Fila 1: Formato XLSX seleccionado
2026-03-07 15:01:08,718 - INFO - Fila 1: Botón Descargar encontrado
2026-03-07 15:01:09,239 - INFO - Fila 1: Descargando archivo...
2026-03-07 15:01:11,991 - INFO - Fila 1: [OK] Descargado exitosamente: INVENTARIO_PAGE1_FILA1_20260307_150111.xlsx
2026-03-07 15:01:13,019 - INFO - No hay página siguiente. Fin de paginación.
2026-03-07 15:01:13,019 - INFO - ======================================================================
2026-03-07 15:01:13,020 - INFO - [OK] Proceso completado
2026-03-07 15:01:13,020 - INFO - [REPORT] Total de descargas: 1 archivo(s)
2026-03-07 15:01:13,020 - INFO - 📁 Ubicación: D:\TAREAS\CARVAJAL\descargas_reportes
2026-03-07 15:01:13,020 - INFO - [LOG] Logs guardados en: logs_reportes\reporte_descargas_20260307_150002.log
2026-03-07 15:01:13,020 - INFO - ======================================================================
2026-03-07 15:01:13,020 - INFO - ✅ Descarga de reportes de INVENTARIO completada exitosamente
2026-03-07 15:01:13,105 - INFO - 
[OK] Navegador cerrado. Proceso finalizado correctamente
2026-03-07 15:01:13,105 - INFO - [LOG] Archivo de log: logs_reportes\reporte_descargas_20260307_150002.log
2026-03-07 15:01:13,105 - INFO - ======================================================================
