2026-03-07 10:00:02,076 - INFO - ======================================================================
2026-03-07 10:00:02,077 - INFO - INICIO DE SESIÓN - 07/03/2026 10:00:02
2026-03-07 10:00:02,077 - INFO - ======================================================================
2026-03-07 10:00:08,456 - INFO - Iniciando Playwright...
2026-03-07 10:00:10,250 - INFO - Navegador (Chromium) lanzado en modo visible
2026-03-07 10:00:10,673 - INFO - Navegando a: https://cencarvajal.com/#/portal/login
2026-03-07 10:00:15,656 - INFO - [Intento 1/3] Intentando login…
2026-03-07 10:00:18,067 - INFO - [Intento 1] Formulario de login enviado
2026-03-07 10:00:20,447 - INFO - [Intento 1] [OK] Login exitoso - texto 'Tus servicios' encontrado
2026-03-07 10:00:20,457 - INFO - [Intento 1] Esperando que la página se cargue completamente...
2026-03-07 10:00:22,458 - INFO - [Intento 1] Página estabilizada, listo para descargar
2026-03-07 10:00:22,458 - INFO - ======================================================================
2026-03-07 10:00:22,458 - INFO - [*] Iniciando descarga de Reportes VENTAS
2026-03-07 10:00:22,458 - INFO - ======================================================================
2026-03-07 10:00:22,458 - INFO - Navegando a: https://cencarvajal.com/receivingadvicenewportal/#/home/consult-service?service=SLSRPT
2026-03-07 10:00:22,485 - INFO - Esperando que Angular cargue...
2026-03-07 10:00:26,070 - INFO - ✓ Formulario de filtros cargado
2026-03-07 10:00:28,072 - INFO - Configurando filtro de fechas: 06/03/2026 a 07/03/2026
2026-03-07 10:00:28,113 - INFO - Campo 'Fecha inicio' rellenado: 06/03/2026
2026-03-07 10:00:28,647 - INFO - Campo 'Fecha fin' rellenado: 07/03/2026
2026-03-07 10:00:30,158 - INFO - Calendarios cerrados, filtros de fecha configurados
2026-03-07 10:00:30,158 - INFO - 🔍 Presionando botón 'Buscar' para obtener el listado...
2026-03-07 10:00:30,204 - INFO - ✓ Búsqueda completada y tabla cargada
2026-03-07 10:00:32,210 - INFO - ✓ Se encontraron 1 registro(s)
2026-03-07 10:00:32,210 - INFO - 📄 Procesando página 1...
2026-03-07 10:00:32,214 - INFO -   -> 1 fila(s) en esta página
2026-03-07 10:00:32,237 - INFO - Fila 1: Iniciando descarga - Dismel Ltda | SUPERTIENDAS Y DROGUERIAS OLIMPICAS
2026-03-07 10:00:32,281 - INFO - Fila 1: Modal de formato abierto, esperando selección...
2026-03-07 10:00:33,309 - INFO - Fila 1: Formato XLSX seleccionado
2026-03-07 10:00:34,324 - INFO - Fila 1: Botón Descargar encontrado
2026-03-07 10:00:34,845 - INFO - Fila 1: Descargando archivo...
2026-03-07 10:00:40,713 - INFO - Fila 1: [OK] Descargado exitosamente: VENTAS_PAGE1_FILA1_20260307_100040.xlsx
2026-03-07 10:00:41,729 - INFO - No hay página siguiente. Fin de paginación.
2026-03-07 10:00:41,729 - INFO - ======================================================================
2026-03-07 10:00:41,729 - INFO - [OK] Proceso completado
2026-03-07 10:00:41,729 - INFO - [REPORT] Total de descargas: 1 archivo(s)
2026-03-07 10:00:41,729 - INFO - 📁 Ubicación: D:\TAREAS\CARVAJAL\descargas_reportes
2026-03-07 10:00:41,729 - INFO - [LOG] Logs guardados en: logs_reportes\reporte_descargas_20260307_100002.log
2026-03-07 10:00:41,730 - INFO - ======================================================================
2026-03-07 10:00:41,730 - INFO - ✅ Descarga de reportes de VENTAS completada exitosamente
2026-03-07 10:00:41,730 - INFO - ======================================================================
2026-03-07 10:00:41,730 - INFO - [*] Iniciando descarga de Reportes INVENTARIO
2026-03-07 10:00:41,730 - INFO - ======================================================================
2026-03-07 10:00:41,730 - INFO - Navegando a: https://cencarvajal.com/receivingadvicenewportal/#/home/consult-service?service=INVRPT
2026-03-07 10:00:41,733 - INFO - Esperando que Angular cargue...
2026-03-07 10:00:45,051 - INFO - ✓ Formulario de filtros cargado
2026-03-07 10:00:47,052 - INFO - Configurando filtro de fechas: 06/03/2026 a 07/03/2026
2026-03-07 10:00:47,070 - INFO - Campo 'Fecha inicio' rellenado: 06/03/2026
2026-03-07 10:00:47,600 - INFO - Campo 'Fecha fin' rellenado: 07/03/2026
2026-03-07 10:00:49,109 - INFO - Calendarios cerrados, filtros de fecha configurados
2026-03-07 10:00:49,109 - INFO - 🔍 Presionando botón 'Buscar' para obtener el listado...
2026-03-07 10:00:49,150 - INFO - ✓ Búsqueda completada y tabla cargada
2026-03-07 10:00:51,154 - INFO - ✓ Se encontraron 1 registro(s)
2026-03-07 10:00:51,154 - INFO - 📄 Procesando página 1...
2026-03-07 10:00:51,159 - INFO -   -> 1 fila(s) en esta página
2026-03-07 10:00:51,182 - INFO - Fila 1: Iniciando descarga - Dismel Ltda | SUPERTIENDAS Y DROGUERIAS OLIMPICAS
2026-03-07 10:00:51,221 - INFO - Fila 1: Modal de formato abierto, esperando selección...
2026-03-07 10:00:52,259 - INFO - Fila 1: Formato XLSX seleccionado
2026-03-07 10:00:53,274 - INFO - Fila 1: Botón Descargar encontrado
2026-03-07 10:00:53,793 - INFO - Fila 1: Descargando archivo...
2026-03-07 10:00:56,504 - INFO - Fila 1: [OK] Descargado exitosamente: INVENTARIO_PAGE1_FILA1_20260307_100056.xlsx
2026-03-07 10:00:57,519 - INFO - No hay página siguiente. Fin de paginación.
2026-03-07 10:00:57,519 - INFO - ======================================================================
2026-03-07 10:00:57,519 - INFO - [OK] Proceso completado
2026-03-07 10:00:57,519 - INFO - [REPORT] Total de descargas: 1 archivo(s)
2026-03-07 10:00:57,520 - INFO - 📁 Ubicación: D:\TAREAS\CARVAJAL\descargas_reportes
2026-03-07 10:00:57,520 - INFO - [LOG] Logs guardados en: logs_reportes\reporte_descargas_20260307_100002.log
2026-03-07 10:00:57,520 - INFO - ======================================================================
2026-03-07 10:00:57,520 - INFO - ✅ Descarga de reportes de INVENTARIO completada exitosamente
2026-03-07 10:00:57,702 - INFO - 
[OK] Navegador cerrado. Proceso finalizado correctamente
2026-03-07 10:00:57,702 - INFO - [LOG] Archivo de log: logs_reportes\reporte_descargas_20260307_100002.log
2026-03-07 10:00:57,703 - INFO - ======================================================================
