2026-03-07 22:00:02,043 - INFO - ======================================================================
2026-03-07 22:00:02,050 - INFO - INICIO DE SESIÓN - 07/03/2026 22:00:02
2026-03-07 22:00:02,051 - INFO - ======================================================================
2026-03-07 22:00:02,621 - INFO - Iniciando Playwright...
2026-03-07 22:00:02,824 - INFO - Navegador (Chromium) lanzado en modo visible
2026-03-07 22:00:03,202 - INFO - Navegando a: https://cencarvajal.com/#/portal/login
2026-03-07 22:00:08,597 - INFO - [Intento 1/3] Intentando login…
2026-03-07 22:00:10,606 - INFO - [Intento 1] Formulario de login enviado
2026-03-07 22:00:20,609 - WARNING - [Intento 1] No apareció 'Tus servicios' después de intentar login (posible modal)
2026-03-07 22:00:20,629 - INFO - [Intento 1] Se hizo clic en botón 'Continuar' del modal
2026-03-07 22:00:27,632 - WARNING - [Intento 1] Aún no aparece 'Tus servicios' tras aceptar modal
2026-03-07 22:00:27,632 - INFO - [Intento 1] Navegando de nuevo a login y reintentando...
2026-03-07 22:00:27,642 - INFO - [Intento 1] Página de login cargada nuevamente
2026-03-07 22:00:27,642 - INFO - [Intento 2/3] Intentando login…
2026-03-07 22:00:27,698 - INFO - [Intento 2] Formulario de login enviado
2026-03-07 22:00:30,067 - INFO - [Intento 2] [OK] Login exitoso - texto 'Tus servicios' encontrado
2026-03-07 22:00:30,067 - INFO - [Intento 2] Esperando que la página se cargue completamente...
2026-03-07 22:00:32,068 - INFO - [Intento 2] Página estabilizada, listo para descargar
2026-03-07 22:00:32,068 - INFO - ======================================================================
2026-03-07 22:00:32,068 - INFO - [*] Iniciando descarga de Reportes VENTAS
2026-03-07 22:00:32,068 - INFO - ======================================================================
2026-03-07 22:00:32,068 - INFO - Navegando a: https://cencarvajal.com/receivingadvicenewportal/#/home/consult-service?service=SLSRPT
2026-03-07 22:00:32,091 - INFO - Esperando que Angular cargue...
2026-03-07 22:00:35,630 - INFO - ✓ Formulario de filtros cargado
2026-03-07 22:00:37,632 - INFO - Configurando filtro de fechas: 06/03/2026 a 07/03/2026
2026-03-07 22:00:37,661 - INFO - Campo 'Fecha inicio' rellenado: 06/03/2026
2026-03-07 22:00:38,214 - INFO - Campo 'Fecha fin' rellenado: 07/03/2026
2026-03-07 22:00:39,723 - INFO - Calendarios cerrados, filtros de fecha configurados
2026-03-07 22:00:39,723 - INFO - 🔍 Presionando botón 'Buscar' para obtener el listado...
2026-03-07 22:00:39,759 - INFO - ✓ Búsqueda completada y tabla cargada
2026-03-07 22:00:41,764 - INFO - ✓ Se encontraron 2 registro(s)
2026-03-07 22:00:41,764 - INFO - 📄 Procesando página 1...
2026-03-07 22:00:41,769 - INFO -   -> 2 fila(s) en esta página
2026-03-07 22:00:41,795 - INFO - Fila 1: Iniciando descarga - Dismel Ltda | SUPERTIENDAS Y DROGUERIAS OLIMPICAS
2026-03-07 22:00:41,828 - INFO - Fila 1: Modal de formato abierto, esperando selección...
2026-03-07 22:00:42,864 - INFO - Fila 1: Formato XLSX seleccionado
2026-03-07 22:00:43,879 - INFO - Fila 1: Botón Descargar encontrado
2026-03-07 22:00:44,400 - INFO - Fila 1: Descargando archivo...
2026-03-07 22:00:50,181 - INFO - Fila 1: [OK] Descargado exitosamente: VENTAS_PAGE1_FILA1_20260307_220050.xlsx
2026-03-07 22:00:51,208 - INFO - Fila 2: Iniciando descarga - Dismel Ltda | SUPERTIENDAS Y DROGUERIAS OLIMPICAS
2026-03-07 22:00:51,243 - INFO - Fila 2: Modal de formato abierto, esperando selección...
2026-03-07 22:00:52,279 - INFO - Fila 2: Formato XLSX seleccionado
2026-03-07 22:00:53,295 - INFO - Fila 2: Botón Descargar encontrado
2026-03-07 22:00:53,816 - INFO - Fila 2: Descargando archivo...
2026-03-07 22:00:56,452 - INFO - Fila 2: [OK] Descargado exitosamente: VENTAS_PAGE1_FILA2_20260307_220056.xlsx
2026-03-07 22:00:57,470 - INFO - No hay página siguiente. Fin de paginación.
2026-03-07 22:00:57,470 - INFO - ======================================================================
2026-03-07 22:00:57,470 - INFO - [OK] Proceso completado
2026-03-07 22:00:57,470 - INFO - [REPORT] Total de descargas: 2 archivo(s)
2026-03-07 22:00:57,471 - INFO - 📁 Ubicación: D:\TAREAS\CARVAJAL\descargas_reportes
2026-03-07 22:00:57,471 - INFO - [LOG] Logs guardados en: logs_reportes\reporte_descargas_20260307_220002.log
2026-03-07 22:00:57,471 - INFO - ======================================================================
2026-03-07 22:00:57,471 - INFO - ✅ Descarga de reportes de VENTAS completada exitosamente
2026-03-07 22:00:57,471 - INFO - ======================================================================
2026-03-07 22:00:57,471 - INFO - [*] Iniciando descarga de Reportes INVENTARIO
2026-03-07 22:00:57,471 - INFO - ======================================================================
2026-03-07 22:00:57,471 - INFO - Navegando a: https://cencarvajal.com/receivingadvicenewportal/#/home/consult-service?service=INVRPT
2026-03-07 22:00:57,474 - INFO - Esperando que Angular cargue...
2026-03-07 22:01:00,794 - INFO - ✓ Formulario de filtros cargado
2026-03-07 22:01:02,795 - INFO - Configurando filtro de fechas: 06/03/2026 a 07/03/2026
2026-03-07 22:01:02,814 - INFO - Campo 'Fecha inicio' rellenado: 06/03/2026
2026-03-07 22:01:03,353 - INFO - Campo 'Fecha fin' rellenado: 07/03/2026
2026-03-07 22:01:04,870 - INFO - Calendarios cerrados, filtros de fecha configurados
2026-03-07 22:01:04,870 - INFO - 🔍 Presionando botón 'Buscar' para obtener el listado...
2026-03-07 22:01:04,922 - INFO - ✓ Búsqueda completada y tabla cargada
2026-03-07 22:01:06,927 - INFO - ✓ Se encontraron 2 registro(s)
2026-03-07 22:01:06,927 - INFO - 📄 Procesando página 1...
2026-03-07 22:01:06,932 - INFO -   -> 2 fila(s) en esta página
2026-03-07 22:01:06,955 - INFO - Fila 1: Iniciando descarga - Dismel Ltda | SUPERTIENDAS Y DROGUERIAS OLIMPICAS
2026-03-07 22:01:06,992 - INFO - Fila 1: Modal de formato abierto, esperando selección...
2026-03-07 22:01:08,031 - INFO - Fila 1: Formato XLSX seleccionado
2026-03-07 22:01:09,044 - INFO - Fila 1: Botón Descargar encontrado
2026-03-07 22:01:09,566 - INFO - Fila 1: Descargando archivo...
2026-03-07 22:01:12,417 - INFO - Fila 1: [OK] Descargado exitosamente: INVENTARIO_PAGE1_FILA1_20260307_220112.xlsx
2026-03-07 22:01:13,456 - INFO - Fila 2: Iniciando descarga - Dismel Ltda | SUPERTIENDAS Y DROGUERIAS OLIMPICAS
2026-03-07 22:01:13,492 - INFO - Fila 2: Modal de formato abierto, esperando selección...
2026-03-07 22:01:14,531 - INFO - Fila 2: Formato XLSX seleccionado
2026-03-07 22:01:15,546 - INFO - Fila 2: Botón Descargar encontrado
2026-03-07 22:01:16,065 - INFO - Fila 2: Descargando archivo...
2026-03-07 22:01:18,620 - INFO - Fila 2: [OK] Descargado exitosamente: INVENTARIO_PAGE1_FILA2_20260307_220118.xlsx
2026-03-07 22:01:19,636 - INFO - No hay página siguiente. Fin de paginación.
2026-03-07 22:01:19,636 - INFO - ======================================================================
2026-03-07 22:01:19,637 - INFO - [OK] Proceso completado
2026-03-07 22:01:19,637 - INFO - [REPORT] Total de descargas: 2 archivo(s)
2026-03-07 22:01:19,637 - INFO - 📁 Ubicación: D:\TAREAS\CARVAJAL\descargas_reportes
2026-03-07 22:01:19,637 - INFO - [LOG] Logs guardados en: logs_reportes\reporte_descargas_20260307_220002.log
2026-03-07 22:01:19,637 - INFO - ======================================================================
2026-03-07 22:01:19,637 - INFO - ✅ Descarga de reportes de INVENTARIO completada exitosamente
2026-03-07 22:01:19,736 - INFO - 
[OK] Navegador cerrado. Proceso finalizado correctamente
2026-03-07 22:01:19,736 - INFO - [LOG] Archivo de log: logs_reportes\reporte_descargas_20260307_220002.log
2026-03-07 22:01:19,737 - INFO - ======================================================================
