2026-03-08 20:00:02,010 - INFO - ======================================================================
2026-03-08 20:00:02,010 - INFO - INICIO DE SESIÓN - 08/03/2026 20:00:02
2026-03-08 20:00:02,011 - INFO - ======================================================================
2026-03-08 20:00:02,559 - INFO - Iniciando Playwright...
2026-03-08 20:00:02,743 - INFO - Navegador (Chromium) lanzado en modo visible
2026-03-08 20:00:03,117 - INFO - Navegando a: https://cencarvajal.com/#/portal/login
2026-03-08 20:00:08,296 - INFO - [Intento 1/3] Intentando login…
2026-03-08 20:00:10,271 - INFO - [Intento 1] Formulario de login enviado
2026-03-08 20:00:20,278 - WARNING - [Intento 1] No apareció 'Tus servicios' después de intentar login (posible modal)
2026-03-08 20:00:20,296 - INFO - [Intento 1] Se hizo clic en botón 'Continuar' del modal
2026-03-08 20:00:27,297 - WARNING - [Intento 1] Aún no aparece 'Tus servicios' tras aceptar modal
2026-03-08 20:00:27,297 - INFO - [Intento 1] Navegando de nuevo a login y reintentando...
2026-03-08 20:00:27,307 - INFO - [Intento 1] Página de login cargada nuevamente
2026-03-08 20:00:27,307 - INFO - [Intento 2/3] Intentando login…
2026-03-08 20:00:27,363 - INFO - [Intento 2] Formulario de login enviado
2026-03-08 20:00:29,672 - INFO - [Intento 2] [OK] Login exitoso - texto 'Tus servicios' encontrado
2026-03-08 20:00:29,672 - INFO - [Intento 2] Esperando que la página se cargue completamente...
2026-03-08 20:00:31,673 - INFO - [Intento 2] Página estabilizada, listo para descargar
2026-03-08 20:00:31,673 - INFO - ======================================================================
2026-03-08 20:00:31,673 - INFO - [*] Iniciando descarga de Reportes VENTAS
2026-03-08 20:00:31,673 - INFO - ======================================================================
2026-03-08 20:00:31,673 - INFO - Navegando a: https://cencarvajal.com/receivingadvicenewportal/#/home/consult-service?service=SLSRPT
2026-03-08 20:00:31,703 - INFO - Esperando que Angular cargue...
2026-03-08 20:00:35,238 - INFO - ✓ Formulario de filtros cargado
2026-03-08 20:00:37,240 - INFO - Configurando filtro de fechas: 07/03/2026 a 08/03/2026
2026-03-08 20:00:37,269 - INFO - Campo 'Fecha inicio' rellenado: 07/03/2026
2026-03-08 20:00:37,822 - INFO - Campo 'Fecha fin' rellenado: 08/03/2026
2026-03-08 20:00:39,332 - INFO - Calendarios cerrados, filtros de fecha configurados
2026-03-08 20:00:39,332 - INFO - 🔍 Presionando botón 'Buscar' para obtener el listado...
2026-03-08 20:00:39,374 - INFO - ✓ Búsqueda completada y tabla cargada
2026-03-08 20:00:41,380 - INFO - ✓ Se encontraron 2 registro(s)
2026-03-08 20:00:41,380 - INFO - 📄 Procesando página 1...
2026-03-08 20:00:41,384 - INFO -   -> 2 fila(s) en esta página
2026-03-08 20:00:41,409 - INFO - Fila 1: Iniciando descarga - Dismel Ltda | SUPERTIENDAS Y DROGUERIAS OLIMPICAS
2026-03-08 20:00:41,442 - INFO - Fila 1: Modal de formato abierto, esperando selección...
2026-03-08 20:00:42,480 - INFO - Fila 1: Formato XLSX seleccionado
2026-03-08 20:00:43,495 - INFO - Fila 1: Botón Descargar encontrado
2026-03-08 20:00:44,015 - INFO - Fila 1: Descargando archivo...
2026-03-08 20:00:49,848 - INFO - Fila 1: [OK] Descargado exitosamente: VENTAS_PAGE1_FILA1_20260308_200049.xlsx
2026-03-08 20:00:50,874 - INFO - Fila 2: Iniciando descarga - Dismel Ltda | SUPERTIENDAS Y DROGUERIAS OLIMPICAS
2026-03-08 20:00:50,907 - INFO - Fila 2: Modal de formato abierto, esperando selección...
2026-03-08 20:00:51,945 - INFO - Fila 2: Formato XLSX seleccionado
2026-03-08 20:00:52,960 - INFO - Fila 2: Botón Descargar encontrado
2026-03-08 20:00:53,480 - INFO - Fila 2: Descargando archivo...
2026-03-08 20:00:56,575 - INFO - Fila 2: [OK] Descargado exitosamente: VENTAS_PAGE1_FILA2_20260308_200056.xlsx
2026-03-08 20:00:57,592 - INFO - No hay página siguiente. Fin de paginación.
2026-03-08 20:00:57,592 - INFO - ======================================================================
2026-03-08 20:00:57,592 - INFO - [OK] Proceso completado
2026-03-08 20:00:57,592 - INFO - [REPORT] Total de descargas: 2 archivo(s)
2026-03-08 20:00:57,592 - INFO - 📁 Ubicación: D:\TAREAS\CARVAJAL\descargas_reportes
2026-03-08 20:00:57,592 - INFO - [LOG] Logs guardados en: logs_reportes\reporte_descargas_20260308_200002.log
2026-03-08 20:00:57,592 - INFO - ======================================================================
2026-03-08 20:00:57,593 - INFO - ✅ Descarga de reportes de VENTAS completada exitosamente
2026-03-08 20:00:57,593 - INFO - ======================================================================
2026-03-08 20:00:57,593 - INFO - [*] Iniciando descarga de Reportes INVENTARIO
2026-03-08 20:00:57,593 - INFO - ======================================================================
2026-03-08 20:00:57,593 - INFO - Navegando a: https://cencarvajal.com/receivingadvicenewportal/#/home/consult-service?service=INVRPT
2026-03-08 20:00:57,596 - INFO - Esperando que Angular cargue...
2026-03-08 20:01:00,917 - INFO - ✓ Formulario de filtros cargado
2026-03-08 20:01:02,918 - INFO - Configurando filtro de fechas: 07/03/2026 a 08/03/2026
2026-03-08 20:01:02,938 - INFO - Campo 'Fecha inicio' rellenado: 07/03/2026
2026-03-08 20:01:03,481 - INFO - Campo 'Fecha fin' rellenado: 08/03/2026
2026-03-08 20:01:04,991 - INFO - Calendarios cerrados, filtros de fecha configurados
2026-03-08 20:01:04,991 - INFO - 🔍 Presionando botón 'Buscar' para obtener el listado...
2026-03-08 20:01:05,036 - INFO - ✓ Búsqueda completada y tabla cargada
2026-03-08 20:01:07,071 - INFO - ✓ Se encontraron 2 registro(s)
2026-03-08 20:01:07,071 - INFO - 📄 Procesando página 1...
2026-03-08 20:01:07,076 - INFO -   -> 2 fila(s) en esta página
2026-03-08 20:01:07,100 - INFO - Fila 1: Iniciando descarga - Dismel Ltda | SUPERTIENDAS Y DROGUERIAS OLIMPICAS
2026-03-08 20:01:07,141 - INFO - Fila 1: Modal de formato abierto, esperando selección...
2026-03-08 20:01:08,184 - INFO - Fila 1: Formato XLSX seleccionado
2026-03-08 20:01:09,198 - INFO - Fila 1: Botón Descargar encontrado
2026-03-08 20:01:09,731 - INFO - Fila 1: Descargando archivo...
2026-03-08 20:01:12,441 - INFO - Fila 1: [OK] Descargado exitosamente: INVENTARIO_PAGE1_FILA1_20260308_200112.xlsx
2026-03-08 20:01:13,480 - INFO - Fila 2: Iniciando descarga - Dismel Ltda | SUPERTIENDAS Y DROGUERIAS OLIMPICAS
2026-03-08 20:01:13,505 - INFO - Fila 2: Modal de formato abierto, esperando selección...
2026-03-08 20:01:14,545 - INFO - Fila 2: Formato XLSX seleccionado
2026-03-08 20:01:15,558 - INFO - Fila 2: Botón Descargar encontrado
2026-03-08 20:01:16,079 - INFO - Fila 2: Descargando archivo...
2026-03-08 20:01:18,677 - INFO - Fila 2: [OK] Descargado exitosamente: INVENTARIO_PAGE1_FILA2_20260308_200118.xlsx
2026-03-08 20:01:19,693 - INFO - No hay página siguiente. Fin de paginación.
2026-03-08 20:01:19,693 - INFO - ======================================================================
2026-03-08 20:01:19,694 - INFO - [OK] Proceso completado
2026-03-08 20:01:19,694 - INFO - [REPORT] Total de descargas: 2 archivo(s)
2026-03-08 20:01:19,694 - INFO - 📁 Ubicación: D:\TAREAS\CARVAJAL\descargas_reportes
2026-03-08 20:01:19,694 - INFO - [LOG] Logs guardados en: logs_reportes\reporte_descargas_20260308_200002.log
2026-03-08 20:01:19,694 - INFO - ======================================================================
2026-03-08 20:01:19,694 - INFO - ✅ Descarga de reportes de INVENTARIO completada exitosamente
2026-03-08 20:01:19,793 - INFO - 
[OK] Navegador cerrado. Proceso finalizado correctamente
2026-03-08 20:01:19,793 - INFO - [LOG] Archivo de log: logs_reportes\reporte_descargas_20260308_200002.log
2026-03-08 20:01:19,793 - INFO - ======================================================================
