2026-03-07 23:00:02,031 - INFO - ======================================================================
2026-03-07 23:00:02,032 - INFO - INICIO DE SESIÓN - 07/03/2026 23:00:02
2026-03-07 23:00:02,032 - INFO - ======================================================================
2026-03-07 23:00:02,571 - INFO - Iniciando Playwright...
2026-03-07 23:00:02,748 - INFO - Navegador (Chromium) lanzado en modo visible
2026-03-07 23:00:03,120 - INFO - Navegando a: https://cencarvajal.com/#/portal/login
2026-03-07 23:00:08,054 - INFO - [Intento 1/3] Intentando login…
2026-03-07 23:00:10,461 - INFO - [Intento 1] Formulario de login enviado
2026-03-07 23:00:20,464 - WARNING - [Intento 1] No apareció 'Tus servicios' después de intentar login (posible modal)
2026-03-07 23:00:20,503 - INFO - [Intento 1] Se hizo clic en botón 'Continuar' del modal
2026-03-07 23:00:27,505 - WARNING - [Intento 1] Aún no aparece 'Tus servicios' tras aceptar modal
2026-03-07 23:00:27,505 - INFO - [Intento 1] Navegando de nuevo a login y reintentando...
2026-03-07 23:00:27,515 - INFO - [Intento 1] Página de login cargada nuevamente
2026-03-07 23:00:27,515 - INFO - [Intento 2/3] Intentando login…
2026-03-07 23:00:27,571 - INFO - [Intento 2] Formulario de login enviado
2026-03-07 23:00:29,876 - INFO - [Intento 2] [OK] Login exitoso - texto 'Tus servicios' encontrado
2026-03-07 23:00:29,876 - INFO - [Intento 2] Esperando que la página se cargue completamente...
2026-03-07 23:00:31,877 - INFO - [Intento 2] Página estabilizada, listo para descargar
2026-03-07 23:00:31,877 - INFO - ======================================================================
2026-03-07 23:00:31,877 - INFO - [*] Iniciando descarga de Reportes VENTAS
2026-03-07 23:00:31,877 - INFO - ======================================================================
2026-03-07 23:00:31,877 - INFO - Navegando a: https://cencarvajal.com/receivingadvicenewportal/#/home/consult-service?service=SLSRPT
2026-03-07 23:00:32,180 - INFO - Esperando que Angular cargue...
2026-03-07 23:00:36,393 - INFO - ✓ Formulario de filtros cargado
2026-03-07 23:00:38,394 - INFO - Configurando filtro de fechas: 06/03/2026 a 07/03/2026
2026-03-07 23:00:38,423 - INFO - Campo 'Fecha inicio' rellenado: 06/03/2026
2026-03-07 23:00:38,978 - INFO - Campo 'Fecha fin' rellenado: 07/03/2026
2026-03-07 23:00:40,488 - INFO - Calendarios cerrados, filtros de fecha configurados
2026-03-07 23:00:40,488 - INFO - 🔍 Presionando botón 'Buscar' para obtener el listado...
2026-03-07 23:00:40,531 - INFO - ✓ Búsqueda completada y tabla cargada
2026-03-07 23:00:42,538 - INFO - ✓ Se encontraron 2 registro(s)
2026-03-07 23:00:42,538 - INFO - 📄 Procesando página 1...
2026-03-07 23:00:42,543 - INFO -   -> 2 fila(s) en esta página
2026-03-07 23:00:42,567 - INFO - Fila 1: Iniciando descarga - Dismel Ltda | SUPERTIENDAS Y DROGUERIAS OLIMPICAS
2026-03-07 23:00:42,604 - INFO - Fila 1: Modal de formato abierto, esperando selección...
2026-03-07 23:00:43,637 - INFO - Fila 1: Formato XLSX seleccionado
2026-03-07 23:00:44,652 - INFO - Fila 1: Botón Descargar encontrado
2026-03-07 23:00:45,189 - INFO - Fila 1: Descargando archivo...
2026-03-07 23:00:51,005 - INFO - Fila 1: [OK] Descargado exitosamente: VENTAS_PAGE1_FILA1_20260307_230050.xlsx
2026-03-07 23:00:52,031 - INFO - Fila 2: Iniciando descarga - Dismel Ltda | SUPERTIENDAS Y DROGUERIAS OLIMPICAS
2026-03-07 23:00:52,067 - INFO - Fila 2: Modal de formato abierto, esperando selección...
2026-03-07 23:00:53,103 - INFO - Fila 2: Formato XLSX seleccionado
2026-03-07 23:00:54,118 - INFO - Fila 2: Botón Descargar encontrado
2026-03-07 23:00:54,638 - INFO - Fila 2: Descargando archivo...
2026-03-07 23:00:57,416 - INFO - Fila 2: [OK] Descargado exitosamente: VENTAS_PAGE1_FILA2_20260307_230057.xlsx
2026-03-07 23:00:58,434 - INFO - No hay página siguiente. Fin de paginación.
2026-03-07 23:00:58,434 - INFO - ======================================================================
2026-03-07 23:00:58,434 - INFO - [OK] Proceso completado
2026-03-07 23:00:58,434 - INFO - [REPORT] Total de descargas: 2 archivo(s)
2026-03-07 23:00:58,434 - INFO - 📁 Ubicación: D:\TAREAS\CARVAJAL\descargas_reportes
2026-03-07 23:00:58,434 - INFO - [LOG] Logs guardados en: logs_reportes\reporte_descargas_20260307_230002.log
2026-03-07 23:00:58,435 - INFO - ======================================================================
2026-03-07 23:00:58,435 - INFO - ✅ Descarga de reportes de VENTAS completada exitosamente
2026-03-07 23:00:58,435 - INFO - ======================================================================
2026-03-07 23:00:58,435 - INFO - [*] Iniciando descarga de Reportes INVENTARIO
2026-03-07 23:00:58,435 - INFO - ======================================================================
2026-03-07 23:00:58,435 - INFO - Navegando a: https://cencarvajal.com/receivingadvicenewportal/#/home/consult-service?service=INVRPT
2026-03-07 23:00:58,438 - INFO - Esperando que Angular cargue...
2026-03-07 23:01:01,756 - INFO - ✓ Formulario de filtros cargado
2026-03-07 23:01:03,758 - INFO - Configurando filtro de fechas: 06/03/2026 a 07/03/2026
2026-03-07 23:01:03,777 - INFO - Campo 'Fecha inicio' rellenado: 06/03/2026
2026-03-07 23:01:04,315 - INFO - Campo 'Fecha fin' rellenado: 07/03/2026
2026-03-07 23:01:05,830 - INFO - Calendarios cerrados, filtros de fecha configurados
2026-03-07 23:01:05,830 - INFO - 🔍 Presionando botón 'Buscar' para obtener el listado...
2026-03-07 23:01:05,860 - INFO - ✓ Búsqueda completada y tabla cargada
2026-03-07 23:01:07,865 - INFO - ✓ Se encontraron 2 registro(s)
2026-03-07 23:01:07,865 - INFO - 📄 Procesando página 1...
2026-03-07 23:01:07,870 - INFO -   -> 2 fila(s) en esta página
2026-03-07 23:01:07,895 - INFO - Fila 1: Iniciando descarga - Dismel Ltda | SUPERTIENDAS Y DROGUERIAS OLIMPICAS
2026-03-07 23:01:07,932 - INFO - Fila 1: Modal de formato abierto, esperando selección...
2026-03-07 23:01:08,970 - INFO - Fila 1: Formato XLSX seleccionado
2026-03-07 23:01:09,984 - INFO - Fila 1: Botón Descargar encontrado
2026-03-07 23:01:10,505 - INFO - Fila 1: Descargando archivo...
2026-03-07 23:01:13,737 - INFO - Fila 1: [OK] Descargado exitosamente: INVENTARIO_PAGE1_FILA1_20260307_230113.xlsx
2026-03-07 23:01:14,776 - INFO - Fila 2: Iniciando descarga - Dismel Ltda | SUPERTIENDAS Y DROGUERIAS OLIMPICAS
2026-03-07 23:01:14,813 - INFO - Fila 2: Modal de formato abierto, esperando selección...
2026-03-07 23:01:15,852 - INFO - Fila 2: Formato XLSX seleccionado
2026-03-07 23:01:16,868 - INFO - Fila 2: Botón Descargar encontrado
2026-03-07 23:01:17,388 - INFO - Fila 2: Descargando archivo...
2026-03-07 23:01:20,271 - INFO - Fila 2: [OK] Descargado exitosamente: INVENTARIO_PAGE1_FILA2_20260307_230120.xlsx
2026-03-07 23:01:21,287 - INFO - No hay página siguiente. Fin de paginación.
2026-03-07 23:01:21,288 - INFO - ======================================================================
2026-03-07 23:01:21,288 - INFO - [OK] Proceso completado
2026-03-07 23:01:21,288 - INFO - [REPORT] Total de descargas: 2 archivo(s)
2026-03-07 23:01:21,288 - INFO - 📁 Ubicación: D:\TAREAS\CARVAJAL\descargas_reportes
2026-03-07 23:01:21,288 - INFO - [LOG] Logs guardados en: logs_reportes\reporte_descargas_20260307_230002.log
2026-03-07 23:01:21,288 - INFO - ======================================================================
2026-03-07 23:01:21,288 - INFO - ✅ Descarga de reportes de INVENTARIO completada exitosamente
2026-03-07 23:01:21,382 - INFO - 
[OK] Navegador cerrado. Proceso finalizado correctamente
2026-03-07 23:01:21,382 - INFO - [LOG] Archivo de log: logs_reportes\reporte_descargas_20260307_230002.log
2026-03-07 23:01:21,383 - INFO - ======================================================================
