2026-03-07 06:00:02,009 - INFO - ======================================================================
2026-03-07 06:00:02,010 - INFO - INICIO DE SESIÓN - 07/03/2026 06:00:02
2026-03-07 06:00:02,010 - INFO - ======================================================================
2026-03-07 06:00:02,550 - INFO - Iniciando Playwright...
2026-03-07 06:00:02,728 - INFO - Navegador (Chromium) lanzado en modo visible
2026-03-07 06:00:03,105 - INFO - Navegando a: https://cencarvajal.com/#/portal/login
2026-03-07 06:00:08,340 - INFO - [Intento 1/3] Intentando login…
2026-03-07 06:00:10,227 - INFO - [Intento 1] Formulario de login enviado
2026-03-07 06:00:20,234 - WARNING - [Intento 1] No apareció 'Tus servicios' después de intentar login (posible modal)
2026-03-07 06:00:20,252 - INFO - [Intento 1] Se hizo clic en botón 'Continuar' del modal
2026-03-07 06:00:27,254 - WARNING - [Intento 1] Aún no aparece 'Tus servicios' tras aceptar modal
2026-03-07 06:00:27,254 - INFO - [Intento 1] Navegando de nuevo a login y reintentando...
2026-03-07 06:00:27,264 - INFO - [Intento 1] Página de login cargada nuevamente
2026-03-07 06:00:27,264 - INFO - [Intento 2/3] Intentando login…
2026-03-07 06:00:27,319 - INFO - [Intento 2] Formulario de login enviado
2026-03-07 06:00:29,639 - INFO - [Intento 2] [OK] Login exitoso - texto 'Tus servicios' encontrado
2026-03-07 06:00:29,639 - INFO - [Intento 2] Esperando que la página se cargue completamente...
2026-03-07 06:00:31,640 - INFO - [Intento 2] Página estabilizada, listo para descargar
2026-03-07 06:00:31,640 - INFO - ======================================================================
2026-03-07 06:00:31,640 - INFO - [*] Iniciando descarga de Reportes VENTAS
2026-03-07 06:00:31,640 - INFO - ======================================================================
2026-03-07 06:00:31,640 - INFO - Navegando a: https://cencarvajal.com/receivingadvicenewportal/#/home/consult-service?service=SLSRPT
2026-03-07 06:00:31,664 - INFO - Esperando que Angular cargue...
2026-03-07 06:00:35,335 - INFO - ✓ Formulario de filtros cargado
2026-03-07 06:00:37,337 - INFO - Configurando filtro de fechas: 06/03/2026 a 07/03/2026
2026-03-07 06:00:37,366 - INFO - Campo 'Fecha inicio' rellenado: 06/03/2026
2026-03-07 06:00:37,901 - INFO - Campo 'Fecha fin' rellenado: 07/03/2026
2026-03-07 06:00:39,411 - INFO - Calendarios cerrados, filtros de fecha configurados
2026-03-07 06:00:39,411 - INFO - 🔍 Presionando botón 'Buscar' para obtener el listado...
2026-03-07 06:00:39,446 - INFO - ✓ Búsqueda completada y tabla cargada
2026-03-07 06:00:41,452 - INFO - ✓ Se encontraron 1 registro(s)
2026-03-07 06:00:41,452 - INFO - 📄 Procesando página 1...
2026-03-07 06:00:41,456 - INFO -   -> 1 fila(s) en esta página
2026-03-07 06:00:41,480 - INFO - Fila 1: Iniciando descarga - Dismel Ltda | SUPERTIENDAS Y DROGUERIAS OLIMPICAS
2026-03-07 06:00:41,546 - INFO - Fila 1: Modal de formato abierto, esperando selección...
2026-03-07 06:00:42,585 - INFO - Fila 1: Formato XLSX seleccionado
2026-03-07 06:00:43,600 - INFO - Fila 1: Botón Descargar encontrado
2026-03-07 06:00:44,119 - INFO - Fila 1: Descargando archivo...
2026-03-07 06:00:50,101 - INFO - Fila 1: [OK] Descargado exitosamente: VENTAS_PAGE1_FILA1_20260307_060050.xlsx
2026-03-07 06:00:51,117 - INFO - No hay página siguiente. Fin de paginación.
2026-03-07 06:00:51,117 - INFO - ======================================================================
2026-03-07 06:00:51,117 - INFO - [OK] Proceso completado
2026-03-07 06:00:51,117 - INFO - [REPORT] Total de descargas: 1 archivo(s)
2026-03-07 06:00:51,117 - INFO - 📁 Ubicación: D:\TAREAS\CARVAJAL\descargas_reportes
2026-03-07 06:00:51,117 - INFO - [LOG] Logs guardados en: logs_reportes\reporte_descargas_20260307_060002.log
2026-03-07 06:00:51,118 - INFO - ======================================================================
2026-03-07 06:00:51,118 - INFO - ✅ Descarga de reportes de VENTAS completada exitosamente
2026-03-07 06:00:51,118 - INFO - ======================================================================
2026-03-07 06:00:51,118 - INFO - [*] Iniciando descarga de Reportes INVENTARIO
2026-03-07 06:00:51,118 - INFO - ======================================================================
2026-03-07 06:00:51,118 - INFO - Navegando a: https://cencarvajal.com/receivingadvicenewportal/#/home/consult-service?service=INVRPT
2026-03-07 06:00:51,121 - INFO - Esperando que Angular cargue...
2026-03-07 06:00:54,441 - INFO - ✓ Formulario de filtros cargado
2026-03-07 06:00:56,441 - INFO - Configurando filtro de fechas: 06/03/2026 a 07/03/2026
2026-03-07 06:00:56,460 - INFO - Campo 'Fecha inicio' rellenado: 06/03/2026
2026-03-07 06:00:56,989 - INFO - Campo 'Fecha fin' rellenado: 07/03/2026
2026-03-07 06:00:58,500 - INFO - Calendarios cerrados, filtros de fecha configurados
2026-03-07 06:00:58,500 - INFO - 🔍 Presionando botón 'Buscar' para obtener el listado...
2026-03-07 06:00:58,542 - INFO - ✓ Búsqueda completada y tabla cargada
2026-03-07 06:01:00,548 - INFO - ✓ Se encontraron 1 registro(s)
2026-03-07 06:01:00,548 - INFO - 📄 Procesando página 1...
2026-03-07 06:01:00,552 - INFO -   -> 1 fila(s) en esta página
2026-03-07 06:01:00,576 - INFO - Fila 1: Iniciando descarga - Dismel Ltda | SUPERTIENDAS Y DROGUERIAS OLIMPICAS
2026-03-07 06:01:00,613 - INFO - Fila 1: Modal de formato abierto, esperando selección...
2026-03-07 06:01:01,650 - INFO - Fila 1: Formato XLSX seleccionado
2026-03-07 06:01:02,665 - INFO - Fila 1: Botón Descargar encontrado
2026-03-07 06:01:03,186 - INFO - Fila 1: Descargando archivo...
2026-03-07 06:01:05,933 - INFO - Fila 1: [OK] Descargado exitosamente: INVENTARIO_PAGE1_FILA1_20260307_060105.xlsx
2026-03-07 06:01:06,962 - INFO - No hay página siguiente. Fin de paginación.
2026-03-07 06:01:06,962 - INFO - ======================================================================
2026-03-07 06:01:06,963 - INFO - [OK] Proceso completado
2026-03-07 06:01:06,963 - INFO - [REPORT] Total de descargas: 1 archivo(s)
2026-03-07 06:01:06,963 - INFO - 📁 Ubicación: D:\TAREAS\CARVAJAL\descargas_reportes
2026-03-07 06:01:06,963 - INFO - [LOG] Logs guardados en: logs_reportes\reporte_descargas_20260307_060002.log
2026-03-07 06:01:06,963 - INFO - ======================================================================
2026-03-07 06:01:06,963 - INFO - ✅ Descarga de reportes de INVENTARIO completada exitosamente
2026-03-07 06:01:07,221 - INFO - 
[OK] Navegador cerrado. Proceso finalizado correctamente
2026-03-07 06:01:07,221 - INFO - [LOG] Archivo de log: logs_reportes\reporte_descargas_20260307_060002.log
2026-03-07 06:01:07,222 - INFO - ======================================================================
