2026-03-08 23:00:02,023 - INFO - ======================================================================
2026-03-08 23:00:02,023 - INFO - INICIO DE SESIÓN - 08/03/2026 23:00:02
2026-03-08 23:00:02,023 - INFO - ======================================================================
2026-03-08 23:00:02,560 - INFO - Iniciando Playwright...
2026-03-08 23:00:02,733 - INFO - Navegador (Chromium) lanzado en modo visible
2026-03-08 23:00:03,111 - INFO - Navegando a: https://cencarvajal.com/#/portal/login
2026-03-08 23:00:08,556 - INFO - [Intento 1/3] Intentando login…
2026-03-08 23:00:10,972 - INFO - [Intento 1] Formulario de login enviado
2026-03-08 23:00:20,975 - WARNING - [Intento 1] No apareció 'Tus servicios' después de intentar login (posible modal)
2026-03-08 23:00:20,996 - INFO - [Intento 1] Se hizo clic en botón 'Continuar' del modal
2026-03-08 23:00:27,999 - WARNING - [Intento 1] Aún no aparece 'Tus servicios' tras aceptar modal
2026-03-08 23:00:27,999 - INFO - [Intento 1] Navegando de nuevo a login y reintentando...
2026-03-08 23:00:28,009 - INFO - [Intento 1] Página de login cargada nuevamente
2026-03-08 23:00:28,009 - INFO - [Intento 2/3] Intentando login…
2026-03-08 23:00:28,065 - INFO - [Intento 2] Formulario de login enviado
2026-03-08 23:00:30,363 - INFO - [Intento 2] [OK] Login exitoso - texto 'Tus servicios' encontrado
2026-03-08 23:00:30,363 - INFO - [Intento 2] Esperando que la página se cargue completamente...
2026-03-08 23:00:32,364 - INFO - [Intento 2] Página estabilizada, listo para descargar
2026-03-08 23:00:32,364 - INFO - ======================================================================
2026-03-08 23:00:32,364 - INFO - [*] Iniciando descarga de Reportes VENTAS
2026-03-08 23:00:32,364 - INFO - ======================================================================
2026-03-08 23:00:32,364 - INFO - Navegando a: https://cencarvajal.com/receivingadvicenewportal/#/home/consult-service?service=SLSRPT
2026-03-08 23:00:32,670 - INFO - Esperando que Angular cargue...
2026-03-08 23:00:36,155 - INFO - ✓ Formulario de filtros cargado
2026-03-08 23:00:38,157 - INFO - Configurando filtro de fechas: 07/03/2026 a 08/03/2026
2026-03-08 23:00:38,186 - INFO - Campo 'Fecha inicio' rellenado: 07/03/2026
2026-03-08 23:00:38,739 - INFO - Campo 'Fecha fin' rellenado: 08/03/2026
2026-03-08 23:00:40,248 - INFO - Calendarios cerrados, filtros de fecha configurados
2026-03-08 23:00:40,248 - INFO - 🔍 Presionando botón 'Buscar' para obtener el listado...
2026-03-08 23:00:40,292 - INFO - ✓ Búsqueda completada y tabla cargada
2026-03-08 23:00:42,298 - INFO - ✓ Se encontraron 2 registro(s)
2026-03-08 23:00:42,298 - INFO - 📄 Procesando página 1...
2026-03-08 23:00:42,303 - INFO -   -> 2 fila(s) en esta página
2026-03-08 23:00:42,328 - INFO - Fila 1: Iniciando descarga - Dismel Ltda | SUPERTIENDAS Y DROGUERIAS OLIMPICAS
2026-03-08 23:00:42,360 - INFO - Fila 1: Modal de formato abierto, esperando selección...
2026-03-08 23:00:43,398 - INFO - Fila 1: Formato XLSX seleccionado
2026-03-08 23:00:44,413 - INFO - Fila 1: Botón Descargar encontrado
2026-03-08 23:00:44,933 - INFO - Fila 1: Descargando archivo...
2026-03-08 23:00:50,754 - INFO - Fila 1: [OK] Descargado exitosamente: VENTAS_PAGE1_FILA1_20260308_230050.xlsx
2026-03-08 23:00:51,780 - INFO - Fila 2: Iniciando descarga - Dismel Ltda | SUPERTIENDAS Y DROGUERIAS OLIMPICAS
2026-03-08 23:00:51,810 - INFO - Fila 2: Modal de formato abierto, esperando selección...
2026-03-08 23:00:52,846 - INFO - Fila 2: Formato XLSX seleccionado
2026-03-08 23:00:53,861 - INFO - Fila 2: Botón Descargar encontrado
2026-03-08 23:00:54,381 - INFO - Fila 2: Descargando archivo...
2026-03-08 23:00:57,547 - INFO - Fila 2: [OK] Descargado exitosamente: VENTAS_PAGE1_FILA2_20260308_230057.xlsx
2026-03-08 23:00:58,565 - INFO - No hay página siguiente. Fin de paginación.
2026-03-08 23:00:58,565 - INFO - ======================================================================
2026-03-08 23:00:58,565 - INFO - [OK] Proceso completado
2026-03-08 23:00:58,565 - INFO - [REPORT] Total de descargas: 2 archivo(s)
2026-03-08 23:00:58,565 - INFO - 📁 Ubicación: D:\TAREAS\CARVAJAL\descargas_reportes
2026-03-08 23:00:58,566 - INFO - [LOG] Logs guardados en: logs_reportes\reporte_descargas_20260308_230002.log
2026-03-08 23:00:58,566 - INFO - ======================================================================
2026-03-08 23:00:58,566 - INFO - ✅ Descarga de reportes de VENTAS completada exitosamente
2026-03-08 23:00:58,566 - INFO - ======================================================================
2026-03-08 23:00:58,566 - INFO - [*] Iniciando descarga de Reportes INVENTARIO
2026-03-08 23:00:58,566 - INFO - ======================================================================
2026-03-08 23:00:58,566 - INFO - Navegando a: https://cencarvajal.com/receivingadvicenewportal/#/home/consult-service?service=INVRPT
2026-03-08 23:00:58,569 - INFO - Esperando que Angular cargue...
2026-03-08 23:01:01,887 - INFO - ✓ Formulario de filtros cargado
2026-03-08 23:01:03,888 - INFO - Configurando filtro de fechas: 07/03/2026 a 08/03/2026
2026-03-08 23:01:03,907 - INFO - Campo 'Fecha inicio' rellenado: 07/03/2026
2026-03-08 23:01:04,453 - INFO - Campo 'Fecha fin' rellenado: 08/03/2026
2026-03-08 23:01:05,963 - INFO - Calendarios cerrados, filtros de fecha configurados
2026-03-08 23:01:05,963 - INFO - 🔍 Presionando botón 'Buscar' para obtener el listado...
2026-03-08 23:01:06,003 - INFO - ✓ Búsqueda completada y tabla cargada
2026-03-08 23:01:08,008 - INFO - ✓ Se encontraron 2 registro(s)
2026-03-08 23:01:08,008 - INFO - 📄 Procesando página 1...
2026-03-08 23:01:08,013 - INFO -   -> 2 fila(s) en esta página
2026-03-08 23:01:08,037 - INFO - Fila 1: Iniciando descarga - Dismel Ltda | SUPERTIENDAS Y DROGUERIAS OLIMPICAS
2026-03-08 23:01:08,075 - INFO - Fila 1: Modal de formato abierto, esperando selección...
2026-03-08 23:01:09,113 - INFO - Fila 1: Formato XLSX seleccionado
2026-03-08 23:01:10,127 - INFO - Fila 1: Botón Descargar encontrado
2026-03-08 23:01:10,650 - INFO - Fila 1: Descargando archivo...
2026-03-08 23:01:13,321 - INFO - Fila 1: [OK] Descargado exitosamente: INVENTARIO_PAGE1_FILA1_20260308_230113.xlsx
2026-03-08 23:01:14,359 - INFO - Fila 2: Iniciando descarga - Dismel Ltda | SUPERTIENDAS Y DROGUERIAS OLIMPICAS
2026-03-08 23:01:14,391 - INFO - Fila 2: Modal de formato abierto, esperando selección...
2026-03-08 23:01:15,430 - INFO - Fila 2: Formato XLSX seleccionado
2026-03-08 23:01:16,446 - INFO - Fila 2: Botón Descargar encontrado
2026-03-08 23:01:16,966 - INFO - Fila 2: Descargando archivo...
2026-03-08 23:01:19,599 - INFO - Fila 2: [OK] Descargado exitosamente: INVENTARIO_PAGE1_FILA2_20260308_230119.xlsx
2026-03-08 23:01:20,614 - INFO - No hay página siguiente. Fin de paginación.
2026-03-08 23:01:20,615 - INFO - ======================================================================
2026-03-08 23:01:20,615 - INFO - [OK] Proceso completado
2026-03-08 23:01:20,615 - INFO - [REPORT] Total de descargas: 2 archivo(s)
2026-03-08 23:01:20,615 - INFO - 📁 Ubicación: D:\TAREAS\CARVAJAL\descargas_reportes
2026-03-08 23:01:20,615 - INFO - [LOG] Logs guardados en: logs_reportes\reporte_descargas_20260308_230002.log
2026-03-08 23:01:20,615 - INFO - ======================================================================
2026-03-08 23:01:20,615 - INFO - ✅ Descarga de reportes de INVENTARIO completada exitosamente
2026-03-08 23:01:20,709 - INFO - 
[OK] Navegador cerrado. Proceso finalizado correctamente
2026-03-08 23:01:20,709 - INFO - [LOG] Archivo de log: logs_reportes\reporte_descargas_20260308_230002.log
2026-03-08 23:01:20,710 - INFO - ======================================================================
