2026-03-07 13:00:02,008 - INFO - ======================================================================
2026-03-07 13:00:02,009 - INFO - INICIO DE SESIÓN - 07/03/2026 13:00:02
2026-03-07 13:00:02,009 - INFO - ======================================================================
2026-03-07 13:00:02,546 - INFO - Iniciando Playwright...
2026-03-07 13:00:02,727 - INFO - Navegador (Chromium) lanzado en modo visible
2026-03-07 13:00:03,103 - INFO - Navegando a: https://cencarvajal.com/#/portal/login
2026-03-07 13:00:07,841 - INFO - [Intento 1/3] Intentando login…
2026-03-07 13:00:10,267 - INFO - [Intento 1] Formulario de login enviado
2026-03-07 13:00:20,269 - WARNING - [Intento 1] No apareció 'Tus servicios' después de intentar login (posible modal)
2026-03-07 13:00:20,310 - INFO - [Intento 1] Se hizo clic en botón 'Continuar' del modal
2026-03-07 13:00:27,312 - WARNING - [Intento 1] Aún no aparece 'Tus servicios' tras aceptar modal
2026-03-07 13:00:27,312 - INFO - [Intento 1] Navegando de nuevo a login y reintentando...
2026-03-07 13:00:27,322 - INFO - [Intento 1] Página de login cargada nuevamente
2026-03-07 13:00:27,322 - INFO - [Intento 2/3] Intentando login…
2026-03-07 13:00:27,378 - INFO - [Intento 2] Formulario de login enviado
2026-03-07 13:00:29,733 - INFO - [Intento 2] [OK] Login exitoso - texto 'Tus servicios' encontrado
2026-03-07 13:00:29,733 - INFO - [Intento 2] Esperando que la página se cargue completamente...
2026-03-07 13:00:31,734 - INFO - [Intento 2] Página estabilizada, listo para descargar
2026-03-07 13:00:31,734 - INFO - ======================================================================
2026-03-07 13:00:31,734 - INFO - [*] Iniciando descarga de Reportes VENTAS
2026-03-07 13:00:31,734 - INFO - ======================================================================
2026-03-07 13:00:31,734 - INFO - Navegando a: https://cencarvajal.com/receivingadvicenewportal/#/home/consult-service?service=SLSRPT
2026-03-07 13:00:31,757 - INFO - Esperando que Angular cargue...
2026-03-07 13:00:35,293 - INFO - ✓ Formulario de filtros cargado
2026-03-07 13:00:37,295 - INFO - Configurando filtro de fechas: 06/03/2026 a 07/03/2026
2026-03-07 13:00:37,325 - INFO - Campo 'Fecha inicio' rellenado: 06/03/2026
2026-03-07 13:00:37,859 - INFO - Campo 'Fecha fin' rellenado: 07/03/2026
2026-03-07 13:00:39,369 - INFO - Calendarios cerrados, filtros de fecha configurados
2026-03-07 13:00:39,369 - INFO - 🔍 Presionando botón 'Buscar' para obtener el listado...
2026-03-07 13:00:39,405 - INFO - ✓ Búsqueda completada y tabla cargada
2026-03-07 13:00:41,411 - INFO - ✓ Se encontraron 1 registro(s)
2026-03-07 13:00:41,411 - INFO - 📄 Procesando página 1...
2026-03-07 13:00:41,415 - INFO -   -> 1 fila(s) en esta página
2026-03-07 13:00:41,439 - INFO - Fila 1: Iniciando descarga - Dismel Ltda | SUPERTIENDAS Y DROGUERIAS OLIMPICAS
2026-03-07 13:00:41,474 - INFO - Fila 1: Modal de formato abierto, esperando selección...
2026-03-07 13:00:42,510 - INFO - Fila 1: Formato XLSX seleccionado
2026-03-07 13:00:43,525 - INFO - Fila 1: Botón Descargar encontrado
2026-03-07 13:00:44,046 - INFO - Fila 1: Descargando archivo...
2026-03-07 13:00:49,864 - INFO - Fila 1: [OK] Descargado exitosamente: VENTAS_PAGE1_FILA1_20260307_130049.xlsx
2026-03-07 13:00:50,881 - INFO - No hay página siguiente. Fin de paginación.
2026-03-07 13:00:50,881 - INFO - ======================================================================
2026-03-07 13:00:50,881 - INFO - [OK] Proceso completado
2026-03-07 13:00:50,881 - INFO - [REPORT] Total de descargas: 1 archivo(s)
2026-03-07 13:00:50,881 - INFO - 📁 Ubicación: D:\TAREAS\CARVAJAL\descargas_reportes
2026-03-07 13:00:50,882 - INFO - [LOG] Logs guardados en: logs_reportes\reporte_descargas_20260307_130002.log
2026-03-07 13:00:50,882 - INFO - ======================================================================
2026-03-07 13:00:50,882 - INFO - ✅ Descarga de reportes de VENTAS completada exitosamente
2026-03-07 13:00:50,882 - INFO - ======================================================================
2026-03-07 13:00:50,882 - INFO - [*] Iniciando descarga de Reportes INVENTARIO
2026-03-07 13:00:50,882 - INFO - ======================================================================
2026-03-07 13:00:50,882 - INFO - Navegando a: https://cencarvajal.com/receivingadvicenewportal/#/home/consult-service?service=INVRPT
2026-03-07 13:00:50,885 - INFO - Esperando que Angular cargue...
2026-03-07 13:00:54,205 - INFO - ✓ Formulario de filtros cargado
2026-03-07 13:00:56,205 - INFO - Configurando filtro de fechas: 06/03/2026 a 07/03/2026
2026-03-07 13:00:56,224 - INFO - Campo 'Fecha inicio' rellenado: 06/03/2026
2026-03-07 13:00:56,755 - INFO - Campo 'Fecha fin' rellenado: 07/03/2026
2026-03-07 13:00:58,264 - INFO - Calendarios cerrados, filtros de fecha configurados
2026-03-07 13:00:58,264 - INFO - 🔍 Presionando botón 'Buscar' para obtener el listado...
2026-03-07 13:00:58,301 - INFO - ✓ Búsqueda completada y tabla cargada
2026-03-07 13:01:00,305 - INFO - ✓ Se encontraron 1 registro(s)
2026-03-07 13:01:00,305 - INFO - 📄 Procesando página 1...
2026-03-07 13:01:00,310 - INFO -   -> 1 fila(s) en esta página
2026-03-07 13:01:00,333 - INFO - Fila 1: Iniciando descarga - Dismel Ltda | SUPERTIENDAS Y DROGUERIAS OLIMPICAS
2026-03-07 13:01:00,371 - INFO - Fila 1: Modal de formato abierto, esperando selección...
2026-03-07 13:01:01,409 - INFO - Fila 1: Formato XLSX seleccionado
2026-03-07 13:01:02,424 - INFO - Fila 1: Botón Descargar encontrado
2026-03-07 13:01:02,944 - INFO - Fila 1: Descargando archivo...
2026-03-07 13:01:05,625 - INFO - Fila 1: [OK] Descargado exitosamente: INVENTARIO_PAGE1_FILA1_20260307_130105.xlsx
2026-03-07 13:01:06,654 - INFO - No hay página siguiente. Fin de paginación.
2026-03-07 13:01:06,654 - INFO - ======================================================================
2026-03-07 13:01:06,654 - INFO - [OK] Proceso completado
2026-03-07 13:01:06,654 - INFO - [REPORT] Total de descargas: 1 archivo(s)
2026-03-07 13:01:06,654 - INFO - 📁 Ubicación: D:\TAREAS\CARVAJAL\descargas_reportes
2026-03-07 13:01:06,654 - INFO - [LOG] Logs guardados en: logs_reportes\reporte_descargas_20260307_130002.log
2026-03-07 13:01:06,654 - INFO - ======================================================================
2026-03-07 13:01:06,655 - INFO - ✅ Descarga de reportes de INVENTARIO completada exitosamente
2026-03-07 13:01:06,793 - INFO - 
[OK] Navegador cerrado. Proceso finalizado correctamente
2026-03-07 13:01:06,793 - INFO - [LOG] Archivo de log: logs_reportes\reporte_descargas_20260307_130002.log
2026-03-07 13:01:06,793 - INFO - ======================================================================
