2026-03-08 09:00:02,010 - INFO - ======================================================================
2026-03-08 09:00:02,010 - INFO - INICIO DE SESIÓN - 08/03/2026 09:00:02
2026-03-08 09:00:02,010 - INFO - ======================================================================
2026-03-08 09:00:02,548 - INFO - Iniciando Playwright...
2026-03-08 09:00:02,726 - INFO - Navegador (Chromium) lanzado en modo visible
2026-03-08 09:00:03,100 - INFO - Navegando a: https://cencarvajal.com/#/portal/login
2026-03-08 09:00:08,644 - INFO - [Intento 1/3] Intentando login…
2026-03-08 09:00:11,153 - INFO - [Intento 1] Formulario de login enviado
2026-03-08 09:00:21,155 - WARNING - [Intento 1] No apareció 'Tus servicios' después de intentar login (posible modal)
2026-03-08 09:00:21,180 - INFO - [Intento 1] Se hizo clic en botón 'Continuar' del modal
2026-03-08 09:00:28,182 - WARNING - [Intento 1] Aún no aparece 'Tus servicios' tras aceptar modal
2026-03-08 09:00:28,182 - INFO - [Intento 1] Navegando de nuevo a login y reintentando...
2026-03-08 09:00:28,191 - INFO - [Intento 1] Página de login cargada nuevamente
2026-03-08 09:00:28,191 - INFO - [Intento 2/3] Intentando login…
2026-03-08 09:00:28,247 - INFO - [Intento 2] Formulario de login enviado
2026-03-08 09:00:30,556 - INFO - [Intento 2] [OK] Login exitoso - texto 'Tus servicios' encontrado
2026-03-08 09:00:30,556 - INFO - [Intento 2] Esperando que la página se cargue completamente...
2026-03-08 09:00:32,556 - INFO - [Intento 2] Página estabilizada, listo para descargar
2026-03-08 09:00:32,556 - INFO - ======================================================================
2026-03-08 09:00:32,556 - INFO - [*] Iniciando descarga de Reportes VENTAS
2026-03-08 09:00:32,556 - INFO - ======================================================================
2026-03-08 09:00:32,556 - INFO - Navegando a: https://cencarvajal.com/receivingadvicenewportal/#/home/consult-service?service=SLSRPT
2026-03-08 09:00:32,587 - INFO - Esperando que Angular cargue...
2026-03-08 09:00:36,127 - INFO - ✓ Formulario de filtros cargado
2026-03-08 09:00:38,128 - INFO - Configurando filtro de fechas: 07/03/2026 a 08/03/2026
2026-03-08 09:00:38,158 - INFO - Campo 'Fecha inicio' rellenado: 07/03/2026
2026-03-08 09:00:38,710 - INFO - Campo 'Fecha fin' rellenado: 08/03/2026
2026-03-08 09:00:40,220 - INFO - Calendarios cerrados, filtros de fecha configurados
2026-03-08 09:00:40,220 - INFO - 🔍 Presionando botón 'Buscar' para obtener el listado...
2026-03-08 09:00:40,258 - INFO - ✓ Búsqueda completada y tabla cargada
2026-03-08 09:00:42,264 - INFO - ✓ Se encontraron 1 registro(s)
2026-03-08 09:00:42,264 - INFO - 📄 Procesando página 1...
2026-03-08 09:00:42,268 - INFO -   -> 1 fila(s) en esta página
2026-03-08 09:00:42,292 - INFO - Fila 1: Iniciando descarga - Dismel Ltda | SUPERTIENDAS Y DROGUERIAS OLIMPICAS
2026-03-08 09:00:42,327 - INFO - Fila 1: Modal de formato abierto, esperando selección...
2026-03-08 09:00:43,363 - INFO - Fila 1: Formato XLSX seleccionado
2026-03-08 09:00:44,378 - INFO - Fila 1: Botón Descargar encontrado
2026-03-08 09:00:44,899 - INFO - Fila 1: Descargando archivo...
2026-03-08 09:00:51,150 - INFO - Fila 1: [OK] Descargado exitosamente: VENTAS_PAGE1_FILA1_20260308_090051.xlsx
2026-03-08 09:00:52,165 - INFO - No hay página siguiente. Fin de paginación.
2026-03-08 09:00:52,165 - INFO - ======================================================================
2026-03-08 09:00:52,166 - INFO - [OK] Proceso completado
2026-03-08 09:00:52,166 - INFO - [REPORT] Total de descargas: 1 archivo(s)
2026-03-08 09:00:52,166 - INFO - 📁 Ubicación: D:\TAREAS\CARVAJAL\descargas_reportes
2026-03-08 09:00:52,166 - INFO - [LOG] Logs guardados en: logs_reportes\reporte_descargas_20260308_090002.log
2026-03-08 09:00:52,166 - INFO - ======================================================================
2026-03-08 09:00:52,166 - INFO - ✅ Descarga de reportes de VENTAS completada exitosamente
2026-03-08 09:00:52,166 - INFO - ======================================================================
2026-03-08 09:00:52,166 - INFO - [*] Iniciando descarga de Reportes INVENTARIO
2026-03-08 09:00:52,166 - INFO - ======================================================================
2026-03-08 09:00:52,166 - INFO - Navegando a: https://cencarvajal.com/receivingadvicenewportal/#/home/consult-service?service=INVRPT
2026-03-08 09:00:52,169 - INFO - Esperando que Angular cargue...
2026-03-08 09:00:55,488 - INFO - ✓ Formulario de filtros cargado
2026-03-08 09:00:57,489 - INFO - Configurando filtro de fechas: 07/03/2026 a 08/03/2026
2026-03-08 09:00:57,508 - INFO - Campo 'Fecha inicio' rellenado: 07/03/2026
2026-03-08 09:00:58,037 - INFO - Campo 'Fecha fin' rellenado: 08/03/2026
2026-03-08 09:00:59,546 - INFO - Calendarios cerrados, filtros de fecha configurados
2026-03-08 09:00:59,546 - INFO - 🔍 Presionando botón 'Buscar' para obtener el listado...
2026-03-08 09:00:59,586 - INFO - ✓ Búsqueda completada y tabla cargada
2026-03-08 09:01:01,591 - INFO - ✓ Se encontraron 1 registro(s)
2026-03-08 09:01:01,591 - INFO - 📄 Procesando página 1...
2026-03-08 09:01:01,596 - INFO -   -> 1 fila(s) en esta página
2026-03-08 09:01:01,619 - INFO - Fila 1: Iniciando descarga - Dismel Ltda | SUPERTIENDAS Y DROGUERIAS OLIMPICAS
2026-03-08 09:01:01,658 - INFO - Fila 1: Modal de formato abierto, esperando selección...
2026-03-08 09:01:02,696 - INFO - Fila 1: Formato XLSX seleccionado
2026-03-08 09:01:03,712 - INFO - Fila 1: Botón Descargar encontrado
2026-03-08 09:01:04,233 - INFO - Fila 1: Descargando archivo...
2026-03-08 09:01:06,937 - INFO - Fila 1: [OK] Descargado exitosamente: INVENTARIO_PAGE1_FILA1_20260308_090106.xlsx
2026-03-08 09:01:07,965 - INFO - No hay página siguiente. Fin de paginación.
2026-03-08 09:01:07,965 - INFO - ======================================================================
2026-03-08 09:01:07,966 - INFO - [OK] Proceso completado
2026-03-08 09:01:07,966 - INFO - [REPORT] Total de descargas: 1 archivo(s)
2026-03-08 09:01:07,966 - INFO - 📁 Ubicación: D:\TAREAS\CARVAJAL\descargas_reportes
2026-03-08 09:01:07,966 - INFO - [LOG] Logs guardados en: logs_reportes\reporte_descargas_20260308_090002.log
2026-03-08 09:01:07,966 - INFO - ======================================================================
2026-03-08 09:01:07,966 - INFO - ✅ Descarga de reportes de INVENTARIO completada exitosamente
2026-03-08 09:01:08,060 - INFO - 
[OK] Navegador cerrado. Proceso finalizado correctamente
2026-03-08 09:01:08,060 - INFO - [LOG] Archivo de log: logs_reportes\reporte_descargas_20260308_090002.log
2026-03-08 09:01:08,060 - INFO - ======================================================================
