2026-03-06 19:00:01,757 - INFO - ======================================================================
2026-03-06 19:00:01,757 - INFO - INICIO DE SESIÓN - 06/03/2026 19:00:01
2026-03-06 19:00:01,757 - INFO - ======================================================================
2026-03-06 19:00:02,295 - INFO - Iniciando Playwright...
2026-03-06 19:00:02,454 - INFO - Navegador (Chromium) lanzado en modo visible
2026-03-06 19:00:02,826 - INFO - Navegando a: https://cencarvajal.com/#/portal/login
2026-03-06 19:00:08,090 - INFO - [Intento 1/3] Intentando login…
2026-03-06 19:00:10,559 - INFO - [Intento 1] Formulario de login enviado
2026-03-06 19:00:20,562 - WARNING - [Intento 1] No apareció 'Tus servicios' después de intentar login (posible modal)
2026-03-06 19:00:20,586 - INFO - [Intento 1] Se hizo clic en botón 'Continuar' del modal
2026-03-06 19:00:27,587 - WARNING - [Intento 1] Aún no aparece 'Tus servicios' tras aceptar modal
2026-03-06 19:00:27,587 - INFO - [Intento 1] Navegando de nuevo a login y reintentando...
2026-03-06 19:00:27,597 - INFO - [Intento 1] Página de login cargada nuevamente
2026-03-06 19:00:27,597 - INFO - [Intento 2/3] Intentando login…
2026-03-06 19:00:27,653 - INFO - [Intento 2] Formulario de login enviado
2026-03-06 19:00:30,019 - INFO - [Intento 2] [OK] Login exitoso - texto 'Tus servicios' encontrado
2026-03-06 19:00:30,019 - INFO - [Intento 2] Esperando que la página se cargue completamente...
2026-03-06 19:00:32,020 - INFO - [Intento 2] Página estabilizada, listo para descargar
2026-03-06 19:00:32,020 - INFO - ======================================================================
2026-03-06 19:00:32,020 - INFO - [*] Iniciando descarga de Reportes VENTAS
2026-03-06 19:00:32,020 - INFO - ======================================================================
2026-03-06 19:00:32,020 - INFO - Navegando a: https://cencarvajal.com/receivingadvicenewportal/#/home/consult-service?service=SLSRPT
2026-03-06 19:00:32,047 - INFO - Esperando que Angular cargue...
2026-03-06 19:00:35,635 - INFO - ✓ Formulario de filtros cargado
2026-03-06 19:00:37,636 - INFO - Configurando filtro de fechas: 05/03/2026 a 06/03/2026
2026-03-06 19:00:37,666 - INFO - Campo 'Fecha inicio' rellenado: 05/03/2026
2026-03-06 19:00:38,202 - INFO - Campo 'Fecha fin' rellenado: 06/03/2026
2026-03-06 19:00:39,711 - INFO - Calendarios cerrados, filtros de fecha configurados
2026-03-06 19:00:39,711 - INFO - 🔍 Presionando botón 'Buscar' para obtener el listado...
2026-03-06 19:00:39,755 - INFO - ✓ Búsqueda completada y tabla cargada
2026-03-06 19:00:41,761 - INFO - ✓ Se encontraron 2 registro(s)
2026-03-06 19:00:41,762 - INFO - 📄 Procesando página 1...
2026-03-06 19:00:41,767 - INFO -   -> 2 fila(s) en esta página
2026-03-06 19:00:41,791 - INFO - Fila 1: Iniciando descarga - Dismel Ltda | SUPERTIENDAS Y DROGUERIAS OLIMPICAS
2026-03-06 19:00:41,832 - INFO - Fila 1: Modal de formato abierto, esperando selección...
2026-03-06 19:00:42,870 - INFO - Fila 1: Formato XLSX seleccionado
2026-03-06 19:00:43,885 - INFO - Fila 1: Botón Descargar encontrado
2026-03-06 19:00:44,421 - INFO - Fila 1: Descargando archivo...
2026-03-06 19:00:50,687 - INFO - Fila 1: [OK] Descargado exitosamente: VENTAS_PAGE1_FILA1_20260306_190050.xlsx
2026-03-06 19:00:51,713 - INFO - Fila 2: Iniciando descarga - Dismel Ltda | SUPERTIENDAS Y DROGUERIAS OLIMPICAS
2026-03-06 19:00:51,748 - INFO - Fila 2: Modal de formato abierto, esperando selección...
2026-03-06 19:00:52,786 - INFO - Fila 2: Formato XLSX seleccionado
2026-03-06 19:00:53,801 - INFO - Fila 2: Botón Descargar encontrado
2026-03-06 19:00:54,321 - INFO - Fila 2: Descargando archivo...
2026-03-06 19:00:57,023 - INFO - Fila 2: [OK] Descargado exitosamente: VENTAS_PAGE1_FILA2_20260306_190057.xlsx
2026-03-06 19:00:58,040 - INFO - No hay página siguiente. Fin de paginación.
2026-03-06 19:00:58,041 - INFO - ======================================================================
2026-03-06 19:00:58,041 - INFO - [OK] Proceso completado
2026-03-06 19:00:58,041 - INFO - [REPORT] Total de descargas: 2 archivo(s)
2026-03-06 19:00:58,041 - INFO - 📁 Ubicación: D:\TAREAS\CARVAJAL\descargas_reportes
2026-03-06 19:00:58,041 - INFO - [LOG] Logs guardados en: logs_reportes\reporte_descargas_20260306_190001.log
2026-03-06 19:00:58,041 - INFO - ======================================================================
2026-03-06 19:00:58,042 - INFO - ✅ Descarga de reportes de VENTAS completada exitosamente
2026-03-06 19:00:58,042 - INFO - ======================================================================
2026-03-06 19:00:58,042 - INFO - [*] Iniciando descarga de Reportes INVENTARIO
2026-03-06 19:00:58,042 - INFO - ======================================================================
2026-03-06 19:00:58,042 - INFO - Navegando a: https://cencarvajal.com/receivingadvicenewportal/#/home/consult-service?service=INVRPT
2026-03-06 19:00:58,045 - INFO - Esperando que Angular cargue...
2026-03-06 19:01:01,367 - INFO - ✓ Formulario de filtros cargado
2026-03-06 19:01:03,368 - INFO - Configurando filtro de fechas: 05/03/2026 a 06/03/2026
2026-03-06 19:01:03,386 - INFO - Campo 'Fecha inicio' rellenado: 05/03/2026
2026-03-06 19:01:03,974 - INFO - Campo 'Fecha fin' rellenado: 06/03/2026
2026-03-06 19:01:05,490 - INFO - Calendarios cerrados, filtros de fecha configurados
2026-03-06 19:01:05,490 - INFO - 🔍 Presionando botón 'Buscar' para obtener el listado...
2026-03-06 19:01:05,527 - INFO - ✓ Búsqueda completada y tabla cargada
2026-03-06 19:01:07,533 - INFO - ✓ Se encontraron 2 registro(s)
2026-03-06 19:01:07,534 - INFO - 📄 Procesando página 1...
2026-03-06 19:01:07,537 - INFO -   -> 2 fila(s) en esta página
2026-03-06 19:01:07,562 - INFO - Fila 1: Iniciando descarga - Dismel Ltda | SUPERTIENDAS Y DROGUERIAS OLIMPICAS
2026-03-06 19:01:07,597 - INFO - Fila 1: Modal de formato abierto, esperando selección...
2026-03-06 19:01:08,637 - INFO - Fila 1: Formato XLSX seleccionado
2026-03-06 19:01:09,650 - INFO - Fila 1: Botón Descargar encontrado
2026-03-06 19:01:10,170 - INFO - Fila 1: Descargando archivo...
2026-03-06 19:01:12,958 - INFO - Fila 1: [OK] Descargado exitosamente: INVENTARIO_PAGE1_FILA1_20260306_190112.xlsx
2026-03-06 19:01:13,998 - INFO - Fila 2: Iniciando descarga - Dismel Ltda | SUPERTIENDAS Y DROGUERIAS OLIMPICAS
2026-03-06 19:01:14,029 - INFO - Fila 2: Modal de formato abierto, esperando selección...
2026-03-06 19:01:15,068 - INFO - Fila 2: Formato XLSX seleccionado
2026-03-06 19:01:16,083 - INFO - Fila 2: Botón Descargar encontrado
2026-03-06 19:01:16,602 - INFO - Fila 2: Descargando archivo...
2026-03-06 19:01:19,249 - INFO - Fila 2: [OK] Descargado exitosamente: INVENTARIO_PAGE1_FILA2_20260306_190119.xlsx
2026-03-06 19:01:20,264 - INFO - No hay página siguiente. Fin de paginación.
2026-03-06 19:01:20,265 - INFO - ======================================================================
2026-03-06 19:01:20,265 - INFO - [OK] Proceso completado
2026-03-06 19:01:20,265 - INFO - [REPORT] Total de descargas: 2 archivo(s)
2026-03-06 19:01:20,265 - INFO - 📁 Ubicación: D:\TAREAS\CARVAJAL\descargas_reportes
2026-03-06 19:01:20,265 - INFO - [LOG] Logs guardados en: logs_reportes\reporte_descargas_20260306_190001.log
2026-03-06 19:01:20,265 - INFO - ======================================================================
2026-03-06 19:01:20,265 - INFO - ✅ Descarga de reportes de INVENTARIO completada exitosamente
2026-03-06 19:01:20,352 - INFO - 
[OK] Navegador cerrado. Proceso finalizado correctamente
2026-03-06 19:01:20,352 - INFO - [LOG] Archivo de log: logs_reportes\reporte_descargas_20260306_190001.log
2026-03-06 19:01:20,352 - INFO - ======================================================================
