2026-03-06 18:50:02,348 - INFO - ======================================================================
2026-03-06 18:50:02,348 - INFO - INICIO DE SINCRONIZACIÓN - 06/03/2026 18:50:02
2026-03-06 18:50:02,348 - INFO - ======================================================================
2026-03-06 18:50:02,348 - INFO - 🔗 Conectando a 192.168.1.254:22...
2026-03-06 18:50:02,362 - INFO - Connected (version 2.0, client OpenSSH_8.0)
2026-03-06 18:50:02,438 - INFO - Authentication (password) successful!
2026-03-06 18:50:02,742 - INFO - [chan 0] Opened sftp connection (server version 3)
2026-03-06 18:50:02,743 - INFO - ✅ Conectado a 192.168.1.254
2026-03-06 18:50:02,747 - INFO - 📁 Archivos locales encontrados: 8
2026-03-06 18:50:02,747 - INFO - 📁 Archivos remotos existentes: 8
2026-03-06 18:50:02,747 - INFO - ⏭️  Ya existe en servidor: INVENTARIO_PAGE1_FILA1_20260306_164548.xlsx
2026-03-06 18:50:02,747 - INFO - ⏭️  Ya existe en servidor: INVENTARIO_PAGE1_FILA1_20260306_180112.xlsx
2026-03-06 18:50:02,747 - INFO - ⏭️  Ya existe en servidor: INVENTARIO_PAGE1_FILA2_20260306_164554.xlsx
2026-03-06 18:50:02,747 - INFO - ⏭️  Ya existe en servidor: INVENTARIO_PAGE1_FILA2_20260306_180118.xlsx
2026-03-06 18:50:02,747 - INFO - ⏭️  Ya existe en servidor: VENTAS_PAGE1_FILA1_20260306_164525.xlsx
2026-03-06 18:50:02,748 - INFO - ⏭️  Ya existe en servidor: VENTAS_PAGE1_FILA1_20260306_180050.xlsx
2026-03-06 18:50:02,748 - INFO - ⏭️  Ya existe en servidor: VENTAS_PAGE1_FILA2_20260306_164532.xlsx
2026-03-06 18:50:02,748 - INFO - ⏭️  Ya existe en servidor: VENTAS_PAGE1_FILA2_20260306_180056.xlsx
2026-03-06 18:50:02,748 - INFO - ======================================================================
2026-03-06 18:50:02,748 - INFO - SINCRONIZACIÓN COMPLETADA:
2026-03-06 18:50:02,748 - INFO -   ✅ Sincronizados: 0
2026-03-06 18:50:02,748 - INFO -   ❌ Errores: 0
2026-03-06 18:50:02,748 - INFO - ======================================================================
2026-03-06 18:50:02,748 - INFO - [chan 0] sftp session closed.
2026-03-06 18:50:02,748 - INFO - ✅ Desconectado del servidor
