2026-03-06 19:00:01,709 - INFO - ======================================================================
2026-03-06 19:00:01,709 - INFO - INICIO DE SINCRONIZACIÓN - 06/03/2026 19:00:01
2026-03-06 19:00:01,709 - INFO - ======================================================================
2026-03-06 19:00:01,710 - INFO - 🔗 Conectando a 192.168.1.254:22...
2026-03-06 19:00:01,722 - INFO - Connected (version 2.0, client OpenSSH_8.0)
2026-03-06 19:00:01,798 - INFO - Authentication (password) successful!
2026-03-06 19:00:02,101 - INFO - [chan 0] Opened sftp connection (server version 3)
2026-03-06 19:00:02,102 - INFO - ✅ Conectado a 192.168.1.254
2026-03-06 19:00:02,105 - INFO - 📁 Archivos locales encontrados: 8
2026-03-06 19:00:02,106 - INFO - 📁 Archivos remotos existentes: 8
2026-03-06 19:00:02,106 - INFO - ⏭️  Ya existe en servidor: INVENTARIO_PAGE1_FILA1_20260306_164548.xlsx
2026-03-06 19:00:02,106 - INFO - ⏭️  Ya existe en servidor: INVENTARIO_PAGE1_FILA1_20260306_180112.xlsx
2026-03-06 19:00:02,106 - INFO - ⏭️  Ya existe en servidor: INVENTARIO_PAGE1_FILA2_20260306_164554.xlsx
2026-03-06 19:00:02,106 - INFO - ⏭️  Ya existe en servidor: INVENTARIO_PAGE1_FILA2_20260306_180118.xlsx
2026-03-06 19:00:02,106 - INFO - ⏭️  Ya existe en servidor: VENTAS_PAGE1_FILA1_20260306_164525.xlsx
2026-03-06 19:00:02,106 - INFO - ⏭️  Ya existe en servidor: VENTAS_PAGE1_FILA1_20260306_180050.xlsx
2026-03-06 19:00:02,106 - INFO - ⏭️  Ya existe en servidor: VENTAS_PAGE1_FILA2_20260306_164532.xlsx
2026-03-06 19:00:02,106 - INFO - ⏭️  Ya existe en servidor: VENTAS_PAGE1_FILA2_20260306_180056.xlsx
2026-03-06 19:00:02,107 - INFO - ======================================================================
2026-03-06 19:00:02,107 - INFO - SINCRONIZACIÓN COMPLETADA:
2026-03-06 19:00:02,107 - INFO -   ✅ Sincronizados: 0
2026-03-06 19:00:02,107 - INFO -   ❌ Errores: 0
2026-03-06 19:00:02,107 - INFO - ======================================================================
2026-03-06 19:00:02,107 - INFO - [chan 0] sftp session closed.
2026-03-06 19:00:02,107 - INFO - ✅ Desconectado del servidor
