2026-03-09 07:10:02,356 - INFO - ======================================================================
2026-03-09 07:10:02,356 - INFO - INICIO DE SINCRONIZACIÓN - 09/03/2026 07:10:02
2026-03-09 07:10:02,356 - INFO - ======================================================================
2026-03-09 07:10:02,357 - INFO - 🔗 Conectando a 192.168.1.254:22...
2026-03-09 07:10:02,370 - INFO - Connected (version 2.0, client OpenSSH_8.0)
2026-03-09 07:10:02,444 - INFO - Authentication (password) successful!
2026-03-09 07:10:02,742 - INFO - [chan 0] Opened sftp connection (server version 3)
2026-03-09 07:10:02,742 - INFO - ✅ Conectado a 192.168.1.254
2026-03-09 07:10:02,755 - INFO - 📁 Archivos locales encontrados: 200
2026-03-09 07:10:02,756 - INFO - 📁 Archivos remotos existentes: 198
2026-03-09 07:10:02,756 - INFO - ⏭️  Ya existe en servidor: INVENTARIO_PAGE1_FILA1_20260306_164548.xlsx
2026-03-09 07:10:02,756 - INFO - ⏭️  Ya existe en servidor: INVENTARIO_PAGE1_FILA1_20260306_180112.xlsx
2026-03-09 07:10:02,756 - INFO - ⏭️  Ya existe en servidor: INVENTARIO_PAGE1_FILA1_20260306_190112.xlsx
2026-03-09 07:10:02,756 - INFO - ⏭️  Ya existe en servidor: INVENTARIO_PAGE1_FILA1_20260306_200113.xlsx
2026-03-09 07:10:02,756 - INFO - ⏭️  Ya existe en servidor: INVENTARIO_PAGE1_FILA1_20260306_210112.xlsx
2026-03-09 07:10:02,756 - INFO - ⏭️  Ya existe en servidor: INVENTARIO_PAGE1_FILA1_20260306_220115.xlsx
2026-03-09 07:10:02,756 - INFO - ⏭️  Ya existe en servidor: INVENTARIO_PAGE1_FILA1_20260306_230112.xlsx
2026-03-09 07:10:02,756 - INFO - ⏭️  Ya existe en servidor: INVENTARIO_PAGE1_FILA1_20260307_000112.xlsx
2026-03-09 07:10:02,757 - INFO - ⏭️  Ya existe en servidor: INVENTARIO_PAGE1_FILA1_20260307_010112.xlsx
2026-03-09 07:10:02,757 - INFO - ⏭️  Ya existe en servidor: INVENTARIO_PAGE1_FILA1_20260307_020112.xlsx
2026-03-09 07:10:02,757 - INFO - ⏭️  Ya existe en servidor: INVENTARIO_PAGE1_FILA1_20260307_030112.xlsx
2026-03-09 07:10:02,757 - INFO - ⏭️  Ya existe en servidor: INVENTARIO_PAGE1_FILA1_20260307_040112.xlsx
2026-03-09 07:10:02,757 - INFO - ⏭️  Ya existe en servidor: INVENTARIO_PAGE1_FILA1_20260307_050106.xlsx
2026-03-09 07:10:02,757 - INFO - ⏭️  Ya existe en servidor: INVENTARIO_PAGE1_FILA1_20260307_060105.xlsx
2026-03-09 07:10:02,757 - INFO - ⏭️  Ya existe en servidor: INVENTARIO_PAGE1_FILA1_20260307_070106.xlsx
2026-03-09 07:10:02,757 - INFO - ⏭️  Ya existe en servidor: INVENTARIO_PAGE1_FILA1_20260307_080106.xlsx
2026-03-09 07:10:02,757 - INFO - ⏭️  Ya existe en servidor: INVENTARIO_PAGE1_FILA1_20260307_090102.xlsx
2026-03-09 07:10:02,757 - INFO - ⏭️  Ya existe en servidor: INVENTARIO_PAGE1_FILA1_20260307_100056.xlsx
2026-03-09 07:10:02,757 - INFO - ⏭️  Ya existe en servidor: INVENTARIO_PAGE1_FILA1_20260307_110106.xlsx
2026-03-09 07:10:02,757 - INFO - ⏭️  Ya existe en servidor: INVENTARIO_PAGE1_FILA1_20260307_120106.xlsx
2026-03-09 07:10:02,757 - INFO - ⏭️  Ya existe en servidor: INVENTARIO_PAGE1_FILA1_20260307_130105.xlsx
2026-03-09 07:10:02,758 - INFO - ⏭️  Ya existe en servidor: INVENTARIO_PAGE1_FILA1_20260307_140105.xlsx
2026-03-09 07:10:02,758 - INFO - ⏭️  Ya existe en servidor: INVENTARIO_PAGE1_FILA1_20260307_150111.xlsx
2026-03-09 07:10:02,758 - INFO - ⏭️  Ya existe en servidor: INVENTARIO_PAGE1_FILA1_20260307_160112.xlsx
2026-03-09 07:10:02,758 - INFO - ⏭️  Ya existe en servidor: INVENTARIO_PAGE1_FILA1_20260307_170112.xlsx
2026-03-09 07:10:02,758 - INFO - ⏭️  Ya existe en servidor: INVENTARIO_PAGE1_FILA1_20260307_180111.xlsx
2026-03-09 07:10:02,758 - INFO - ⏭️  Ya existe en servidor: INVENTARIO_PAGE1_FILA1_20260307_190112.xlsx
2026-03-09 07:10:02,758 - INFO - ⏭️  Ya existe en servidor: INVENTARIO_PAGE1_FILA1_20260307_200112.xlsx
2026-03-09 07:10:02,758 - INFO - ⏭️  Ya existe en servidor: INVENTARIO_PAGE1_FILA1_20260307_210113.xlsx
2026-03-09 07:10:02,758 - INFO - ⏭️  Ya existe en servidor: INVENTARIO_PAGE1_FILA1_20260307_220112.xlsx
2026-03-09 07:10:02,758 - INFO - ⏭️  Ya existe en servidor: INVENTARIO_PAGE1_FILA1_20260307_230113.xlsx
2026-03-09 07:10:02,758 - INFO - ⏭️  Ya existe en servidor: INVENTARIO_PAGE1_FILA1_20260308_000157.xlsx
2026-03-09 07:10:02,758 - INFO - ⏭️  Ya existe en servidor: INVENTARIO_PAGE1_FILA1_20260308_020118.xlsx
2026-03-09 07:10:02,759 - INFO - ⏭️  Ya existe en servidor: INVENTARIO_PAGE1_FILA1_20260308_030116.xlsx
2026-03-09 07:10:02,759 - INFO - ⏭️  Ya existe en servidor: INVENTARIO_PAGE1_FILA1_20260308_040114.xlsx
2026-03-09 07:10:02,759 - INFO - ⏭️  Ya existe en servidor: INVENTARIO_PAGE1_FILA1_20260308_050107.xlsx
2026-03-09 07:10:02,759 - INFO - ⏭️  Ya existe en servidor: INVENTARIO_PAGE1_FILA1_20260308_060148.xlsx
2026-03-09 07:10:02,759 - INFO - ⏭️  Ya existe en servidor: INVENTARIO_PAGE1_FILA1_20260308_070106.xlsx
2026-03-09 07:10:02,759 - INFO - ⏭️  Ya existe en servidor: INVENTARIO_PAGE1_FILA1_20260308_080106.xlsx
2026-03-09 07:10:02,759 - INFO - ⏭️  Ya existe en servidor: INVENTARIO_PAGE1_FILA1_20260308_090106.xlsx
2026-03-09 07:10:02,759 - INFO - ⏭️  Ya existe en servidor: INVENTARIO_PAGE1_FILA1_20260308_100119.xlsx
2026-03-09 07:10:02,759 - INFO - ⏭️  Ya existe en servidor: INVENTARIO_PAGE1_FILA1_20260308_110106.xlsx
2026-03-09 07:10:02,759 - INFO - ⏭️  Ya existe en servidor: INVENTARIO_PAGE1_FILA1_20260308_120106.xlsx
2026-03-09 07:10:02,759 - INFO - ⏭️  Ya existe en servidor: INVENTARIO_PAGE1_FILA1_20260308_130105.xlsx
2026-03-09 07:10:02,759 - INFO - ⏭️  Ya existe en servidor: INVENTARIO_PAGE1_FILA1_20260308_140106.xlsx
2026-03-09 07:10:02,759 - INFO - ⏭️  Ya existe en servidor: INVENTARIO_PAGE1_FILA1_20260308_150113.xlsx
2026-03-09 07:10:02,761 - INFO - ⏭️  Ya existe en servidor: INVENTARIO_PAGE1_FILA1_20260308_160113.xlsx
2026-03-09 07:10:02,761 - INFO - ⏭️  Ya existe en servidor: INVENTARIO_PAGE1_FILA1_20260308_170112.xlsx
2026-03-09 07:10:02,761 - INFO - ⏭️  Ya existe en servidor: INVENTARIO_PAGE1_FILA1_20260308_180111.xlsx
2026-03-09 07:10:02,761 - INFO - ⏭️  Ya existe en servidor: INVENTARIO_PAGE1_FILA1_20260308_190112.xlsx
2026-03-09 07:10:02,761 - INFO - ⏭️  Ya existe en servidor: INVENTARIO_PAGE1_FILA1_20260308_200112.xlsx
2026-03-09 07:10:02,761 - INFO - ⏭️  Ya existe en servidor: INVENTARIO_PAGE1_FILA1_20260308_210112.xlsx
2026-03-09 07:10:02,761 - INFO - ⏭️  Ya existe en servidor: INVENTARIO_PAGE1_FILA1_20260308_220113.xlsx
2026-03-09 07:10:02,761 - INFO - ⏭️  Ya existe en servidor: INVENTARIO_PAGE1_FILA1_20260308_230113.xlsx
2026-03-09 07:10:02,762 - INFO - ⏭️  Ya existe en servidor: INVENTARIO_PAGE1_FILA1_20260309_000114.xlsx
2026-03-09 07:10:02,762 - INFO - ⏭️  Ya existe en servidor: INVENTARIO_PAGE1_FILA1_20260309_010112.xlsx
2026-03-09 07:10:02,762 - INFO - ⏭️  Ya existe en servidor: INVENTARIO_PAGE1_FILA1_20260309_020112.xlsx
2026-03-09 07:10:02,762 - INFO - ⏭️  Ya existe en servidor: INVENTARIO_PAGE1_FILA1_20260309_030112.xlsx
2026-03-09 07:10:02,762 - INFO - ⏭️  Ya existe en servidor: INVENTARIO_PAGE1_FILA1_20260309_040112.xlsx
2026-03-09 07:10:02,762 - INFO - ⏭️  Ya existe en servidor: INVENTARIO_PAGE1_FILA1_20260309_050106.xlsx
2026-03-09 07:10:02,762 - INFO - ⏭️  Ya existe en servidor: INVENTARIO_PAGE1_FILA1_20260309_060147.xlsx
2026-03-09 07:10:02,762 - INFO - 📤 Subiendo: INVENTARIO_PAGE1_FILA1_20260309_070105.xlsx
2026-03-09 07:10:02,835 - INFO - ✅ Subido correctamente: INVENTARIO_PAGE1_FILA1_20260309_070105.xlsx
2026-03-09 07:10:02,835 - INFO - ⏭️  Ya existe en servidor: INVENTARIO_PAGE1_FILA2_20260306_164554.xlsx
2026-03-09 07:10:02,835 - INFO - ⏭️  Ya existe en servidor: INVENTARIO_PAGE1_FILA2_20260306_180118.xlsx
2026-03-09 07:10:02,835 - INFO - ⏭️  Ya existe en servidor: INVENTARIO_PAGE1_FILA2_20260306_190119.xlsx
2026-03-09 07:10:02,835 - INFO - ⏭️  Ya existe en servidor: INVENTARIO_PAGE1_FILA2_20260306_200119.xlsx
2026-03-09 07:10:02,835 - INFO - ⏭️  Ya existe en servidor: INVENTARIO_PAGE1_FILA2_20260306_210119.xlsx
2026-03-09 07:10:02,835 - INFO - ⏭️  Ya existe en servidor: INVENTARIO_PAGE1_FILA2_20260306_220122.xlsx
2026-03-09 07:10:02,835 - INFO - ⏭️  Ya existe en servidor: INVENTARIO_PAGE1_FILA2_20260306_230118.xlsx
2026-03-09 07:10:02,836 - INFO - ⏭️  Ya existe en servidor: INVENTARIO_PAGE1_FILA2_20260307_000119.xlsx
2026-03-09 07:10:02,836 - INFO - ⏭️  Ya existe en servidor: INVENTARIO_PAGE1_FILA2_20260307_010118.xlsx
2026-03-09 07:10:02,836 - INFO - ⏭️  Ya existe en servidor: INVENTARIO_PAGE1_FILA2_20260307_020118.xlsx
2026-03-09 07:10:02,836 - INFO - ⏭️  Ya existe en servidor: INVENTARIO_PAGE1_FILA2_20260307_030118.xlsx
2026-03-09 07:10:02,836 - INFO - ⏭️  Ya existe en servidor: INVENTARIO_PAGE1_FILA2_20260307_040118.xlsx
2026-03-09 07:10:02,836 - INFO - ⏭️  Ya existe en servidor: INVENTARIO_PAGE1_FILA2_20260307_160118.xlsx
2026-03-09 07:10:02,836 - INFO - ⏭️  Ya existe en servidor: INVENTARIO_PAGE1_FILA2_20260307_170118.xlsx
2026-03-09 07:10:02,836 - INFO - ⏭️  Ya existe en servidor: INVENTARIO_PAGE1_FILA2_20260307_180117.xlsx
2026-03-09 07:10:02,836 - INFO - ⏭️  Ya existe en servidor: INVENTARIO_PAGE1_FILA2_20260307_190119.xlsx
2026-03-09 07:10:02,836 - INFO - ⏭️  Ya existe en servidor: INVENTARIO_PAGE1_FILA2_20260307_200118.xlsx
2026-03-09 07:10:02,836 - INFO - ⏭️  Ya existe en servidor: INVENTARIO_PAGE1_FILA2_20260307_210119.xlsx
2026-03-09 07:10:02,836 - INFO - ⏭️  Ya existe en servidor: INVENTARIO_PAGE1_FILA2_20260307_220118.xlsx
2026-03-09 07:10:02,836 - INFO - ⏭️  Ya existe en servidor: INVENTARIO_PAGE1_FILA2_20260307_230120.xlsx
2026-03-09 07:10:02,837 - INFO - ⏭️  Ya existe en servidor: INVENTARIO_PAGE1_FILA2_20260308_000206.xlsx
2026-03-09 07:10:02,837 - INFO - ⏭️  Ya existe en servidor: INVENTARIO_PAGE1_FILA2_20260308_020124.xlsx
2026-03-09 07:10:02,837 - INFO - ⏭️  Ya existe en servidor: INVENTARIO_PAGE1_FILA2_20260308_030122.xlsx
2026-03-09 07:10:02,837 - INFO - ⏭️  Ya existe en servidor: INVENTARIO_PAGE1_FILA2_20260308_040120.xlsx
2026-03-09 07:10:02,837 - INFO - ⏭️  Ya existe en servidor: INVENTARIO_PAGE1_FILA2_20260308_160119.xlsx
2026-03-09 07:10:02,837 - INFO - ⏭️  Ya existe en servidor: INVENTARIO_PAGE1_FILA2_20260308_170119.xlsx
2026-03-09 07:10:02,837 - INFO - ⏭️  Ya existe en servidor: INVENTARIO_PAGE1_FILA2_20260308_180118.xlsx
2026-03-09 07:10:02,837 - INFO - ⏭️  Ya existe en servidor: INVENTARIO_PAGE1_FILA2_20260308_190118.xlsx
2026-03-09 07:10:02,837 - INFO - ⏭️  Ya existe en servidor: INVENTARIO_PAGE1_FILA2_20260308_200118.xlsx
2026-03-09 07:10:02,837 - INFO - ⏭️  Ya existe en servidor: INVENTARIO_PAGE1_FILA2_20260308_210119.xlsx
2026-03-09 07:10:02,837 - INFO - ⏭️  Ya existe en servidor: INVENTARIO_PAGE1_FILA2_20260308_220119.xlsx
2026-03-09 07:10:02,837 - INFO - ⏭️  Ya existe en servidor: INVENTARIO_PAGE1_FILA2_20260308_230119.xlsx
2026-03-09 07:10:02,837 - INFO - ⏭️  Ya existe en servidor: INVENTARIO_PAGE1_FILA2_20260309_000120.xlsx
2026-03-09 07:10:02,838 - INFO - ⏭️  Ya existe en servidor: INVENTARIO_PAGE1_FILA2_20260309_010119.xlsx
2026-03-09 07:10:02,838 - INFO - ⏭️  Ya existe en servidor: INVENTARIO_PAGE1_FILA2_20260309_020118.xlsx
2026-03-09 07:10:02,838 - INFO - ⏭️  Ya existe en servidor: INVENTARIO_PAGE1_FILA2_20260309_030118.xlsx
2026-03-09 07:10:02,838 - INFO - ⏭️  Ya existe en servidor: INVENTARIO_PAGE1_FILA2_20260309_040118.xlsx
2026-03-09 07:10:02,838 - INFO - ⏭️  Ya existe en servidor: VENTAS_PAGE1_FILA1_20260306_164525.xlsx
2026-03-09 07:10:02,838 - INFO - ⏭️  Ya existe en servidor: VENTAS_PAGE1_FILA1_20260306_180050.xlsx
2026-03-09 07:10:02,838 - INFO - ⏭️  Ya existe en servidor: VENTAS_PAGE1_FILA1_20260306_190050.xlsx
2026-03-09 07:10:02,838 - INFO - ⏭️  Ya existe en servidor: VENTAS_PAGE1_FILA1_20260306_200050.xlsx
2026-03-09 07:10:02,838 - INFO - ⏭️  Ya existe en servidor: VENTAS_PAGE1_FILA1_20260306_210050.xlsx
2026-03-09 07:10:02,838 - INFO - ⏭️  Ya existe en servidor: VENTAS_PAGE1_FILA1_20260306_220053.xlsx
2026-03-09 07:10:02,838 - INFO - ⏭️  Ya existe en servidor: VENTAS_PAGE1_FILA1_20260306_230050.xlsx
2026-03-09 07:10:02,838 - INFO - ⏭️  Ya existe en servidor: VENTAS_PAGE1_FILA1_20260307_000050.xlsx
2026-03-09 07:10:02,838 - INFO - ⏭️  Ya existe en servidor: VENTAS_PAGE1_FILA1_20260307_010049.xlsx
2026-03-09 07:10:02,839 - INFO - ⏭️  Ya existe en servidor: VENTAS_PAGE1_FILA1_20260307_020050.xlsx
2026-03-09 07:10:02,839 - INFO - ⏭️  Ya existe en servidor: VENTAS_PAGE1_FILA1_20260307_030050.xlsx
2026-03-09 07:10:02,839 - INFO - ⏭️  Ya existe en servidor: VENTAS_PAGE1_FILA1_20260307_040050.xlsx
2026-03-09 07:10:02,839 - INFO - ⏭️  Ya existe en servidor: VENTAS_PAGE1_FILA1_20260307_050050.xlsx
2026-03-09 07:10:02,839 - INFO - ⏭️  Ya existe en servidor: VENTAS_PAGE1_FILA1_20260307_060050.xlsx
2026-03-09 07:10:02,839 - INFO - ⏭️  Ya existe en servidor: VENTAS_PAGE1_FILA1_20260307_070050.xlsx
2026-03-09 07:10:02,839 - INFO - ⏭️  Ya existe en servidor: VENTAS_PAGE1_FILA1_20260307_080050.xlsx
2026-03-09 07:10:02,839 - INFO - ⏭️  Ya existe en servidor: VENTAS_PAGE1_FILA1_20260307_090046.xlsx
2026-03-09 07:10:02,839 - INFO - ⏭️  Ya existe en servidor: VENTAS_PAGE1_FILA1_20260307_100040.xlsx
2026-03-09 07:10:02,839 - INFO - ⏭️  Ya existe en servidor: VENTAS_PAGE1_FILA1_20260307_110050.xlsx
2026-03-09 07:10:02,839 - INFO - ⏭️  Ya existe en servidor: VENTAS_PAGE1_FILA1_20260307_120050.xlsx
2026-03-09 07:10:02,839 - INFO - ⏭️  Ya existe en servidor: VENTAS_PAGE1_FILA1_20260307_130049.xlsx
2026-03-09 07:10:02,839 - INFO - ⏭️  Ya existe en servidor: VENTAS_PAGE1_FILA1_20260307_140050.xlsx
2026-03-09 07:10:02,840 - INFO - ⏭️  Ya existe en servidor: VENTAS_PAGE1_FILA1_20260307_150049.xlsx
2026-03-09 07:10:02,840 - INFO - ⏭️  Ya existe en servidor: VENTAS_PAGE1_FILA1_20260307_160049.xlsx
2026-03-09 07:10:02,840 - INFO - ⏭️  Ya existe en servidor: VENTAS_PAGE1_FILA1_20260307_170050.xlsx
2026-03-09 07:10:02,840 - INFO - ⏭️  Ya existe en servidor: VENTAS_PAGE1_FILA1_20260307_180049.xlsx
2026-03-09 07:10:02,840 - INFO - ⏭️  Ya existe en servidor: VENTAS_PAGE1_FILA1_20260307_190050.xlsx
2026-03-09 07:10:02,840 - INFO - ⏭️  Ya existe en servidor: VENTAS_PAGE1_FILA1_20260307_200050.xlsx
2026-03-09 07:10:02,840 - INFO - ⏭️  Ya existe en servidor: VENTAS_PAGE1_FILA1_20260307_210051.xlsx
2026-03-09 07:10:02,840 - INFO - ⏭️  Ya existe en servidor: VENTAS_PAGE1_FILA1_20260307_220050.xlsx
2026-03-09 07:10:02,840 - INFO - ⏭️  Ya existe en servidor: VENTAS_PAGE1_FILA1_20260307_230050.xlsx
2026-03-09 07:10:02,840 - INFO - ⏭️  Ya existe en servidor: VENTAS_PAGE1_FILA1_20260308_000134.xlsx
2026-03-09 07:10:02,840 - INFO - ⏭️  Ya existe en servidor: VENTAS_PAGE1_FILA1_20260308_020053.xlsx
2026-03-09 07:10:02,840 - INFO - ⏭️  Ya existe en servidor: VENTAS_PAGE1_FILA1_20260308_030054.xlsx
2026-03-09 07:10:02,840 - INFO - ⏭️  Ya existe en servidor: VENTAS_PAGE1_FILA1_20260308_040051.xlsx
2026-03-09 07:10:02,841 - INFO - ⏭️  Ya existe en servidor: VENTAS_PAGE1_FILA1_20260308_050050.xlsx
2026-03-09 07:10:02,841 - INFO - ⏭️  Ya existe en servidor: VENTAS_PAGE1_FILA1_20260308_060132.xlsx
2026-03-09 07:10:02,841 - INFO - ⏭️  Ya existe en servidor: VENTAS_PAGE1_FILA1_20260308_070050.xlsx
2026-03-09 07:10:02,841 - INFO - ⏭️  Ya existe en servidor: VENTAS_PAGE1_FILA1_20260308_080050.xlsx
2026-03-09 07:10:02,841 - INFO - ⏭️  Ya existe en servidor: VENTAS_PAGE1_FILA1_20260308_090051.xlsx
2026-03-09 07:10:02,841 - INFO - ⏭️  Ya existe en servidor: VENTAS_PAGE1_FILA1_20260308_100103.xlsx
2026-03-09 07:10:02,841 - INFO - ⏭️  Ya existe en servidor: VENTAS_PAGE1_FILA1_20260308_110049.xlsx
2026-03-09 07:10:02,841 - INFO - ⏭️  Ya existe en servidor: VENTAS_PAGE1_FILA1_20260308_120050.xlsx
2026-03-09 07:10:02,841 - INFO - ⏭️  Ya existe en servidor: VENTAS_PAGE1_FILA1_20260308_130049.xlsx
2026-03-09 07:10:02,841 - INFO - ⏭️  Ya existe en servidor: VENTAS_PAGE1_FILA1_20260308_140050.xlsx
2026-03-09 07:10:02,841 - INFO - ⏭️  Ya existe en servidor: VENTAS_PAGE1_FILA1_20260308_150050.xlsx
2026-03-09 07:10:02,841 - INFO - ⏭️  Ya existe en servidor: VENTAS_PAGE1_FILA1_20260308_160050.xlsx
2026-03-09 07:10:02,842 - INFO - ⏭️  Ya existe en servidor: VENTAS_PAGE1_FILA1_20260308_170050.xlsx
2026-03-09 07:10:02,842 - INFO - ⏭️  Ya existe en servidor: VENTAS_PAGE1_FILA1_20260308_180049.xlsx
2026-03-09 07:10:02,842 - INFO - ⏭️  Ya existe en servidor: VENTAS_PAGE1_FILA1_20260308_190050.xlsx
2026-03-09 07:10:02,842 - INFO - ⏭️  Ya existe en servidor: VENTAS_PAGE1_FILA1_20260308_200049.xlsx
2026-03-09 07:10:02,842 - INFO - ⏭️  Ya existe en servidor: VENTAS_PAGE1_FILA1_20260308_210050.xlsx
2026-03-09 07:10:02,842 - INFO - ⏭️  Ya existe en servidor: VENTAS_PAGE1_FILA1_20260308_220050.xlsx
2026-03-09 07:10:02,842 - INFO - ⏭️  Ya existe en servidor: VENTAS_PAGE1_FILA1_20260308_230050.xlsx
2026-03-09 07:10:02,842 - INFO - ⏭️  Ya existe en servidor: VENTAS_PAGE1_FILA1_20260309_000051.xlsx
2026-03-09 07:10:02,842 - INFO - ⏭️  Ya existe en servidor: VENTAS_PAGE1_FILA1_20260309_010050.xlsx
2026-03-09 07:10:02,842 - INFO - ⏭️  Ya existe en servidor: VENTAS_PAGE1_FILA1_20260309_020050.xlsx
2026-03-09 07:10:02,842 - INFO - ⏭️  Ya existe en servidor: VENTAS_PAGE1_FILA1_20260309_030050.xlsx
2026-03-09 07:10:02,842 - INFO - ⏭️  Ya existe en servidor: VENTAS_PAGE1_FILA1_20260309_040050.xlsx
2026-03-09 07:10:02,842 - INFO - ⏭️  Ya existe en servidor: VENTAS_PAGE1_FILA1_20260309_050050.xlsx
2026-03-09 07:10:02,843 - INFO - ⏭️  Ya existe en servidor: VENTAS_PAGE1_FILA1_20260309_060130.xlsx
2026-03-09 07:10:02,843 - INFO - 📤 Subiendo: VENTAS_PAGE1_FILA1_20260309_070050.xlsx
2026-03-09 07:10:02,857 - INFO - ✅ Subido correctamente: VENTAS_PAGE1_FILA1_20260309_070050.xlsx
2026-03-09 07:10:02,858 - INFO - ⏭️  Ya existe en servidor: VENTAS_PAGE1_FILA2_20260306_164532.xlsx
2026-03-09 07:10:02,858 - INFO - ⏭️  Ya existe en servidor: VENTAS_PAGE1_FILA2_20260306_180056.xlsx
2026-03-09 07:10:02,858 - INFO - ⏭️  Ya existe en servidor: VENTAS_PAGE1_FILA2_20260306_190057.xlsx
2026-03-09 07:10:02,858 - INFO - ⏭️  Ya existe en servidor: VENTAS_PAGE1_FILA2_20260306_200057.xlsx
2026-03-09 07:10:02,858 - INFO - ⏭️  Ya existe en servidor: VENTAS_PAGE1_FILA2_20260306_210056.xlsx
2026-03-09 07:10:02,858 - INFO - ⏭️  Ya existe en servidor: VENTAS_PAGE1_FILA2_20260306_220059.xlsx
2026-03-09 07:10:02,858 - INFO - ⏭️  Ya existe en servidor: VENTAS_PAGE1_FILA2_20260306_230056.xlsx
2026-03-09 07:10:02,858 - INFO - ⏭️  Ya existe en servidor: VENTAS_PAGE1_FILA2_20260307_000056.xlsx
2026-03-09 07:10:02,858 - INFO - ⏭️  Ya existe en servidor: VENTAS_PAGE1_FILA2_20260307_010056.xlsx
2026-03-09 07:10:02,859 - INFO - ⏭️  Ya existe en servidor: VENTAS_PAGE1_FILA2_20260307_020056.xlsx
2026-03-09 07:10:02,859 - INFO - ⏭️  Ya existe en servidor: VENTAS_PAGE1_FILA2_20260307_030056.xlsx
2026-03-09 07:10:02,859 - INFO - ⏭️  Ya existe en servidor: VENTAS_PAGE1_FILA2_20260307_040056.xlsx
2026-03-09 07:10:02,859 - INFO - ⏭️  Ya existe en servidor: VENTAS_PAGE1_FILA2_20260307_150056.xlsx
2026-03-09 07:10:02,859 - INFO - ⏭️  Ya existe en servidor: VENTAS_PAGE1_FILA2_20260307_160056.xlsx
2026-03-09 07:10:02,859 - INFO - ⏭️  Ya existe en servidor: VENTAS_PAGE1_FILA2_20260307_170056.xlsx
2026-03-09 07:10:02,859 - INFO - ⏭️  Ya existe en servidor: VENTAS_PAGE1_FILA2_20260307_180055.xlsx
2026-03-09 07:10:02,859 - INFO - ⏭️  Ya existe en servidor: VENTAS_PAGE1_FILA2_20260307_190056.xlsx
2026-03-09 07:10:02,859 - INFO - ⏭️  Ya existe en servidor: VENTAS_PAGE1_FILA2_20260307_200056.xlsx
2026-03-09 07:10:02,859 - INFO - ⏭️  Ya existe en servidor: VENTAS_PAGE1_FILA2_20260307_210057.xlsx
2026-03-09 07:10:02,859 - INFO - ⏭️  Ya existe en servidor: VENTAS_PAGE1_FILA2_20260307_220056.xlsx
2026-03-09 07:10:02,859 - INFO - ⏭️  Ya existe en servidor: VENTAS_PAGE1_FILA2_20260307_230057.xlsx
2026-03-09 07:10:02,860 - INFO - ⏭️  Ya existe en servidor: VENTAS_PAGE1_FILA2_20260308_000141.xlsx
2026-03-09 07:10:02,860 - INFO - ⏭️  Ya existe en servidor: VENTAS_PAGE1_FILA2_20260308_020102.xlsx
2026-03-09 07:10:02,860 - INFO - ⏭️  Ya existe en servidor: VENTAS_PAGE1_FILA2_20260308_030100.xlsx
2026-03-09 07:10:02,860 - INFO - ⏭️  Ya existe en servidor: VENTAS_PAGE1_FILA2_20260308_040058.xlsx
2026-03-09 07:10:02,860 - INFO - ⏭️  Ya existe en servidor: VENTAS_PAGE1_FILA2_20260308_150057.xlsx
2026-03-09 07:10:02,860 - INFO - ⏭️  Ya existe en servidor: VENTAS_PAGE1_FILA2_20260308_160057.xlsx
2026-03-09 07:10:02,860 - INFO - ⏭️  Ya existe en servidor: VENTAS_PAGE1_FILA2_20260308_170057.xlsx
2026-03-09 07:10:02,860 - INFO - ⏭️  Ya existe en servidor: VENTAS_PAGE1_FILA2_20260308_180056.xlsx
2026-03-09 07:10:02,860 - INFO - ⏭️  Ya existe en servidor: VENTAS_PAGE1_FILA2_20260308_190056.xlsx
2026-03-09 07:10:02,860 - INFO - ⏭️  Ya existe en servidor: VENTAS_PAGE1_FILA2_20260308_200056.xlsx
2026-03-09 07:10:02,860 - INFO - ⏭️  Ya existe en servidor: VENTAS_PAGE1_FILA2_20260308_210057.xlsx
2026-03-09 07:10:02,860 - INFO - ⏭️  Ya existe en servidor: VENTAS_PAGE1_FILA2_20260308_220057.xlsx
2026-03-09 07:10:02,860 - INFO - ⏭️  Ya existe en servidor: VENTAS_PAGE1_FILA2_20260308_230057.xlsx
2026-03-09 07:10:02,861 - INFO - ⏭️  Ya existe en servidor: VENTAS_PAGE1_FILA2_20260309_000058.xlsx
2026-03-09 07:10:02,861 - INFO - ⏭️  Ya existe en servidor: VENTAS_PAGE1_FILA2_20260309_010056.xlsx
2026-03-09 07:10:02,861 - INFO - ⏭️  Ya existe en servidor: VENTAS_PAGE1_FILA2_20260309_020056.xlsx
2026-03-09 07:10:02,861 - INFO - ⏭️  Ya existe en servidor: VENTAS_PAGE1_FILA2_20260309_030056.xlsx
2026-03-09 07:10:02,861 - INFO - ⏭️  Ya existe en servidor: VENTAS_PAGE1_FILA2_20260309_040056.xlsx
2026-03-09 07:10:02,861 - INFO - ======================================================================
2026-03-09 07:10:02,861 - INFO - SINCRONIZACIÓN COMPLETADA:
2026-03-09 07:10:02,861 - INFO -   ✅ Sincronizados: 2
2026-03-09 07:10:02,861 - INFO -   ❌ Errores: 0
2026-03-09 07:10:02,861 - INFO - ======================================================================
2026-03-09 07:10:02,861 - INFO - [chan 0] sftp session closed.
2026-03-09 07:10:02,862 - INFO - ✅ Desconectado del servidor
