2026-03-06 19:40:02,369 - INFO - ======================================================================
2026-03-06 19:40:02,369 - INFO - INICIO DE SINCRONIZACIÓN - 06/03/2026 19:40:02
2026-03-06 19:40:02,369 - INFO - ======================================================================
2026-03-06 19:40:02,369 - INFO - 🔗 Conectando a 192.168.1.254:22...
2026-03-06 19:40:02,383 - INFO - Connected (version 2.0, client OpenSSH_8.0)
2026-03-06 19:40:02,457 - INFO - Authentication (password) successful!
2026-03-06 19:40:02,764 - INFO - [chan 0] Opened sftp connection (server version 3)
2026-03-06 19:40:02,764 - INFO - ✅ Conectado a 192.168.1.254
2026-03-06 19:40:02,767 - INFO - 📁 Archivos locales encontrados: 12
2026-03-06 19:40:02,767 - INFO - 📁 Archivos remotos existentes: 12
2026-03-06 19:40:02,767 - INFO - ⏭️  Ya existe en servidor: INVENTARIO_PAGE1_FILA1_20260306_164548.xlsx
2026-03-06 19:40:02,767 - INFO - ⏭️  Ya existe en servidor: INVENTARIO_PAGE1_FILA1_20260306_180112.xlsx
2026-03-06 19:40:02,768 - INFO - ⏭️  Ya existe en servidor: INVENTARIO_PAGE1_FILA1_20260306_190112.xlsx
2026-03-06 19:40:02,768 - INFO - ⏭️  Ya existe en servidor: INVENTARIO_PAGE1_FILA2_20260306_164554.xlsx
2026-03-06 19:40:02,768 - INFO - ⏭️  Ya existe en servidor: INVENTARIO_PAGE1_FILA2_20260306_180118.xlsx
2026-03-06 19:40:02,768 - INFO - ⏭️  Ya existe en servidor: INVENTARIO_PAGE1_FILA2_20260306_190119.xlsx
2026-03-06 19:40:02,768 - INFO - ⏭️  Ya existe en servidor: VENTAS_PAGE1_FILA1_20260306_164525.xlsx
2026-03-06 19:40:02,768 - INFO - ⏭️  Ya existe en servidor: VENTAS_PAGE1_FILA1_20260306_180050.xlsx
2026-03-06 19:40:02,768 - INFO - ⏭️  Ya existe en servidor: VENTAS_PAGE1_FILA1_20260306_190050.xlsx
2026-03-06 19:40:02,768 - INFO - ⏭️  Ya existe en servidor: VENTAS_PAGE1_FILA2_20260306_164532.xlsx
2026-03-06 19:40:02,768 - INFO - ⏭️  Ya existe en servidor: VENTAS_PAGE1_FILA2_20260306_180056.xlsx
2026-03-06 19:40:02,768 - INFO - ⏭️  Ya existe en servidor: VENTAS_PAGE1_FILA2_20260306_190057.xlsx
2026-03-06 19:40:02,768 - INFO - ======================================================================
2026-03-06 19:40:02,768 - INFO - SINCRONIZACIÓN COMPLETADA:
2026-03-06 19:40:02,768 - INFO -   ✅ Sincronizados: 0
2026-03-06 19:40:02,769 - INFO -   ❌ Errores: 0
2026-03-06 19:40:02,769 - INFO - ======================================================================
2026-03-06 19:40:02,769 - INFO - [chan 0] sftp session closed.
2026-03-06 19:40:02,769 - INFO - ✅ Desconectado del servidor
