2026-03-06 19:10:02,349 - INFO - ======================================================================
2026-03-06 19:10:02,349 - INFO - INICIO DE SINCRONIZACIÓN - 06/03/2026 19:10:02
2026-03-06 19:10:02,349 - INFO - ======================================================================
2026-03-06 19:10:02,349 - INFO - 🔗 Conectando a 192.168.1.254:22...
2026-03-06 19:10:02,363 - INFO - Connected (version 2.0, client OpenSSH_8.0)
2026-03-06 19:10:02,437 - INFO - Authentication (password) successful!
2026-03-06 19:10:02,742 - INFO - [chan 0] Opened sftp connection (server version 3)
2026-03-06 19:10:02,743 - INFO - ✅ Conectado a 192.168.1.254
2026-03-06 19:10:02,746 - INFO - 📁 Archivos locales encontrados: 12
2026-03-06 19:10:02,747 - INFO - 📁 Archivos remotos existentes: 8
2026-03-06 19:10:02,747 - INFO - ⏭️  Ya existe en servidor: INVENTARIO_PAGE1_FILA1_20260306_164548.xlsx
2026-03-06 19:10:02,747 - INFO - ⏭️  Ya existe en servidor: INVENTARIO_PAGE1_FILA1_20260306_180112.xlsx
2026-03-06 19:10:02,747 - INFO - 📤 Subiendo: INVENTARIO_PAGE1_FILA1_20260306_190112.xlsx
2026-03-06 19:10:02,820 - INFO - ✅ Subido correctamente: INVENTARIO_PAGE1_FILA1_20260306_190112.xlsx
2026-03-06 19:10:02,820 - INFO - ⏭️  Ya existe en servidor: INVENTARIO_PAGE1_FILA2_20260306_164554.xlsx
2026-03-06 19:10:02,820 - INFO - ⏭️  Ya existe en servidor: INVENTARIO_PAGE1_FILA2_20260306_180118.xlsx
2026-03-06 19:10:02,820 - INFO - 📤 Subiendo: INVENTARIO_PAGE1_FILA2_20260306_190119.xlsx
2026-03-06 19:10:02,891 - INFO - ✅ Subido correctamente: INVENTARIO_PAGE1_FILA2_20260306_190119.xlsx
2026-03-06 19:10:02,891 - INFO - ⏭️  Ya existe en servidor: VENTAS_PAGE1_FILA1_20260306_164525.xlsx
2026-03-06 19:10:02,891 - INFO - ⏭️  Ya existe en servidor: VENTAS_PAGE1_FILA1_20260306_180050.xlsx
2026-03-06 19:10:02,891 - INFO - 📤 Subiendo: VENTAS_PAGE1_FILA1_20260306_190050.xlsx
2026-03-06 19:10:02,908 - INFO - ✅ Subido correctamente: VENTAS_PAGE1_FILA1_20260306_190050.xlsx
2026-03-06 19:10:02,908 - INFO - ⏭️  Ya existe en servidor: VENTAS_PAGE1_FILA2_20260306_164532.xlsx
2026-03-06 19:10:02,908 - INFO - ⏭️  Ya existe en servidor: VENTAS_PAGE1_FILA2_20260306_180056.xlsx
2026-03-06 19:10:02,909 - INFO - 📤 Subiendo: VENTAS_PAGE1_FILA2_20260306_190057.xlsx
2026-03-06 19:10:02,925 - INFO - ✅ Subido correctamente: VENTAS_PAGE1_FILA2_20260306_190057.xlsx
2026-03-06 19:10:02,925 - INFO - ======================================================================
2026-03-06 19:10:02,925 - INFO - SINCRONIZACIÓN COMPLETADA:
2026-03-06 19:10:02,925 - INFO -   ✅ Sincronizados: 4
2026-03-06 19:10:02,926 - INFO -   ❌ Errores: 0
2026-03-06 19:10:02,926 - INFO - ======================================================================
2026-03-06 19:10:02,926 - INFO - [chan 0] sftp session closed.
2026-03-06 19:10:02,926 - INFO - ✅ Desconectado del servidor
