2026-03-07 22:10:02,352 - INFO - ======================================================================
2026-03-07 22:10:02,352 - INFO - INICIO DE SINCRONIZACIÓN - 07/03/2026 22:10:02
2026-03-07 22:10:02,352 - INFO - ======================================================================
2026-03-07 22:10:02,353 - INFO - 🔗 Conectando a 192.168.1.254:22...
2026-03-07 22:10:02,366 - INFO - Connected (version 2.0, client OpenSSH_8.0)
2026-03-07 22:10:02,440 - INFO - Authentication (password) successful!
2026-03-07 22:10:03,084 - INFO - [chan 0] Opened sftp connection (server version 3)
2026-03-07 22:10:03,084 - INFO - ✅ Conectado a 192.168.1.254
2026-03-07 22:10:03,092 - INFO - 📁 Archivos locales encontrados: 99
2026-03-07 22:10:03,093 - INFO - 📁 Archivos remotos existentes: 95
2026-03-07 22:10:03,093 - INFO - ⏭️  Ya existe en servidor: INVENTARIO_PAGE1_FILA1_20260306_164548.xlsx
2026-03-07 22:10:03,093 - INFO - ⏭️  Ya existe en servidor: INVENTARIO_PAGE1_FILA1_20260306_180112.xlsx
2026-03-07 22:10:03,093 - INFO - ⏭️  Ya existe en servidor: INVENTARIO_PAGE1_FILA1_20260306_190112.xlsx
2026-03-07 22:10:03,093 - INFO - ⏭️  Ya existe en servidor: INVENTARIO_PAGE1_FILA1_20260306_200113.xlsx
2026-03-07 22:10:03,093 - INFO - ⏭️  Ya existe en servidor: INVENTARIO_PAGE1_FILA1_20260306_210112.xlsx
2026-03-07 22:10:03,093 - INFO - ⏭️  Ya existe en servidor: INVENTARIO_PAGE1_FILA1_20260306_220115.xlsx
2026-03-07 22:10:03,093 - INFO - ⏭️  Ya existe en servidor: INVENTARIO_PAGE1_FILA1_20260306_230112.xlsx
2026-03-07 22:10:03,093 - INFO - ⏭️  Ya existe en servidor: INVENTARIO_PAGE1_FILA1_20260307_000112.xlsx
2026-03-07 22:10:03,094 - INFO - ⏭️  Ya existe en servidor: INVENTARIO_PAGE1_FILA1_20260307_010112.xlsx
2026-03-07 22:10:03,094 - INFO - ⏭️  Ya existe en servidor: INVENTARIO_PAGE1_FILA1_20260307_020112.xlsx
2026-03-07 22:10:03,094 - INFO - ⏭️  Ya existe en servidor: INVENTARIO_PAGE1_FILA1_20260307_030112.xlsx
2026-03-07 22:10:03,094 - INFO - ⏭️  Ya existe en servidor: INVENTARIO_PAGE1_FILA1_20260307_040112.xlsx
2026-03-07 22:10:03,094 - INFO - ⏭️  Ya existe en servidor: INVENTARIO_PAGE1_FILA1_20260307_050106.xlsx
2026-03-07 22:10:03,094 - INFO - ⏭️  Ya existe en servidor: INVENTARIO_PAGE1_FILA1_20260307_060105.xlsx
2026-03-07 22:10:03,094 - INFO - ⏭️  Ya existe en servidor: INVENTARIO_PAGE1_FILA1_20260307_070106.xlsx
2026-03-07 22:10:03,094 - INFO - ⏭️  Ya existe en servidor: INVENTARIO_PAGE1_FILA1_20260307_080106.xlsx
2026-03-07 22:10:03,094 - INFO - ⏭️  Ya existe en servidor: INVENTARIO_PAGE1_FILA1_20260307_090102.xlsx
2026-03-07 22:10:03,094 - INFO - ⏭️  Ya existe en servidor: INVENTARIO_PAGE1_FILA1_20260307_100056.xlsx
2026-03-07 22:10:03,094 - INFO - ⏭️  Ya existe en servidor: INVENTARIO_PAGE1_FILA1_20260307_110106.xlsx
2026-03-07 22:10:03,094 - INFO - ⏭️  Ya existe en servidor: INVENTARIO_PAGE1_FILA1_20260307_120106.xlsx
2026-03-07 22:10:03,094 - INFO - ⏭️  Ya existe en servidor: INVENTARIO_PAGE1_FILA1_20260307_130105.xlsx
2026-03-07 22:10:03,095 - INFO - ⏭️  Ya existe en servidor: INVENTARIO_PAGE1_FILA1_20260307_140105.xlsx
2026-03-07 22:10:03,095 - INFO - ⏭️  Ya existe en servidor: INVENTARIO_PAGE1_FILA1_20260307_150111.xlsx
2026-03-07 22:10:03,095 - INFO - ⏭️  Ya existe en servidor: INVENTARIO_PAGE1_FILA1_20260307_160112.xlsx
2026-03-07 22:10:03,095 - INFO - ⏭️  Ya existe en servidor: INVENTARIO_PAGE1_FILA1_20260307_170112.xlsx
2026-03-07 22:10:03,095 - INFO - ⏭️  Ya existe en servidor: INVENTARIO_PAGE1_FILA1_20260307_180111.xlsx
2026-03-07 22:10:03,095 - INFO - ⏭️  Ya existe en servidor: INVENTARIO_PAGE1_FILA1_20260307_190112.xlsx
2026-03-07 22:10:03,095 - INFO - ⏭️  Ya existe en servidor: INVENTARIO_PAGE1_FILA1_20260307_200112.xlsx
2026-03-07 22:10:03,095 - INFO - ⏭️  Ya existe en servidor: INVENTARIO_PAGE1_FILA1_20260307_210113.xlsx
2026-03-07 22:10:03,095 - INFO - 📤 Subiendo: INVENTARIO_PAGE1_FILA1_20260307_220112.xlsx
2026-03-07 22:10:03,188 - INFO - ✅ Subido correctamente: INVENTARIO_PAGE1_FILA1_20260307_220112.xlsx
2026-03-07 22:10:03,188 - INFO - ⏭️  Ya existe en servidor: INVENTARIO_PAGE1_FILA2_20260306_164554.xlsx
2026-03-07 22:10:03,189 - INFO - ⏭️  Ya existe en servidor: INVENTARIO_PAGE1_FILA2_20260306_180118.xlsx
2026-03-07 22:10:03,189 - INFO - ⏭️  Ya existe en servidor: INVENTARIO_PAGE1_FILA2_20260306_190119.xlsx
2026-03-07 22:10:03,189 - INFO - ⏭️  Ya existe en servidor: INVENTARIO_PAGE1_FILA2_20260306_200119.xlsx
2026-03-07 22:10:03,189 - INFO - ⏭️  Ya existe en servidor: INVENTARIO_PAGE1_FILA2_20260306_210119.xlsx
2026-03-07 22:10:03,189 - INFO - ⏭️  Ya existe en servidor: INVENTARIO_PAGE1_FILA2_20260306_220122.xlsx
2026-03-07 22:10:03,189 - INFO - ⏭️  Ya existe en servidor: INVENTARIO_PAGE1_FILA2_20260306_230118.xlsx
2026-03-07 22:10:03,189 - INFO - ⏭️  Ya existe en servidor: INVENTARIO_PAGE1_FILA2_20260307_000119.xlsx
2026-03-07 22:10:03,189 - INFO - ⏭️  Ya existe en servidor: INVENTARIO_PAGE1_FILA2_20260307_010118.xlsx
2026-03-07 22:10:03,189 - INFO - ⏭️  Ya existe en servidor: INVENTARIO_PAGE1_FILA2_20260307_020118.xlsx
2026-03-07 22:10:03,189 - INFO - ⏭️  Ya existe en servidor: INVENTARIO_PAGE1_FILA2_20260307_030118.xlsx
2026-03-07 22:10:03,189 - INFO - ⏭️  Ya existe en servidor: INVENTARIO_PAGE1_FILA2_20260307_040118.xlsx
2026-03-07 22:10:03,190 - INFO - ⏭️  Ya existe en servidor: INVENTARIO_PAGE1_FILA2_20260307_160118.xlsx
2026-03-07 22:10:03,190 - INFO - ⏭️  Ya existe en servidor: INVENTARIO_PAGE1_FILA2_20260307_170118.xlsx
2026-03-07 22:10:03,190 - INFO - ⏭️  Ya existe en servidor: INVENTARIO_PAGE1_FILA2_20260307_180117.xlsx
2026-03-07 22:10:03,190 - INFO - ⏭️  Ya existe en servidor: INVENTARIO_PAGE1_FILA2_20260307_190119.xlsx
2026-03-07 22:10:03,190 - INFO - ⏭️  Ya existe en servidor: INVENTARIO_PAGE1_FILA2_20260307_200118.xlsx
2026-03-07 22:10:03,190 - INFO - ⏭️  Ya existe en servidor: INVENTARIO_PAGE1_FILA2_20260307_210119.xlsx
2026-03-07 22:10:03,190 - INFO - 📤 Subiendo: INVENTARIO_PAGE1_FILA2_20260307_220118.xlsx
2026-03-07 22:10:03,261 - INFO - ✅ Subido correctamente: INVENTARIO_PAGE1_FILA2_20260307_220118.xlsx
2026-03-07 22:10:03,261 - INFO - ⏭️  Ya existe en servidor: VENTAS_PAGE1_FILA1_20260306_164525.xlsx
2026-03-07 22:10:03,261 - INFO - ⏭️  Ya existe en servidor: VENTAS_PAGE1_FILA1_20260306_180050.xlsx
2026-03-07 22:10:03,262 - INFO - ⏭️  Ya existe en servidor: VENTAS_PAGE1_FILA1_20260306_190050.xlsx
2026-03-07 22:10:03,262 - INFO - ⏭️  Ya existe en servidor: VENTAS_PAGE1_FILA1_20260306_200050.xlsx
2026-03-07 22:10:03,262 - INFO - ⏭️  Ya existe en servidor: VENTAS_PAGE1_FILA1_20260306_210050.xlsx
2026-03-07 22:10:03,262 - INFO - ⏭️  Ya existe en servidor: VENTAS_PAGE1_FILA1_20260306_220053.xlsx
2026-03-07 22:10:03,262 - INFO - ⏭️  Ya existe en servidor: VENTAS_PAGE1_FILA1_20260306_230050.xlsx
2026-03-07 22:10:03,262 - INFO - ⏭️  Ya existe en servidor: VENTAS_PAGE1_FILA1_20260307_000050.xlsx
2026-03-07 22:10:03,262 - INFO - ⏭️  Ya existe en servidor: VENTAS_PAGE1_FILA1_20260307_010049.xlsx
2026-03-07 22:10:03,262 - INFO - ⏭️  Ya existe en servidor: VENTAS_PAGE1_FILA1_20260307_020050.xlsx
2026-03-07 22:10:03,262 - INFO - ⏭️  Ya existe en servidor: VENTAS_PAGE1_FILA1_20260307_030050.xlsx
2026-03-07 22:10:03,262 - INFO - ⏭️  Ya existe en servidor: VENTAS_PAGE1_FILA1_20260307_040050.xlsx
2026-03-07 22:10:03,262 - INFO - ⏭️  Ya existe en servidor: VENTAS_PAGE1_FILA1_20260307_050050.xlsx
2026-03-07 22:10:03,262 - INFO - ⏭️  Ya existe en servidor: VENTAS_PAGE1_FILA1_20260307_060050.xlsx
2026-03-07 22:10:03,262 - INFO - ⏭️  Ya existe en servidor: VENTAS_PAGE1_FILA1_20260307_070050.xlsx
2026-03-07 22:10:03,263 - INFO - ⏭️  Ya existe en servidor: VENTAS_PAGE1_FILA1_20260307_080050.xlsx
2026-03-07 22:10:03,263 - INFO - ⏭️  Ya existe en servidor: VENTAS_PAGE1_FILA1_20260307_090046.xlsx
2026-03-07 22:10:03,263 - INFO - ⏭️  Ya existe en servidor: VENTAS_PAGE1_FILA1_20260307_100040.xlsx
2026-03-07 22:10:03,263 - INFO - ⏭️  Ya existe en servidor: VENTAS_PAGE1_FILA1_20260307_110050.xlsx
2026-03-07 22:10:03,263 - INFO - ⏭️  Ya existe en servidor: VENTAS_PAGE1_FILA1_20260307_120050.xlsx
2026-03-07 22:10:03,263 - INFO - ⏭️  Ya existe en servidor: VENTAS_PAGE1_FILA1_20260307_130049.xlsx
2026-03-07 22:10:03,263 - INFO - ⏭️  Ya existe en servidor: VENTAS_PAGE1_FILA1_20260307_140050.xlsx
2026-03-07 22:10:03,263 - INFO - ⏭️  Ya existe en servidor: VENTAS_PAGE1_FILA1_20260307_150049.xlsx
2026-03-07 22:10:03,263 - INFO - ⏭️  Ya existe en servidor: VENTAS_PAGE1_FILA1_20260307_160049.xlsx
2026-03-07 22:10:03,263 - INFO - ⏭️  Ya existe en servidor: VENTAS_PAGE1_FILA1_20260307_170050.xlsx
2026-03-07 22:10:03,263 - INFO - ⏭️  Ya existe en servidor: VENTAS_PAGE1_FILA1_20260307_180049.xlsx
2026-03-07 22:10:03,263 - INFO - ⏭️  Ya existe en servidor: VENTAS_PAGE1_FILA1_20260307_190050.xlsx
2026-03-07 22:10:03,264 - INFO - ⏭️  Ya existe en servidor: VENTAS_PAGE1_FILA1_20260307_200050.xlsx
2026-03-07 22:10:03,264 - INFO - ⏭️  Ya existe en servidor: VENTAS_PAGE1_FILA1_20260307_210051.xlsx
2026-03-07 22:10:03,264 - INFO - 📤 Subiendo: VENTAS_PAGE1_FILA1_20260307_220050.xlsx
2026-03-07 22:10:03,280 - INFO - ✅ Subido correctamente: VENTAS_PAGE1_FILA1_20260307_220050.xlsx
2026-03-07 22:10:03,280 - INFO - ⏭️  Ya existe en servidor: VENTAS_PAGE1_FILA2_20260306_164532.xlsx
2026-03-07 22:10:03,280 - INFO - ⏭️  Ya existe en servidor: VENTAS_PAGE1_FILA2_20260306_180056.xlsx
2026-03-07 22:10:03,280 - INFO - ⏭️  Ya existe en servidor: VENTAS_PAGE1_FILA2_20260306_190057.xlsx
2026-03-07 22:10:03,280 - INFO - ⏭️  Ya existe en servidor: VENTAS_PAGE1_FILA2_20260306_200057.xlsx
2026-03-07 22:10:03,280 - INFO - ⏭️  Ya existe en servidor: VENTAS_PAGE1_FILA2_20260306_210056.xlsx
2026-03-07 22:10:03,280 - INFO - ⏭️  Ya existe en servidor: VENTAS_PAGE1_FILA2_20260306_220059.xlsx
2026-03-07 22:10:03,280 - INFO - ⏭️  Ya existe en servidor: VENTAS_PAGE1_FILA2_20260306_230056.xlsx
2026-03-07 22:10:03,280 - INFO - ⏭️  Ya existe en servidor: VENTAS_PAGE1_FILA2_20260307_000056.xlsx
2026-03-07 22:10:03,280 - INFO - ⏭️  Ya existe en servidor: VENTAS_PAGE1_FILA2_20260307_010056.xlsx
2026-03-07 22:10:03,280 - INFO - ⏭️  Ya existe en servidor: VENTAS_PAGE1_FILA2_20260307_020056.xlsx
2026-03-07 22:10:03,281 - INFO - ⏭️  Ya existe en servidor: VENTAS_PAGE1_FILA2_20260307_030056.xlsx
2026-03-07 22:10:03,281 - INFO - ⏭️  Ya existe en servidor: VENTAS_PAGE1_FILA2_20260307_040056.xlsx
2026-03-07 22:10:03,281 - INFO - ⏭️  Ya existe en servidor: VENTAS_PAGE1_FILA2_20260307_150056.xlsx
2026-03-07 22:10:03,281 - INFO - ⏭️  Ya existe en servidor: VENTAS_PAGE1_FILA2_20260307_160056.xlsx
2026-03-07 22:10:03,282 - INFO - ⏭️  Ya existe en servidor: VENTAS_PAGE1_FILA2_20260307_170056.xlsx
2026-03-07 22:10:03,282 - INFO - ⏭️  Ya existe en servidor: VENTAS_PAGE1_FILA2_20260307_180055.xlsx
2026-03-07 22:10:03,282 - INFO - ⏭️  Ya existe en servidor: VENTAS_PAGE1_FILA2_20260307_190056.xlsx
2026-03-07 22:10:03,282 - INFO - ⏭️  Ya existe en servidor: VENTAS_PAGE1_FILA2_20260307_200056.xlsx
2026-03-07 22:10:03,282 - INFO - ⏭️  Ya existe en servidor: VENTAS_PAGE1_FILA2_20260307_210057.xlsx
2026-03-07 22:10:03,282 - INFO - 📤 Subiendo: VENTAS_PAGE1_FILA2_20260307_220056.xlsx
2026-03-07 22:10:03,296 - INFO - ✅ Subido correctamente: VENTAS_PAGE1_FILA2_20260307_220056.xlsx
2026-03-07 22:10:03,297 - INFO - ======================================================================
2026-03-07 22:10:03,297 - INFO - SINCRONIZACIÓN COMPLETADA:
2026-03-07 22:10:03,297 - INFO -   ✅ Sincronizados: 4
2026-03-07 22:10:03,297 - INFO -   ❌ Errores: 0
2026-03-07 22:10:03,297 - INFO - ======================================================================
2026-03-07 22:10:03,297 - INFO - [chan 0] sftp session closed.
2026-03-07 22:10:03,297 - INFO - ✅ Desconectado del servidor
