2026-03-07 03:10:02,349 - INFO - ======================================================================
2026-03-07 03:10:02,349 - INFO - INICIO DE SINCRONIZACIÓN - 07/03/2026 03:10:02
2026-03-07 03:10:02,349 - INFO - ======================================================================
2026-03-07 03:10:02,349 - INFO - 🔗 Conectando a 192.168.1.254:22...
2026-03-07 03:10:02,362 - INFO - Connected (version 2.0, client OpenSSH_8.0)
2026-03-07 03:10:02,437 - INFO - Authentication (password) successful!
2026-03-07 03:10:03,106 - INFO - [chan 0] Opened sftp connection (server version 3)
2026-03-07 03:10:03,106 - INFO - ✅ Conectado a 192.168.1.254
2026-03-07 03:10:03,112 - INFO - 📁 Archivos locales encontrados: 44
2026-03-07 03:10:03,112 - INFO - 📁 Archivos remotos existentes: 40
2026-03-07 03:10:03,112 - INFO - ⏭️  Ya existe en servidor: INVENTARIO_PAGE1_FILA1_20260306_164548.xlsx
2026-03-07 03:10:03,112 - INFO - ⏭️  Ya existe en servidor: INVENTARIO_PAGE1_FILA1_20260306_180112.xlsx
2026-03-07 03:10:03,112 - INFO - ⏭️  Ya existe en servidor: INVENTARIO_PAGE1_FILA1_20260306_190112.xlsx
2026-03-07 03:10:03,112 - INFO - ⏭️  Ya existe en servidor: INVENTARIO_PAGE1_FILA1_20260306_200113.xlsx
2026-03-07 03:10:03,113 - INFO - ⏭️  Ya existe en servidor: INVENTARIO_PAGE1_FILA1_20260306_210112.xlsx
2026-03-07 03:10:03,113 - INFO - ⏭️  Ya existe en servidor: INVENTARIO_PAGE1_FILA1_20260306_220115.xlsx
2026-03-07 03:10:03,113 - INFO - ⏭️  Ya existe en servidor: INVENTARIO_PAGE1_FILA1_20260306_230112.xlsx
2026-03-07 03:10:03,113 - INFO - ⏭️  Ya existe en servidor: INVENTARIO_PAGE1_FILA1_20260307_000112.xlsx
2026-03-07 03:10:03,113 - INFO - ⏭️  Ya existe en servidor: INVENTARIO_PAGE1_FILA1_20260307_010112.xlsx
2026-03-07 03:10:03,113 - INFO - ⏭️  Ya existe en servidor: INVENTARIO_PAGE1_FILA1_20260307_020112.xlsx
2026-03-07 03:10:03,113 - INFO - 📤 Subiendo: INVENTARIO_PAGE1_FILA1_20260307_030112.xlsx
2026-03-07 03:10:03,186 - INFO - ✅ Subido correctamente: INVENTARIO_PAGE1_FILA1_20260307_030112.xlsx
2026-03-07 03:10:03,186 - INFO - ⏭️  Ya existe en servidor: INVENTARIO_PAGE1_FILA2_20260306_164554.xlsx
2026-03-07 03:10:03,186 - INFO - ⏭️  Ya existe en servidor: INVENTARIO_PAGE1_FILA2_20260306_180118.xlsx
2026-03-07 03:10:03,186 - INFO - ⏭️  Ya existe en servidor: INVENTARIO_PAGE1_FILA2_20260306_190119.xlsx
2026-03-07 03:10:03,186 - INFO - ⏭️  Ya existe en servidor: INVENTARIO_PAGE1_FILA2_20260306_200119.xlsx
2026-03-07 03:10:03,186 - INFO - ⏭️  Ya existe en servidor: INVENTARIO_PAGE1_FILA2_20260306_210119.xlsx
2026-03-07 03:10:03,186 - INFO - ⏭️  Ya existe en servidor: INVENTARIO_PAGE1_FILA2_20260306_220122.xlsx
2026-03-07 03:10:03,187 - INFO - ⏭️  Ya existe en servidor: INVENTARIO_PAGE1_FILA2_20260306_230118.xlsx
2026-03-07 03:10:03,187 - INFO - ⏭️  Ya existe en servidor: INVENTARIO_PAGE1_FILA2_20260307_000119.xlsx
2026-03-07 03:10:03,187 - INFO - ⏭️  Ya existe en servidor: INVENTARIO_PAGE1_FILA2_20260307_010118.xlsx
2026-03-07 03:10:03,187 - INFO - ⏭️  Ya existe en servidor: INVENTARIO_PAGE1_FILA2_20260307_020118.xlsx
2026-03-07 03:10:03,187 - INFO - 📤 Subiendo: INVENTARIO_PAGE1_FILA2_20260307_030118.xlsx
2026-03-07 03:10:03,258 - INFO - ✅ Subido correctamente: INVENTARIO_PAGE1_FILA2_20260307_030118.xlsx
2026-03-07 03:10:03,258 - INFO - ⏭️  Ya existe en servidor: VENTAS_PAGE1_FILA1_20260306_164525.xlsx
2026-03-07 03:10:03,259 - INFO - ⏭️  Ya existe en servidor: VENTAS_PAGE1_FILA1_20260306_180050.xlsx
2026-03-07 03:10:03,259 - INFO - ⏭️  Ya existe en servidor: VENTAS_PAGE1_FILA1_20260306_190050.xlsx
2026-03-07 03:10:03,259 - INFO - ⏭️  Ya existe en servidor: VENTAS_PAGE1_FILA1_20260306_200050.xlsx
2026-03-07 03:10:03,259 - INFO - ⏭️  Ya existe en servidor: VENTAS_PAGE1_FILA1_20260306_210050.xlsx
2026-03-07 03:10:03,259 - INFO - ⏭️  Ya existe en servidor: VENTAS_PAGE1_FILA1_20260306_220053.xlsx
2026-03-07 03:10:03,259 - INFO - ⏭️  Ya existe en servidor: VENTAS_PAGE1_FILA1_20260306_230050.xlsx
2026-03-07 03:10:03,259 - INFO - ⏭️  Ya existe en servidor: VENTAS_PAGE1_FILA1_20260307_000050.xlsx
2026-03-07 03:10:03,259 - INFO - ⏭️  Ya existe en servidor: VENTAS_PAGE1_FILA1_20260307_010049.xlsx
2026-03-07 03:10:03,259 - INFO - ⏭️  Ya existe en servidor: VENTAS_PAGE1_FILA1_20260307_020050.xlsx
2026-03-07 03:10:03,259 - INFO - 📤 Subiendo: VENTAS_PAGE1_FILA1_20260307_030050.xlsx
2026-03-07 03:10:03,276 - INFO - ✅ Subido correctamente: VENTAS_PAGE1_FILA1_20260307_030050.xlsx
2026-03-07 03:10:03,276 - INFO - ⏭️  Ya existe en servidor: VENTAS_PAGE1_FILA2_20260306_164532.xlsx
2026-03-07 03:10:03,276 - INFO - ⏭️  Ya existe en servidor: VENTAS_PAGE1_FILA2_20260306_180056.xlsx
2026-03-07 03:10:03,276 - INFO - ⏭️  Ya existe en servidor: VENTAS_PAGE1_FILA2_20260306_190057.xlsx
2026-03-07 03:10:03,276 - INFO - ⏭️  Ya existe en servidor: VENTAS_PAGE1_FILA2_20260306_200057.xlsx
2026-03-07 03:10:03,276 - INFO - ⏭️  Ya existe en servidor: VENTAS_PAGE1_FILA2_20260306_210056.xlsx
2026-03-07 03:10:03,277 - INFO - ⏭️  Ya existe en servidor: VENTAS_PAGE1_FILA2_20260306_220059.xlsx
2026-03-07 03:10:03,277 - INFO - ⏭️  Ya existe en servidor: VENTAS_PAGE1_FILA2_20260306_230056.xlsx
2026-03-07 03:10:03,277 - INFO - ⏭️  Ya existe en servidor: VENTAS_PAGE1_FILA2_20260307_000056.xlsx
2026-03-07 03:10:03,277 - INFO - ⏭️  Ya existe en servidor: VENTAS_PAGE1_FILA2_20260307_010056.xlsx
2026-03-07 03:10:03,277 - INFO - ⏭️  Ya existe en servidor: VENTAS_PAGE1_FILA2_20260307_020056.xlsx
2026-03-07 03:10:03,277 - INFO - 📤 Subiendo: VENTAS_PAGE1_FILA2_20260307_030056.xlsx
2026-03-07 03:10:03,294 - INFO - ✅ Subido correctamente: VENTAS_PAGE1_FILA2_20260307_030056.xlsx
2026-03-07 03:10:03,294 - INFO - ======================================================================
2026-03-07 03:10:03,294 - INFO - SINCRONIZACIÓN COMPLETADA:
2026-03-07 03:10:03,294 - INFO -   ✅ Sincronizados: 4
2026-03-07 03:10:03,294 - INFO -   ❌ Errores: 0
2026-03-07 03:10:03,294 - INFO - ======================================================================
2026-03-07 03:10:03,294 - INFO - [chan 0] sftp session closed.
2026-03-07 03:10:03,295 - INFO - ✅ Desconectado del servidor
