2026-03-06 18:00:01,701 - INFO - ======================================================================
2026-03-06 18:00:01,702 - INFO - INICIO DE SINCRONIZACIÓN - 06/03/2026 18:00:01
2026-03-06 18:00:01,702 - INFO - ======================================================================
2026-03-06 18:00:01,702 - INFO - 🔗 Conectando a 192.168.1.254:22...
2026-03-06 18:00:01,716 - INFO - Connected (version 2.0, client OpenSSH_8.0)
2026-03-06 18:00:01,792 - INFO - Authentication (password) successful!
2026-03-06 18:00:02,300 - INFO - [chan 0] Opened sftp connection (server version 3)
2026-03-06 18:00:02,300 - INFO - ✅ Conectado a 192.168.1.254
2026-03-06 18:00:02,304 - INFO - 📁 Archivos locales encontrados: 4
2026-03-06 18:00:02,335 - INFO - 📁 Archivos remotos existentes: 4
2026-03-06 18:00:02,335 - INFO - ⏭️  Ya existe en servidor: INVENTARIO_PAGE1_FILA1_20260306_164548.xlsx
2026-03-06 18:00:02,336 - INFO - ⏭️  Ya existe en servidor: INVENTARIO_PAGE1_FILA2_20260306_164554.xlsx
2026-03-06 18:00:02,336 - INFO - ⏭️  Ya existe en servidor: VENTAS_PAGE1_FILA1_20260306_164525.xlsx
2026-03-06 18:00:02,336 - INFO - ⏭️  Ya existe en servidor: VENTAS_PAGE1_FILA2_20260306_164532.xlsx
2026-03-06 18:00:02,336 - INFO - ======================================================================
2026-03-06 18:00:02,336 - INFO - SINCRONIZACIÓN COMPLETADA:
2026-03-06 18:00:02,336 - INFO -   ✅ Sincronizados: 0
2026-03-06 18:00:02,336 - INFO -   ❌ Errores: 0
2026-03-06 18:00:02,336 - INFO - ======================================================================
2026-03-06 18:00:02,336 - INFO - [chan 0] sftp session closed.
2026-03-06 18:00:02,337 - INFO - ✅ Desconectado del servidor
