2026-03-06 17:27:21,843 - INFO - ======================================================================
2026-03-06 17:27:21,843 - INFO - INICIO DE SINCRONIZACIÓN - 06/03/2026 17:27:21
2026-03-06 17:27:21,843 - INFO - ======================================================================
2026-03-06 17:27:21,843 - INFO - 🔗 Conectando a 192.168.1.254:22...
2026-03-06 17:27:21,857 - INFO - Connected (version 2.0, client OpenSSH_8.0)
2026-03-06 17:27:21,932 - INFO - Authentication (password) successful!
2026-03-06 17:27:22,708 - INFO - [chan 0] Opened sftp connection (server version 3)
2026-03-06 17:27:22,709 - INFO - ✅ Conectado a 192.168.1.254
2026-03-06 17:27:22,712 - INFO - 📁 Archivos locales encontrados: 4
2026-03-06 17:27:22,712 - INFO - 📁 Archivos remotos existentes: 0
2026-03-06 17:27:22,713 - INFO - 📤 Subiendo: INVENTARIO_PAGE1_FILA1_20260306_164548.xlsx
2026-03-06 17:27:22,786 - INFO - ✅ Subido correctamente: INVENTARIO_PAGE1_FILA1_20260306_164548.xlsx
2026-03-06 17:27:22,787 - INFO - 📤 Subiendo: INVENTARIO_PAGE1_FILA2_20260306_164554.xlsx
2026-03-06 17:27:22,859 - INFO - ✅ Subido correctamente: INVENTARIO_PAGE1_FILA2_20260306_164554.xlsx
2026-03-06 17:27:22,860 - INFO - 📤 Subiendo: VENTAS_PAGE1_FILA1_20260306_164525.xlsx
2026-03-06 17:27:22,876 - INFO - ✅ Subido correctamente: VENTAS_PAGE1_FILA1_20260306_164525.xlsx
2026-03-06 17:27:22,876 - INFO - 📤 Subiendo: VENTAS_PAGE1_FILA2_20260306_164532.xlsx
2026-03-06 17:27:22,893 - INFO - ✅ Subido correctamente: VENTAS_PAGE1_FILA2_20260306_164532.xlsx
2026-03-06 17:27:22,894 - INFO - ======================================================================
2026-03-06 17:27:22,894 - INFO - SINCRONIZACIÓN COMPLETADA:
2026-03-06 17:27:22,894 - INFO -   ✅ Sincronizados: 4
2026-03-06 17:27:22,894 - INFO -   ❌ Errores: 0
2026-03-06 17:27:22,895 - INFO - ======================================================================
2026-03-06 17:27:22,895 - INFO - [chan 0] sftp session closed.
2026-03-06 17:27:22,895 - INFO - ✅ Desconectado del servidor
