2026-03-06 23:30:02,349 - INFO - ======================================================================
2026-03-06 23:30:02,349 - INFO - INICIO DE SINCRONIZACIÓN - 06/03/2026 23:30:02
2026-03-06 23:30:02,349 - INFO - ======================================================================
2026-03-06 23:30:02,350 - INFO - 🔗 Conectando a 192.168.1.254:22...
2026-03-06 23:30:02,362 - INFO - Connected (version 2.0, client OpenSSH_8.0)
2026-03-06 23:30:02,438 - INFO - Authentication (password) successful!
2026-03-06 23:30:02,936 - INFO - [chan 0] Opened sftp connection (server version 3)
2026-03-06 23:30:02,936 - INFO - ✅ Conectado a 192.168.1.254
2026-03-06 23:30:02,941 - INFO - 📁 Archivos locales encontrados: 28
2026-03-06 23:30:02,941 - INFO - 📁 Archivos remotos existentes: 28
2026-03-06 23:30:02,941 - INFO - ⏭️  Ya existe en servidor: INVENTARIO_PAGE1_FILA1_20260306_164548.xlsx
2026-03-06 23:30:02,941 - INFO - ⏭️  Ya existe en servidor: INVENTARIO_PAGE1_FILA1_20260306_180112.xlsx
2026-03-06 23:30:02,941 - INFO - ⏭️  Ya existe en servidor: INVENTARIO_PAGE1_FILA1_20260306_190112.xlsx
2026-03-06 23:30:02,941 - INFO - ⏭️  Ya existe en servidor: INVENTARIO_PAGE1_FILA1_20260306_200113.xlsx
2026-03-06 23:30:02,941 - INFO - ⏭️  Ya existe en servidor: INVENTARIO_PAGE1_FILA1_20260306_210112.xlsx
2026-03-06 23:30:02,942 - INFO - ⏭️  Ya existe en servidor: INVENTARIO_PAGE1_FILA1_20260306_220115.xlsx
2026-03-06 23:30:02,942 - INFO - ⏭️  Ya existe en servidor: INVENTARIO_PAGE1_FILA1_20260306_230112.xlsx
2026-03-06 23:30:02,942 - INFO - ⏭️  Ya existe en servidor: INVENTARIO_PAGE1_FILA2_20260306_164554.xlsx
2026-03-06 23:30:02,942 - INFO - ⏭️  Ya existe en servidor: INVENTARIO_PAGE1_FILA2_20260306_180118.xlsx
2026-03-06 23:30:02,942 - INFO - ⏭️  Ya existe en servidor: INVENTARIO_PAGE1_FILA2_20260306_190119.xlsx
2026-03-06 23:30:02,942 - INFO - ⏭️  Ya existe en servidor: INVENTARIO_PAGE1_FILA2_20260306_200119.xlsx
2026-03-06 23:30:02,942 - INFO - ⏭️  Ya existe en servidor: INVENTARIO_PAGE1_FILA2_20260306_210119.xlsx
2026-03-06 23:30:02,942 - INFO - ⏭️  Ya existe en servidor: INVENTARIO_PAGE1_FILA2_20260306_220122.xlsx
2026-03-06 23:30:02,942 - INFO - ⏭️  Ya existe en servidor: INVENTARIO_PAGE1_FILA2_20260306_230118.xlsx
2026-03-06 23:30:02,942 - INFO - ⏭️  Ya existe en servidor: VENTAS_PAGE1_FILA1_20260306_164525.xlsx
2026-03-06 23:30:02,942 - INFO - ⏭️  Ya existe en servidor: VENTAS_PAGE1_FILA1_20260306_180050.xlsx
2026-03-06 23:30:02,942 - INFO - ⏭️  Ya existe en servidor: VENTAS_PAGE1_FILA1_20260306_190050.xlsx
2026-03-06 23:30:02,942 - INFO - ⏭️  Ya existe en servidor: VENTAS_PAGE1_FILA1_20260306_200050.xlsx
2026-03-06 23:30:02,943 - INFO - ⏭️  Ya existe en servidor: VENTAS_PAGE1_FILA1_20260306_210050.xlsx
2026-03-06 23:30:02,943 - INFO - ⏭️  Ya existe en servidor: VENTAS_PAGE1_FILA1_20260306_220053.xlsx
2026-03-06 23:30:02,943 - INFO - ⏭️  Ya existe en servidor: VENTAS_PAGE1_FILA1_20260306_230050.xlsx
2026-03-06 23:30:02,943 - INFO - ⏭️  Ya existe en servidor: VENTAS_PAGE1_FILA2_20260306_164532.xlsx
2026-03-06 23:30:02,943 - INFO - ⏭️  Ya existe en servidor: VENTAS_PAGE1_FILA2_20260306_180056.xlsx
2026-03-06 23:30:02,943 - INFO - ⏭️  Ya existe en servidor: VENTAS_PAGE1_FILA2_20260306_190057.xlsx
2026-03-06 23:30:02,943 - INFO - ⏭️  Ya existe en servidor: VENTAS_PAGE1_FILA2_20260306_200057.xlsx
2026-03-06 23:30:02,943 - INFO - ⏭️  Ya existe en servidor: VENTAS_PAGE1_FILA2_20260306_210056.xlsx
2026-03-06 23:30:02,943 - INFO - ⏭️  Ya existe en servidor: VENTAS_PAGE1_FILA2_20260306_220059.xlsx
2026-03-06 23:30:02,943 - INFO - ⏭️  Ya existe en servidor: VENTAS_PAGE1_FILA2_20260306_230056.xlsx
2026-03-06 23:30:02,943 - INFO - ======================================================================
2026-03-06 23:30:02,943 - INFO - SINCRONIZACIÓN COMPLETADA:
2026-03-06 23:30:02,943 - INFO -   ✅ Sincronizados: 0
2026-03-06 23:30:02,944 - INFO -   ❌ Errores: 0
2026-03-06 23:30:02,944 - INFO - ======================================================================
2026-03-06 23:30:02,944 - INFO - [chan 0] sftp session closed.
2026-03-06 23:30:02,944 - INFO - ✅ Desconectado del servidor
