2026-03-04 18:00:02,127 - INFO - ======================================================================
2026-03-04 18:00:02,127 - INFO - INICIO DE SESIÓN - 04/03/2026 18:00:02
2026-03-04 18:00:02,127 - INFO - ======================================================================
2026-03-04 18:00:02,681 - INFO - Iniciando Playwright...
2026-03-04 18:00:02,854 - INFO - Navegador (Chromium) lanzado en modo oculto
2026-03-04 18:00:03,222 - INFO - Navegando a: https://cencarvajal.com/#/portal/login
2026-03-04 18:00:08,021 - INFO - [Intento 1/3] Intentando login…
2026-03-04 18:00:10,437 - INFO - [Intento 1] Formulario de login enviado
2026-03-04 18:00:20,440 - WARNING - [Intento 1] No apareció 'Tus servicios' después de intentar login (posible modal)
2026-03-04 18:00:20,463 - INFO - [Intento 1] Se hizo clic en botón 'Continuar' del modal
2026-03-04 18:00:27,465 - WARNING - [Intento 1] Aún no aparece 'Tus servicios' tras aceptar modal
2026-03-04 18:00:27,465 - INFO - [Intento 1] Navegando de nuevo a login y reintentando...
2026-03-04 18:00:27,475 - INFO - [Intento 1] Página de login cargada nuevamente
2026-03-04 18:00:27,475 - INFO - [Intento 2/3] Intentando login…
2026-03-04 18:00:27,531 - INFO - [Intento 2] Formulario de login enviado
2026-03-04 18:00:30,332 - INFO - [Intento 2] [OK] Login exitoso - texto 'Tus servicios' encontrado
2026-03-04 18:00:30,332 - INFO - [Intento 2] Esperando que la página se cargue completamente...
2026-03-04 18:00:32,333 - INFO - [Intento 2] Página estabilizada, listo para descargar
2026-03-04 18:00:32,333 - INFO - ======================================================================
2026-03-04 18:00:32,333 - INFO - [*] Iniciando descarga de Reportes VENTAS
2026-03-04 18:00:32,333 - INFO - ======================================================================
2026-03-04 18:00:32,333 - INFO - Navegando a: https://cencarvajal.com/receivingadvicenewportal/#/home/consult-service?service=SLSRPT
2026-03-04 18:00:32,369 - INFO - Esperando que Angular cargue...
2026-03-04 18:00:35,904 - INFO - ✓ Formulario de filtros cargado
2026-03-04 18:00:37,905 - INFO - Configurando filtro de fechas: 03/03/2026 a 04/03/2026
2026-03-04 18:00:37,935 - INFO - Campo 'Fecha inicio' rellenado: 03/03/2026
2026-03-04 18:00:38,473 - INFO - Campo 'Fecha fin' rellenado: 04/03/2026
2026-03-04 18:00:39,981 - INFO - Calendarios cerrados, filtros de fecha configurados
2026-03-04 18:00:39,982 - INFO - 🔍 Presionando botón 'Buscar' para obtener el listado...
2026-03-04 18:00:40,023 - INFO - ✓ Búsqueda completada y tabla cargada
2026-03-04 18:00:42,031 - INFO - ✓ Se encontraron 3 registro(s)
2026-03-04 18:00:42,031 - INFO - 📄 Procesando página 1...
2026-03-04 18:00:42,036 - INFO -   -> 3 fila(s) en esta página
2026-03-04 18:00:42,061 - INFO - Fila 1: Iniciando descarga - Dismel Ltda | SUPERTIENDAS Y DROGUERIAS OLIMPICAS
2026-03-04 18:00:42,093 - INFO - Fila 1: Modal de formato abierto, esperando selección...
2026-03-04 18:00:43,129 - INFO - Fila 1: Formato XLSX seleccionado
2026-03-04 18:00:44,143 - INFO - Fila 1: Botón Descargar encontrado
2026-03-04 18:00:44,666 - INFO - Fila 1: Descargando archivo...
2026-03-04 18:00:50,428 - INFO - Fila 1: [OK] Descargado exitosamente: VENTAS_PAGE1_FILA1_20260304_180050.xlsx
2026-03-04 18:00:51,453 - INFO - Fila 2: Iniciando descarga - Dismel Ltda | SUPERTIENDAS Y DROGUERIAS OLIMPICAS
2026-03-04 18:00:51,490 - INFO - Fila 2: Modal de formato abierto, esperando selección...
2026-03-04 18:00:52,529 - INFO - Fila 2: Formato XLSX seleccionado
2026-03-04 18:00:53,543 - INFO - Fila 2: Botón Descargar encontrado
2026-03-04 18:00:54,064 - INFO - Fila 2: Descargando archivo...
2026-03-04 18:00:56,866 - INFO - Fila 2: [OK] Descargado exitosamente: VENTAS_PAGE1_FILA2_20260304_180056.xlsx
2026-03-04 18:00:57,892 - INFO - Fila 3: Iniciando descarga - Dismel Ltda | SUPERTIENDAS Y DROGUERIAS OLIMPICAS
2026-03-04 18:00:57,921 - INFO - Fila 3: Modal de formato abierto, esperando selección...
2026-03-04 18:00:58,962 - INFO - Fila 3: Formato XLSX seleccionado
2026-03-04 18:00:59,975 - INFO - Fila 3: Botón Descargar encontrado
2026-03-04 18:01:00,496 - INFO - Fila 3: Descargando archivo...
2026-03-04 18:01:03,173 - INFO - Fila 3: [OK] Descargado exitosamente: VENTAS_PAGE1_FILA3_20260304_180103.xlsx
2026-03-04 18:01:04,188 - INFO - No hay página siguiente. Fin de paginación.
2026-03-04 18:01:04,188 - INFO - ======================================================================
2026-03-04 18:01:04,188 - INFO - [OK] Proceso completado
2026-03-04 18:01:04,188 - INFO - [REPORT] Total de descargas: 3 archivo(s)
2026-03-04 18:01:04,188 - INFO - 📁 Ubicación: D:\TAREAS\CARVAJAL\descargas_reportes
2026-03-04 18:01:04,189 - INFO - [LOG] Logs guardados en: logs_reportes\reporte_descargas_20260304_180002.log
2026-03-04 18:01:04,189 - INFO - ======================================================================
2026-03-04 18:01:04,189 - INFO - ✅ Descarga de reportes de ventas completada exitosamente
2026-03-04 18:01:04,333 - INFO - 
[OK] Navegador cerrado. Proceso finalizado correctamente
2026-03-04 18:01:04,333 - INFO - [LOG] Archivo de log: logs_reportes\reporte_descargas_20260304_180002.log
2026-03-04 18:01:04,333 - INFO - ======================================================================
