2026-03-02 18:00:01,749 - INFO - ======================================================================
2026-03-02 18:00:01,749 - INFO - INICIO DE SESIÓN - 02/03/2026 18:00:01
2026-03-02 18:00:01,749 - INFO - ======================================================================
2026-03-02 18:00:02,298 - INFO - Iniciando Playwright...
2026-03-02 18:00:02,474 - INFO - Navegador (Chromium) lanzado en modo oculto
2026-03-02 18:00:02,843 - INFO - Navegando a: https://cencarvajal.com/#/portal/login
2026-03-02 18:00:07,663 - INFO - [Intento 1/3] Intentando login…
2026-03-02 18:00:10,067 - INFO - [Intento 1] Formulario de login enviado
2026-03-02 18:00:20,070 - WARNING - [Intento 1] No apareció 'Tus servicios' después de intentar login (posible modal)
2026-03-02 18:00:20,091 - INFO - [Intento 1] Se hizo clic en botón 'Continuar' del modal
2026-03-02 18:00:27,094 - WARNING - [Intento 1] Aún no aparece 'Tus servicios' tras aceptar modal
2026-03-02 18:00:27,094 - INFO - [Intento 1] Navegando de nuevo a login y reintentando...
2026-03-02 18:00:27,103 - INFO - [Intento 1] Página de login cargada nuevamente
2026-03-02 18:00:27,103 - INFO - [Intento 2/3] Intentando login…
2026-03-02 18:00:27,159 - INFO - [Intento 2] Formulario de login enviado
2026-03-02 18:00:29,521 - INFO - [Intento 2] [OK] Login exitoso - texto 'Tus servicios' encontrado
2026-03-02 18:00:29,521 - INFO - [Intento 2] Esperando que la página se cargue completamente...
2026-03-02 18:00:31,522 - INFO - [Intento 2] Página estabilizada, listo para descargar
2026-03-02 18:00:31,522 - INFO - ======================================================================
2026-03-02 18:00:31,522 - INFO - [*] Iniciando descarga de Reportes VENTAS
2026-03-02 18:00:31,522 - INFO - ======================================================================
2026-03-02 18:00:31,522 - INFO - Navegando a: https://cencarvajal.com/receivingadvicenewportal/#/home/consult-service?service=SLSRPT
2026-03-02 18:00:31,547 - INFO - Esperando que Angular cargue...
2026-03-02 18:00:35,104 - INFO - ✓ Formulario de filtros cargado
2026-03-02 18:00:37,104 - INFO - Configurando filtro de fechas: 01/03/2026 a 02/03/2026
2026-03-02 18:00:37,134 - INFO - Campo 'Fecha inicio' rellenado: 01/03/2026
2026-03-02 18:00:37,671 - INFO - Campo 'Fecha fin' rellenado: 02/03/2026
2026-03-02 18:00:39,181 - INFO - Calendarios cerrados, filtros de fecha configurados
2026-03-02 18:00:39,181 - INFO - 🔍 Presionando botón 'Buscar' para obtener el listado...
2026-03-02 18:00:39,220 - INFO - ✓ Búsqueda completada y tabla cargada
2026-03-02 18:00:41,226 - INFO - ✓ Se encontraron 2 registro(s)
2026-03-02 18:00:41,226 - INFO - 📄 Procesando página 1...
2026-03-02 18:00:41,230 - INFO -   -> 2 fila(s) en esta página
2026-03-02 18:00:41,255 - INFO - Fila 1: Iniciando descarga - Dismel Ltda | SUPERTIENDAS Y DROGUERIAS OLIMPICAS
2026-03-02 18:00:41,290 - INFO - Fila 1: Modal de formato abierto, esperando selección...
2026-03-02 18:00:42,326 - INFO - Fila 1: Formato XLSX seleccionado
2026-03-02 18:00:43,341 - INFO - Fila 1: Botón Descargar encontrado
2026-03-02 18:00:43,860 - INFO - Fila 1: Descargando archivo...
2026-03-02 18:00:49,633 - INFO - Fila 1: [OK] Descargado exitosamente: VENTAS_PAGE1_FILA1_20260302_180049.xlsx
2026-03-02 18:00:50,658 - INFO - Fila 2: Iniciando descarga - Dismel Ltda | SUPERTIENDAS Y DROGUERIAS OLIMPICAS
2026-03-02 18:00:50,687 - INFO - Fila 2: Modal de formato abierto, esperando selección...
2026-03-02 18:00:51,725 - INFO - Fila 2: Formato XLSX seleccionado
2026-03-02 18:00:52,739 - INFO - Fila 2: Botón Descargar encontrado
2026-03-02 18:00:53,260 - INFO - Fila 2: Descargando archivo...
2026-03-02 18:00:55,990 - INFO - Fila 2: [OK] Descargado exitosamente: VENTAS_PAGE1_FILA2_20260302_180055.xlsx
2026-03-02 18:00:57,006 - INFO - No hay página siguiente. Fin de paginación.
2026-03-02 18:00:57,006 - INFO - ======================================================================
2026-03-02 18:00:57,006 - INFO - [OK] Proceso completado
2026-03-02 18:00:57,006 - INFO - [REPORT] Total de descargas: 2 archivo(s)
2026-03-02 18:00:57,006 - INFO - 📁 Ubicación: D:\TAREAS\CARVAJAL\descargas_reportes
2026-03-02 18:00:57,006 - INFO - [LOG] Logs guardados en: logs_reportes\reporte_descargas_20260302_180001.log
2026-03-02 18:00:57,007 - INFO - ======================================================================
2026-03-02 18:00:57,007 - INFO - ✅ Descarga de reportes de ventas completada exitosamente
2026-03-02 18:00:57,144 - INFO - 
[OK] Navegador cerrado. Proceso finalizado correctamente
2026-03-02 18:00:57,144 - INFO - [LOG] Archivo de log: logs_reportes\reporte_descargas_20260302_180001.log
2026-03-02 18:00:57,144 - INFO - ======================================================================
