2026-03-02 10:46:11,122 - INFO - ======================================================================
2026-03-02 10:46:11,122 - INFO - INICIO DE SESIÓN - 02/03/2026 10:46:11
2026-03-02 10:46:11,123 - INFO - ======================================================================
2026-03-02 10:46:11,679 - INFO - Iniciando Playwright...
2026-03-02 10:46:12,443 - INFO - Navegador (Chromium) lanzado en modo oculto
2026-03-02 10:46:13,041 - INFO - Navegando a: https://cencarvajal.com/#/portal/login
2026-03-02 10:46:20,280 - INFO - [Intento 1/3] Intentando login…
2026-03-02 10:46:22,704 - INFO - [Intento 1] Formulario de login enviado
2026-03-02 10:46:32,707 - WARNING - [Intento 1] No apareció 'Tus servicios' después de intentar login (posible modal)
2026-03-02 10:46:32,734 - INFO - [Intento 1] Se hizo clic en botón 'Continuar' del modal
2026-03-02 10:46:39,736 - WARNING - [Intento 1] Aún no aparece 'Tus servicios' tras aceptar modal
2026-03-02 10:46:39,736 - INFO - [Intento 1] Navegando de nuevo a login y reintentando...
2026-03-02 10:46:39,746 - INFO - [Intento 1] Página de login cargada nuevamente
2026-03-02 10:46:39,746 - INFO - [Intento 2/3] Intentando login…
2026-03-02 10:46:39,801 - INFO - [Intento 2] Formulario de login enviado
2026-03-02 10:46:42,164 - INFO - [Intento 2] [OK] Login exitoso - texto 'Tus servicios' encontrado
2026-03-02 10:46:42,164 - INFO - [Intento 2] Esperando que la página se cargue completamente...
2026-03-02 10:46:44,164 - INFO - [Intento 2] Página estabilizada, listo para descargar
2026-03-02 10:46:44,164 - INFO - ======================================================================
2026-03-02 10:46:44,165 - INFO - [*] Iniciando descarga de Reportes VENTAS
2026-03-02 10:46:44,165 - INFO - ======================================================================
2026-03-02 10:46:44,165 - INFO - Navegando a: https://cencarvajal.com/receivingadvicenewportal/#/home/consult-service?service=SLSRPT
2026-03-02 10:46:44,191 - INFO - Esperando que Angular cargue...
2026-03-02 10:46:47,750 - INFO - ✓ Formulario de filtros cargado
2026-03-02 10:46:49,751 - INFO - Configurando filtro de fechas: 01/03/2026 a 02/03/2026
2026-03-02 10:46:49,781 - INFO - Campo 'Fecha inicio' rellenado: 01/03/2026
2026-03-02 10:46:50,322 - INFO - Campo 'Fecha fin' rellenado: 02/03/2026
2026-03-02 10:46:51,832 - INFO - Calendarios cerrados, filtros de fecha configurados
2026-03-02 10:46:51,832 - INFO - 🔍 Presionando botón 'Buscar' para obtener el listado...
2026-03-02 10:46:51,878 - INFO - ✓ Búsqueda completada y tabla cargada
2026-03-02 10:46:53,883 - INFO - ✓ Se encontraron 1 registro(s)
2026-03-02 10:46:53,883 - INFO - 📄 Procesando página 1...
2026-03-02 10:46:53,887 - INFO -   -> 1 fila(s) en esta página
2026-03-02 10:46:53,912 - INFO - Fila 1: Iniciando descarga - Dismel Ltda | SUPERTIENDAS Y DROGUERIAS OLIMPICAS
2026-03-02 10:46:53,946 - INFO - Fila 1: Modal de formato abierto, esperando selección...
2026-03-02 10:46:54,983 - INFO - Fila 1: Formato XLSX seleccionado
2026-03-02 10:46:55,997 - INFO - Fila 1: Botón Descargar encontrado
2026-03-02 10:46:56,518 - INFO - Fila 1: Descargando archivo...
2026-03-02 10:47:02,216 - INFO - Fila 1: [OK] Descargado exitosamente: VENTAS_PAGE1_FILA1_20260302_104702.xlsx
2026-03-02 10:47:03,231 - INFO - No hay página siguiente. Fin de paginación.
2026-03-02 10:47:03,231 - INFO - ======================================================================
2026-03-02 10:47:03,232 - INFO - [OK] Proceso completado
2026-03-02 10:47:03,232 - INFO - [REPORT] Total de descargas: 1 archivo(s)
2026-03-02 10:47:03,232 - INFO - 📁 Ubicación: D:\TAREAS\CARVAJAL\descargas_reportes
2026-03-02 10:47:03,232 - INFO - [LOG] Logs guardados en: logs_reportes\reporte_descargas_20260302_104611.log
2026-03-02 10:47:03,232 - INFO - ======================================================================
2026-03-02 10:47:03,232 - INFO - ✅ Descarga de reportes de ventas completada exitosamente
2026-03-02 10:47:03,328 - INFO - 
[OK] Navegador cerrado. Proceso finalizado correctamente
2026-03-02 10:47:03,328 - INFO - [LOG] Archivo de log: logs_reportes\reporte_descargas_20260302_104611.log
2026-03-02 10:47:03,328 - INFO - ======================================================================
