2026-03-02 17:00:01,747 - INFO - ======================================================================
2026-03-02 17:00:01,747 - INFO - INICIO DE SESIÓN - 02/03/2026 17:00:01
2026-03-02 17:00:01,747 - INFO - ======================================================================
2026-03-02 17:00:02,284 - INFO - Iniciando Playwright...
2026-03-02 17:00:02,456 - INFO - Navegador (Chromium) lanzado en modo oculto
2026-03-02 17:00:02,826 - INFO - Navegando a: https://cencarvajal.com/#/portal/login
2026-03-02 17:00:07,474 - INFO - [Intento 1/3] Intentando login…
2026-03-02 17:00:09,878 - INFO - [Intento 1] Formulario de login enviado
2026-03-02 17:00:19,884 - WARNING - [Intento 1] No apareció 'Tus servicios' después de intentar login (posible modal)
2026-03-02 17:00:19,903 - INFO - [Intento 1] Se hizo clic en botón 'Continuar' del modal
2026-03-02 17:00:26,905 - WARNING - [Intento 1] Aún no aparece 'Tus servicios' tras aceptar modal
2026-03-02 17:00:26,905 - INFO - [Intento 1] Navegando de nuevo a login y reintentando...
2026-03-02 17:00:26,915 - INFO - [Intento 1] Página de login cargada nuevamente
2026-03-02 17:00:26,915 - INFO - [Intento 2/3] Intentando login…
2026-03-02 17:00:26,970 - INFO - [Intento 2] Formulario de login enviado
2026-03-02 17:00:29,265 - INFO - [Intento 2] [OK] Login exitoso - texto 'Tus servicios' encontrado
2026-03-02 17:00:29,266 - INFO - [Intento 2] Esperando que la página se cargue completamente...
2026-03-02 17:00:31,266 - INFO - [Intento 2] Página estabilizada, listo para descargar
2026-03-02 17:00:31,266 - INFO - ======================================================================
2026-03-02 17:00:31,267 - INFO - [*] Iniciando descarga de Reportes VENTAS
2026-03-02 17:00:31,267 - INFO - ======================================================================
2026-03-02 17:00:31,267 - INFO - Navegando a: https://cencarvajal.com/receivingadvicenewportal/#/home/consult-service?service=SLSRPT
2026-03-02 17:00:31,293 - INFO - Esperando que Angular cargue...
2026-03-02 17:00:34,828 - INFO - ✓ Formulario de filtros cargado
2026-03-02 17:00:36,829 - INFO - Configurando filtro de fechas: 01/03/2026 a 02/03/2026
2026-03-02 17:00:36,859 - INFO - Campo 'Fecha inicio' rellenado: 01/03/2026
2026-03-02 17:00:37,415 - INFO - Campo 'Fecha fin' rellenado: 02/03/2026
2026-03-02 17:00:38,923 - INFO - Calendarios cerrados, filtros de fecha configurados
2026-03-02 17:00:38,924 - INFO - 🔍 Presionando botón 'Buscar' para obtener el listado...
2026-03-02 17:00:38,964 - INFO - ✓ Búsqueda completada y tabla cargada
2026-03-02 17:00:40,970 - INFO - ✓ Se encontraron 2 registro(s)
2026-03-02 17:00:40,970 - INFO - 📄 Procesando página 1...
2026-03-02 17:00:40,975 - INFO -   -> 2 fila(s) en esta página
2026-03-02 17:00:40,999 - INFO - Fila 1: Iniciando descarga - Dismel Ltda | SUPERTIENDAS Y DROGUERIAS OLIMPICAS
2026-03-02 17:00:41,034 - INFO - Fila 1: Modal de formato abierto, esperando selección...
2026-03-02 17:00:42,069 - INFO - Fila 1: Formato XLSX seleccionado
2026-03-02 17:00:43,083 - INFO - Fila 1: Botón Descargar encontrado
2026-03-02 17:00:43,605 - INFO - Fila 1: Descargando archivo...
2026-03-02 17:00:50,545 - INFO - Fila 1: [OK] Descargado exitosamente: VENTAS_PAGE1_FILA1_20260302_170050.xlsx
2026-03-02 17:00:51,570 - INFO - Fila 2: Iniciando descarga - Dismel Ltda | SUPERTIENDAS Y DROGUERIAS OLIMPICAS
2026-03-02 17:00:51,597 - INFO - Fila 2: Modal de formato abierto, esperando selección...
2026-03-02 17:00:52,634 - INFO - Fila 2: Formato XLSX seleccionado
2026-03-02 17:00:53,648 - INFO - Fila 2: Botón Descargar encontrado
2026-03-02 17:00:54,170 - INFO - Fila 2: Descargando archivo...
2026-03-02 17:00:56,928 - INFO - Fila 2: [OK] Descargado exitosamente: VENTAS_PAGE1_FILA2_20260302_170056.xlsx
2026-03-02 17:00:57,943 - INFO - No hay página siguiente. Fin de paginación.
2026-03-02 17:00:57,943 - INFO - ======================================================================
2026-03-02 17:00:57,944 - INFO - [OK] Proceso completado
2026-03-02 17:00:57,944 - INFO - [REPORT] Total de descargas: 2 archivo(s)
2026-03-02 17:00:57,944 - INFO - 📁 Ubicación: D:\TAREAS\CARVAJAL\descargas_reportes
2026-03-02 17:00:57,944 - INFO - [LOG] Logs guardados en: logs_reportes\reporte_descargas_20260302_170001.log
2026-03-02 17:00:57,944 - INFO - ======================================================================
2026-03-02 17:00:57,944 - INFO - ✅ Descarga de reportes de ventas completada exitosamente
2026-03-02 17:00:58,039 - INFO - 
[OK] Navegador cerrado. Proceso finalizado correctamente
2026-03-02 17:00:58,040 - INFO - [LOG] Archivo de log: logs_reportes\reporte_descargas_20260302_170001.log
2026-03-02 17:00:58,040 - INFO - ======================================================================
