2026-03-04 07:00:02,655 - INFO - ======================================================================
2026-03-04 07:00:02,655 - INFO - INICIO DE SESIÓN - 04/03/2026 07:00:02
2026-03-04 07:00:02,655 - INFO - ======================================================================
2026-03-04 07:00:03,187 - INFO - Iniciando Playwright...
2026-03-04 07:00:03,363 - INFO - Navegador (Chromium) lanzado en modo oculto
2026-03-04 07:00:03,728 - INFO - Navegando a: https://cencarvajal.com/#/portal/login
2026-03-04 07:00:08,970 - INFO - [Intento 1/3] Intentando login…
2026-03-04 07:00:10,956 - INFO - [Intento 1] Formulario de login enviado
2026-03-04 07:00:20,959 - WARNING - [Intento 1] No apareció 'Tus servicios' después de intentar login (posible modal)
2026-03-04 07:00:20,980 - INFO - [Intento 1] Se hizo clic en botón 'Continuar' del modal
2026-03-04 07:00:27,983 - WARNING - [Intento 1] Aún no aparece 'Tus servicios' tras aceptar modal
2026-03-04 07:00:27,983 - INFO - [Intento 1] Navegando de nuevo a login y reintentando...
2026-03-04 07:00:27,992 - INFO - [Intento 1] Página de login cargada nuevamente
2026-03-04 07:00:27,992 - INFO - [Intento 2/3] Intentando login…
2026-03-04 07:00:28,048 - INFO - [Intento 2] Formulario de login enviado
2026-03-04 07:00:30,420 - INFO - [Intento 2] [OK] Login exitoso - texto 'Tus servicios' encontrado
2026-03-04 07:00:30,420 - INFO - [Intento 2] Esperando que la página se cargue completamente...
2026-03-04 07:00:32,420 - INFO - [Intento 2] Página estabilizada, listo para descargar
2026-03-04 07:00:32,421 - INFO - ======================================================================
2026-03-04 07:00:32,421 - INFO - [*] Iniciando descarga de Reportes VENTAS
2026-03-04 07:00:32,421 - INFO - ======================================================================
2026-03-04 07:00:32,421 - INFO - Navegando a: https://cencarvajal.com/receivingadvicenewportal/#/home/consult-service?service=SLSRPT
2026-03-04 07:00:32,447 - INFO - Esperando que Angular cargue...
2026-03-04 07:00:35,990 - INFO - ✓ Formulario de filtros cargado
2026-03-04 07:00:37,991 - INFO - Configurando filtro de fechas: 03/03/2026 a 04/03/2026
2026-03-04 07:00:38,021 - INFO - Campo 'Fecha inicio' rellenado: 03/03/2026
2026-03-04 07:00:38,575 - INFO - Campo 'Fecha fin' rellenado: 04/03/2026
2026-03-04 07:00:40,084 - INFO - Calendarios cerrados, filtros de fecha configurados
2026-03-04 07:00:40,084 - INFO - 🔍 Presionando botón 'Buscar' para obtener el listado...
2026-03-04 07:00:40,125 - INFO - ✓ Búsqueda completada y tabla cargada
2026-03-04 07:00:42,131 - INFO - ✓ Se encontraron 2 registro(s)
2026-03-04 07:00:42,132 - INFO - 📄 Procesando página 1...
2026-03-04 07:00:42,136 - INFO -   -> 2 fila(s) en esta página
2026-03-04 07:00:42,160 - INFO - Fila 1: Iniciando descarga - Dismel Ltda | SUPERTIENDAS Y DROGUERIAS OLIMPICAS
2026-03-04 07:00:42,195 - INFO - Fila 1: Modal de formato abierto, esperando selección...
2026-03-04 07:00:43,230 - INFO - Fila 1: Formato XLSX seleccionado
2026-03-04 07:00:44,244 - INFO - Fila 1: Botón Descargar encontrado
2026-03-04 07:00:44,766 - INFO - Fila 1: Descargando archivo...
2026-03-04 07:00:50,556 - INFO - Fila 1: [OK] Descargado exitosamente: VENTAS_PAGE1_FILA1_20260304_070050.xlsx
2026-03-04 07:00:51,581 - INFO - Fila 2: Iniciando descarga - Dismel Ltda | SUPERTIENDAS Y DROGUERIAS OLIMPICAS
2026-03-04 07:00:51,608 - INFO - Fila 2: Modal de formato abierto, esperando selección...
2026-03-04 07:00:52,646 - INFO - Fila 2: Formato XLSX seleccionado
2026-03-04 07:00:53,660 - INFO - Fila 2: Botón Descargar encontrado
2026-03-04 07:00:54,182 - INFO - Fila 2: Descargando archivo...
2026-03-04 07:00:57,250 - INFO - Fila 2: [OK] Descargado exitosamente: VENTAS_PAGE1_FILA2_20260304_070057.xlsx
2026-03-04 07:00:58,265 - INFO - No hay página siguiente. Fin de paginación.
2026-03-04 07:00:58,265 - INFO - ======================================================================
2026-03-04 07:00:58,266 - INFO - [OK] Proceso completado
2026-03-04 07:00:58,266 - INFO - [REPORT] Total de descargas: 2 archivo(s)
2026-03-04 07:00:58,266 - INFO - 📁 Ubicación: D:\TAREAS\CARVAJAL\descargas_reportes
2026-03-04 07:00:58,266 - INFO - [LOG] Logs guardados en: logs_reportes\reporte_descargas_20260304_070002.log
2026-03-04 07:00:58,266 - INFO - ======================================================================
2026-03-04 07:00:58,266 - INFO - ✅ Descarga de reportes de ventas completada exitosamente
2026-03-04 07:00:58,408 - INFO - 
[OK] Navegador cerrado. Proceso finalizado correctamente
2026-03-04 07:00:58,409 - INFO - [LOG] Archivo de log: logs_reportes\reporte_descargas_20260304_070002.log
2026-03-04 07:00:58,409 - INFO - ======================================================================
