2026-03-04 08:00:02,701 - INFO - ======================================================================
2026-03-04 08:00:02,701 - INFO - INICIO DE SESIÓN - 04/03/2026 08:00:02
2026-03-04 08:00:02,701 - INFO - ======================================================================
2026-03-04 08:00:09,131 - INFO - Iniciando Playwright...
2026-03-04 08:00:09,889 - INFO - Navegador (Chromium) lanzado en modo oculto
2026-03-04 08:00:10,258 - INFO - Navegando a: https://cencarvajal.com/#/portal/login
2026-03-04 08:00:15,319 - INFO - [Intento 1/3] Intentando login…
2026-03-04 08:00:17,810 - INFO - [Intento 1] Formulario de login enviado
2026-03-04 08:00:27,813 - WARNING - [Intento 1] No apareció 'Tus servicios' después de intentar login (posible modal)
2026-03-04 08:00:27,835 - INFO - [Intento 1] Se hizo clic en botón 'Continuar' del modal
2026-03-04 08:00:34,837 - WARNING - [Intento 1] Aún no aparece 'Tus servicios' tras aceptar modal
2026-03-04 08:00:34,837 - INFO - [Intento 1] Navegando de nuevo a login y reintentando...
2026-03-04 08:00:34,846 - INFO - [Intento 1] Página de login cargada nuevamente
2026-03-04 08:00:34,846 - INFO - [Intento 2/3] Intentando login…
2026-03-04 08:00:34,903 - INFO - [Intento 2] Formulario de login enviado
2026-03-04 08:00:37,262 - INFO - [Intento 2] [OK] Login exitoso - texto 'Tus servicios' encontrado
2026-03-04 08:00:37,262 - INFO - [Intento 2] Esperando que la página se cargue completamente...
2026-03-04 08:00:39,263 - INFO - [Intento 2] Página estabilizada, listo para descargar
2026-03-04 08:00:39,263 - INFO - ======================================================================
2026-03-04 08:00:39,263 - INFO - [*] Iniciando descarga de Reportes VENTAS
2026-03-04 08:00:39,263 - INFO - ======================================================================
2026-03-04 08:00:39,263 - INFO - Navegando a: https://cencarvajal.com/receivingadvicenewportal/#/home/consult-service?service=SLSRPT
2026-03-04 08:00:39,288 - INFO - Esperando que Angular cargue...
2026-03-04 08:00:42,850 - INFO - ✓ Formulario de filtros cargado
2026-03-04 08:00:44,851 - INFO - Configurando filtro de fechas: 03/03/2026 a 04/03/2026
2026-03-04 08:00:44,892 - INFO - Campo 'Fecha inicio' rellenado: 03/03/2026
2026-03-04 08:00:45,429 - INFO - Campo 'Fecha fin' rellenado: 04/03/2026
2026-03-04 08:00:46,956 - INFO - Calendarios cerrados, filtros de fecha configurados
2026-03-04 08:00:46,956 - INFO - 🔍 Presionando botón 'Buscar' para obtener el listado...
2026-03-04 08:00:47,013 - INFO - ✓ Búsqueda completada y tabla cargada
2026-03-04 08:00:49,020 - INFO - ✓ Se encontraron 2 registro(s)
2026-03-04 08:00:49,020 - INFO - 📄 Procesando página 1...
2026-03-04 08:00:49,024 - INFO -   -> 2 fila(s) en esta página
2026-03-04 08:00:49,048 - INFO - Fila 1: Iniciando descarga - Dismel Ltda | SUPERTIENDAS Y DROGUERIAS OLIMPICAS
2026-03-04 08:00:49,083 - INFO - Fila 1: Modal de formato abierto, esperando selección...
2026-03-04 08:00:50,120 - INFO - Fila 1: Formato XLSX seleccionado
2026-03-04 08:00:51,134 - INFO - Fila 1: Botón Descargar encontrado
2026-03-04 08:00:51,655 - INFO - Fila 1: Descargando archivo...
2026-03-04 08:00:57,646 - INFO - Fila 1: [OK] Descargado exitosamente: VENTAS_PAGE1_FILA1_20260304_080057.xlsx
2026-03-04 08:00:58,671 - INFO - Fila 2: Iniciando descarga - Dismel Ltda | SUPERTIENDAS Y DROGUERIAS OLIMPICAS
2026-03-04 08:00:58,697 - INFO - Fila 2: Modal de formato abierto, esperando selección...
2026-03-04 08:00:59,735 - INFO - Fila 2: Formato XLSX seleccionado
2026-03-04 08:01:00,749 - INFO - Fila 2: Botón Descargar encontrado
2026-03-04 08:01:01,272 - INFO - Fila 2: Descargando archivo...
2026-03-04 08:01:03,947 - INFO - Fila 2: [OK] Descargado exitosamente: VENTAS_PAGE1_FILA2_20260304_080103.xlsx
2026-03-04 08:01:04,963 - INFO - No hay página siguiente. Fin de paginación.
2026-03-04 08:01:04,963 - INFO - ======================================================================
2026-03-04 08:01:04,963 - INFO - [OK] Proceso completado
2026-03-04 08:01:04,963 - INFO - [REPORT] Total de descargas: 2 archivo(s)
2026-03-04 08:01:04,964 - INFO - 📁 Ubicación: D:\TAREAS\CARVAJAL\descargas_reportes
2026-03-04 08:01:04,964 - INFO - [LOG] Logs guardados en: logs_reportes\reporte_descargas_20260304_080002.log
2026-03-04 08:01:04,964 - INFO - ======================================================================
2026-03-04 08:01:04,964 - INFO - ✅ Descarga de reportes de ventas completada exitosamente
2026-03-04 08:01:05,102 - INFO - 
[OK] Navegador cerrado. Proceso finalizado correctamente
2026-03-04 08:01:05,102 - INFO - [LOG] Archivo de log: logs_reportes\reporte_descargas_20260304_080002.log
2026-03-04 08:01:05,102 - INFO - ======================================================================
