2026-03-02 15:00:01,743 - INFO - ======================================================================
2026-03-02 15:00:01,743 - INFO - INICIO DE SESIÓN - 02/03/2026 15:00:01
2026-03-02 15:00:01,744 - INFO - ======================================================================
2026-03-02 15:00:02,278 - INFO - Iniciando Playwright...
2026-03-02 15:00:02,450 - INFO - Navegador (Chromium) lanzado en modo oculto
2026-03-02 15:00:02,819 - INFO - Navegando a: https://cencarvajal.com/#/portal/login
2026-03-02 15:00:07,576 - INFO - [Intento 1/3] Intentando login…
2026-03-02 15:00:09,983 - INFO - [Intento 1] Formulario de login enviado
2026-03-02 15:00:19,985 - WARNING - [Intento 1] No apareció 'Tus servicios' después de intentar login (posible modal)
2026-03-02 15:00:20,007 - INFO - [Intento 1] Se hizo clic en botón 'Continuar' del modal
2026-03-02 15:00:27,008 - WARNING - [Intento 1] Aún no aparece 'Tus servicios' tras aceptar modal
2026-03-02 15:00:27,008 - INFO - [Intento 1] Navegando de nuevo a login y reintentando...
2026-03-02 15:00:27,018 - INFO - [Intento 1] Página de login cargada nuevamente
2026-03-02 15:00:27,018 - INFO - [Intento 2/3] Intentando login…
2026-03-02 15:00:27,075 - INFO - [Intento 2] Formulario de login enviado
2026-03-02 15:00:29,439 - INFO - [Intento 2] [OK] Login exitoso - texto 'Tus servicios' encontrado
2026-03-02 15:00:29,439 - INFO - [Intento 2] Esperando que la página se cargue completamente...
2026-03-02 15:00:31,439 - INFO - [Intento 2] Página estabilizada, listo para descargar
2026-03-02 15:00:31,439 - INFO - ======================================================================
2026-03-02 15:00:31,440 - INFO - [*] Iniciando descarga de Reportes VENTAS
2026-03-02 15:00:31,440 - INFO - ======================================================================
2026-03-02 15:00:31,440 - INFO - Navegando a: https://cencarvajal.com/receivingadvicenewportal/#/home/consult-service?service=SLSRPT
2026-03-02 15:00:31,466 - INFO - Esperando que Angular cargue...
2026-03-02 15:00:34,993 - INFO - ✓ Formulario de filtros cargado
2026-03-02 15:00:36,994 - INFO - Configurando filtro de fechas: 01/03/2026 a 02/03/2026
2026-03-02 15:00:37,023 - INFO - Campo 'Fecha inicio' rellenado: 01/03/2026
2026-03-02 15:00:37,561 - INFO - Campo 'Fecha fin' rellenado: 02/03/2026
2026-03-02 15:00:39,071 - INFO - Calendarios cerrados, filtros de fecha configurados
2026-03-02 15:00:39,071 - INFO - 🔍 Presionando botón 'Buscar' para obtener el listado...
2026-03-02 15:00:39,102 - INFO - ✓ Búsqueda completada y tabla cargada
2026-03-02 15:00:41,109 - INFO - ✓ Se encontraron 2 registro(s)
2026-03-02 15:00:41,109 - INFO - 📄 Procesando página 1...
2026-03-02 15:00:41,113 - INFO -   -> 2 fila(s) en esta página
2026-03-02 15:00:41,139 - INFO - Fila 1: Iniciando descarga - Dismel Ltda | SUPERTIENDAS Y DROGUERIAS OLIMPICAS
2026-03-02 15:00:41,171 - INFO - Fila 1: Modal de formato abierto, esperando selección...
2026-03-02 15:00:42,207 - INFO - Fila 1: Formato XLSX seleccionado
2026-03-02 15:00:43,222 - INFO - Fila 1: Botón Descargar encontrado
2026-03-02 15:00:43,743 - INFO - Fila 1: Descargando archivo...
2026-03-02 15:00:49,599 - INFO - Fila 1: [OK] Descargado exitosamente: VENTAS_PAGE1_FILA1_20260302_150049.xlsx
2026-03-02 15:00:50,624 - INFO - Fila 2: Iniciando descarga - Dismel Ltda | SUPERTIENDAS Y DROGUERIAS OLIMPICAS
2026-03-02 15:00:50,652 - INFO - Fila 2: Modal de formato abierto, esperando selección...
2026-03-02 15:00:51,690 - INFO - Fila 2: Formato XLSX seleccionado
2026-03-02 15:00:52,704 - INFO - Fila 2: Botón Descargar encontrado
2026-03-02 15:00:53,225 - INFO - Fila 2: Descargando archivo...
2026-03-02 15:00:55,883 - INFO - Fila 2: [OK] Descargado exitosamente: VENTAS_PAGE1_FILA2_20260302_150055.xlsx
2026-03-02 15:00:56,898 - INFO - No hay página siguiente. Fin de paginación.
2026-03-02 15:00:56,898 - INFO - ======================================================================
2026-03-02 15:00:56,898 - INFO - [OK] Proceso completado
2026-03-02 15:00:56,898 - INFO - [REPORT] Total de descargas: 2 archivo(s)
2026-03-02 15:00:56,898 - INFO - 📁 Ubicación: D:\TAREAS\CARVAJAL\descargas_reportes
2026-03-02 15:00:56,898 - INFO - [LOG] Logs guardados en: logs_reportes\reporte_descargas_20260302_150001.log
2026-03-02 15:00:56,899 - INFO - ======================================================================
2026-03-02 15:00:56,899 - INFO - ✅ Descarga de reportes de ventas completada exitosamente
2026-03-02 15:00:57,033 - INFO - 
[OK] Navegador cerrado. Proceso finalizado correctamente
2026-03-02 15:00:57,034 - INFO - [LOG] Archivo de log: logs_reportes\reporte_descargas_20260302_150001.log
2026-03-02 15:00:57,034 - INFO - ======================================================================
