2026-03-03 13:00:02,674 - INFO - ======================================================================
2026-03-03 13:00:02,674 - INFO - INICIO DE SESIÓN - 03/03/2026 13:00:02
2026-03-03 13:00:02,674 - INFO - ======================================================================
2026-03-03 13:00:03,206 - INFO - Iniciando Playwright...
2026-03-03 13:00:03,385 - INFO - Navegador (Chromium) lanzado en modo oculto
2026-03-03 13:00:03,755 - INFO - Navegando a: https://cencarvajal.com/#/portal/login
2026-03-03 13:00:08,468 - INFO - [Intento 1/3] Intentando login…
2026-03-03 13:00:10,881 - INFO - [Intento 1] Formulario de login enviado
2026-03-03 13:00:20,883 - WARNING - [Intento 1] No apareció 'Tus servicios' después de intentar login (posible modal)
2026-03-03 13:00:20,905 - INFO - [Intento 1] Se hizo clic en botón 'Continuar' del modal
2026-03-03 13:00:27,908 - WARNING - [Intento 1] Aún no aparece 'Tus servicios' tras aceptar modal
2026-03-03 13:00:27,908 - INFO - [Intento 1] Navegando de nuevo a login y reintentando...
2026-03-03 13:00:27,917 - INFO - [Intento 1] Página de login cargada nuevamente
2026-03-03 13:00:27,917 - INFO - [Intento 2/3] Intentando login…
2026-03-03 13:00:27,973 - INFO - [Intento 2] Formulario de login enviado
2026-03-03 13:00:29,836 - INFO - [Intento 2] [OK] Login exitoso - texto 'Tus servicios' encontrado
2026-03-03 13:00:29,836 - INFO - [Intento 2] Esperando que la página se cargue completamente...
2026-03-03 13:00:31,836 - INFO - [Intento 2] Página estabilizada, listo para descargar
2026-03-03 13:00:31,836 - INFO - ======================================================================
2026-03-03 13:00:31,837 - INFO - [*] Iniciando descarga de Reportes VENTAS
2026-03-03 13:00:31,837 - INFO - ======================================================================
2026-03-03 13:00:31,837 - INFO - Navegando a: https://cencarvajal.com/receivingadvicenewportal/#/home/consult-service?service=SLSRPT
2026-03-03 13:00:31,862 - INFO - Esperando que Angular cargue...
2026-03-03 13:00:35,387 - INFO - ✓ Formulario de filtros cargado
2026-03-03 13:00:37,388 - INFO - Configurando filtro de fechas: 02/03/2026 a 03/03/2026
2026-03-03 13:00:37,418 - INFO - Campo 'Fecha inicio' rellenado: 02/03/2026
2026-03-03 13:00:37,955 - INFO - Campo 'Fecha fin' rellenado: 03/03/2026
2026-03-03 13:00:39,467 - INFO - Calendarios cerrados, filtros de fecha configurados
2026-03-03 13:00:39,467 - INFO - 🔍 Presionando botón 'Buscar' para obtener el listado...
2026-03-03 13:00:39,500 - INFO - ✓ Búsqueda completada y tabla cargada
2026-03-03 13:00:41,506 - INFO - ✓ Se encontraron 1 registro(s)
2026-03-03 13:00:41,507 - INFO - 📄 Procesando página 1...
2026-03-03 13:00:41,511 - INFO -   -> 1 fila(s) en esta página
2026-03-03 13:00:41,534 - INFO - Fila 1: Iniciando descarga - Dismel Ltda | SUPERTIENDAS Y DROGUERIAS OLIMPICAS
2026-03-03 13:00:41,569 - INFO - Fila 1: Modal de formato abierto, esperando selección...
2026-03-03 13:00:42,606 - INFO - Fila 1: Formato XLSX seleccionado
2026-03-03 13:00:43,620 - INFO - Fila 1: Botón Descargar encontrado
2026-03-03 13:00:44,142 - INFO - Fila 1: Descargando archivo...
2026-03-03 13:00:49,948 - INFO - Fila 1: [OK] Descargado exitosamente: VENTAS_PAGE1_FILA1_20260303_130049.xlsx
2026-03-03 13:00:50,963 - INFO - No hay página siguiente. Fin de paginación.
2026-03-03 13:00:50,963 - INFO - ======================================================================
2026-03-03 13:00:50,963 - INFO - [OK] Proceso completado
2026-03-03 13:00:50,964 - INFO - [REPORT] Total de descargas: 1 archivo(s)
2026-03-03 13:00:50,964 - INFO - 📁 Ubicación: D:\TAREAS\CARVAJAL\descargas_reportes
2026-03-03 13:00:50,964 - INFO - [LOG] Logs guardados en: logs_reportes\reporte_descargas_20260303_130002.log
2026-03-03 13:00:50,964 - INFO - ======================================================================
2026-03-03 13:00:50,964 - INFO - ✅ Descarga de reportes de ventas completada exitosamente
2026-03-03 13:00:51,097 - INFO - 
[OK] Navegador cerrado. Proceso finalizado correctamente
2026-03-03 13:00:51,097 - INFO - [LOG] Archivo de log: logs_reportes\reporte_descargas_20260303_130002.log
2026-03-03 13:00:51,098 - INFO - ======================================================================
