2026-03-03 17:00:02,649 - INFO - ======================================================================
2026-03-03 17:00:02,649 - INFO - INICIO DE SESIÓN - 03/03/2026 17:00:02
2026-03-03 17:00:02,649 - INFO - ======================================================================
2026-03-03 17:00:03,190 - INFO - Iniciando Playwright...
2026-03-03 17:00:03,363 - INFO - Navegador (Chromium) lanzado en modo oculto
2026-03-03 17:00:03,731 - INFO - Navegando a: https://cencarvajal.com/#/portal/login
2026-03-03 17:00:08,476 - INFO - [Intento 1/3] Intentando login…
2026-03-03 17:00:10,904 - INFO - [Intento 1] Formulario de login enviado
2026-03-03 17:00:20,907 - WARNING - [Intento 1] No apareció 'Tus servicios' después de intentar login (posible modal)
2026-03-03 17:00:20,930 - INFO - [Intento 1] Se hizo clic en botón 'Continuar' del modal
2026-03-03 17:00:27,932 - WARNING - [Intento 1] Aún no aparece 'Tus servicios' tras aceptar modal
2026-03-03 17:00:27,932 - INFO - [Intento 1] Navegando de nuevo a login y reintentando...
2026-03-03 17:00:27,941 - INFO - [Intento 1] Página de login cargada nuevamente
2026-03-03 17:00:27,941 - INFO - [Intento 2/3] Intentando login…
2026-03-03 17:00:27,997 - INFO - [Intento 2] Formulario de login enviado
2026-03-03 17:00:30,356 - INFO - [Intento 2] [OK] Login exitoso - texto 'Tus servicios' encontrado
2026-03-03 17:00:30,356 - INFO - [Intento 2] Esperando que la página se cargue completamente...
2026-03-03 17:00:32,357 - INFO - [Intento 2] Página estabilizada, listo para descargar
2026-03-03 17:00:32,357 - INFO - ======================================================================
2026-03-03 17:00:32,357 - INFO - [*] Iniciando descarga de Reportes VENTAS
2026-03-03 17:00:32,357 - INFO - ======================================================================
2026-03-03 17:00:32,357 - INFO - Navegando a: https://cencarvajal.com/receivingadvicenewportal/#/home/consult-service?service=SLSRPT
2026-03-03 17:00:32,383 - INFO - Esperando que Angular cargue...
2026-03-03 17:00:35,929 - INFO - ✓ Formulario de filtros cargado
2026-03-03 17:00:37,930 - INFO - Configurando filtro de fechas: 02/03/2026 a 03/03/2026
2026-03-03 17:00:37,960 - INFO - Campo 'Fecha inicio' rellenado: 02/03/2026
2026-03-03 17:00:38,506 - INFO - Campo 'Fecha fin' rellenado: 03/03/2026
2026-03-03 17:00:40,015 - INFO - Calendarios cerrados, filtros de fecha configurados
2026-03-03 17:00:40,015 - INFO - 🔍 Presionando botón 'Buscar' para obtener el listado...
2026-03-03 17:00:40,058 - INFO - ✓ Búsqueda completada y tabla cargada
2026-03-03 17:00:42,065 - INFO - ✓ Se encontraron 3 registro(s)
2026-03-03 17:00:42,065 - INFO - 📄 Procesando página 1...
2026-03-03 17:00:42,070 - INFO -   -> 3 fila(s) en esta página
2026-03-03 17:00:42,095 - INFO - Fila 1: Iniciando descarga - Dismel Ltda | SUPERTIENDAS Y DROGUERIAS OLIMPICAS
2026-03-03 17:00:42,127 - INFO - Fila 1: Modal de formato abierto, esperando selección...
2026-03-03 17:00:43,164 - INFO - Fila 1: Formato XLSX seleccionado
2026-03-03 17:00:44,179 - INFO - Fila 1: Botón Descargar encontrado
2026-03-03 17:00:44,699 - INFO - Fila 1: Descargando archivo...
2026-03-03 17:00:50,496 - INFO - Fila 1: [OK] Descargado exitosamente: VENTAS_PAGE1_FILA1_20260303_170050.xlsx
2026-03-03 17:00:51,520 - INFO - Fila 2: Iniciando descarga - Dismel Ltda | SUPERTIENDAS Y DROGUERIAS OLIMPICAS
2026-03-03 17:00:51,573 - INFO - Fila 2: Modal de formato abierto, esperando selección...
2026-03-03 17:00:52,613 - INFO - Fila 2: Formato XLSX seleccionado
2026-03-03 17:00:53,627 - INFO - Fila 2: Botón Descargar encontrado
2026-03-03 17:00:54,148 - INFO - Fila 2: Descargando archivo...
2026-03-03 17:00:56,841 - INFO - Fila 2: [OK] Descargado exitosamente: VENTAS_PAGE1_FILA2_20260303_170056.xlsx
2026-03-03 17:00:57,866 - INFO - Fila 3: Iniciando descarga - Dismel Ltda | SUPERTIENDAS Y DROGUERIAS OLIMPICAS
2026-03-03 17:00:57,903 - INFO - Fila 3: Modal de formato abierto, esperando selección...
2026-03-03 17:00:58,945 - INFO - Fila 3: Formato XLSX seleccionado
2026-03-03 17:00:59,958 - INFO - Fila 3: Botón Descargar encontrado
2026-03-03 17:01:00,480 - INFO - Fila 3: Descargando archivo...
2026-03-03 17:01:03,601 - INFO - Fila 3: [OK] Descargado exitosamente: VENTAS_PAGE1_FILA3_20260303_170103.xlsx
2026-03-03 17:01:04,616 - INFO - No hay página siguiente. Fin de paginación.
2026-03-03 17:01:04,617 - INFO - ======================================================================
2026-03-03 17:01:04,617 - INFO - [OK] Proceso completado
2026-03-03 17:01:04,617 - INFO - [REPORT] Total de descargas: 3 archivo(s)
2026-03-03 17:01:04,617 - INFO - 📁 Ubicación: D:\TAREAS\CARVAJAL\descargas_reportes
2026-03-03 17:01:04,617 - INFO - [LOG] Logs guardados en: logs_reportes\reporte_descargas_20260303_170002.log
2026-03-03 17:01:04,617 - INFO - ======================================================================
2026-03-03 17:01:04,617 - INFO - ✅ Descarga de reportes de ventas completada exitosamente
2026-03-03 17:01:04,763 - INFO - 
[OK] Navegador cerrado. Proceso finalizado correctamente
2026-03-03 17:01:04,763 - INFO - [LOG] Archivo de log: logs_reportes\reporte_descargas_20260303_170002.log
2026-03-03 17:01:04,763 - INFO - ======================================================================
