2026-03-03 23:00:02,676 - INFO - ======================================================================
2026-03-03 23:00:02,676 - INFO - INICIO DE SESIÓN - 03/03/2026 23:00:02
2026-03-03 23:00:02,677 - INFO - ======================================================================
2026-03-03 23:00:03,209 - INFO - Iniciando Playwright...
2026-03-03 23:00:03,392 - INFO - Navegador (Chromium) lanzado en modo oculto
2026-03-03 23:00:03,780 - INFO - Navegando a: https://cencarvajal.com/#/portal/login
2026-03-03 23:00:08,756 - INFO - [Intento 1/3] Intentando login…
2026-03-03 23:00:11,158 - INFO - [Intento 1] Formulario de login enviado
2026-03-03 23:00:21,160 - WARNING - [Intento 1] No apareció 'Tus servicios' después de intentar login (posible modal)
2026-03-03 23:00:21,182 - INFO - [Intento 1] Se hizo clic en botón 'Continuar' del modal
2026-03-03 23:00:28,184 - WARNING - [Intento 1] Aún no aparece 'Tus servicios' tras aceptar modal
2026-03-03 23:00:28,184 - INFO - [Intento 1] Navegando de nuevo a login y reintentando...
2026-03-03 23:00:28,193 - INFO - [Intento 1] Página de login cargada nuevamente
2026-03-03 23:00:28,194 - INFO - [Intento 2/3] Intentando login…
2026-03-03 23:00:28,251 - INFO - [Intento 2] Formulario de login enviado
2026-03-03 23:00:30,553 - INFO - [Intento 2] [OK] Login exitoso - texto 'Tus servicios' encontrado
2026-03-03 23:00:30,554 - INFO - [Intento 2] Esperando que la página se cargue completamente...
2026-03-03 23:00:32,554 - INFO - [Intento 2] Página estabilizada, listo para descargar
2026-03-03 23:00:32,554 - INFO - ======================================================================
2026-03-03 23:00:32,554 - INFO - [*] Iniciando descarga de Reportes VENTAS
2026-03-03 23:00:32,555 - INFO - ======================================================================
2026-03-03 23:00:32,555 - INFO - Navegando a: https://cencarvajal.com/receivingadvicenewportal/#/home/consult-service?service=SLSRPT
2026-03-03 23:00:32,585 - INFO - Esperando que Angular cargue...
2026-03-03 23:00:36,941 - INFO - ✓ Formulario de filtros cargado
2026-03-03 23:00:38,942 - INFO - Configurando filtro de fechas: 02/03/2026 a 03/03/2026
2026-03-03 23:00:38,972 - INFO - Campo 'Fecha inicio' rellenado: 02/03/2026
2026-03-03 23:00:39,510 - INFO - Campo 'Fecha fin' rellenado: 03/03/2026
2026-03-03 23:00:41,019 - INFO - Calendarios cerrados, filtros de fecha configurados
2026-03-03 23:00:41,019 - INFO - 🔍 Presionando botón 'Buscar' para obtener el listado...
2026-03-03 23:00:41,061 - INFO - ✓ Búsqueda completada y tabla cargada
2026-03-03 23:00:43,067 - INFO - ✓ Se encontraron 3 registro(s)
2026-03-03 23:00:43,067 - INFO - 📄 Procesando página 1...
2026-03-03 23:00:43,072 - INFO -   -> 3 fila(s) en esta página
2026-03-03 23:00:43,097 - INFO - Fila 1: Iniciando descarga - Dismel Ltda | SUPERTIENDAS Y DROGUERIAS OLIMPICAS
2026-03-03 23:00:43,128 - INFO - Fila 1: Modal de formato abierto, esperando selección...
2026-03-03 23:00:44,167 - INFO - Fila 1: Formato XLSX seleccionado
2026-03-03 23:00:45,181 - INFO - Fila 1: Botón Descargar encontrado
2026-03-03 23:00:45,702 - INFO - Fila 1: Descargando archivo...
2026-03-03 23:00:51,560 - INFO - Fila 1: [OK] Descargado exitosamente: VENTAS_PAGE1_FILA1_20260303_230051.xlsx
2026-03-03 23:00:52,585 - INFO - Fila 2: Iniciando descarga - Dismel Ltda | SUPERTIENDAS Y DROGUERIAS OLIMPICAS
2026-03-03 23:00:52,626 - INFO - Fila 2: Modal de formato abierto, esperando selección...
2026-03-03 23:00:53,665 - INFO - Fila 2: Formato XLSX seleccionado
2026-03-03 23:00:54,679 - INFO - Fila 2: Botón Descargar encontrado
2026-03-03 23:00:55,200 - INFO - Fila 2: Descargando archivo...
2026-03-03 23:00:57,854 - INFO - Fila 2: [OK] Descargado exitosamente: VENTAS_PAGE1_FILA2_20260303_230057.xlsx
2026-03-03 23:00:58,880 - INFO - Fila 3: Iniciando descarga - Dismel Ltda | SUPERTIENDAS Y DROGUERIAS OLIMPICAS
2026-03-03 23:00:58,910 - INFO - Fila 3: Modal de formato abierto, esperando selección...
2026-03-03 23:00:59,947 - INFO - Fila 3: Formato XLSX seleccionado
2026-03-03 23:01:00,961 - INFO - Fila 3: Botón Descargar encontrado
2026-03-03 23:01:01,483 - INFO - Fila 3: Descargando archivo...
2026-03-03 23:01:04,631 - INFO - Fila 3: [OK] Descargado exitosamente: VENTAS_PAGE1_FILA3_20260303_230104.xlsx
2026-03-03 23:01:05,647 - INFO - No hay página siguiente. Fin de paginación.
2026-03-03 23:01:05,647 - INFO - ======================================================================
2026-03-03 23:01:05,647 - INFO - [OK] Proceso completado
2026-03-03 23:01:05,647 - INFO - [REPORT] Total de descargas: 3 archivo(s)
2026-03-03 23:01:05,647 - INFO - 📁 Ubicación: D:\TAREAS\CARVAJAL\descargas_reportes
2026-03-03 23:01:05,647 - INFO - [LOG] Logs guardados en: logs_reportes\reporte_descargas_20260303_230002.log
2026-03-03 23:01:05,647 - INFO - ======================================================================
2026-03-03 23:01:05,648 - INFO - ✅ Descarga de reportes de ventas completada exitosamente
2026-03-03 23:01:05,792 - INFO - 
[OK] Navegador cerrado. Proceso finalizado correctamente
2026-03-03 23:01:05,793 - INFO - [LOG] Archivo de log: logs_reportes\reporte_descargas_20260303_230002.log
2026-03-03 23:01:05,793 - INFO - ======================================================================
