2026-03-03 09:00:02,649 - INFO - ======================================================================
2026-03-03 09:00:02,649 - INFO - INICIO DE SESIÓN - 03/03/2026 09:00:02
2026-03-03 09:00:02,650 - INFO - ======================================================================
2026-03-03 09:00:03,186 - INFO - Iniciando Playwright...
2026-03-03 09:00:03,357 - INFO - Navegador (Chromium) lanzado en modo oculto
2026-03-03 09:00:03,730 - INFO - Navegando a: https://cencarvajal.com/#/portal/login
2026-03-03 09:00:08,250 - INFO - [Intento 1/3] Intentando login…
2026-03-03 09:00:10,657 - INFO - [Intento 1] Formulario de login enviado
2026-03-03 09:00:20,664 - WARNING - [Intento 1] No apareció 'Tus servicios' después de intentar login (posible modal)
2026-03-03 09:00:20,681 - INFO - [Intento 1] Se hizo clic en botón 'Continuar' del modal
2026-03-03 09:00:27,683 - WARNING - [Intento 1] Aún no aparece 'Tus servicios' tras aceptar modal
2026-03-03 09:00:27,683 - INFO - [Intento 1] Navegando de nuevo a login y reintentando...
2026-03-03 09:00:27,692 - INFO - [Intento 1] Página de login cargada nuevamente
2026-03-03 09:00:27,692 - INFO - [Intento 2/3] Intentando login…
2026-03-03 09:00:27,749 - INFO - [Intento 2] Formulario de login enviado
2026-03-03 09:00:30,047 - INFO - [Intento 2] [OK] Login exitoso - texto 'Tus servicios' encontrado
2026-03-03 09:00:30,047 - INFO - [Intento 2] Esperando que la página se cargue completamente...
2026-03-03 09:00:32,048 - INFO - [Intento 2] Página estabilizada, listo para descargar
2026-03-03 09:00:32,048 - INFO - ======================================================================
2026-03-03 09:00:32,048 - INFO - [*] Iniciando descarga de Reportes VENTAS
2026-03-03 09:00:32,048 - INFO - ======================================================================
2026-03-03 09:00:32,048 - INFO - Navegando a: https://cencarvajal.com/receivingadvicenewportal/#/home/consult-service?service=SLSRPT
2026-03-03 09:00:32,074 - INFO - Esperando que Angular cargue...
2026-03-03 09:00:35,606 - INFO - ✓ Formulario de filtros cargado
2026-03-03 09:00:37,607 - INFO - Configurando filtro de fechas: 02/03/2026 a 03/03/2026
2026-03-03 09:00:37,637 - INFO - Campo 'Fecha inicio' rellenado: 02/03/2026
2026-03-03 09:00:38,200 - INFO - Campo 'Fecha fin' rellenado: 03/03/2026
2026-03-03 09:00:39,709 - INFO - Calendarios cerrados, filtros de fecha configurados
2026-03-03 09:00:39,709 - INFO - 🔍 Presionando botón 'Buscar' para obtener el listado...
2026-03-03 09:00:39,742 - INFO - ✓ Búsqueda completada y tabla cargada
2026-03-03 09:00:41,748 - INFO - ✓ Se encontraron 1 registro(s)
2026-03-03 09:00:41,748 - INFO - 📄 Procesando página 1...
2026-03-03 09:00:41,752 - INFO -   -> 1 fila(s) en esta página
2026-03-03 09:00:41,776 - INFO - Fila 1: Iniciando descarga - Dismel Ltda | SUPERTIENDAS Y DROGUERIAS OLIMPICAS
2026-03-03 09:00:41,812 - INFO - Fila 1: Modal de formato abierto, esperando selección...
2026-03-03 09:00:42,849 - INFO - Fila 1: Formato XLSX seleccionado
2026-03-03 09:00:43,863 - INFO - Fila 1: Botón Descargar encontrado
2026-03-03 09:00:44,383 - INFO - Fila 1: Descargando archivo...
2026-03-03 09:00:50,094 - INFO - Fila 1: [OK] Descargado exitosamente: VENTAS_PAGE1_FILA1_20260303_090050.xlsx
2026-03-03 09:00:51,110 - INFO - No hay página siguiente. Fin de paginación.
2026-03-03 09:00:51,110 - INFO - ======================================================================
2026-03-03 09:00:51,110 - INFO - [OK] Proceso completado
2026-03-03 09:00:51,110 - INFO - [REPORT] Total de descargas: 1 archivo(s)
2026-03-03 09:00:51,110 - INFO - 📁 Ubicación: D:\TAREAS\CARVAJAL\descargas_reportes
2026-03-03 09:00:51,110 - INFO - [LOG] Logs guardados en: logs_reportes\reporte_descargas_20260303_090002.log
2026-03-03 09:00:51,111 - INFO - ======================================================================
2026-03-03 09:00:51,111 - INFO - ✅ Descarga de reportes de ventas completada exitosamente
2026-03-03 09:00:51,194 - INFO - 
[OK] Navegador cerrado. Proceso finalizado correctamente
2026-03-03 09:00:51,194 - INFO - [LOG] Archivo de log: logs_reportes\reporte_descargas_20260303_090002.log
2026-03-03 09:00:51,195 - INFO - ======================================================================
