2026-03-04 12:00:02,655 - INFO - ======================================================================
2026-03-04 12:00:02,655 - INFO - INICIO DE SESIÓN - 04/03/2026 12:00:02
2026-03-04 12:00:02,655 - INFO - ======================================================================
2026-03-04 12:00:03,188 - INFO - Iniciando Playwright...
2026-03-04 12:00:03,360 - INFO - Navegador (Chromium) lanzado en modo oculto
2026-03-04 12:00:03,730 - INFO - Navegando a: https://cencarvajal.com/#/portal/login
2026-03-04 12:00:08,403 - INFO - [Intento 1/3] Intentando login…
2026-03-04 12:00:11,285 - INFO - [Intento 1] Formulario de login enviado
2026-03-04 12:00:21,288 - WARNING - [Intento 1] No apareció 'Tus servicios' después de intentar login (posible modal)
2026-03-04 12:00:21,310 - INFO - [Intento 1] Se hizo clic en botón 'Continuar' del modal
2026-03-04 12:00:28,312 - WARNING - [Intento 1] Aún no aparece 'Tus servicios' tras aceptar modal
2026-03-04 12:00:28,312 - INFO - [Intento 1] Navegando de nuevo a login y reintentando...
2026-03-04 12:00:28,322 - INFO - [Intento 1] Página de login cargada nuevamente
2026-03-04 12:00:28,322 - INFO - [Intento 2/3] Intentando login…
2026-03-04 12:00:28,378 - INFO - [Intento 2] Formulario de login enviado
2026-03-04 12:00:30,673 - INFO - [Intento 2] [OK] Login exitoso - texto 'Tus servicios' encontrado
2026-03-04 12:00:30,673 - INFO - [Intento 2] Esperando que la página se cargue completamente...
2026-03-04 12:00:32,673 - INFO - [Intento 2] Página estabilizada, listo para descargar
2026-03-04 12:00:32,674 - INFO - ======================================================================
2026-03-04 12:00:32,674 - INFO - [*] Iniciando descarga de Reportes VENTAS
2026-03-04 12:00:32,674 - INFO - ======================================================================
2026-03-04 12:00:32,674 - INFO - Navegando a: https://cencarvajal.com/receivingadvicenewportal/#/home/consult-service?service=SLSRPT
2026-03-04 12:00:32,700 - INFO - Esperando que Angular cargue...
2026-03-04 12:00:36,240 - INFO - ✓ Formulario de filtros cargado
2026-03-04 12:00:38,240 - INFO - Configurando filtro de fechas: 03/03/2026 a 04/03/2026
2026-03-04 12:00:38,271 - INFO - Campo 'Fecha inicio' rellenado: 03/03/2026
2026-03-04 12:00:38,808 - INFO - Campo 'Fecha fin' rellenado: 04/03/2026
2026-03-04 12:00:40,317 - INFO - Calendarios cerrados, filtros de fecha configurados
2026-03-04 12:00:40,317 - INFO - 🔍 Presionando botón 'Buscar' para obtener el listado...
2026-03-04 12:00:40,354 - INFO - ✓ Búsqueda completada y tabla cargada
2026-03-04 12:00:42,361 - INFO - ✓ Se encontraron 2 registro(s)
2026-03-04 12:00:42,361 - INFO - 📄 Procesando página 1...
2026-03-04 12:00:42,365 - INFO -   -> 2 fila(s) en esta página
2026-03-04 12:00:42,389 - INFO - Fila 1: Iniciando descarga - Dismel Ltda | SUPERTIENDAS Y DROGUERIAS OLIMPICAS
2026-03-04 12:00:42,424 - INFO - Fila 1: Modal de formato abierto, esperando selección...
2026-03-04 12:00:43,460 - INFO - Fila 1: Formato XLSX seleccionado
2026-03-04 12:00:44,474 - INFO - Fila 1: Botón Descargar encontrado
2026-03-04 12:00:44,995 - INFO - Fila 1: Descargando archivo...
2026-03-04 12:00:50,958 - INFO - Fila 1: [OK] Descargado exitosamente: VENTAS_PAGE1_FILA1_20260304_120050.xlsx
2026-03-04 12:00:51,982 - INFO - Fila 2: Iniciando descarga - Dismel Ltda | SUPERTIENDAS Y DROGUERIAS OLIMPICAS
2026-03-04 12:00:52,022 - INFO - Fila 2: Modal de formato abierto, esperando selección...
2026-03-04 12:00:53,060 - INFO - Fila 2: Formato XLSX seleccionado
2026-03-04 12:00:54,074 - INFO - Fila 2: Botón Descargar encontrado
2026-03-04 12:00:54,595 - INFO - Fila 2: Descargando archivo...
2026-03-04 12:00:57,232 - INFO - Fila 2: [OK] Descargado exitosamente: VENTAS_PAGE1_FILA2_20260304_120057.xlsx
2026-03-04 12:00:58,247 - INFO - No hay página siguiente. Fin de paginación.
2026-03-04 12:00:58,247 - INFO - ======================================================================
2026-03-04 12:00:58,248 - INFO - [OK] Proceso completado
2026-03-04 12:00:58,248 - INFO - [REPORT] Total de descargas: 2 archivo(s)
2026-03-04 12:00:58,248 - INFO - 📁 Ubicación: D:\TAREAS\CARVAJAL\descargas_reportes
2026-03-04 12:00:58,248 - INFO - [LOG] Logs guardados en: logs_reportes\reporte_descargas_20260304_120002.log
2026-03-04 12:00:58,248 - INFO - ======================================================================
2026-03-04 12:00:58,248 - INFO - ✅ Descarga de reportes de ventas completada exitosamente
2026-03-04 12:00:58,387 - INFO - 
[OK] Navegador cerrado. Proceso finalizado correctamente
2026-03-04 12:00:58,388 - INFO - [LOG] Archivo de log: logs_reportes\reporte_descargas_20260304_120002.log
2026-03-04 12:00:58,388 - INFO - ======================================================================
