2026-03-05 05:00:02,668 - INFO - ======================================================================
2026-03-05 05:00:02,668 - INFO - INICIO DE SESIÓN - 05/03/2026 05:00:02
2026-03-05 05:00:02,668 - INFO - ======================================================================
2026-03-05 05:00:03,202 - INFO - Iniciando Playwright...
2026-03-05 05:00:03,383 - INFO - Navegador (Chromium) lanzado en modo oculto
2026-03-05 05:00:03,751 - INFO - Navegando a: https://cencarvajal.com/#/portal/login
2026-03-05 05:00:08,568 - INFO - [Intento 1/3] Intentando login…
2026-03-05 05:00:10,992 - INFO - [Intento 1] Formulario de login enviado
2026-03-05 05:00:20,994 - WARNING - [Intento 1] No apareció 'Tus servicios' después de intentar login (posible modal)
2026-03-05 05:00:21,012 - INFO - [Intento 1] Se hizo clic en botón 'Continuar' del modal
2026-03-05 05:00:28,013 - WARNING - [Intento 1] Aún no aparece 'Tus servicios' tras aceptar modal
2026-03-05 05:00:28,013 - INFO - [Intento 1] Navegando de nuevo a login y reintentando...
2026-03-05 05:00:28,022 - INFO - [Intento 1] Página de login cargada nuevamente
2026-03-05 05:00:28,022 - INFO - [Intento 2/3] Intentando login…
2026-03-05 05:00:28,079 - INFO - [Intento 2] Formulario de login enviado
2026-03-05 05:00:30,445 - INFO - [Intento 2] [OK] Login exitoso - texto 'Tus servicios' encontrado
2026-03-05 05:00:30,445 - INFO - [Intento 2] Esperando que la página se cargue completamente...
2026-03-05 05:00:32,446 - INFO - [Intento 2] Página estabilizada, listo para descargar
2026-03-05 05:00:32,446 - INFO - ======================================================================
2026-03-05 05:00:32,446 - INFO - [*] Iniciando descarga de Reportes VENTAS
2026-03-05 05:00:32,446 - INFO - ======================================================================
2026-03-05 05:00:32,446 - INFO - Navegando a: https://cencarvajal.com/receivingadvicenewportal/#/home/consult-service?service=SLSRPT
2026-03-05 05:00:32,475 - INFO - Esperando que Angular cargue...
2026-03-05 05:00:36,004 - INFO - ✓ Formulario de filtros cargado
2026-03-05 05:00:38,005 - INFO - Configurando filtro de fechas: 04/03/2026 a 05/03/2026
2026-03-05 05:00:38,035 - INFO - Campo 'Fecha inicio' rellenado: 04/03/2026
2026-03-05 05:00:38,591 - INFO - Campo 'Fecha fin' rellenado: 05/03/2026
2026-03-05 05:00:40,100 - INFO - Calendarios cerrados, filtros de fecha configurados
2026-03-05 05:00:40,100 - INFO - 🔍 Presionando botón 'Buscar' para obtener el listado...
2026-03-05 05:00:40,140 - INFO - ✓ Búsqueda completada y tabla cargada
2026-03-05 05:00:42,145 - INFO - ✓ Se encontraron 1 registro(s)
2026-03-05 05:00:42,145 - INFO - 📄 Procesando página 1...
2026-03-05 05:00:42,149 - INFO -   -> 1 fila(s) en esta página
2026-03-05 05:00:42,173 - INFO - Fila 1: Iniciando descarga - Dismel Ltda | SUPERTIENDAS Y DROGUERIAS OLIMPICAS
2026-03-05 05:00:42,208 - INFO - Fila 1: Modal de formato abierto, esperando selección...
2026-03-05 05:00:43,246 - INFO - Fila 1: Formato XLSX seleccionado
2026-03-05 05:00:44,259 - INFO - Fila 1: Botón Descargar encontrado
2026-03-05 05:00:44,781 - INFO - Fila 1: Descargando archivo...
2026-03-05 05:00:50,662 - INFO - Fila 1: [OK] Descargado exitosamente: VENTAS_PAGE1_FILA1_20260305_050050.xlsx
2026-03-05 05:00:51,676 - INFO - No hay página siguiente. Fin de paginación.
2026-03-05 05:00:51,676 - INFO - ======================================================================
2026-03-05 05:00:51,677 - INFO - [OK] Proceso completado
2026-03-05 05:00:51,677 - INFO - [REPORT] Total de descargas: 1 archivo(s)
2026-03-05 05:00:51,677 - INFO - 📁 Ubicación: D:\TAREAS\CARVAJAL\descargas_reportes
2026-03-05 05:00:51,677 - INFO - [LOG] Logs guardados en: logs_reportes\reporte_descargas_20260305_050002.log
2026-03-05 05:00:51,677 - INFO - ======================================================================
2026-03-05 05:00:51,677 - INFO - ✅ Descarga de reportes de ventas completada exitosamente
2026-03-05 05:00:51,811 - INFO - 
[OK] Navegador cerrado. Proceso finalizado correctamente
2026-03-05 05:00:51,811 - INFO - [LOG] Archivo de log: logs_reportes\reporte_descargas_20260305_050002.log
2026-03-05 05:00:51,811 - INFO - ======================================================================
