2026-03-04 03:00:02,672 - INFO - ======================================================================
2026-03-04 03:00:02,672 - INFO - INICIO DE SESIÓN - 04/03/2026 03:00:02
2026-03-04 03:00:02,672 - INFO - ======================================================================
2026-03-04 03:00:03,201 - INFO - Iniciando Playwright...
2026-03-04 03:00:03,376 - INFO - Navegador (Chromium) lanzado en modo oculto
2026-03-04 03:00:03,744 - INFO - Navegando a: https://cencarvajal.com/#/portal/login
2026-03-04 03:00:09,487 - INFO - [Intento 1/3] Intentando login…
2026-03-04 03:00:11,963 - INFO - [Intento 1] Formulario de login enviado
2026-03-04 03:00:21,966 - WARNING - [Intento 1] No apareció 'Tus servicios' después de intentar login (posible modal)
2026-03-04 03:00:21,989 - INFO - [Intento 1] Se hizo clic en botón 'Continuar' del modal
2026-03-04 03:00:28,991 - WARNING - [Intento 1] Aún no aparece 'Tus servicios' tras aceptar modal
2026-03-04 03:00:28,991 - INFO - [Intento 1] Navegando de nuevo a login y reintentando...
2026-03-04 03:00:29,000 - INFO - [Intento 1] Página de login cargada nuevamente
2026-03-04 03:00:29,001 - INFO - [Intento 2/3] Intentando login…
2026-03-04 03:00:29,056 - INFO - [Intento 2] Formulario de login enviado
2026-03-04 03:00:31,355 - INFO - [Intento 2] [OK] Login exitoso - texto 'Tus servicios' encontrado
2026-03-04 03:00:31,355 - INFO - [Intento 2] Esperando que la página se cargue completamente...
2026-03-04 03:00:33,355 - INFO - [Intento 2] Página estabilizada, listo para descargar
2026-03-04 03:00:33,355 - INFO - ======================================================================
2026-03-04 03:00:33,356 - INFO - [*] Iniciando descarga de Reportes VENTAS
2026-03-04 03:00:33,356 - INFO - ======================================================================
2026-03-04 03:00:33,356 - INFO - Navegando a: https://cencarvajal.com/receivingadvicenewportal/#/home/consult-service?service=SLSRPT
2026-03-04 03:00:33,386 - INFO - Esperando que Angular cargue...
2026-03-04 03:00:36,910 - INFO - ✓ Formulario de filtros cargado
2026-03-04 03:00:38,911 - INFO - Configurando filtro de fechas: 03/03/2026 a 04/03/2026
2026-03-04 03:00:38,940 - INFO - Campo 'Fecha inicio' rellenado: 03/03/2026
2026-03-04 03:00:39,479 - INFO - Campo 'Fecha fin' rellenado: 04/03/2026
2026-03-04 03:00:40,991 - INFO - Calendarios cerrados, filtros de fecha configurados
2026-03-04 03:00:40,991 - INFO - 🔍 Presionando botón 'Buscar' para obtener el listado...
2026-03-04 03:00:41,034 - INFO - ✓ Búsqueda completada y tabla cargada
2026-03-04 03:00:43,041 - INFO - ✓ Se encontraron 3 registro(s)
2026-03-04 03:00:43,041 - INFO - 📄 Procesando página 1...
2026-03-04 03:00:43,046 - INFO -   -> 3 fila(s) en esta página
2026-03-04 03:00:43,071 - INFO - Fila 1: Iniciando descarga - Dismel Ltda | SUPERTIENDAS Y DROGUERIAS OLIMPICAS
2026-03-04 03:00:43,105 - INFO - Fila 1: Modal de formato abierto, esperando selección...
2026-03-04 03:00:44,141 - INFO - Fila 1: Formato XLSX seleccionado
2026-03-04 03:00:45,156 - INFO - Fila 1: Botón Descargar encontrado
2026-03-04 03:00:45,676 - INFO - Fila 1: Descargando archivo...
2026-03-04 03:00:51,951 - INFO - Fila 1: [OK] Descargado exitosamente: VENTAS_PAGE1_FILA1_20260304_030051.xlsx
2026-03-04 03:00:52,978 - INFO - Fila 2: Iniciando descarga - Dismel Ltda | SUPERTIENDAS Y DROGUERIAS OLIMPICAS
2026-03-04 03:00:53,017 - INFO - Fila 2: Modal de formato abierto, esperando selección...
2026-03-04 03:00:54,056 - INFO - Fila 2: Formato XLSX seleccionado
2026-03-04 03:00:55,070 - INFO - Fila 2: Botón Descargar encontrado
2026-03-04 03:00:55,591 - INFO - Fila 2: Descargando archivo...
2026-03-04 03:00:58,267 - INFO - Fila 2: [OK] Descargado exitosamente: VENTAS_PAGE1_FILA2_20260304_030058.xlsx
2026-03-04 03:00:59,292 - INFO - Fila 3: Iniciando descarga - Dismel Ltda | SUPERTIENDAS Y DROGUERIAS OLIMPICAS
2026-03-04 03:00:59,331 - INFO - Fila 3: Modal de formato abierto, esperando selección...
2026-03-04 03:01:00,372 - INFO - Fila 3: Formato XLSX seleccionado
2026-03-04 03:01:01,386 - INFO - Fila 3: Botón Descargar encontrado
2026-03-04 03:01:01,906 - INFO - Fila 3: Descargando archivo...
2026-03-04 03:01:04,642 - INFO - Fila 3: [OK] Descargado exitosamente: VENTAS_PAGE1_FILA3_20260304_030104.xlsx
2026-03-04 03:01:05,656 - INFO - No hay página siguiente. Fin de paginación.
2026-03-04 03:01:05,656 - INFO - ======================================================================
2026-03-04 03:01:05,657 - INFO - [OK] Proceso completado
2026-03-04 03:01:05,657 - INFO - [REPORT] Total de descargas: 3 archivo(s)
2026-03-04 03:01:05,657 - INFO - 📁 Ubicación: D:\TAREAS\CARVAJAL\descargas_reportes
2026-03-04 03:01:05,657 - INFO - [LOG] Logs guardados en: logs_reportes\reporte_descargas_20260304_030002.log
2026-03-04 03:01:05,657 - INFO - ======================================================================
2026-03-04 03:01:05,657 - INFO - ✅ Descarga de reportes de ventas completada exitosamente
2026-03-04 03:01:05,800 - INFO - 
[OK] Navegador cerrado. Proceso finalizado correctamente
2026-03-04 03:01:05,801 - INFO - [LOG] Archivo de log: logs_reportes\reporte_descargas_20260304_030002.log
2026-03-04 03:01:05,801 - INFO - ======================================================================
