2026-03-03 08:00:02,695 - INFO - ======================================================================
2026-03-03 08:00:02,696 - INFO - INICIO DE SESIÓN - 03/03/2026 08:00:02
2026-03-03 08:00:02,696 - INFO - ======================================================================
2026-03-03 08:00:09,024 - INFO - Iniciando Playwright...
2026-03-03 08:00:09,779 - INFO - Navegador (Chromium) lanzado en modo oculto
2026-03-03 08:00:10,151 - INFO - Navegando a: https://cencarvajal.com/#/portal/login
2026-03-03 08:00:14,869 - INFO - [Intento 1/3] Intentando login…
2026-03-03 08:00:17,267 - INFO - [Intento 1] Formulario de login enviado
2026-03-03 08:00:27,270 - WARNING - [Intento 1] No apareció 'Tus servicios' después de intentar login (posible modal)
2026-03-03 08:00:27,292 - INFO - [Intento 1] Se hizo clic en botón 'Continuar' del modal
2026-03-03 08:00:34,294 - WARNING - [Intento 1] Aún no aparece 'Tus servicios' tras aceptar modal
2026-03-03 08:00:34,294 - INFO - [Intento 1] Navegando de nuevo a login y reintentando...
2026-03-03 08:00:34,303 - INFO - [Intento 1] Página de login cargada nuevamente
2026-03-03 08:00:34,303 - INFO - [Intento 2/3] Intentando login…
2026-03-03 08:00:34,360 - INFO - [Intento 2] Formulario de login enviado
2026-03-03 08:00:36,724 - INFO - [Intento 2] [OK] Login exitoso - texto 'Tus servicios' encontrado
2026-03-03 08:00:36,724 - INFO - [Intento 2] Esperando que la página se cargue completamente...
2026-03-03 08:00:38,724 - INFO - [Intento 2] Página estabilizada, listo para descargar
2026-03-03 08:00:38,725 - INFO - ======================================================================
2026-03-03 08:00:38,725 - INFO - [*] Iniciando descarga de Reportes VENTAS
2026-03-03 08:00:38,725 - INFO - ======================================================================
2026-03-03 08:00:38,725 - INFO - Navegando a: https://cencarvajal.com/receivingadvicenewportal/#/home/consult-service?service=SLSRPT
2026-03-03 08:00:38,749 - INFO - Esperando que Angular cargue...
2026-03-03 08:00:42,310 - INFO - ✓ Formulario de filtros cargado
2026-03-03 08:00:44,311 - INFO - Configurando filtro de fechas: 02/03/2026 a 03/03/2026
2026-03-03 08:00:44,352 - INFO - Campo 'Fecha inicio' rellenado: 02/03/2026
2026-03-03 08:00:44,890 - INFO - Campo 'Fecha fin' rellenado: 03/03/2026
2026-03-03 08:00:46,398 - INFO - Calendarios cerrados, filtros de fecha configurados
2026-03-03 08:00:46,399 - INFO - 🔍 Presionando botón 'Buscar' para obtener el listado...
2026-03-03 08:00:46,437 - INFO - ✓ Búsqueda completada y tabla cargada
2026-03-03 08:00:48,442 - INFO - ✓ Se encontraron 1 registro(s)
2026-03-03 08:00:48,443 - INFO - 📄 Procesando página 1...
2026-03-03 08:00:48,447 - INFO -   -> 1 fila(s) en esta página
2026-03-03 08:00:48,470 - INFO - Fila 1: Iniciando descarga - Dismel Ltda | SUPERTIENDAS Y DROGUERIAS OLIMPICAS
2026-03-03 08:00:48,506 - INFO - Fila 1: Modal de formato abierto, esperando selección...
2026-03-03 08:00:49,543 - INFO - Fila 1: Formato XLSX seleccionado
2026-03-03 08:00:50,557 - INFO - Fila 1: Botón Descargar encontrado
2026-03-03 08:00:51,078 - INFO - Fila 1: Descargando archivo...
2026-03-03 08:00:56,908 - INFO - Fila 1: [OK] Descargado exitosamente: VENTAS_PAGE1_FILA1_20260303_080056.xlsx
2026-03-03 08:00:57,923 - INFO - No hay página siguiente. Fin de paginación.
2026-03-03 08:00:57,923 - INFO - ======================================================================
2026-03-03 08:00:57,923 - INFO - [OK] Proceso completado
2026-03-03 08:00:57,923 - INFO - [REPORT] Total de descargas: 1 archivo(s)
2026-03-03 08:00:57,924 - INFO - 📁 Ubicación: D:\TAREAS\CARVAJAL\descargas_reportes
2026-03-03 08:00:57,924 - INFO - [LOG] Logs guardados en: logs_reportes\reporte_descargas_20260303_080002.log
2026-03-03 08:00:57,924 - INFO - ======================================================================
2026-03-03 08:00:57,924 - INFO - ✅ Descarga de reportes de ventas completada exitosamente
2026-03-03 08:00:58,058 - INFO - 
[OK] Navegador cerrado. Proceso finalizado correctamente
2026-03-03 08:00:58,058 - INFO - [LOG] Archivo de log: logs_reportes\reporte_descargas_20260303_080002.log
2026-03-03 08:00:58,058 - INFO - ======================================================================
