2026-03-03 14:00:02,656 - INFO - ======================================================================
2026-03-03 14:00:02,656 - INFO - INICIO DE SESIÓN - 03/03/2026 14:00:02
2026-03-03 14:00:02,657 - INFO - ======================================================================
2026-03-03 14:00:03,190 - INFO - Iniciando Playwright...
2026-03-03 14:00:03,364 - INFO - Navegador (Chromium) lanzado en modo oculto
2026-03-03 14:00:03,721 - INFO - Navegando a: https://cencarvajal.com/#/portal/login
2026-03-03 14:00:08,396 - INFO - [Intento 1/3] Intentando login…
2026-03-03 14:00:10,804 - INFO - [Intento 1] Formulario de login enviado
2026-03-03 14:00:20,810 - WARNING - [Intento 1] No apareció 'Tus servicios' después de intentar login (posible modal)
2026-03-03 14:00:20,828 - INFO - [Intento 1] Se hizo clic en botón 'Continuar' del modal
2026-03-03 14:00:27,831 - WARNING - [Intento 1] Aún no aparece 'Tus servicios' tras aceptar modal
2026-03-03 14:00:27,831 - INFO - [Intento 1] Navegando de nuevo a login y reintentando...
2026-03-03 14:00:27,842 - INFO - [Intento 1] Página de login cargada nuevamente
2026-03-03 14:00:27,842 - INFO - [Intento 2/3] Intentando login…
2026-03-03 14:00:27,896 - INFO - [Intento 2] Formulario de login enviado
2026-03-03 14:00:30,264 - INFO - [Intento 2] [OK] Login exitoso - texto 'Tus servicios' encontrado
2026-03-03 14:00:30,264 - INFO - [Intento 2] Esperando que la página se cargue completamente...
2026-03-03 14:00:32,264 - INFO - [Intento 2] Página estabilizada, listo para descargar
2026-03-03 14:00:32,265 - INFO - ======================================================================
2026-03-03 14:00:32,265 - INFO - [*] Iniciando descarga de Reportes VENTAS
2026-03-03 14:00:32,265 - INFO - ======================================================================
2026-03-03 14:00:32,265 - INFO - Navegando a: https://cencarvajal.com/receivingadvicenewportal/#/home/consult-service?service=SLSRPT
2026-03-03 14:00:32,290 - INFO - Esperando que Angular cargue...
2026-03-03 14:00:35,826 - INFO - ✓ Formulario de filtros cargado
2026-03-03 14:00:37,827 - INFO - Configurando filtro de fechas: 02/03/2026 a 03/03/2026
2026-03-03 14:00:37,856 - INFO - Campo 'Fecha inicio' rellenado: 02/03/2026
2026-03-03 14:00:38,411 - INFO - Campo 'Fecha fin' rellenado: 03/03/2026
2026-03-03 14:00:39,921 - INFO - Calendarios cerrados, filtros de fecha configurados
2026-03-03 14:00:39,921 - INFO - 🔍 Presionando botón 'Buscar' para obtener el listado...
2026-03-03 14:00:39,957 - INFO - ✓ Búsqueda completada y tabla cargada
2026-03-03 14:00:41,962 - INFO - ✓ Se encontraron 1 registro(s)
2026-03-03 14:00:41,962 - INFO - 📄 Procesando página 1...
2026-03-03 14:00:41,966 - INFO -   -> 1 fila(s) en esta página
2026-03-03 14:00:41,990 - INFO - Fila 1: Iniciando descarga - Dismel Ltda | SUPERTIENDAS Y DROGUERIAS OLIMPICAS
2026-03-03 14:00:42,025 - INFO - Fila 1: Modal de formato abierto, esperando selección...
2026-03-03 14:00:43,062 - INFO - Fila 1: Formato XLSX seleccionado
2026-03-03 14:00:44,075 - INFO - Fila 1: Botón Descargar encontrado
2026-03-03 14:00:44,597 - INFO - Fila 1: Descargando archivo...
2026-03-03 14:00:50,554 - INFO - Fila 1: [OK] Descargado exitosamente: VENTAS_PAGE1_FILA1_20260303_140050.xlsx
2026-03-03 14:00:51,569 - INFO - No hay página siguiente. Fin de paginación.
2026-03-03 14:00:51,569 - INFO - ======================================================================
2026-03-03 14:00:51,569 - INFO - [OK] Proceso completado
2026-03-03 14:00:51,569 - INFO - [REPORT] Total de descargas: 1 archivo(s)
2026-03-03 14:00:51,570 - INFO - 📁 Ubicación: D:\TAREAS\CARVAJAL\descargas_reportes
2026-03-03 14:00:51,570 - INFO - [LOG] Logs guardados en: logs_reportes\reporte_descargas_20260303_140002.log
2026-03-03 14:00:51,570 - INFO - ======================================================================
2026-03-03 14:00:51,570 - INFO - ✅ Descarga de reportes de ventas completada exitosamente
2026-03-03 14:00:51,703 - INFO - 
[OK] Navegador cerrado. Proceso finalizado correctamente
2026-03-03 14:00:51,703 - INFO - [LOG] Archivo de log: logs_reportes\reporte_descargas_20260303_140002.log
2026-03-03 14:00:51,704 - INFO - ======================================================================
