2026-03-02 14:00:01,747 - INFO - ======================================================================
2026-03-02 14:00:01,747 - INFO - INICIO DE SESIÓN - 02/03/2026 14:00:01
2026-03-02 14:00:01,747 - INFO - ======================================================================
2026-03-02 14:00:02,283 - INFO - Iniciando Playwright...
2026-03-02 14:00:02,455 - INFO - Navegador (Chromium) lanzado en modo oculto
2026-03-02 14:00:02,824 - INFO - Navegando a: https://cencarvajal.com/#/portal/login
2026-03-02 14:00:07,438 - INFO - [Intento 1/3] Intentando login…
2026-03-02 14:00:09,876 - INFO - [Intento 1] Formulario de login enviado
2026-03-02 14:00:19,878 - WARNING - [Intento 1] No apareció 'Tus servicios' después de intentar login (posible modal)
2026-03-02 14:00:19,918 - INFO - [Intento 1] Se hizo clic en botón 'Continuar' del modal
2026-03-02 14:00:26,921 - WARNING - [Intento 1] Aún no aparece 'Tus servicios' tras aceptar modal
2026-03-02 14:00:26,921 - INFO - [Intento 1] Navegando de nuevo a login y reintentando...
2026-03-02 14:00:26,930 - INFO - [Intento 1] Página de login cargada nuevamente
2026-03-02 14:00:26,930 - INFO - [Intento 2/3] Intentando login…
2026-03-02 14:00:26,986 - INFO - [Intento 2] Formulario de login enviado
2026-03-02 14:00:29,348 - INFO - [Intento 2] [OK] Login exitoso - texto 'Tus servicios' encontrado
2026-03-02 14:00:29,348 - INFO - [Intento 2] Esperando que la página se cargue completamente...
2026-03-02 14:00:31,349 - INFO - [Intento 2] Página estabilizada, listo para descargar
2026-03-02 14:00:31,349 - INFO - ======================================================================
2026-03-02 14:00:31,349 - INFO - [*] Iniciando descarga de Reportes VENTAS
2026-03-02 14:00:31,349 - INFO - ======================================================================
2026-03-02 14:00:31,349 - INFO - Navegando a: https://cencarvajal.com/receivingadvicenewportal/#/home/consult-service?service=SLSRPT
2026-03-02 14:00:31,375 - INFO - Esperando que Angular cargue...
2026-03-02 14:00:34,916 - INFO - ✓ Formulario de filtros cargado
2026-03-02 14:00:36,917 - INFO - Configurando filtro de fechas: 01/03/2026 a 02/03/2026
2026-03-02 14:00:36,947 - INFO - Campo 'Fecha inicio' rellenado: 01/03/2026
2026-03-02 14:00:37,484 - INFO - Campo 'Fecha fin' rellenado: 02/03/2026
2026-03-02 14:00:38,993 - INFO - Calendarios cerrados, filtros de fecha configurados
2026-03-02 14:00:38,993 - INFO - 🔍 Presionando botón 'Buscar' para obtener el listado...
2026-03-02 14:00:39,029 - INFO - ✓ Búsqueda completada y tabla cargada
2026-03-02 14:00:41,034 - INFO - ✓ Se encontraron 1 registro(s)
2026-03-02 14:00:41,034 - INFO - 📄 Procesando página 1...
2026-03-02 14:00:41,039 - INFO -   -> 1 fila(s) en esta página
2026-03-02 14:00:41,062 - INFO - Fila 1: Iniciando descarga - Dismel Ltda | SUPERTIENDAS Y DROGUERIAS OLIMPICAS
2026-03-02 14:00:41,097 - INFO - Fila 1: Modal de formato abierto, esperando selección...
2026-03-02 14:00:42,135 - INFO - Fila 1: Formato XLSX seleccionado
2026-03-02 14:00:43,149 - INFO - Fila 1: Botón Descargar encontrado
2026-03-02 14:00:43,670 - INFO - Fila 1: Descargando archivo...
2026-03-02 14:00:49,494 - INFO - Fila 1: [OK] Descargado exitosamente: VENTAS_PAGE1_FILA1_20260302_140049.xlsx
2026-03-02 14:00:50,509 - INFO - No hay página siguiente. Fin de paginación.
2026-03-02 14:00:50,509 - INFO - ======================================================================
2026-03-02 14:00:50,510 - INFO - [OK] Proceso completado
2026-03-02 14:00:50,510 - INFO - [REPORT] Total de descargas: 1 archivo(s)
2026-03-02 14:00:50,510 - INFO - 📁 Ubicación: D:\TAREAS\CARVAJAL\descargas_reportes
2026-03-02 14:00:50,510 - INFO - [LOG] Logs guardados en: logs_reportes\reporte_descargas_20260302_140001.log
2026-03-02 14:00:50,510 - INFO - ======================================================================
2026-03-02 14:00:50,510 - INFO - ✅ Descarga de reportes de ventas completada exitosamente
2026-03-02 14:00:50,597 - INFO - 
[OK] Navegador cerrado. Proceso finalizado correctamente
2026-03-02 14:00:50,598 - INFO - [LOG] Archivo de log: logs_reportes\reporte_descargas_20260302_140001.log
2026-03-02 14:00:50,598 - INFO - ======================================================================
