2026-03-04 21:00:02,676 - INFO - ======================================================================
2026-03-04 21:00:02,676 - INFO - INICIO DE SESIÓN - 04/03/2026 21:00:02
2026-03-04 21:00:02,676 - INFO - ======================================================================
2026-03-04 21:00:03,209 - INFO - Iniciando Playwright...
2026-03-04 21:00:03,384 - INFO - Navegador (Chromium) lanzado en modo oculto
2026-03-04 21:00:03,771 - INFO - Navegando a: https://cencarvajal.com/#/portal/login
2026-03-04 21:00:08,945 - INFO - [Intento 1/3] Intentando login…
2026-03-04 21:00:10,939 - INFO - [Intento 1] Formulario de login enviado
2026-03-04 21:00:20,940 - WARNING - [Intento 1] No apareció 'Tus servicios' después de intentar login (posible modal)
2026-03-04 21:00:20,963 - INFO - [Intento 1] Se hizo clic en botón 'Continuar' del modal
2026-03-04 21:00:27,966 - WARNING - [Intento 1] Aún no aparece 'Tus servicios' tras aceptar modal
2026-03-04 21:00:27,966 - INFO - [Intento 1] Navegando de nuevo a login y reintentando...
2026-03-04 21:00:27,975 - INFO - [Intento 1] Página de login cargada nuevamente
2026-03-04 21:00:27,975 - INFO - [Intento 2/3] Intentando login…
2026-03-04 21:00:28,031 - INFO - [Intento 2] Formulario de login enviado
2026-03-04 21:00:30,402 - INFO - [Intento 2] [OK] Login exitoso - texto 'Tus servicios' encontrado
2026-03-04 21:00:30,402 - INFO - [Intento 2] Esperando que la página se cargue completamente...
2026-03-04 21:00:32,403 - INFO - [Intento 2] Página estabilizada, listo para descargar
2026-03-04 21:00:32,403 - INFO - ======================================================================
2026-03-04 21:00:32,403 - INFO - [*] Iniciando descarga de Reportes VENTAS
2026-03-04 21:00:32,403 - INFO - ======================================================================
2026-03-04 21:00:32,403 - INFO - Navegando a: https://cencarvajal.com/receivingadvicenewportal/#/home/consult-service?service=SLSRPT
2026-03-04 21:00:32,436 - INFO - Esperando que Angular cargue...
2026-03-04 21:00:35,998 - INFO - ✓ Formulario de filtros cargado
2026-03-04 21:00:37,999 - INFO - Configurando filtro de fechas: 03/03/2026 a 04/03/2026
2026-03-04 21:00:38,029 - INFO - Campo 'Fecha inicio' rellenado: 03/03/2026
2026-03-04 21:00:38,567 - INFO - Campo 'Fecha fin' rellenado: 04/03/2026
2026-03-04 21:00:40,094 - INFO - Calendarios cerrados, filtros de fecha configurados
2026-03-04 21:00:40,094 - INFO - 🔍 Presionando botón 'Buscar' para obtener el listado...
2026-03-04 21:00:40,142 - INFO - ✓ Búsqueda completada y tabla cargada
2026-03-04 21:00:42,148 - INFO - ✓ Se encontraron 3 registro(s)
2026-03-04 21:00:42,149 - INFO - 📄 Procesando página 1...
2026-03-04 21:00:42,153 - INFO -   -> 3 fila(s) en esta página
2026-03-04 21:00:42,178 - INFO - Fila 1: Iniciando descarga - Dismel Ltda | SUPERTIENDAS Y DROGUERIAS OLIMPICAS
2026-03-04 21:00:42,210 - INFO - Fila 1: Modal de formato abierto, esperando selección...
2026-03-04 21:00:43,248 - INFO - Fila 1: Formato XLSX seleccionado
2026-03-04 21:00:44,263 - INFO - Fila 1: Botón Descargar encontrado
2026-03-04 21:00:44,784 - INFO - Fila 1: Descargando archivo...
2026-03-04 21:00:50,521 - INFO - Fila 1: [OK] Descargado exitosamente: VENTAS_PAGE1_FILA1_20260304_210050.xlsx
2026-03-04 21:00:51,546 - INFO - Fila 2: Iniciando descarga - Dismel Ltda | SUPERTIENDAS Y DROGUERIAS OLIMPICAS
2026-03-04 21:00:51,575 - INFO - Fila 2: Modal de formato abierto, esperando selección...
2026-03-04 21:00:52,613 - INFO - Fila 2: Formato XLSX seleccionado
2026-03-04 21:00:53,628 - INFO - Fila 2: Botón Descargar encontrado
2026-03-04 21:00:54,149 - INFO - Fila 2: Descargando archivo...
2026-03-04 21:00:56,805 - INFO - Fila 2: [OK] Descargado exitosamente: VENTAS_PAGE1_FILA2_20260304_210056.xlsx
2026-03-04 21:00:57,831 - INFO - Fila 3: Iniciando descarga - Dismel Ltda | SUPERTIENDAS Y DROGUERIAS OLIMPICAS
2026-03-04 21:00:57,858 - INFO - Fila 3: Modal de formato abierto, esperando selección...
2026-03-04 21:00:58,897 - INFO - Fila 3: Formato XLSX seleccionado
2026-03-04 21:00:59,911 - INFO - Fila 3: Botón Descargar encontrado
2026-03-04 21:01:00,431 - INFO - Fila 3: Descargando archivo...
2026-03-04 21:01:03,189 - INFO - Fila 3: [OK] Descargado exitosamente: VENTAS_PAGE1_FILA3_20260304_210103.xlsx
2026-03-04 21:01:04,204 - INFO - No hay página siguiente. Fin de paginación.
2026-03-04 21:01:04,205 - INFO - ======================================================================
2026-03-04 21:01:04,205 - INFO - [OK] Proceso completado
2026-03-04 21:01:04,205 - INFO - [REPORT] Total de descargas: 3 archivo(s)
2026-03-04 21:01:04,205 - INFO - 📁 Ubicación: D:\TAREAS\CARVAJAL\descargas_reportes
2026-03-04 21:01:04,205 - INFO - [LOG] Logs guardados en: logs_reportes\reporte_descargas_20260304_210002.log
2026-03-04 21:01:04,205 - INFO - ======================================================================
2026-03-04 21:01:04,205 - INFO - ✅ Descarga de reportes de ventas completada exitosamente
2026-03-04 21:01:04,348 - INFO - 
[OK] Navegador cerrado. Proceso finalizado correctamente
2026-03-04 21:01:04,348 - INFO - [LOG] Archivo de log: logs_reportes\reporte_descargas_20260304_210002.log
2026-03-04 21:01:04,348 - INFO - ======================================================================
