2026-03-02 10:20:32,848 - INFO - ======================================================================
2026-03-02 10:20:32,849 - INFO - INICIO DE SESIÓN - 02/03/2026 10:20:32
2026-03-02 10:20:32,849 - INFO - ======================================================================
2026-03-02 10:20:39,895 - INFO - Iniciando Playwright...
2026-03-02 10:20:39,916 - CRITICAL - ❌ Error crítico en main(): BrowserType.launch: Executable doesn't exist at C:\Users\Administrador.WIN-N414QHAAGL6\AppData\Local\ms-playwright\chromium-1208\chrome-win64\chrome.exe
╔════════════════════════════════════════════════════════════╗
║ Looks like Playwright was just installed or updated.       ║
║ Please run the following command to download new browsers: ║
║                                                            ║
║     playwright install                                     ║
║                                                            ║
║ <3 Playwright Team                                         ║
╚════════════════════════════════════════════════════════════╝
Traceback (most recent call last):
  File "D:\TAREAS\CARVAJAL\main.py", line 361, in main
    browser = p.chromium.launch(headless=False)
  File "C:\Users\Administrador.WIN-N414QHAAGL6\AppData\Local\Programs\Python\Python313\Lib\site-packages\playwright\sync_api\_generated.py", line 14566, in launch
    self._sync(
    ~~~~~~~~~~^
        self._impl_obj.launch(
        ^^^^^^^^^^^^^^^^^^^^^^
    ...<16 lines>...
        )
        ^
    )
    ^
  File "C:\Users\Administrador.WIN-N414QHAAGL6\AppData\Local\Programs\Python\Python313\Lib\site-packages\playwright\_impl\_sync_base.py", line 115, in _sync
    return task.result()
           ~~~~~~~~~~~^^
  File "C:\Users\Administrador.WIN-N414QHAAGL6\AppData\Local\Programs\Python\Python313\Lib\site-packages\playwright\_impl\_browser_type.py", line 97, in launch
    await self._channel.send(
        "launch", TimeoutSettings.launch_timeout, params
    )
  File "C:\Users\Administrador.WIN-N414QHAAGL6\AppData\Local\Programs\Python\Python313\Lib\site-packages\playwright\_impl\_connection.py", line 69, in send
    return await self._connection.wrap_api_call(
           ^^^^^^^^^^^^^^^^^^^^^^^^^^^^^^^^^^^^^
    ...<3 lines>...
    )
    ^
  File "C:\Users\Administrador.WIN-N414QHAAGL6\AppData\Local\Programs\Python\Python313\Lib\site-packages\playwright\_impl\_connection.py", line 559, in wrap_api_call
    raise rewrite_error(error, f"{parsed_st['apiName']}: {error}") from None
playwright._impl._errors.Error: BrowserType.launch: Executable doesn't exist at C:\Users\Administrador.WIN-N414QHAAGL6\AppData\Local\ms-playwright\chromium-1208\chrome-win64\chrome.exe
╔════════════════════════════════════════════════════════════╗
║ Looks like Playwright was just installed or updated.       ║
║ Please run the following command to download new browsers: ║
║                                                            ║
║     playwright install                                     ║
║                                                            ║
║ <3 Playwright Team                                         ║
╚════════════════════════════════════════════════════════════╝
2026-03-02 10:20:39,929 - ERROR - Proceso terminado por error no controlado
2026-03-02 10:20:45,931 - INFO - ✉️ Notificación de error enviada exitosamente a soporte@dismelltda.com
2026-03-02 10:20:45,931 - INFO -    Tipo: CRÍTICO | Asunto: ❌ ALERTA DE ERROR - CRÍTICO
