2026-03-04 16:00:02,656 - INFO - ======================================================================
2026-03-04 16:00:02,657 - INFO - INICIO DE SESIÓN - 04/03/2026 16:00:02
2026-03-04 16:00:02,657 - INFO - ======================================================================
2026-03-04 16:00:03,189 - INFO - Iniciando Playwright...
2026-03-04 16:00:03,369 - INFO - Navegador (Chromium) lanzado en modo oculto
2026-03-04 16:00:03,749 - INFO - Navegando a: https://cencarvajal.com/#/portal/login
2026-03-04 16:00:08,472 - INFO - [Intento 1/3] Intentando login…
2026-03-04 16:00:11,359 - INFO - [Intento 1] Formulario de login enviado
2026-03-04 16:00:21,362 - WARNING - [Intento 1] No apareció 'Tus servicios' después de intentar login (posible modal)
2026-03-04 16:00:21,384 - INFO - [Intento 1] Se hizo clic en botón 'Continuar' del modal
2026-03-04 16:00:28,386 - WARNING - [Intento 1] Aún no aparece 'Tus servicios' tras aceptar modal
2026-03-04 16:00:28,386 - INFO - [Intento 1] Navegando de nuevo a login y reintentando...
2026-03-04 16:00:28,396 - INFO - [Intento 1] Página de login cargada nuevamente
2026-03-04 16:00:28,396 - INFO - [Intento 2/3] Intentando login…
2026-03-04 16:00:28,452 - INFO - [Intento 2] Formulario de login enviado
2026-03-04 16:00:30,809 - INFO - [Intento 2] [OK] Login exitoso - texto 'Tus servicios' encontrado
2026-03-04 16:00:30,809 - INFO - [Intento 2] Esperando que la página se cargue completamente...
2026-03-04 16:00:32,809 - INFO - [Intento 2] Página estabilizada, listo para descargar
2026-03-04 16:00:32,809 - INFO - ======================================================================
2026-03-04 16:00:32,810 - INFO - [*] Iniciando descarga de Reportes VENTAS
2026-03-04 16:00:32,810 - INFO - ======================================================================
2026-03-04 16:00:32,810 - INFO - Navegando a: https://cencarvajal.com/receivingadvicenewportal/#/home/consult-service?service=SLSRPT
2026-03-04 16:00:32,837 - INFO - Esperando que Angular cargue...
2026-03-04 16:00:36,396 - INFO - ✓ Formulario de filtros cargado
2026-03-04 16:00:38,397 - INFO - Configurando filtro de fechas: 03/03/2026 a 04/03/2026
2026-03-04 16:00:38,427 - INFO - Campo 'Fecha inicio' rellenado: 03/03/2026
2026-03-04 16:00:38,964 - INFO - Campo 'Fecha fin' rellenado: 04/03/2026
2026-03-04 16:00:40,475 - INFO - Calendarios cerrados, filtros de fecha configurados
2026-03-04 16:00:40,475 - INFO - 🔍 Presionando botón 'Buscar' para obtener el listado...
2026-03-04 16:00:40,513 - INFO - ✓ Búsqueda completada y tabla cargada
2026-03-04 16:00:42,519 - INFO - ✓ Se encontraron 2 registro(s)
2026-03-04 16:00:42,519 - INFO - 📄 Procesando página 1...
2026-03-04 16:00:42,524 - INFO -   -> 2 fila(s) en esta página
2026-03-04 16:00:42,549 - INFO - Fila 1: Iniciando descarga - Dismel Ltda | SUPERTIENDAS Y DROGUERIAS OLIMPICAS
2026-03-04 16:00:42,582 - INFO - Fila 1: Modal de formato abierto, esperando selección...
2026-03-04 16:00:43,619 - INFO - Fila 1: Formato XLSX seleccionado
2026-03-04 16:00:44,633 - INFO - Fila 1: Botón Descargar encontrado
2026-03-04 16:00:45,153 - INFO - Fila 1: Descargando archivo...
2026-03-04 16:00:50,963 - INFO - Fila 1: [OK] Descargado exitosamente: VENTAS_PAGE1_FILA1_20260304_160050.xlsx
2026-03-04 16:00:51,988 - INFO - Fila 2: Iniciando descarga - Dismel Ltda | SUPERTIENDAS Y DROGUERIAS OLIMPICAS
2026-03-04 16:00:52,029 - INFO - Fila 2: Modal de formato abierto, esperando selección...
2026-03-04 16:00:53,067 - INFO - Fila 2: Formato XLSX seleccionado
2026-03-04 16:00:54,080 - INFO - Fila 2: Botón Descargar encontrado
2026-03-04 16:00:54,602 - INFO - Fila 2: Descargando archivo...
2026-03-04 16:00:57,248 - INFO - Fila 2: [OK] Descargado exitosamente: VENTAS_PAGE1_FILA2_20260304_160057.xlsx
2026-03-04 16:00:58,264 - INFO - No hay página siguiente. Fin de paginación.
2026-03-04 16:00:58,264 - INFO - ======================================================================
2026-03-04 16:00:58,264 - INFO - [OK] Proceso completado
2026-03-04 16:00:58,264 - INFO - [REPORT] Total de descargas: 2 archivo(s)
2026-03-04 16:00:58,264 - INFO - 📁 Ubicación: D:\TAREAS\CARVAJAL\descargas_reportes
2026-03-04 16:00:58,265 - INFO - [LOG] Logs guardados en: logs_reportes\reporte_descargas_20260304_160002.log
2026-03-04 16:00:58,265 - INFO - ======================================================================
2026-03-04 16:00:58,265 - INFO - ✅ Descarga de reportes de ventas completada exitosamente
2026-03-04 16:00:58,407 - INFO - 
[OK] Navegador cerrado. Proceso finalizado correctamente
2026-03-04 16:00:58,407 - INFO - [LOG] Archivo de log: logs_reportes\reporte_descargas_20260304_160002.log
2026-03-04 16:00:58,408 - INFO - ======================================================================
