2026-03-03 21:00:02,674 - INFO - ======================================================================
2026-03-03 21:00:02,674 - INFO - INICIO DE SESIÓN - 03/03/2026 21:00:02
2026-03-03 21:00:02,675 - INFO - ======================================================================
2026-03-03 21:00:03,207 - INFO - Iniciando Playwright...
2026-03-03 21:00:03,385 - INFO - Navegador (Chromium) lanzado en modo oculto
2026-03-03 21:00:03,758 - INFO - Navegando a: https://cencarvajal.com/#/portal/login
2026-03-03 21:00:08,840 - INFO - [Intento 1/3] Intentando login…
2026-03-03 21:00:11,311 - INFO - [Intento 1] Formulario de login enviado
2026-03-03 21:00:21,313 - WARNING - [Intento 1] No apareció 'Tus servicios' después de intentar login (posible modal)
2026-03-03 21:00:21,337 - INFO - [Intento 1] Se hizo clic en botón 'Continuar' del modal
2026-03-03 21:00:28,339 - WARNING - [Intento 1] Aún no aparece 'Tus servicios' tras aceptar modal
2026-03-03 21:00:28,340 - INFO - [Intento 1] Navegando de nuevo a login y reintentando...
2026-03-03 21:00:28,349 - INFO - [Intento 1] Página de login cargada nuevamente
2026-03-03 21:00:28,349 - INFO - [Intento 2/3] Intentando login…
2026-03-03 21:00:28,405 - INFO - [Intento 2] Formulario de login enviado
2026-03-03 21:00:30,778 - INFO - [Intento 2] [OK] Login exitoso - texto 'Tus servicios' encontrado
2026-03-03 21:00:30,778 - INFO - [Intento 2] Esperando que la página se cargue completamente...
2026-03-03 21:00:32,778 - INFO - [Intento 2] Página estabilizada, listo para descargar
2026-03-03 21:00:32,778 - INFO - ======================================================================
2026-03-03 21:00:32,779 - INFO - [*] Iniciando descarga de Reportes VENTAS
2026-03-03 21:00:32,779 - INFO - ======================================================================
2026-03-03 21:00:32,779 - INFO - Navegando a: https://cencarvajal.com/receivingadvicenewportal/#/home/consult-service?service=SLSRPT
2026-03-03 21:00:32,805 - INFO - Esperando que Angular cargue...
2026-03-03 21:00:36,354 - INFO - ✓ Formulario de filtros cargado
2026-03-03 21:00:38,355 - INFO - Configurando filtro de fechas: 02/03/2026 a 03/03/2026
2026-03-03 21:00:38,386 - INFO - Campo 'Fecha inicio' rellenado: 02/03/2026
2026-03-03 21:00:38,943 - INFO - Campo 'Fecha fin' rellenado: 03/03/2026
2026-03-03 21:00:40,453 - INFO - Calendarios cerrados, filtros de fecha configurados
2026-03-03 21:00:40,453 - INFO - 🔍 Presionando botón 'Buscar' para obtener el listado...
2026-03-03 21:00:40,498 - INFO - ✓ Búsqueda completada y tabla cargada
2026-03-03 21:00:42,504 - INFO - ✓ Se encontraron 3 registro(s)
2026-03-03 21:00:42,504 - INFO - 📄 Procesando página 1...
2026-03-03 21:00:42,509 - INFO -   -> 3 fila(s) en esta página
2026-03-03 21:00:42,534 - INFO - Fila 1: Iniciando descarga - Dismel Ltda | SUPERTIENDAS Y DROGUERIAS OLIMPICAS
2026-03-03 21:00:42,567 - INFO - Fila 1: Modal de formato abierto, esperando selección...
2026-03-03 21:00:43,604 - INFO - Fila 1: Formato XLSX seleccionado
2026-03-03 21:00:44,618 - INFO - Fila 1: Botón Descargar encontrado
2026-03-03 21:00:45,139 - INFO - Fila 1: Descargando archivo...
2026-03-03 21:00:50,985 - INFO - Fila 1: [OK] Descargado exitosamente: VENTAS_PAGE1_FILA1_20260303_210050.xlsx
2026-03-03 21:00:52,011 - INFO - Fila 2: Iniciando descarga - Dismel Ltda | SUPERTIENDAS Y DROGUERIAS OLIMPICAS
2026-03-03 21:00:52,049 - INFO - Fila 2: Modal de formato abierto, esperando selección...
2026-03-03 21:00:53,086 - INFO - Fila 2: Formato XLSX seleccionado
2026-03-03 21:00:54,100 - INFO - Fila 2: Botón Descargar encontrado
2026-03-03 21:00:54,621 - INFO - Fila 2: Descargando archivo...
2026-03-03 21:00:57,731 - INFO - Fila 2: [OK] Descargado exitosamente: VENTAS_PAGE1_FILA2_20260303_210057.xlsx
2026-03-03 21:00:58,756 - INFO - Fila 3: Iniciando descarga - Dismel Ltda | SUPERTIENDAS Y DROGUERIAS OLIMPICAS
2026-03-03 21:00:58,794 - INFO - Fila 3: Modal de formato abierto, esperando selección...
2026-03-03 21:00:59,835 - INFO - Fila 3: Formato XLSX seleccionado
2026-03-03 21:01:00,849 - INFO - Fila 3: Botón Descargar encontrado
2026-03-03 21:01:01,371 - INFO - Fila 3: Descargando archivo...
2026-03-03 21:01:04,044 - INFO - Fila 3: [OK] Descargado exitosamente: VENTAS_PAGE1_FILA3_20260303_210104.xlsx
2026-03-03 21:01:05,059 - INFO - No hay página siguiente. Fin de paginación.
2026-03-03 21:01:05,059 - INFO - ======================================================================
2026-03-03 21:01:05,059 - INFO - [OK] Proceso completado
2026-03-03 21:01:05,059 - INFO - [REPORT] Total de descargas: 3 archivo(s)
2026-03-03 21:01:05,059 - INFO - 📁 Ubicación: D:\TAREAS\CARVAJAL\descargas_reportes
2026-03-03 21:01:05,059 - INFO - [LOG] Logs guardados en: logs_reportes\reporte_descargas_20260303_210002.log
2026-03-03 21:01:05,060 - INFO - ======================================================================
2026-03-03 21:01:05,060 - INFO - ✅ Descarga de reportes de ventas completada exitosamente
2026-03-03 21:01:05,207 - INFO - 
[OK] Navegador cerrado. Proceso finalizado correctamente
2026-03-03 21:01:05,207 - INFO - [LOG] Archivo de log: logs_reportes\reporte_descargas_20260303_210002.log
2026-03-03 21:01:05,207 - INFO - ======================================================================
