2026-03-05 01:00:02,672 - INFO - ======================================================================
2026-03-05 01:00:02,672 - INFO - INICIO DE SESIÓN - 05/03/2026 01:00:02
2026-03-05 01:00:02,672 - INFO - ======================================================================
2026-03-05 01:00:03,202 - INFO - Iniciando Playwright...
2026-03-05 01:00:03,376 - INFO - Navegador (Chromium) lanzado en modo oculto
2026-03-05 01:00:03,761 - INFO - Navegando a: https://cencarvajal.com/#/portal/login
2026-03-05 01:00:09,130 - INFO - [Intento 1/3] Intentando login…
2026-03-05 01:00:11,112 - INFO - [Intento 1] Formulario de login enviado
2026-03-05 01:00:21,116 - WARNING - [Intento 1] No apareció 'Tus servicios' después de intentar login (posible modal)
2026-03-05 01:00:21,137 - INFO - [Intento 1] Se hizo clic en botón 'Continuar' del modal
2026-03-05 01:00:28,140 - WARNING - [Intento 1] Aún no aparece 'Tus servicios' tras aceptar modal
2026-03-05 01:00:28,140 - INFO - [Intento 1] Navegando de nuevo a login y reintentando...
2026-03-05 01:00:28,149 - INFO - [Intento 1] Página de login cargada nuevamente
2026-03-05 01:00:28,149 - INFO - [Intento 2/3] Intentando login…
2026-03-05 01:00:28,206 - INFO - [Intento 2] Formulario de login enviado
2026-03-05 01:00:30,572 - INFO - [Intento 2] [OK] Login exitoso - texto 'Tus servicios' encontrado
2026-03-05 01:00:30,572 - INFO - [Intento 2] Esperando que la página se cargue completamente...
2026-03-05 01:00:32,573 - INFO - [Intento 2] Página estabilizada, listo para descargar
2026-03-05 01:00:32,573 - INFO - ======================================================================
2026-03-05 01:00:32,573 - INFO - [*] Iniciando descarga de Reportes VENTAS
2026-03-05 01:00:32,573 - INFO - ======================================================================
2026-03-05 01:00:32,573 - INFO - Navegando a: https://cencarvajal.com/receivingadvicenewportal/#/home/consult-service?service=SLSRPT
2026-03-05 01:00:32,598 - INFO - Esperando que Angular cargue...
2026-03-05 01:00:36,126 - INFO - ✓ Formulario de filtros cargado
2026-03-05 01:00:38,127 - INFO - Configurando filtro de fechas: 04/03/2026 a 05/03/2026
2026-03-05 01:00:38,157 - INFO - Campo 'Fecha inicio' rellenado: 04/03/2026
2026-03-05 01:00:38,695 - INFO - Campo 'Fecha fin' rellenado: 05/03/2026
2026-03-05 01:00:40,206 - INFO - Calendarios cerrados, filtros de fecha configurados
2026-03-05 01:00:40,206 - INFO - 🔍 Presionando botón 'Buscar' para obtener el listado...
2026-03-05 01:00:40,249 - INFO - ✓ Búsqueda completada y tabla cargada
2026-03-05 01:00:42,256 - INFO - ✓ Se encontraron 3 registro(s)
2026-03-05 01:00:42,256 - INFO - 📄 Procesando página 1...
2026-03-05 01:00:42,261 - INFO -   -> 3 fila(s) en esta página
2026-03-05 01:00:42,286 - INFO - Fila 1: Iniciando descarga - Dismel Ltda | SUPERTIENDAS Y DROGUERIAS OLIMPICAS
2026-03-05 01:00:42,318 - INFO - Fila 1: Modal de formato abierto, esperando selección...
2026-03-05 01:00:43,355 - INFO - Fila 1: Formato XLSX seleccionado
2026-03-05 01:00:44,370 - INFO - Fila 1: Botón Descargar encontrado
2026-03-05 01:00:44,891 - INFO - Fila 1: Descargando archivo...
2026-03-05 01:00:50,766 - INFO - Fila 1: [OK] Descargado exitosamente: VENTAS_PAGE1_FILA1_20260305_010050.xlsx
2026-03-05 01:00:51,792 - INFO - Fila 2: Iniciando descarga - Dismel Ltda | SUPERTIENDAS Y DROGUERIAS OLIMPICAS
2026-03-05 01:00:51,832 - INFO - Fila 2: Modal de formato abierto, esperando selección...
2026-03-05 01:00:52,871 - INFO - Fila 2: Formato XLSX seleccionado
2026-03-05 01:00:53,885 - INFO - Fila 2: Botón Descargar encontrado
2026-03-05 01:00:54,406 - INFO - Fila 2: Descargando archivo...
2026-03-05 01:00:57,272 - INFO - Fila 2: [OK] Descargado exitosamente: VENTAS_PAGE1_FILA2_20260305_010057.xlsx
2026-03-05 01:00:58,296 - INFO - Fila 3: Iniciando descarga - Dismel Ltda | SUPERTIENDAS Y DROGUERIAS OLIMPICAS
2026-03-05 01:00:58,331 - INFO - Fila 3: Modal de formato abierto, esperando selección...
2026-03-05 01:00:59,369 - INFO - Fila 3: Formato XLSX seleccionado
2026-03-05 01:01:00,383 - INFO - Fila 3: Botón Descargar encontrado
2026-03-05 01:01:00,922 - INFO - Fila 3: Descargando archivo...
2026-03-05 01:01:03,577 - INFO - Fila 3: [OK] Descargado exitosamente: VENTAS_PAGE1_FILA3_20260305_010103.xlsx
2026-03-05 01:01:04,593 - INFO - No hay página siguiente. Fin de paginación.
2026-03-05 01:01:04,593 - INFO - ======================================================================
2026-03-05 01:01:04,593 - INFO - [OK] Proceso completado
2026-03-05 01:01:04,593 - INFO - [REPORT] Total de descargas: 3 archivo(s)
2026-03-05 01:01:04,593 - INFO - 📁 Ubicación: D:\TAREAS\CARVAJAL\descargas_reportes
2026-03-05 01:01:04,593 - INFO - [LOG] Logs guardados en: logs_reportes\reporte_descargas_20260305_010002.log
2026-03-05 01:01:04,593 - INFO - ======================================================================
2026-03-05 01:01:04,594 - INFO - ✅ Descarga de reportes de ventas completada exitosamente
2026-03-05 01:01:04,736 - INFO - 
[OK] Navegador cerrado. Proceso finalizado correctamente
2026-03-05 01:01:04,736 - INFO - [LOG] Archivo de log: logs_reportes\reporte_descargas_20260305_010002.log
2026-03-05 01:01:04,736 - INFO - ======================================================================
