2026-03-04 10:00:02,656 - INFO - ======================================================================
2026-03-04 10:00:02,656 - INFO - INICIO DE SESIÓN - 04/03/2026 10:00:02
2026-03-04 10:00:02,656 - INFO - ======================================================================
2026-03-04 10:00:03,187 - INFO - Iniciando Playwright...
2026-03-04 10:00:03,376 - INFO - Navegador (Chromium) lanzado en modo oculto
2026-03-04 10:00:03,743 - INFO - Navegando a: https://cencarvajal.com/#/portal/login
2026-03-04 10:00:08,432 - INFO - [Intento 1/3] Intentando login…
2026-03-04 10:00:10,839 - INFO - [Intento 1] Formulario de login enviado
2026-03-04 10:00:20,841 - WARNING - [Intento 1] No apareció 'Tus servicios' después de intentar login (posible modal)
2026-03-04 10:00:20,864 - INFO - [Intento 1] Se hizo clic en botón 'Continuar' del modal
2026-03-04 10:00:27,867 - WARNING - [Intento 1] Aún no aparece 'Tus servicios' tras aceptar modal
2026-03-04 10:00:27,867 - INFO - [Intento 1] Navegando de nuevo a login y reintentando...
2026-03-04 10:00:27,876 - INFO - [Intento 1] Página de login cargada nuevamente
2026-03-04 10:00:27,876 - INFO - [Intento 2/3] Intentando login…
2026-03-04 10:00:27,932 - INFO - [Intento 2] Formulario de login enviado
2026-03-04 10:00:30,290 - INFO - [Intento 2] [OK] Login exitoso - texto 'Tus servicios' encontrado
2026-03-04 10:00:30,291 - INFO - [Intento 2] Esperando que la página se cargue completamente...
2026-03-04 10:00:32,291 - INFO - [Intento 2] Página estabilizada, listo para descargar
2026-03-04 10:00:32,291 - INFO - ======================================================================
2026-03-04 10:00:32,291 - INFO - [*] Iniciando descarga de Reportes VENTAS
2026-03-04 10:00:32,291 - INFO - ======================================================================
2026-03-04 10:00:32,291 - INFO - Navegando a: https://cencarvajal.com/receivingadvicenewportal/#/home/consult-service?service=SLSRPT
2026-03-04 10:00:32,316 - INFO - Esperando que Angular cargue...
2026-03-04 10:00:35,874 - INFO - ✓ Formulario de filtros cargado
2026-03-04 10:00:37,874 - INFO - Configurando filtro de fechas: 03/03/2026 a 04/03/2026
2026-03-04 10:00:37,904 - INFO - Campo 'Fecha inicio' rellenado: 03/03/2026
2026-03-04 10:00:38,442 - INFO - Campo 'Fecha fin' rellenado: 04/03/2026
2026-03-04 10:00:39,968 - INFO - Calendarios cerrados, filtros de fecha configurados
2026-03-04 10:00:39,968 - INFO - 🔍 Presionando botón 'Buscar' para obtener el listado...
2026-03-04 10:00:40,026 - INFO - ✓ Búsqueda completada y tabla cargada
2026-03-04 10:00:42,032 - INFO - ✓ Se encontraron 2 registro(s)
2026-03-04 10:00:42,032 - INFO - 📄 Procesando página 1...
2026-03-04 10:00:42,037 - INFO -   -> 2 fila(s) en esta página
2026-03-04 10:00:42,061 - INFO - Fila 1: Iniciando descarga - Dismel Ltda | SUPERTIENDAS Y DROGUERIAS OLIMPICAS
2026-03-04 10:00:42,095 - INFO - Fila 1: Modal de formato abierto, esperando selección...
2026-03-04 10:00:43,132 - INFO - Fila 1: Formato XLSX seleccionado
2026-03-04 10:00:44,146 - INFO - Fila 1: Botón Descargar encontrado
2026-03-04 10:00:44,667 - INFO - Fila 1: Descargando archivo...
2026-03-04 10:00:50,511 - INFO - Fila 1: [OK] Descargado exitosamente: VENTAS_PAGE1_FILA1_20260304_100050.xlsx
2026-03-04 10:00:51,536 - INFO - Fila 2: Iniciando descarga - Dismel Ltda | SUPERTIENDAS Y DROGUERIAS OLIMPICAS
2026-03-04 10:00:51,577 - INFO - Fila 2: Modal de formato abierto, esperando selección...
2026-03-04 10:00:52,614 - INFO - Fila 2: Formato XLSX seleccionado
2026-03-04 10:00:53,628 - INFO - Fila 2: Botón Descargar encontrado
2026-03-04 10:00:54,150 - INFO - Fila 2: Descargando archivo...
2026-03-04 10:00:56,814 - INFO - Fila 2: [OK] Descargado exitosamente: VENTAS_PAGE1_FILA2_20260304_100056.xlsx
2026-03-04 10:00:57,829 - INFO - No hay página siguiente. Fin de paginación.
2026-03-04 10:00:57,829 - INFO - ======================================================================
2026-03-04 10:00:57,829 - INFO - [OK] Proceso completado
2026-03-04 10:00:57,829 - INFO - [REPORT] Total de descargas: 2 archivo(s)
2026-03-04 10:00:57,830 - INFO - 📁 Ubicación: D:\TAREAS\CARVAJAL\descargas_reportes
2026-03-04 10:00:57,830 - INFO - [LOG] Logs guardados en: logs_reportes\reporte_descargas_20260304_100002.log
2026-03-04 10:00:57,830 - INFO - ======================================================================
2026-03-04 10:00:57,830 - INFO - ✅ Descarga de reportes de ventas completada exitosamente
2026-03-04 10:00:57,971 - INFO - 
[OK] Navegador cerrado. Proceso finalizado correctamente
2026-03-04 10:00:57,971 - INFO - [LOG] Archivo de log: logs_reportes\reporte_descargas_20260304_100002.log
2026-03-04 10:00:57,971 - INFO - ======================================================================
