2026-03-03 15:00:02,649 - INFO - ======================================================================
2026-03-03 15:00:02,650 - INFO - INICIO DE SESIÓN - 03/03/2026 15:00:02
2026-03-03 15:00:02,650 - INFO - ======================================================================
2026-03-03 15:00:03,189 - INFO - Iniciando Playwright...
2026-03-03 15:00:03,363 - INFO - Navegador (Chromium) lanzado en modo oculto
2026-03-03 15:00:03,732 - INFO - Navegando a: https://cencarvajal.com/#/portal/login
2026-03-03 15:00:11,426 - INFO - [Intento 1/3] Intentando login…
2026-03-03 15:00:11,549 - INFO - [Intento 1] Formulario de login enviado
2026-03-03 15:00:21,552 - WARNING - [Intento 1] No apareció 'Tus servicios' después de intentar login (posible modal)
2026-03-03 15:00:21,584 - INFO - [Intento 1] Se hizo clic en botón 'Continuar' del modal
2026-03-03 15:00:28,586 - WARNING - [Intento 1] Aún no aparece 'Tus servicios' tras aceptar modal
2026-03-03 15:00:28,586 - INFO - [Intento 1] Navegando de nuevo a login y reintentando...
2026-03-03 15:00:28,595 - INFO - [Intento 1] Página de login cargada nuevamente
2026-03-03 15:00:28,596 - INFO - [Intento 2/3] Intentando login…
2026-03-03 15:00:28,652 - INFO - [Intento 2] Formulario de login enviado
2026-03-03 15:00:31,013 - INFO - [Intento 2] [OK] Login exitoso - texto 'Tus servicios' encontrado
2026-03-03 15:00:31,013 - INFO - [Intento 2] Esperando que la página se cargue completamente...
2026-03-03 15:00:33,014 - INFO - [Intento 2] Página estabilizada, listo para descargar
2026-03-03 15:00:33,014 - INFO - ======================================================================
2026-03-03 15:00:33,014 - INFO - [*] Iniciando descarga de Reportes VENTAS
2026-03-03 15:00:33,014 - INFO - ======================================================================
2026-03-03 15:00:33,014 - INFO - Navegando a: https://cencarvajal.com/receivingadvicenewportal/#/home/consult-service?service=SLSRPT
2026-03-03 15:00:33,039 - INFO - Esperando que Angular cargue...
2026-03-03 15:00:36,565 - INFO - ✓ Formulario de filtros cargado
2026-03-03 15:00:38,566 - INFO - Configurando filtro de fechas: 02/03/2026 a 03/03/2026
2026-03-03 15:00:38,595 - INFO - Campo 'Fecha inicio' rellenado: 02/03/2026
2026-03-03 15:00:39,132 - INFO - Campo 'Fecha fin' rellenado: 03/03/2026
2026-03-03 15:00:40,640 - INFO - Calendarios cerrados, filtros de fecha configurados
2026-03-03 15:00:40,641 - INFO - 🔍 Presionando botón 'Buscar' para obtener el listado...
2026-03-03 15:00:40,679 - INFO - ✓ Búsqueda completada y tabla cargada
2026-03-03 15:00:42,686 - INFO - ✓ Se encontraron 3 registro(s)
2026-03-03 15:00:42,686 - INFO - 📄 Procesando página 1...
2026-03-03 15:00:42,691 - INFO -   -> 3 fila(s) en esta página
2026-03-03 15:00:42,716 - INFO - Fila 1: Iniciando descarga - Dismel Ltda | SUPERTIENDAS Y DROGUERIAS OLIMPICAS
2026-03-03 15:00:42,748 - INFO - Fila 1: Modal de formato abierto, esperando selección...
2026-03-03 15:00:43,785 - INFO - Fila 1: Formato XLSX seleccionado
2026-03-03 15:00:44,799 - INFO - Fila 1: Botón Descargar encontrado
2026-03-03 15:00:45,320 - INFO - Fila 1: Descargando archivo...
2026-03-03 15:00:51,094 - INFO - Fila 1: [OK] Descargado exitosamente: VENTAS_PAGE1_FILA1_20260303_150051.xlsx
2026-03-03 15:00:52,119 - INFO - Fila 2: Iniciando descarga - Dismel Ltda | SUPERTIENDAS Y DROGUERIAS OLIMPICAS
2026-03-03 15:00:52,146 - INFO - Fila 2: Modal de formato abierto, esperando selección...
2026-03-03 15:00:53,185 - INFO - Fila 2: Formato XLSX seleccionado
2026-03-03 15:00:54,198 - INFO - Fila 2: Botón Descargar encontrado
2026-03-03 15:00:54,720 - INFO - Fila 2: Descargando archivo...
2026-03-03 15:00:57,414 - INFO - Fila 2: [OK] Descargado exitosamente: VENTAS_PAGE1_FILA2_20260303_150057.xlsx
2026-03-03 15:00:58,439 - INFO - Fila 3: Iniciando descarga - Dismel Ltda | SUPERTIENDAS Y DROGUERIAS OLIMPICAS
2026-03-03 15:00:58,475 - INFO - Fila 3: Modal de formato abierto, esperando selección...
2026-03-03 15:00:59,499 - INFO - Fila 3: Formato XLSX seleccionado
2026-03-03 15:01:00,513 - INFO - Fila 3: Botón Descargar encontrado
2026-03-03 15:01:01,034 - INFO - Fila 3: Descargando archivo...
2026-03-03 15:01:03,812 - INFO - Fila 3: [OK] Descargado exitosamente: VENTAS_PAGE1_FILA3_20260303_150103.xlsx
2026-03-03 15:01:04,827 - INFO - No hay página siguiente. Fin de paginación.
2026-03-03 15:01:04,827 - INFO - ======================================================================
2026-03-03 15:01:04,828 - INFO - [OK] Proceso completado
2026-03-03 15:01:04,828 - INFO - [REPORT] Total de descargas: 3 archivo(s)
2026-03-03 15:01:04,828 - INFO - 📁 Ubicación: D:\TAREAS\CARVAJAL\descargas_reportes
2026-03-03 15:01:04,828 - INFO - [LOG] Logs guardados en: logs_reportes\reporte_descargas_20260303_150002.log
2026-03-03 15:01:04,828 - INFO - ======================================================================
2026-03-03 15:01:04,828 - INFO - ✅ Descarga de reportes de ventas completada exitosamente
2026-03-03 15:01:04,981 - INFO - 
[OK] Navegador cerrado. Proceso finalizado correctamente
2026-03-03 15:01:04,981 - INFO - [LOG] Archivo de log: logs_reportes\reporte_descargas_20260303_150002.log
2026-03-03 15:01:04,981 - INFO - ======================================================================
