2026-03-03 20:00:02,673 - INFO - ======================================================================
2026-03-03 20:00:02,673 - INFO - INICIO DE SESIÓN - 03/03/2026 20:00:02
2026-03-03 20:00:02,674 - INFO - ======================================================================
2026-03-03 20:00:03,206 - INFO - Iniciando Playwright...
2026-03-03 20:00:03,380 - INFO - Navegador (Chromium) lanzado en modo oculto
2026-03-03 20:00:03,746 - INFO - Navegando a: https://cencarvajal.com/#/portal/login
2026-03-03 20:00:08,891 - INFO - [Intento 1/3] Intentando login…
2026-03-03 20:00:11,356 - INFO - [Intento 1] Formulario de login enviado
2026-03-03 20:00:21,358 - WARNING - [Intento 1] No apareció 'Tus servicios' después de intentar login (posible modal)
2026-03-03 20:00:21,381 - INFO - [Intento 1] Se hizo clic en botón 'Continuar' del modal
2026-03-03 20:00:28,383 - WARNING - [Intento 1] Aún no aparece 'Tus servicios' tras aceptar modal
2026-03-03 20:00:28,383 - INFO - [Intento 1] Navegando de nuevo a login y reintentando...
2026-03-03 20:00:28,393 - INFO - [Intento 1] Página de login cargada nuevamente
2026-03-03 20:00:28,393 - INFO - [Intento 2/3] Intentando login…
2026-03-03 20:00:28,449 - INFO - [Intento 2] Formulario de login enviado
2026-03-03 20:00:30,826 - INFO - [Intento 2] [OK] Login exitoso - texto 'Tus servicios' encontrado
2026-03-03 20:00:30,827 - INFO - [Intento 2] Esperando que la página se cargue completamente...
2026-03-03 20:00:32,827 - INFO - [Intento 2] Página estabilizada, listo para descargar
2026-03-03 20:00:32,827 - INFO - ======================================================================
2026-03-03 20:00:32,827 - INFO - [*] Iniciando descarga de Reportes VENTAS
2026-03-03 20:00:32,827 - INFO - ======================================================================
2026-03-03 20:00:32,827 - INFO - Navegando a: https://cencarvajal.com/receivingadvicenewportal/#/home/consult-service?service=SLSRPT
2026-03-03 20:00:32,853 - INFO - Esperando que Angular cargue...
2026-03-03 20:00:36,389 - INFO - ✓ Formulario de filtros cargado
2026-03-03 20:00:38,390 - INFO - Configurando filtro de fechas: 02/03/2026 a 03/03/2026
2026-03-03 20:00:38,419 - INFO - Campo 'Fecha inicio' rellenado: 02/03/2026
2026-03-03 20:00:38,971 - INFO - Campo 'Fecha fin' rellenado: 03/03/2026
2026-03-03 20:00:40,481 - INFO - Calendarios cerrados, filtros de fecha configurados
2026-03-03 20:00:40,481 - INFO - 🔍 Presionando botón 'Buscar' para obtener el listado...
2026-03-03 20:00:40,526 - INFO - ✓ Búsqueda completada y tabla cargada
2026-03-03 20:00:42,532 - INFO - ✓ Se encontraron 3 registro(s)
2026-03-03 20:00:42,532 - INFO - 📄 Procesando página 1...
2026-03-03 20:00:42,538 - INFO -   -> 3 fila(s) en esta página
2026-03-03 20:00:42,562 - INFO - Fila 1: Iniciando descarga - Dismel Ltda | SUPERTIENDAS Y DROGUERIAS OLIMPICAS
2026-03-03 20:00:42,597 - INFO - Fila 1: Modal de formato abierto, esperando selección...
2026-03-03 20:00:43,632 - INFO - Fila 1: Formato XLSX seleccionado
2026-03-03 20:00:44,646 - INFO - Fila 1: Botón Descargar encontrado
2026-03-03 20:00:45,167 - INFO - Fila 1: Descargando archivo...
2026-03-03 20:00:51,020 - INFO - Fila 1: [OK] Descargado exitosamente: VENTAS_PAGE1_FILA1_20260303_200051.xlsx
2026-03-03 20:00:52,045 - INFO - Fila 2: Iniciando descarga - Dismel Ltda | SUPERTIENDAS Y DROGUERIAS OLIMPICAS
2026-03-03 20:00:52,075 - INFO - Fila 2: Modal de formato abierto, esperando selección...
2026-03-03 20:00:53,114 - INFO - Fila 2: Formato XLSX seleccionado
2026-03-03 20:00:54,128 - INFO - Fila 2: Botón Descargar encontrado
2026-03-03 20:00:54,648 - INFO - Fila 2: Descargando archivo...
2026-03-03 20:00:57,503 - INFO - Fila 2: [OK] Descargado exitosamente: VENTAS_PAGE1_FILA2_20260303_200057.xlsx
2026-03-03 20:00:58,528 - INFO - Fila 3: Iniciando descarga - Dismel Ltda | SUPERTIENDAS Y DROGUERIAS OLIMPICAS
2026-03-03 20:00:58,565 - INFO - Fila 3: Modal de formato abierto, esperando selección...
2026-03-03 20:00:59,596 - INFO - Fila 3: Formato XLSX seleccionado
2026-03-03 20:01:00,610 - INFO - Fila 3: Botón Descargar encontrado
2026-03-03 20:01:01,132 - INFO - Fila 3: Descargando archivo...
2026-03-03 20:01:03,848 - INFO - Fila 3: [OK] Descargado exitosamente: VENTAS_PAGE1_FILA3_20260303_200103.xlsx
2026-03-03 20:01:04,863 - INFO - No hay página siguiente. Fin de paginación.
2026-03-03 20:01:04,863 - INFO - ======================================================================
2026-03-03 20:01:04,864 - INFO - [OK] Proceso completado
2026-03-03 20:01:04,864 - INFO - [REPORT] Total de descargas: 3 archivo(s)
2026-03-03 20:01:04,864 - INFO - 📁 Ubicación: D:\TAREAS\CARVAJAL\descargas_reportes
2026-03-03 20:01:04,864 - INFO - [LOG] Logs guardados en: logs_reportes\reporte_descargas_20260303_200002.log
2026-03-03 20:01:04,864 - INFO - ======================================================================
2026-03-03 20:01:04,864 - INFO - ✅ Descarga de reportes de ventas completada exitosamente
2026-03-03 20:01:05,006 - INFO - 
[OK] Navegador cerrado. Proceso finalizado correctamente
2026-03-03 20:01:05,006 - INFO - [LOG] Archivo de log: logs_reportes\reporte_descargas_20260303_200002.log
2026-03-03 20:01:05,007 - INFO - ======================================================================
