2026-03-05 02:00:02,698 - INFO - ======================================================================
2026-03-05 02:00:02,698 - INFO - INICIO DE SESIÓN - 05/03/2026 02:00:02
2026-03-05 02:00:02,698 - INFO - ======================================================================
2026-03-05 02:00:03,238 - INFO - Iniciando Playwright...
2026-03-05 02:00:03,413 - INFO - Navegador (Chromium) lanzado en modo oculto
2026-03-05 02:00:03,796 - INFO - Navegando a: https://cencarvajal.com/#/portal/login
2026-03-05 02:00:09,812 - INFO - [Intento 1/3] Intentando login…
2026-03-05 02:00:11,815 - INFO - [Intento 1] Formulario de login enviado
2026-03-05 02:00:21,817 - WARNING - [Intento 1] No apareció 'Tus servicios' después de intentar login (posible modal)
2026-03-05 02:00:21,861 - INFO - [Intento 1] Se hizo clic en botón 'Continuar' del modal
2026-03-05 02:00:28,863 - WARNING - [Intento 1] Aún no aparece 'Tus servicios' tras aceptar modal
2026-03-05 02:00:28,864 - INFO - [Intento 1] Navegando de nuevo a login y reintentando...
2026-03-05 02:00:28,873 - INFO - [Intento 1] Página de login cargada nuevamente
2026-03-05 02:00:28,873 - INFO - [Intento 2/3] Intentando login…
2026-03-05 02:00:28,928 - INFO - [Intento 2] Formulario de login enviado
2026-03-05 02:00:31,221 - INFO - [Intento 2] [OK] Login exitoso - texto 'Tus servicios' encontrado
2026-03-05 02:00:31,222 - INFO - [Intento 2] Esperando que la página se cargue completamente...
2026-03-05 02:00:33,223 - INFO - [Intento 2] Página estabilizada, listo para descargar
2026-03-05 02:00:33,223 - INFO - ======================================================================
2026-03-05 02:00:33,223 - INFO - [*] Iniciando descarga de Reportes VENTAS
2026-03-05 02:00:33,223 - INFO - ======================================================================
2026-03-05 02:00:33,223 - INFO - Navegando a: https://cencarvajal.com/receivingadvicenewportal/#/home/consult-service?service=SLSRPT
2026-03-05 02:00:33,252 - INFO - Esperando que Angular cargue...
2026-03-05 02:00:36,790 - INFO - ✓ Formulario de filtros cargado
2026-03-05 02:00:38,791 - INFO - Configurando filtro de fechas: 04/03/2026 a 05/03/2026
2026-03-05 02:00:38,821 - INFO - Campo 'Fecha inicio' rellenado: 04/03/2026
2026-03-05 02:00:39,358 - INFO - Campo 'Fecha fin' rellenado: 05/03/2026
2026-03-05 02:00:40,867 - INFO - Calendarios cerrados, filtros de fecha configurados
2026-03-05 02:00:40,867 - INFO - 🔍 Presionando botón 'Buscar' para obtener el listado...
2026-03-05 02:00:40,905 - INFO - ✓ Búsqueda completada y tabla cargada
2026-03-05 02:00:42,911 - INFO - ✓ Se encontraron 3 registro(s)
2026-03-05 02:00:42,911 - INFO - 📄 Procesando página 1...
2026-03-05 02:00:42,916 - INFO -   -> 3 fila(s) en esta página
2026-03-05 02:00:42,940 - INFO - Fila 1: Iniciando descarga - Dismel Ltda | SUPERTIENDAS Y DROGUERIAS OLIMPICAS
2026-03-05 02:00:42,974 - INFO - Fila 1: Modal de formato abierto, esperando selección...
2026-03-05 02:00:44,011 - INFO - Fila 1: Formato XLSX seleccionado
2026-03-05 02:00:45,026 - INFO - Fila 1: Botón Descargar encontrado
2026-03-05 02:00:45,547 - INFO - Fila 1: Descargando archivo...
2026-03-05 02:00:51,330 - INFO - Fila 1: [OK] Descargado exitosamente: VENTAS_PAGE1_FILA1_20260305_020051.xlsx
2026-03-05 02:00:52,354 - INFO - Fila 2: Iniciando descarga - Dismel Ltda | SUPERTIENDAS Y DROGUERIAS OLIMPICAS
2026-03-05 02:00:52,388 - INFO - Fila 2: Modal de formato abierto, esperando selección...
2026-03-05 02:00:53,427 - INFO - Fila 2: Formato XLSX seleccionado
2026-03-05 02:00:54,440 - INFO - Fila 2: Botón Descargar encontrado
2026-03-05 02:00:54,961 - INFO - Fila 2: Descargando archivo...
2026-03-05 02:00:58,059 - INFO - Fila 2: [OK] Descargado exitosamente: VENTAS_PAGE1_FILA2_20260305_020058.xlsx
2026-03-05 02:00:59,084 - INFO - Fila 3: Iniciando descarga - Dismel Ltda | SUPERTIENDAS Y DROGUERIAS OLIMPICAS
2026-03-05 02:00:59,119 - INFO - Fila 3: Modal de formato abierto, esperando selección...
2026-03-05 02:01:00,159 - INFO - Fila 3: Formato XLSX seleccionado
2026-03-05 02:01:01,172 - INFO - Fila 3: Botón Descargar encontrado
2026-03-05 02:01:01,695 - INFO - Fila 3: Descargando archivo...
2026-03-05 02:01:04,282 - INFO - Fila 3: [OK] Descargado exitosamente: VENTAS_PAGE1_FILA3_20260305_020104.xlsx
2026-03-05 02:01:05,297 - INFO - No hay página siguiente. Fin de paginación.
2026-03-05 02:01:05,297 - INFO - ======================================================================
2026-03-05 02:01:05,297 - INFO - [OK] Proceso completado
2026-03-05 02:01:05,298 - INFO - [REPORT] Total de descargas: 3 archivo(s)
2026-03-05 02:01:05,298 - INFO - 📁 Ubicación: D:\TAREAS\CARVAJAL\descargas_reportes
2026-03-05 02:01:05,298 - INFO - [LOG] Logs guardados en: logs_reportes\reporte_descargas_20260305_020002.log
2026-03-05 02:01:05,298 - INFO - ======================================================================
2026-03-05 02:01:05,298 - INFO - ✅ Descarga de reportes de ventas completada exitosamente
2026-03-05 02:01:05,450 - INFO - 
[OK] Navegador cerrado. Proceso finalizado correctamente
2026-03-05 02:01:05,451 - INFO - [LOG] Archivo de log: logs_reportes\reporte_descargas_20260305_020002.log
2026-03-05 02:01:05,451 - INFO - ======================================================================
