2026-03-05 09:00:02,658 - INFO - ======================================================================
2026-03-05 09:00:02,658 - INFO - INICIO DE SESIÓN - 05/03/2026 09:00:02
2026-03-05 09:00:02,658 - INFO - ======================================================================
2026-03-05 09:00:03,189 - INFO - Iniciando Playwright...
2026-03-05 09:00:03,361 - INFO - Navegador (Chromium) lanzado en modo oculto
2026-03-05 09:00:03,732 - INFO - Navegando a: https://cencarvajal.com/#/portal/login
2026-03-05 09:00:11,423 - INFO - [Intento 1/3] Intentando login…
2026-03-05 09:00:11,511 - INFO - [Intento 1] Formulario de login enviado
2026-03-05 09:00:21,514 - WARNING - [Intento 1] No apareció 'Tus servicios' después de intentar login (posible modal)
2026-03-05 09:00:21,537 - INFO - [Intento 1] Se hizo clic en botón 'Continuar' del modal
2026-03-05 09:00:28,539 - WARNING - [Intento 1] Aún no aparece 'Tus servicios' tras aceptar modal
2026-03-05 09:00:28,539 - INFO - [Intento 1] Navegando de nuevo a login y reintentando...
2026-03-05 09:00:28,549 - INFO - [Intento 1] Página de login cargada nuevamente
2026-03-05 09:00:28,549 - INFO - [Intento 2/3] Intentando login…
2026-03-05 09:00:28,604 - INFO - [Intento 2] Formulario de login enviado
2026-03-05 09:00:30,906 - INFO - [Intento 2] [OK] Login exitoso - texto 'Tus servicios' encontrado
2026-03-05 09:00:30,906 - INFO - [Intento 2] Esperando que la página se cargue completamente...
2026-03-05 09:00:32,906 - INFO - [Intento 2] Página estabilizada, listo para descargar
2026-03-05 09:00:32,906 - INFO - ======================================================================
2026-03-05 09:00:32,907 - INFO - [*] Iniciando descarga de Reportes VENTAS
2026-03-05 09:00:32,907 - INFO - ======================================================================
2026-03-05 09:00:32,907 - INFO - Navegando a: https://cencarvajal.com/receivingadvicenewportal/#/home/consult-service?service=SLSRPT
2026-03-05 09:00:32,932 - INFO - Esperando que Angular cargue...
2026-03-05 09:00:36,496 - INFO - ✓ Formulario de filtros cargado
2026-03-05 09:00:38,497 - INFO - Configurando filtro de fechas: 04/03/2026 a 05/03/2026
2026-03-05 09:00:38,527 - INFO - Campo 'Fecha inicio' rellenado: 04/03/2026
2026-03-05 09:00:39,081 - INFO - Campo 'Fecha fin' rellenado: 05/03/2026
2026-03-05 09:00:40,590 - INFO - Calendarios cerrados, filtros de fecha configurados
2026-03-05 09:00:40,590 - INFO - 🔍 Presionando botón 'Buscar' para obtener el listado...
2026-03-05 09:00:40,631 - INFO - ✓ Búsqueda completada y tabla cargada
2026-03-05 09:00:42,636 - INFO - ✓ Se encontraron 1 registro(s)
2026-03-05 09:00:42,636 - INFO - 📄 Procesando página 1...
2026-03-05 09:00:42,640 - INFO -   -> 1 fila(s) en esta página
2026-03-05 09:00:42,664 - INFO - Fila 1: Iniciando descarga - Dismel Ltda | SUPERTIENDAS Y DROGUERIAS OLIMPICAS
2026-03-05 09:00:42,699 - INFO - Fila 1: Modal de formato abierto, esperando selección...
2026-03-05 09:00:43,736 - INFO - Fila 1: Formato XLSX seleccionado
2026-03-05 09:00:44,751 - INFO - Fila 1: Botón Descargar encontrado
2026-03-05 09:00:45,271 - INFO - Fila 1: Descargando archivo...
2026-03-05 09:00:50,945 - INFO - Fila 1: [OK] Descargado exitosamente: VENTAS_PAGE1_FILA1_20260305_090050.xlsx
2026-03-05 09:00:51,959 - INFO - No hay página siguiente. Fin de paginación.
2026-03-05 09:00:51,959 - INFO - ======================================================================
2026-03-05 09:00:51,959 - INFO - [OK] Proceso completado
2026-03-05 09:00:51,960 - INFO - [REPORT] Total de descargas: 1 archivo(s)
2026-03-05 09:00:51,960 - INFO - 📁 Ubicación: D:\TAREAS\CARVAJAL\descargas_reportes
2026-03-05 09:00:51,960 - INFO - [LOG] Logs guardados en: logs_reportes\reporte_descargas_20260305_090002.log
2026-03-05 09:00:51,960 - INFO - ======================================================================
2026-03-05 09:00:51,960 - INFO - ✅ Descarga de reportes de ventas completada exitosamente
2026-03-05 09:00:52,100 - INFO - 
[OK] Navegador cerrado. Proceso finalizado correctamente
2026-03-05 09:00:52,100 - INFO - [LOG] Archivo de log: logs_reportes\reporte_descargas_20260305_090002.log
2026-03-05 09:00:52,100 - INFO - ======================================================================
