2026-03-03 05:00:02,665 - INFO - ======================================================================
2026-03-03 05:00:02,666 - INFO - INICIO DE SESIÓN - 03/03/2026 05:00:02
2026-03-03 05:00:02,666 - INFO - ======================================================================
2026-03-03 05:00:03,199 - INFO - Iniciando Playwright...
2026-03-03 05:00:03,379 - INFO - Navegador (Chromium) lanzado en modo oculto
2026-03-03 05:00:03,743 - INFO - Navegando a: https://cencarvajal.com/#/portal/login
2026-03-03 05:00:08,683 - INFO - [Intento 1/3] Intentando login…
2026-03-03 05:00:11,132 - INFO - [Intento 1] Formulario de login enviado
2026-03-03 05:00:21,135 - WARNING - [Intento 1] No apareció 'Tus servicios' después de intentar login (posible modal)
2026-03-03 05:00:21,157 - INFO - [Intento 1] Se hizo clic en botón 'Continuar' del modal
2026-03-03 05:00:28,159 - WARNING - [Intento 1] Aún no aparece 'Tus servicios' tras aceptar modal
2026-03-03 05:00:28,159 - INFO - [Intento 1] Navegando de nuevo a login y reintentando...
2026-03-03 05:00:28,169 - INFO - [Intento 1] Página de login cargada nuevamente
2026-03-03 05:00:28,169 - INFO - [Intento 2/3] Intentando login…
2026-03-03 05:00:28,225 - INFO - [Intento 2] Formulario de login enviado
2026-03-03 05:00:30,584 - INFO - [Intento 2] [OK] Login exitoso - texto 'Tus servicios' encontrado
2026-03-03 05:00:30,584 - INFO - [Intento 2] Esperando que la página se cargue completamente...
2026-03-03 05:00:32,584 - INFO - [Intento 2] Página estabilizada, listo para descargar
2026-03-03 05:00:32,584 - INFO - ======================================================================
2026-03-03 05:00:32,585 - INFO - [*] Iniciando descarga de Reportes VENTAS
2026-03-03 05:00:32,585 - INFO - ======================================================================
2026-03-03 05:00:32,585 - INFO - Navegando a: https://cencarvajal.com/receivingadvicenewportal/#/home/consult-service?service=SLSRPT
2026-03-03 05:00:32,614 - INFO - Esperando que Angular cargue...
2026-03-03 05:00:36,586 - INFO - ✓ Formulario de filtros cargado
2026-03-03 05:00:38,587 - INFO - Configurando filtro de fechas: 02/03/2026 a 03/03/2026
2026-03-03 05:00:38,617 - INFO - Campo 'Fecha inicio' rellenado: 02/03/2026
2026-03-03 05:00:39,172 - INFO - Campo 'Fecha fin' rellenado: 03/03/2026
2026-03-03 05:00:40,680 - INFO - Calendarios cerrados, filtros de fecha configurados
2026-03-03 05:00:40,680 - INFO - 🔍 Presionando botón 'Buscar' para obtener el listado...
2026-03-03 05:00:40,719 - INFO - ✓ Búsqueda completada y tabla cargada
2026-03-03 05:00:42,724 - INFO - ✓ Se encontraron 1 registro(s)
2026-03-03 05:00:42,724 - INFO - 📄 Procesando página 1...
2026-03-03 05:00:42,728 - INFO -   -> 1 fila(s) en esta página
2026-03-03 05:00:42,752 - INFO - Fila 1: Iniciando descarga - Dismel Ltda | SUPERTIENDAS Y DROGUERIAS OLIMPICAS
2026-03-03 05:00:42,787 - INFO - Fila 1: Modal de formato abierto, esperando selección...
2026-03-03 05:00:43,825 - INFO - Fila 1: Formato XLSX seleccionado
2026-03-03 05:00:44,839 - INFO - Fila 1: Botón Descargar encontrado
2026-03-03 05:00:45,359 - INFO - Fila 1: Descargando archivo...
2026-03-03 05:00:51,263 - INFO - Fila 1: [OK] Descargado exitosamente: VENTAS_PAGE1_FILA1_20260303_050051.xlsx
2026-03-03 05:00:52,278 - INFO - No hay página siguiente. Fin de paginación.
2026-03-03 05:00:52,278 - INFO - ======================================================================
2026-03-03 05:00:52,279 - INFO - [OK] Proceso completado
2026-03-03 05:00:52,279 - INFO - [REPORT] Total de descargas: 1 archivo(s)
2026-03-03 05:00:52,279 - INFO - 📁 Ubicación: D:\TAREAS\CARVAJAL\descargas_reportes
2026-03-03 05:00:52,279 - INFO - [LOG] Logs guardados en: logs_reportes\reporte_descargas_20260303_050002.log
2026-03-03 05:00:52,279 - INFO - ======================================================================
2026-03-03 05:00:52,279 - INFO - ✅ Descarga de reportes de ventas completada exitosamente
2026-03-03 05:00:52,408 - INFO - 
[OK] Navegador cerrado. Proceso finalizado correctamente
2026-03-03 05:00:52,409 - INFO - [LOG] Archivo de log: logs_reportes\reporte_descargas_20260303_050002.log
2026-03-03 05:00:52,409 - INFO - ======================================================================
