2026-03-02 19:00:01,745 - INFO - ======================================================================
2026-03-02 19:00:01,745 - INFO - INICIO DE SESIÓN - 02/03/2026 19:00:01
2026-03-02 19:00:01,745 - INFO - ======================================================================
2026-03-02 19:00:02,275 - INFO - Iniciando Playwright...
2026-03-02 19:00:02,453 - INFO - Navegador (Chromium) lanzado en modo oculto
2026-03-02 19:00:02,815 - INFO - Navegando a: https://cencarvajal.com/#/portal/login
2026-03-02 19:00:07,750 - INFO - [Intento 1/3] Intentando login…
2026-03-02 19:00:10,145 - INFO - [Intento 1] Formulario de login enviado
2026-03-02 19:00:20,148 - WARNING - [Intento 1] No apareció 'Tus servicios' después de intentar login (posible modal)
2026-03-02 19:00:20,164 - INFO - [Intento 1] Se hizo clic en botón 'Continuar' del modal
2026-03-02 19:00:27,167 - WARNING - [Intento 1] Aún no aparece 'Tus servicios' tras aceptar modal
2026-03-02 19:00:27,167 - INFO - [Intento 1] Navegando de nuevo a login y reintentando...
2026-03-02 19:00:27,176 - INFO - [Intento 1] Página de login cargada nuevamente
2026-03-02 19:00:27,176 - INFO - [Intento 2/3] Intentando login…
2026-03-02 19:00:27,232 - INFO - [Intento 2] Formulario de login enviado
2026-03-02 19:00:29,534 - INFO - [Intento 2] [OK] Login exitoso - texto 'Tus servicios' encontrado
2026-03-02 19:00:29,534 - INFO - [Intento 2] Esperando que la página se cargue completamente...
2026-03-02 19:00:31,535 - INFO - [Intento 2] Página estabilizada, listo para descargar
2026-03-02 19:00:31,535 - INFO - ======================================================================
2026-03-02 19:00:31,535 - INFO - [*] Iniciando descarga de Reportes VENTAS
2026-03-02 19:00:31,535 - INFO - ======================================================================
2026-03-02 19:00:31,535 - INFO - Navegando a: https://cencarvajal.com/receivingadvicenewportal/#/home/consult-service?service=SLSRPT
2026-03-02 19:00:31,564 - INFO - Esperando que Angular cargue...
2026-03-02 19:00:35,100 - INFO - ✓ Formulario de filtros cargado
2026-03-02 19:00:37,101 - INFO - Configurando filtro de fechas: 01/03/2026 a 02/03/2026
2026-03-02 19:00:37,131 - INFO - Campo 'Fecha inicio' rellenado: 01/03/2026
2026-03-02 19:00:37,691 - INFO - Campo 'Fecha fin' rellenado: 02/03/2026
2026-03-02 19:00:39,200 - INFO - Calendarios cerrados, filtros de fecha configurados
2026-03-02 19:00:39,200 - INFO - 🔍 Presionando botón 'Buscar' para obtener el listado...
2026-03-02 19:00:39,242 - INFO - ✓ Búsqueda completada y tabla cargada
2026-03-02 19:00:41,249 - INFO - ✓ Se encontraron 2 registro(s)
2026-03-02 19:00:41,249 - INFO - 📄 Procesando página 1...
2026-03-02 19:00:41,253 - INFO -   -> 2 fila(s) en esta página
2026-03-02 19:00:41,277 - INFO - Fila 1: Iniciando descarga - Dismel Ltda | SUPERTIENDAS Y DROGUERIAS OLIMPICAS
2026-03-02 19:00:41,311 - INFO - Fila 1: Modal de formato abierto, esperando selección...
2026-03-02 19:00:42,348 - INFO - Fila 1: Formato XLSX seleccionado
2026-03-02 19:00:43,362 - INFO - Fila 1: Botón Descargar encontrado
2026-03-02 19:00:43,883 - INFO - Fila 1: Descargando archivo...
2026-03-02 19:00:49,807 - INFO - Fila 1: [OK] Descargado exitosamente: VENTAS_PAGE1_FILA1_20260302_190049.xlsx
2026-03-02 19:00:50,832 - INFO - Fila 2: Iniciando descarga - Dismel Ltda | SUPERTIENDAS Y DROGUERIAS OLIMPICAS
2026-03-02 19:00:50,859 - INFO - Fila 2: Modal de formato abierto, esperando selección...
2026-03-02 19:00:51,897 - INFO - Fila 2: Formato XLSX seleccionado
2026-03-02 19:00:52,911 - INFO - Fila 2: Botón Descargar encontrado
2026-03-02 19:00:53,432 - INFO - Fila 2: Descargando archivo...
2026-03-02 19:00:56,233 - INFO - Fila 2: [OK] Descargado exitosamente: VENTAS_PAGE1_FILA2_20260302_190056.xlsx
2026-03-02 19:00:57,249 - INFO - No hay página siguiente. Fin de paginación.
2026-03-02 19:00:57,249 - INFO - ======================================================================
2026-03-02 19:00:57,249 - INFO - [OK] Proceso completado
2026-03-02 19:00:57,249 - INFO - [REPORT] Total de descargas: 2 archivo(s)
2026-03-02 19:00:57,249 - INFO - 📁 Ubicación: D:\TAREAS\CARVAJAL\descargas_reportes
2026-03-02 19:00:57,249 - INFO - [LOG] Logs guardados en: logs_reportes\reporte_descargas_20260302_190001.log
2026-03-02 19:00:57,250 - INFO - ======================================================================
2026-03-02 19:00:57,250 - INFO - ✅ Descarga de reportes de ventas completada exitosamente
2026-03-02 19:00:57,384 - INFO - 
[OK] Navegador cerrado. Proceso finalizado correctamente
2026-03-02 19:00:57,384 - INFO - [LOG] Archivo de log: logs_reportes\reporte_descargas_20260302_190001.log
2026-03-02 19:00:57,384 - INFO - ======================================================================
