2026-03-05 03:00:02,682 - INFO - ======================================================================
2026-03-05 03:00:02,682 - INFO - INICIO DE SESIÓN - 05/03/2026 03:00:02
2026-03-05 03:00:02,683 - INFO - ======================================================================
2026-03-05 03:00:03,218 - INFO - Iniciando Playwright...
2026-03-05 03:00:03,395 - INFO - Navegador (Chromium) lanzado en modo oculto
2026-03-05 03:00:03,758 - INFO - Navegando a: https://cencarvajal.com/#/portal/login
2026-03-05 03:00:08,925 - INFO - [Intento 1/3] Intentando login…
2026-03-05 03:00:10,837 - INFO - [Intento 1] Formulario de login enviado
2026-03-05 03:00:20,840 - WARNING - [Intento 1] No apareció 'Tus servicios' después de intentar login (posible modal)
2026-03-05 03:00:20,867 - INFO - [Intento 1] Se hizo clic en botón 'Continuar' del modal
2026-03-05 03:00:27,870 - WARNING - [Intento 1] Aún no aparece 'Tus servicios' tras aceptar modal
2026-03-05 03:00:27,870 - INFO - [Intento 1] Navegando de nuevo a login y reintentando...
2026-03-05 03:00:27,879 - INFO - [Intento 1] Página de login cargada nuevamente
2026-03-05 03:00:27,879 - INFO - [Intento 2/3] Intentando login…
2026-03-05 03:00:27,934 - INFO - [Intento 2] Formulario de login enviado
2026-03-05 03:00:30,264 - INFO - [Intento 2] [OK] Login exitoso - texto 'Tus servicios' encontrado
2026-03-05 03:00:30,264 - INFO - [Intento 2] Esperando que la página se cargue completamente...
2026-03-05 03:00:32,264 - INFO - [Intento 2] Página estabilizada, listo para descargar
2026-03-05 03:00:32,265 - INFO - ======================================================================
2026-03-05 03:00:32,265 - INFO - [*] Iniciando descarga de Reportes VENTAS
2026-03-05 03:00:32,265 - INFO - ======================================================================
2026-03-05 03:00:32,265 - INFO - Navegando a: https://cencarvajal.com/receivingadvicenewportal/#/home/consult-service?service=SLSRPT
2026-03-05 03:00:32,293 - INFO - Esperando que Angular cargue...
2026-03-05 03:00:35,828 - INFO - ✓ Formulario de filtros cargado
2026-03-05 03:00:37,830 - INFO - Configurando filtro de fechas: 04/03/2026 a 05/03/2026
2026-03-05 03:00:37,860 - INFO - Campo 'Fecha inicio' rellenado: 04/03/2026
2026-03-05 03:00:38,415 - INFO - Campo 'Fecha fin' rellenado: 05/03/2026
2026-03-05 03:00:39,925 - INFO - Calendarios cerrados, filtros de fecha configurados
2026-03-05 03:00:39,925 - INFO - 🔍 Presionando botón 'Buscar' para obtener el listado...
2026-03-05 03:00:39,961 - INFO - ✓ Búsqueda completada y tabla cargada
2026-03-05 03:00:41,968 - INFO - ✓ Se encontraron 3 registro(s)
2026-03-05 03:00:41,968 - INFO - 📄 Procesando página 1...
2026-03-05 03:00:41,973 - INFO -   -> 3 fila(s) en esta página
2026-03-05 03:00:41,997 - INFO - Fila 1: Iniciando descarga - Dismel Ltda | SUPERTIENDAS Y DROGUERIAS OLIMPICAS
2026-03-05 03:00:42,030 - INFO - Fila 1: Modal de formato abierto, esperando selección...
2026-03-05 03:00:43,067 - INFO - Fila 1: Formato XLSX seleccionado
2026-03-05 03:00:44,082 - INFO - Fila 1: Botón Descargar encontrado
2026-03-05 03:00:44,602 - INFO - Fila 1: Descargando archivo...
2026-03-05 03:00:50,405 - INFO - Fila 1: [OK] Descargado exitosamente: VENTAS_PAGE1_FILA1_20260305_030050.xlsx
2026-03-05 03:00:51,429 - INFO - Fila 2: Iniciando descarga - Dismel Ltda | SUPERTIENDAS Y DROGUERIAS OLIMPICAS
2026-03-05 03:00:51,462 - INFO - Fila 2: Modal de formato abierto, esperando selección...
2026-03-05 03:00:52,500 - INFO - Fila 2: Formato XLSX seleccionado
2026-03-05 03:00:53,514 - INFO - Fila 2: Botón Descargar encontrado
2026-03-05 03:00:54,035 - INFO - Fila 2: Descargando archivo...
2026-03-05 03:00:56,832 - INFO - Fila 2: [OK] Descargado exitosamente: VENTAS_PAGE1_FILA2_20260305_030056.xlsx
2026-03-05 03:00:57,858 - INFO - Fila 3: Iniciando descarga - Dismel Ltda | SUPERTIENDAS Y DROGUERIAS OLIMPICAS
2026-03-05 03:00:57,891 - INFO - Fila 3: Modal de formato abierto, esperando selección...
2026-03-05 03:00:58,915 - INFO - Fila 3: Formato XLSX seleccionado
2026-03-05 03:00:59,929 - INFO - Fila 3: Botón Descargar encontrado
2026-03-05 03:01:00,450 - INFO - Fila 3: Descargando archivo...
2026-03-05 03:01:03,489 - INFO - Fila 3: [OK] Descargado exitosamente: VENTAS_PAGE1_FILA3_20260305_030103.xlsx
2026-03-05 03:01:04,504 - INFO - No hay página siguiente. Fin de paginación.
2026-03-05 03:01:04,504 - INFO - ======================================================================
2026-03-05 03:01:04,505 - INFO - [OK] Proceso completado
2026-03-05 03:01:04,505 - INFO - [REPORT] Total de descargas: 3 archivo(s)
2026-03-05 03:01:04,505 - INFO - 📁 Ubicación: D:\TAREAS\CARVAJAL\descargas_reportes
2026-03-05 03:01:04,505 - INFO - [LOG] Logs guardados en: logs_reportes\reporte_descargas_20260305_030002.log
2026-03-05 03:01:04,505 - INFO - ======================================================================
2026-03-05 03:01:04,505 - INFO - ✅ Descarga de reportes de ventas completada exitosamente
2026-03-05 03:01:04,647 - INFO - 
[OK] Navegador cerrado. Proceso finalizado correctamente
2026-03-05 03:01:04,647 - INFO - [LOG] Archivo de log: logs_reportes\reporte_descargas_20260305_030002.log
2026-03-05 03:01:04,647 - INFO - ======================================================================
