2026-03-04 13:00:02,674 - INFO - ======================================================================
2026-03-04 13:00:02,674 - INFO - INICIO DE SESIÓN - 04/03/2026 13:00:02
2026-03-04 13:00:02,674 - INFO - ======================================================================
2026-03-04 13:00:03,206 - INFO - Iniciando Playwright...
2026-03-04 13:00:03,383 - INFO - Navegador (Chromium) lanzado en modo oculto
2026-03-04 13:00:03,769 - INFO - Navegando a: https://cencarvajal.com/#/portal/login
2026-03-04 13:00:08,563 - INFO - [Intento 1/3] Intentando login…
2026-03-04 13:00:11,008 - INFO - [Intento 1] Formulario de login enviado
2026-03-04 13:00:21,011 - WARNING - [Intento 1] No apareció 'Tus servicios' después de intentar login (posible modal)
2026-03-04 13:00:21,032 - INFO - [Intento 1] Se hizo clic en botón 'Continuar' del modal
2026-03-04 13:00:28,036 - WARNING - [Intento 1] Aún no aparece 'Tus servicios' tras aceptar modal
2026-03-04 13:00:28,036 - INFO - [Intento 1] Navegando de nuevo a login y reintentando...
2026-03-04 13:00:28,045 - INFO - [Intento 1] Página de login cargada nuevamente
2026-03-04 13:00:28,045 - INFO - [Intento 2/3] Intentando login…
2026-03-04 13:00:28,100 - INFO - [Intento 2] Formulario de login enviado
2026-03-04 13:00:30,396 - INFO - [Intento 2] [OK] Login exitoso - texto 'Tus servicios' encontrado
2026-03-04 13:00:30,396 - INFO - [Intento 2] Esperando que la página se cargue completamente...
2026-03-04 13:00:32,397 - INFO - [Intento 2] Página estabilizada, listo para descargar
2026-03-04 13:00:32,397 - INFO - ======================================================================
2026-03-04 13:00:32,397 - INFO - [*] Iniciando descarga de Reportes VENTAS
2026-03-04 13:00:32,397 - INFO - ======================================================================
2026-03-04 13:00:32,397 - INFO - Navegando a: https://cencarvajal.com/receivingadvicenewportal/#/home/consult-service?service=SLSRPT
2026-03-04 13:00:32,422 - INFO - Esperando que Angular cargue...
2026-03-04 13:00:35,950 - INFO - ✓ Formulario de filtros cargado
2026-03-04 13:00:37,951 - INFO - Configurando filtro de fechas: 03/03/2026 a 04/03/2026
2026-03-04 13:00:37,981 - INFO - Campo 'Fecha inicio' rellenado: 03/03/2026
2026-03-04 13:00:38,518 - INFO - Campo 'Fecha fin' rellenado: 04/03/2026
2026-03-04 13:00:40,029 - INFO - Calendarios cerrados, filtros de fecha configurados
2026-03-04 13:00:40,029 - INFO - 🔍 Presionando botón 'Buscar' para obtener el listado...
2026-03-04 13:00:40,060 - INFO - ✓ Búsqueda completada y tabla cargada
2026-03-04 13:00:42,066 - INFO - ✓ Se encontraron 2 registro(s)
2026-03-04 13:00:42,066 - INFO - 📄 Procesando página 1...
2026-03-04 13:00:42,071 - INFO -   -> 2 fila(s) en esta página
2026-03-04 13:00:42,095 - INFO - Fila 1: Iniciando descarga - Dismel Ltda | SUPERTIENDAS Y DROGUERIAS OLIMPICAS
2026-03-04 13:00:42,130 - INFO - Fila 1: Modal de formato abierto, esperando selección...
2026-03-04 13:00:43,167 - INFO - Fila 1: Formato XLSX seleccionado
2026-03-04 13:00:44,181 - INFO - Fila 1: Botón Descargar encontrado
2026-03-04 13:00:44,702 - INFO - Fila 1: Descargando archivo...
2026-03-04 13:00:50,542 - INFO - Fila 1: [OK] Descargado exitosamente: VENTAS_PAGE1_FILA1_20260304_130050.xlsx
2026-03-04 13:00:51,566 - INFO - Fila 2: Iniciando descarga - Dismel Ltda | SUPERTIENDAS Y DROGUERIAS OLIMPICAS
2026-03-04 13:00:51,594 - INFO - Fila 2: Modal de formato abierto, esperando selección...
2026-03-04 13:00:52,632 - INFO - Fila 2: Formato XLSX seleccionado
2026-03-04 13:00:53,645 - INFO - Fila 2: Botón Descargar encontrado
2026-03-04 13:00:54,167 - INFO - Fila 2: Descargando archivo...
2026-03-04 13:00:57,023 - INFO - Fila 2: [OK] Descargado exitosamente: VENTAS_PAGE1_FILA2_20260304_130056.xlsx
2026-03-04 13:00:58,039 - INFO - No hay página siguiente. Fin de paginación.
2026-03-04 13:00:58,040 - INFO - ======================================================================
2026-03-04 13:00:58,040 - INFO - [OK] Proceso completado
2026-03-04 13:00:58,040 - INFO - [REPORT] Total de descargas: 2 archivo(s)
2026-03-04 13:00:58,040 - INFO - 📁 Ubicación: D:\TAREAS\CARVAJAL\descargas_reportes
2026-03-04 13:00:58,040 - INFO - [LOG] Logs guardados en: logs_reportes\reporte_descargas_20260304_130002.log
2026-03-04 13:00:58,040 - INFO - ======================================================================
2026-03-04 13:00:58,040 - INFO - ✅ Descarga de reportes de ventas completada exitosamente
2026-03-04 13:00:58,179 - INFO - 
[OK] Navegador cerrado. Proceso finalizado correctamente
2026-03-04 13:00:58,179 - INFO - [LOG] Archivo de log: logs_reportes\reporte_descargas_20260304_130002.log
2026-03-04 13:00:58,180 - INFO - ======================================================================
