2026-03-04 23:00:02,686 - INFO - ======================================================================
2026-03-04 23:00:02,687 - INFO - INICIO DE SESIÓN - 04/03/2026 23:00:02
2026-03-04 23:00:02,687 - INFO - ======================================================================
2026-03-04 23:00:03,218 - INFO - Iniciando Playwright...
2026-03-04 23:00:03,395 - INFO - Navegador (Chromium) lanzado en modo oculto
2026-03-04 23:00:03,791 - INFO - Navegando a: https://cencarvajal.com/#/portal/login
2026-03-04 23:00:08,387 - INFO - [Intento 1/3] Intentando login…
2026-03-04 23:00:10,784 - INFO - [Intento 1] Formulario de login enviado
2026-03-04 23:00:20,791 - WARNING - [Intento 1] No apareció 'Tus servicios' después de intentar login (posible modal)
2026-03-04 23:00:20,809 - INFO - [Intento 1] Se hizo clic en botón 'Continuar' del modal
2026-03-04 23:00:27,811 - WARNING - [Intento 1] Aún no aparece 'Tus servicios' tras aceptar modal
2026-03-04 23:00:27,812 - INFO - [Intento 1] Navegando de nuevo a login y reintentando...
2026-03-04 23:00:27,821 - INFO - [Intento 1] Página de login cargada nuevamente
2026-03-04 23:00:27,821 - INFO - [Intento 2/3] Intentando login…
2026-03-04 23:00:27,877 - INFO - [Intento 2] Formulario de login enviado
2026-03-04 23:00:30,244 - INFO - [Intento 2] [OK] Login exitoso - texto 'Tus servicios' encontrado
2026-03-04 23:00:30,244 - INFO - [Intento 2] Esperando que la página se cargue completamente...
2026-03-04 23:00:32,244 - INFO - [Intento 2] Página estabilizada, listo para descargar
2026-03-04 23:00:32,245 - INFO - ======================================================================
2026-03-04 23:00:32,245 - INFO - [*] Iniciando descarga de Reportes VENTAS
2026-03-04 23:00:32,245 - INFO - ======================================================================
2026-03-04 23:00:32,245 - INFO - Navegando a: https://cencarvajal.com/receivingadvicenewportal/#/home/consult-service?service=SLSRPT
2026-03-04 23:00:32,267 - INFO - Esperando que Angular cargue...
2026-03-04 23:00:36,119 - INFO - ✓ Formulario de filtros cargado
2026-03-04 23:00:38,121 - INFO - Configurando filtro de fechas: 03/03/2026 a 04/03/2026
2026-03-04 23:00:38,151 - INFO - Campo 'Fecha inicio' rellenado: 03/03/2026
2026-03-04 23:00:38,688 - INFO - Campo 'Fecha fin' rellenado: 04/03/2026
2026-03-04 23:00:40,199 - INFO - Calendarios cerrados, filtros de fecha configurados
2026-03-04 23:00:40,199 - INFO - 🔍 Presionando botón 'Buscar' para obtener el listado...
2026-03-04 23:00:40,238 - INFO - ✓ Búsqueda completada y tabla cargada
2026-03-04 23:00:42,244 - INFO - ✓ Se encontraron 3 registro(s)
2026-03-04 23:00:42,244 - INFO - 📄 Procesando página 1...
2026-03-04 23:00:42,249 - INFO -   -> 3 fila(s) en esta página
2026-03-04 23:00:42,275 - INFO - Fila 1: Iniciando descarga - Dismel Ltda | SUPERTIENDAS Y DROGUERIAS OLIMPICAS
2026-03-04 23:00:42,307 - INFO - Fila 1: Modal de formato abierto, esperando selección...
2026-03-04 23:00:43,343 - INFO - Fila 1: Formato XLSX seleccionado
2026-03-04 23:00:44,358 - INFO - Fila 1: Botón Descargar encontrado
2026-03-04 23:00:44,879 - INFO - Fila 1: Descargando archivo...
2026-03-04 23:00:50,637 - INFO - Fila 1: [OK] Descargado exitosamente: VENTAS_PAGE1_FILA1_20260304_230050.xlsx
2026-03-04 23:00:51,662 - INFO - Fila 2: Iniciando descarga - Dismel Ltda | SUPERTIENDAS Y DROGUERIAS OLIMPICAS
2026-03-04 23:00:51,687 - INFO - Fila 2: Modal de formato abierto, esperando selección...
2026-03-04 23:00:52,727 - INFO - Fila 2: Formato XLSX seleccionado
2026-03-04 23:00:53,741 - INFO - Fila 2: Botón Descargar encontrado
2026-03-04 23:00:54,260 - INFO - Fila 2: Descargando archivo...
2026-03-04 23:00:56,966 - INFO - Fila 2: [OK] Descargado exitosamente: VENTAS_PAGE1_FILA2_20260304_230056.xlsx
2026-03-04 23:00:57,991 - INFO - Fila 3: Iniciando descarga - Dismel Ltda | SUPERTIENDAS Y DROGUERIAS OLIMPICAS
2026-03-04 23:00:58,017 - INFO - Fila 3: Modal de formato abierto, esperando selección...
2026-03-04 23:00:59,059 - INFO - Fila 3: Formato XLSX seleccionado
2026-03-04 23:01:00,073 - INFO - Fila 3: Botón Descargar encontrado
2026-03-04 23:01:00,593 - INFO - Fila 3: Descargando archivo...
2026-03-04 23:01:03,259 - INFO - Fila 3: [OK] Descargado exitosamente: VENTAS_PAGE1_FILA3_20260304_230103.xlsx
2026-03-04 23:01:04,274 - INFO - No hay página siguiente. Fin de paginación.
2026-03-04 23:01:04,274 - INFO - ======================================================================
2026-03-04 23:01:04,274 - INFO - [OK] Proceso completado
2026-03-04 23:01:04,274 - INFO - [REPORT] Total de descargas: 3 archivo(s)
2026-03-04 23:01:04,274 - INFO - 📁 Ubicación: D:\TAREAS\CARVAJAL\descargas_reportes
2026-03-04 23:01:04,274 - INFO - [LOG] Logs guardados en: logs_reportes\reporte_descargas_20260304_230002.log
2026-03-04 23:01:04,275 - INFO - ======================================================================
2026-03-04 23:01:04,275 - INFO - ✅ Descarga de reportes de ventas completada exitosamente
2026-03-04 23:01:04,419 - INFO - 
[OK] Navegador cerrado. Proceso finalizado correctamente
2026-03-04 23:01:04,419 - INFO - [LOG] Archivo de log: logs_reportes\reporte_descargas_20260304_230002.log
2026-03-04 23:01:04,420 - INFO - ======================================================================
