2026-03-03 02:00:02,650 - INFO - ======================================================================
2026-03-03 02:00:02,650 - INFO - INICIO DE SESIÓN - 03/03/2026 02:00:02
2026-03-03 02:00:02,650 - INFO - ======================================================================
2026-03-03 02:00:03,188 - INFO - Iniciando Playwright...
2026-03-03 02:00:03,363 - INFO - Navegador (Chromium) lanzado en modo oculto
2026-03-03 02:00:03,729 - INFO - Navegando a: https://cencarvajal.com/#/portal/login
2026-03-03 02:00:09,096 - INFO - [Intento 1/3] Intentando login…
2026-03-03 02:00:11,531 - INFO - [Intento 1] Formulario de login enviado
2026-03-03 02:00:21,533 - WARNING - [Intento 1] No apareció 'Tus servicios' después de intentar login (posible modal)
2026-03-03 02:00:21,556 - INFO - [Intento 1] Se hizo clic en botón 'Continuar' del modal
2026-03-03 02:00:28,558 - WARNING - [Intento 1] Aún no aparece 'Tus servicios' tras aceptar modal
2026-03-03 02:00:28,558 - INFO - [Intento 1] Navegando de nuevo a login y reintentando...
2026-03-03 02:00:28,567 - INFO - [Intento 1] Página de login cargada nuevamente
2026-03-03 02:00:28,567 - INFO - [Intento 2/3] Intentando login…
2026-03-03 02:00:28,624 - INFO - [Intento 2] Formulario de login enviado
2026-03-03 02:00:30,990 - INFO - [Intento 2] [OK] Login exitoso - texto 'Tus servicios' encontrado
2026-03-03 02:00:30,990 - INFO - [Intento 2] Esperando que la página se cargue completamente...
2026-03-03 02:00:32,990 - INFO - [Intento 2] Página estabilizada, listo para descargar
2026-03-03 02:00:32,991 - INFO - ======================================================================
2026-03-03 02:00:32,991 - INFO - [*] Iniciando descarga de Reportes VENTAS
2026-03-03 02:00:32,991 - INFO - ======================================================================
2026-03-03 02:00:32,991 - INFO - Navegando a: https://cencarvajal.com/receivingadvicenewportal/#/home/consult-service?service=SLSRPT
2026-03-03 02:00:33,020 - INFO - Esperando que Angular cargue...
2026-03-03 02:00:36,552 - INFO - ✓ Formulario de filtros cargado
2026-03-03 02:00:38,553 - INFO - Configurando filtro de fechas: 02/03/2026 a 03/03/2026
2026-03-03 02:00:38,583 - INFO - Campo 'Fecha inicio' rellenado: 02/03/2026
2026-03-03 02:00:39,137 - INFO - Campo 'Fecha fin' rellenado: 03/03/2026
2026-03-03 02:00:40,646 - INFO - Calendarios cerrados, filtros de fecha configurados
2026-03-03 02:00:40,646 - INFO - 🔍 Presionando botón 'Buscar' para obtener el listado...
2026-03-03 02:00:40,684 - INFO - ✓ Búsqueda completada y tabla cargada
2026-03-03 02:00:42,691 - INFO - ✓ Se encontraron 2 registro(s)
2026-03-03 02:00:42,691 - INFO - 📄 Procesando página 1...
2026-03-03 02:00:42,695 - INFO -   -> 2 fila(s) en esta página
2026-03-03 02:00:42,719 - INFO - Fila 1: Iniciando descarga - Dismel Ltda | SUPERTIENDAS Y DROGUERIAS OLIMPICAS
2026-03-03 02:00:42,754 - INFO - Fila 1: Modal de formato abierto, esperando selección...
2026-03-03 02:00:43,790 - INFO - Fila 1: Formato XLSX seleccionado
2026-03-03 02:00:44,804 - INFO - Fila 1: Botón Descargar encontrado
2026-03-03 02:00:45,325 - INFO - Fila 1: Descargando archivo...
2026-03-03 02:00:51,217 - INFO - Fila 1: [OK] Descargado exitosamente: VENTAS_PAGE1_FILA1_20260303_020051.xlsx
2026-03-03 02:00:52,242 - INFO - Fila 2: Iniciando descarga - Dismel Ltda | SUPERTIENDAS Y DROGUERIAS OLIMPICAS
2026-03-03 02:00:52,285 - INFO - Fila 2: Modal de formato abierto, esperando selección...
2026-03-03 02:00:53,322 - INFO - Fila 2: Formato XLSX seleccionado
2026-03-03 02:00:54,336 - INFO - Fila 2: Botón Descargar encontrado
2026-03-03 02:00:54,857 - INFO - Fila 2: Descargando archivo...
2026-03-03 02:00:57,590 - INFO - Fila 2: [OK] Descargado exitosamente: VENTAS_PAGE1_FILA2_20260303_020057.xlsx
2026-03-03 02:00:58,605 - INFO - No hay página siguiente. Fin de paginación.
2026-03-03 02:00:58,605 - INFO - ======================================================================
2026-03-03 02:00:58,606 - INFO - [OK] Proceso completado
2026-03-03 02:00:58,606 - INFO - [REPORT] Total de descargas: 2 archivo(s)
2026-03-03 02:00:58,606 - INFO - 📁 Ubicación: D:\TAREAS\CARVAJAL\descargas_reportes
2026-03-03 02:00:58,606 - INFO - [LOG] Logs guardados en: logs_reportes\reporte_descargas_20260303_020002.log
2026-03-03 02:00:58,606 - INFO - ======================================================================
2026-03-03 02:00:58,606 - INFO - ✅ Descarga de reportes de ventas completada exitosamente
2026-03-03 02:00:58,739 - INFO - 
[OK] Navegador cerrado. Proceso finalizado correctamente
2026-03-03 02:00:58,739 - INFO - [LOG] Archivo de log: logs_reportes\reporte_descargas_20260303_020002.log
2026-03-03 02:00:58,739 - INFO - ======================================================================
