2026-03-04 02:00:02,721 - INFO - ======================================================================
2026-03-04 02:00:02,721 - INFO - INICIO DE SESIÓN - 04/03/2026 02:00:02
2026-03-04 02:00:02,721 - INFO - ======================================================================
2026-03-04 02:00:03,256 - INFO - Iniciando Playwright...
2026-03-04 02:00:03,415 - INFO - Navegador (Chromium) lanzado en modo oculto
2026-03-04 02:00:03,805 - INFO - Navegando a: https://cencarvajal.com/#/portal/login
2026-03-04 02:00:09,354 - INFO - [Intento 1/3] Intentando login…
2026-03-04 02:00:11,825 - INFO - [Intento 1] Formulario de login enviado
2026-03-04 02:00:21,828 - WARNING - [Intento 1] No apareció 'Tus servicios' después de intentar login (posible modal)
2026-03-04 02:00:21,867 - INFO - [Intento 1] Se hizo clic en botón 'Continuar' del modal
2026-03-04 02:00:28,869 - WARNING - [Intento 1] Aún no aparece 'Tus servicios' tras aceptar modal
2026-03-04 02:00:28,869 - INFO - [Intento 1] Navegando de nuevo a login y reintentando...
2026-03-04 02:00:28,878 - INFO - [Intento 1] Página de login cargada nuevamente
2026-03-04 02:00:28,879 - INFO - [Intento 2/3] Intentando login…
2026-03-04 02:00:28,935 - INFO - [Intento 2] Formulario de login enviado
2026-03-04 02:00:30,800 - INFO - [Intento 2] [OK] Login exitoso - texto 'Tus servicios' encontrado
2026-03-04 02:00:30,800 - INFO - [Intento 2] Esperando que la página se cargue completamente...
2026-03-04 02:00:32,800 - INFO - [Intento 2] Página estabilizada, listo para descargar
2026-03-04 02:00:32,801 - INFO - ======================================================================
2026-03-04 02:00:32,801 - INFO - [*] Iniciando descarga de Reportes VENTAS
2026-03-04 02:00:32,801 - INFO - ======================================================================
2026-03-04 02:00:32,801 - INFO - Navegando a: https://cencarvajal.com/receivingadvicenewportal/#/home/consult-service?service=SLSRPT
2026-03-04 02:00:32,824 - INFO - Esperando que Angular cargue...
2026-03-04 02:00:36,358 - INFO - ✓ Formulario de filtros cargado
2026-03-04 02:00:38,359 - INFO - Configurando filtro de fechas: 03/03/2026 a 04/03/2026
2026-03-04 02:00:38,389 - INFO - Campo 'Fecha inicio' rellenado: 03/03/2026
2026-03-04 02:00:38,932 - INFO - Campo 'Fecha fin' rellenado: 04/03/2026
2026-03-04 02:00:40,441 - INFO - Calendarios cerrados, filtros de fecha configurados
2026-03-04 02:00:40,441 - INFO - 🔍 Presionando botón 'Buscar' para obtener el listado...
2026-03-04 02:00:40,478 - INFO - ✓ Búsqueda completada y tabla cargada
2026-03-04 02:00:42,484 - INFO - ✓ Se encontraron 3 registro(s)
2026-03-04 02:00:42,484 - INFO - 📄 Procesando página 1...
2026-03-04 02:00:42,490 - INFO -   -> 3 fila(s) en esta página
2026-03-04 02:00:42,514 - INFO - Fila 1: Iniciando descarga - Dismel Ltda | SUPERTIENDAS Y DROGUERIAS OLIMPICAS
2026-03-04 02:00:42,549 - INFO - Fila 1: Modal de formato abierto, esperando selección...
2026-03-04 02:00:43,585 - INFO - Fila 1: Formato XLSX seleccionado
2026-03-04 02:00:44,600 - INFO - Fila 1: Botón Descargar encontrado
2026-03-04 02:00:45,120 - INFO - Fila 1: Descargando archivo...
2026-03-04 02:00:51,400 - INFO - Fila 1: [OK] Descargado exitosamente: VENTAS_PAGE1_FILA1_20260304_020051.xlsx
2026-03-04 02:00:52,425 - INFO - Fila 2: Iniciando descarga - Dismel Ltda | SUPERTIENDAS Y DROGUERIAS OLIMPICAS
2026-03-04 02:00:52,461 - INFO - Fila 2: Modal de formato abierto, esperando selección...
2026-03-04 02:00:53,500 - INFO - Fila 2: Formato XLSX seleccionado
2026-03-04 02:00:54,514 - INFO - Fila 2: Botón Descargar encontrado
2026-03-04 02:00:55,034 - INFO - Fila 2: Descargando archivo...
2026-03-04 02:00:57,798 - INFO - Fila 2: [OK] Descargado exitosamente: VENTAS_PAGE1_FILA2_20260304_020057.xlsx
2026-03-04 02:00:58,836 - INFO - Fila 3: Iniciando descarga - Dismel Ltda | SUPERTIENDAS Y DROGUERIAS OLIMPICAS
2026-03-04 02:00:58,875 - INFO - Fila 3: Modal de formato abierto, esperando selección...
2026-03-04 02:00:59,916 - INFO - Fila 3: Formato XLSX seleccionado
2026-03-04 02:01:00,930 - INFO - Fila 3: Botón Descargar encontrado
2026-03-04 02:01:01,451 - INFO - Fila 3: Descargando archivo...
2026-03-04 02:01:04,049 - INFO - Fila 3: [OK] Descargado exitosamente: VENTAS_PAGE1_FILA3_20260304_020104.xlsx
2026-03-04 02:01:05,064 - INFO - No hay página siguiente. Fin de paginación.
2026-03-04 02:01:05,064 - INFO - ======================================================================
2026-03-04 02:01:05,064 - INFO - [OK] Proceso completado
2026-03-04 02:01:05,064 - INFO - [REPORT] Total de descargas: 3 archivo(s)
2026-03-04 02:01:05,064 - INFO - 📁 Ubicación: D:\TAREAS\CARVAJAL\descargas_reportes
2026-03-04 02:01:05,064 - INFO - [LOG] Logs guardados en: logs_reportes\reporte_descargas_20260304_020002.log
2026-03-04 02:01:05,064 - INFO - ======================================================================
2026-03-04 02:01:05,064 - INFO - ✅ Descarga de reportes de ventas completada exitosamente
2026-03-04 02:01:05,209 - INFO - 
[OK] Navegador cerrado. Proceso finalizado correctamente
2026-03-04 02:01:05,209 - INFO - [LOG] Archivo de log: logs_reportes\reporte_descargas_20260304_020002.log
2026-03-04 02:01:05,209 - INFO - ======================================================================
