2026-03-05 07:00:02,670 - INFO - ======================================================================
2026-03-05 07:00:02,670 - INFO - INICIO DE SESIÓN - 05/03/2026 07:00:02
2026-03-05 07:00:02,670 - INFO - ======================================================================
2026-03-05 07:00:03,202 - INFO - Iniciando Playwright...
2026-03-05 07:00:03,382 - INFO - Navegador (Chromium) lanzado en modo oculto
2026-03-05 07:00:03,769 - INFO - Navegando a: https://cencarvajal.com/#/portal/login
2026-03-05 07:00:08,461 - INFO - [Intento 1/3] Intentando login…
2026-03-05 07:00:10,849 - INFO - [Intento 1] Formulario de login enviado
2026-03-05 07:00:20,851 - WARNING - [Intento 1] No apareció 'Tus servicios' después de intentar login (posible modal)
2026-03-05 07:00:20,874 - INFO - [Intento 1] Se hizo clic en botón 'Continuar' del modal
2026-03-05 07:00:27,877 - WARNING - [Intento 1] Aún no aparece 'Tus servicios' tras aceptar modal
2026-03-05 07:00:27,877 - INFO - [Intento 1] Navegando de nuevo a login y reintentando...
2026-03-05 07:00:27,886 - INFO - [Intento 1] Página de login cargada nuevamente
2026-03-05 07:00:27,887 - INFO - [Intento 2/3] Intentando login…
2026-03-05 07:00:27,941 - INFO - [Intento 2] Formulario de login enviado
2026-03-05 07:00:30,297 - INFO - [Intento 2] [OK] Login exitoso - texto 'Tus servicios' encontrado
2026-03-05 07:00:30,298 - INFO - [Intento 2] Esperando que la página se cargue completamente...
2026-03-05 07:00:32,298 - INFO - [Intento 2] Página estabilizada, listo para descargar
2026-03-05 07:00:32,298 - INFO - ======================================================================
2026-03-05 07:00:32,298 - INFO - [*] Iniciando descarga de Reportes VENTAS
2026-03-05 07:00:32,299 - INFO - ======================================================================
2026-03-05 07:00:32,299 - INFO - Navegando a: https://cencarvajal.com/receivingadvicenewportal/#/home/consult-service?service=SLSRPT
2026-03-05 07:00:32,323 - INFO - Esperando que Angular cargue...
2026-03-05 07:00:35,859 - INFO - ✓ Formulario de filtros cargado
2026-03-05 07:00:37,860 - INFO - Configurando filtro de fechas: 04/03/2026 a 05/03/2026
2026-03-05 07:00:37,890 - INFO - Campo 'Fecha inicio' rellenado: 04/03/2026
2026-03-05 07:00:38,446 - INFO - Campo 'Fecha fin' rellenado: 05/03/2026
2026-03-05 07:00:39,956 - INFO - Calendarios cerrados, filtros de fecha configurados
2026-03-05 07:00:39,957 - INFO - 🔍 Presionando botón 'Buscar' para obtener el listado...
2026-03-05 07:00:40,002 - INFO - ✓ Búsqueda completada y tabla cargada
2026-03-05 07:00:42,008 - INFO - ✓ Se encontraron 1 registro(s)
2026-03-05 07:00:42,008 - INFO - 📄 Procesando página 1...
2026-03-05 07:00:42,011 - INFO -   -> 1 fila(s) en esta página
2026-03-05 07:00:42,035 - INFO - Fila 1: Iniciando descarga - Dismel Ltda | SUPERTIENDAS Y DROGUERIAS OLIMPICAS
2026-03-05 07:00:42,071 - INFO - Fila 1: Modal de formato abierto, esperando selección...
2026-03-05 07:00:43,107 - INFO - Fila 1: Formato XLSX seleccionado
2026-03-05 07:00:44,121 - INFO - Fila 1: Botón Descargar encontrado
2026-03-05 07:00:44,642 - INFO - Fila 1: Descargando archivo...
2026-03-05 07:00:50,647 - INFO - Fila 1: [OK] Descargado exitosamente: VENTAS_PAGE1_FILA1_20260305_070050.xlsx
2026-03-05 07:00:51,662 - INFO - No hay página siguiente. Fin de paginación.
2026-03-05 07:00:51,662 - INFO - ======================================================================
2026-03-05 07:00:51,663 - INFO - [OK] Proceso completado
2026-03-05 07:00:51,663 - INFO - [REPORT] Total de descargas: 1 archivo(s)
2026-03-05 07:00:51,663 - INFO - 📁 Ubicación: D:\TAREAS\CARVAJAL\descargas_reportes
2026-03-05 07:00:51,663 - INFO - [LOG] Logs guardados en: logs_reportes\reporte_descargas_20260305_070002.log
2026-03-05 07:00:51,663 - INFO - ======================================================================
2026-03-05 07:00:51,663 - INFO - ✅ Descarga de reportes de ventas completada exitosamente
2026-03-05 07:00:51,806 - INFO - 
[OK] Navegador cerrado. Proceso finalizado correctamente
2026-03-05 07:00:51,806 - INFO - [LOG] Archivo de log: logs_reportes\reporte_descargas_20260305_070002.log
2026-03-05 07:00:51,806 - INFO - ======================================================================
