2026-03-04 20:00:02,675 - INFO - ======================================================================
2026-03-04 20:00:02,675 - INFO - INICIO DE SESIÓN - 04/03/2026 20:00:02
2026-03-04 20:00:02,675 - INFO - ======================================================================
2026-03-04 20:00:03,214 - INFO - Iniciando Playwright...
2026-03-04 20:00:03,387 - INFO - Navegador (Chromium) lanzado en modo oculto
2026-03-04 20:00:03,755 - INFO - Navegando a: https://cencarvajal.com/#/portal/login
2026-03-04 20:00:08,922 - INFO - [Intento 1/3] Intentando login…
2026-03-04 20:00:10,882 - INFO - [Intento 1] Formulario de login enviado
2026-03-04 20:00:20,884 - WARNING - [Intento 1] No apareció 'Tus servicios' después de intentar login (posible modal)
2026-03-04 20:00:20,908 - INFO - [Intento 1] Se hizo clic en botón 'Continuar' del modal
2026-03-04 20:00:27,910 - WARNING - [Intento 1] Aún no aparece 'Tus servicios' tras aceptar modal
2026-03-04 20:00:27,910 - INFO - [Intento 1] Navegando de nuevo a login y reintentando...
2026-03-04 20:00:27,919 - INFO - [Intento 1] Página de login cargada nuevamente
2026-03-04 20:00:27,919 - INFO - [Intento 2/3] Intentando login…
2026-03-04 20:00:27,976 - INFO - [Intento 2] Formulario de login enviado
2026-03-04 20:00:30,272 - INFO - [Intento 2] [OK] Login exitoso - texto 'Tus servicios' encontrado
2026-03-04 20:00:30,272 - INFO - [Intento 2] Esperando que la página se cargue completamente...
2026-03-04 20:00:32,273 - INFO - [Intento 2] Página estabilizada, listo para descargar
2026-03-04 20:00:32,273 - INFO - ======================================================================
2026-03-04 20:00:32,273 - INFO - [*] Iniciando descarga de Reportes VENTAS
2026-03-04 20:00:32,273 - INFO - ======================================================================
2026-03-04 20:00:32,273 - INFO - Navegando a: https://cencarvajal.com/receivingadvicenewportal/#/home/consult-service?service=SLSRPT
2026-03-04 20:00:32,300 - INFO - Esperando que Angular cargue...
2026-03-04 20:00:35,838 - INFO - ✓ Formulario de filtros cargado
2026-03-04 20:00:37,839 - INFO - Configurando filtro de fechas: 03/03/2026 a 04/03/2026
2026-03-04 20:00:37,869 - INFO - Campo 'Fecha inicio' rellenado: 03/03/2026
2026-03-04 20:00:38,406 - INFO - Campo 'Fecha fin' rellenado: 04/03/2026
2026-03-04 20:00:39,933 - INFO - Calendarios cerrados, filtros de fecha configurados
2026-03-04 20:00:39,933 - INFO - 🔍 Presionando botón 'Buscar' para obtener el listado...
2026-03-04 20:00:39,986 - INFO - ✓ Búsqueda completada y tabla cargada
2026-03-04 20:00:41,993 - INFO - ✓ Se encontraron 3 registro(s)
2026-03-04 20:00:41,993 - INFO - 📄 Procesando página 1...
2026-03-04 20:00:41,998 - INFO -   -> 3 fila(s) en esta página
2026-03-04 20:00:42,022 - INFO - Fila 1: Iniciando descarga - Dismel Ltda | SUPERTIENDAS Y DROGUERIAS OLIMPICAS
2026-03-04 20:00:42,054 - INFO - Fila 1: Modal de formato abierto, esperando selección...
2026-03-04 20:00:43,092 - INFO - Fila 1: Formato XLSX seleccionado
2026-03-04 20:00:44,107 - INFO - Fila 1: Botón Descargar encontrado
2026-03-04 20:00:44,627 - INFO - Fila 1: Descargando archivo...
2026-03-04 20:00:50,449 - INFO - Fila 1: [OK] Descargado exitosamente: VENTAS_PAGE1_FILA1_20260304_200050.xlsx
2026-03-04 20:00:51,474 - INFO - Fila 2: Iniciando descarga - Dismel Ltda | SUPERTIENDAS Y DROGUERIAS OLIMPICAS
2026-03-04 20:00:51,503 - INFO - Fila 2: Modal de formato abierto, esperando selección...
2026-03-04 20:00:52,541 - INFO - Fila 2: Formato XLSX seleccionado
2026-03-04 20:00:53,554 - INFO - Fila 2: Botón Descargar encontrado
2026-03-04 20:00:54,075 - INFO - Fila 2: Descargando archivo...
2026-03-04 20:00:56,781 - INFO - Fila 2: [OK] Descargado exitosamente: VENTAS_PAGE1_FILA2_20260304_200056.xlsx
2026-03-04 20:00:57,807 - INFO - Fila 3: Iniciando descarga - Dismel Ltda | SUPERTIENDAS Y DROGUERIAS OLIMPICAS
2026-03-04 20:00:57,835 - INFO - Fila 3: Modal de formato abierto, esperando selección...
2026-03-04 20:00:58,873 - INFO - Fila 3: Formato XLSX seleccionado
2026-03-04 20:00:59,887 - INFO - Fila 3: Botón Descargar encontrado
2026-03-04 20:01:00,409 - INFO - Fila 3: Descargando archivo...
2026-03-04 20:01:03,255 - INFO - Fila 3: [OK] Descargado exitosamente: VENTAS_PAGE1_FILA3_20260304_200103.xlsx
2026-03-04 20:01:04,270 - INFO - No hay página siguiente. Fin de paginación.
2026-03-04 20:01:04,270 - INFO - ======================================================================
2026-03-04 20:01:04,270 - INFO - [OK] Proceso completado
2026-03-04 20:01:04,271 - INFO - [REPORT] Total de descargas: 3 archivo(s)
2026-03-04 20:01:04,271 - INFO - 📁 Ubicación: D:\TAREAS\CARVAJAL\descargas_reportes
2026-03-04 20:01:04,271 - INFO - [LOG] Logs guardados en: logs_reportes\reporte_descargas_20260304_200002.log
2026-03-04 20:01:04,271 - INFO - ======================================================================
2026-03-04 20:01:04,271 - INFO - ✅ Descarga de reportes de ventas completada exitosamente
2026-03-04 20:01:04,411 - INFO - 
[OK] Navegador cerrado. Proceso finalizado correctamente
2026-03-04 20:01:04,411 - INFO - [LOG] Archivo de log: logs_reportes\reporte_descargas_20260304_200002.log
2026-03-04 20:01:04,411 - INFO - ======================================================================
