2026-03-05 04:00:02,675 - INFO - ======================================================================
2026-03-05 04:00:02,675 - INFO - INICIO DE SESIÓN - 05/03/2026 04:00:02
2026-03-05 04:00:02,675 - INFO - ======================================================================
2026-03-05 04:00:03,210 - INFO - Iniciando Playwright...
2026-03-05 04:00:03,487 - INFO - Navegador (Chromium) lanzado en modo oculto
2026-03-05 04:00:04,017 - INFO - Navegando a: https://cencarvajal.com/#/portal/login
2026-03-05 04:00:09,675 - INFO - [Intento 1/3] Intentando login…
2026-03-05 04:00:11,690 - INFO - [Intento 1] Formulario de login enviado
2026-03-05 04:00:21,693 - WARNING - [Intento 1] No apareció 'Tus servicios' después de intentar login (posible modal)
2026-03-05 04:00:21,723 - INFO - [Intento 1] Se hizo clic en botón 'Continuar' del modal
2026-03-05 04:00:28,726 - WARNING - [Intento 1] Aún no aparece 'Tus servicios' tras aceptar modal
2026-03-05 04:00:28,726 - INFO - [Intento 1] Navegando de nuevo a login y reintentando...
2026-03-05 04:00:28,735 - INFO - [Intento 1] Página de login cargada nuevamente
2026-03-05 04:00:28,735 - INFO - [Intento 2/3] Intentando login…
2026-03-05 04:00:28,790 - INFO - [Intento 2] Formulario de login enviado
2026-03-05 04:00:31,163 - INFO - [Intento 2] [OK] Login exitoso - texto 'Tus servicios' encontrado
2026-03-05 04:00:31,163 - INFO - [Intento 2] Esperando que la página se cargue completamente...
2026-03-05 04:00:33,164 - INFO - [Intento 2] Página estabilizada, listo para descargar
2026-03-05 04:00:33,164 - INFO - ======================================================================
2026-03-05 04:00:33,164 - INFO - [*] Iniciando descarga de Reportes VENTAS
2026-03-05 04:00:33,164 - INFO - ======================================================================
2026-03-05 04:00:33,164 - INFO - Navegando a: https://cencarvajal.com/receivingadvicenewportal/#/home/consult-service?service=SLSRPT
2026-03-05 04:00:33,191 - INFO - Esperando que Angular cargue...
2026-03-05 04:00:36,768 - INFO - ✓ Formulario de filtros cargado
2026-03-05 04:00:38,768 - INFO - Configurando filtro de fechas: 04/03/2026 a 05/03/2026
2026-03-05 04:00:38,798 - INFO - Campo 'Fecha inicio' rellenado: 04/03/2026
2026-03-05 04:00:39,337 - INFO - Campo 'Fecha fin' rellenado: 05/03/2026
2026-03-05 04:00:40,845 - INFO - Calendarios cerrados, filtros de fecha configurados
2026-03-05 04:00:40,846 - INFO - 🔍 Presionando botón 'Buscar' para obtener el listado...
2026-03-05 04:00:40,884 - INFO - ✓ Búsqueda completada y tabla cargada
2026-03-05 04:00:42,891 - INFO - ✓ Se encontraron 3 registro(s)
2026-03-05 04:00:42,891 - INFO - 📄 Procesando página 1...
2026-03-05 04:00:42,896 - INFO -   -> 3 fila(s) en esta página
2026-03-05 04:00:42,921 - INFO - Fila 1: Iniciando descarga - Dismel Ltda | SUPERTIENDAS Y DROGUERIAS OLIMPICAS
2026-03-05 04:00:42,953 - INFO - Fila 1: Modal de formato abierto, esperando selección...
2026-03-05 04:00:43,990 - INFO - Fila 1: Formato XLSX seleccionado
2026-03-05 04:00:45,004 - INFO - Fila 1: Botón Descargar encontrado
2026-03-05 04:00:45,525 - INFO - Fila 1: Descargando archivo...
2026-03-05 04:00:51,343 - INFO - Fila 1: [OK] Descargado exitosamente: VENTAS_PAGE1_FILA1_20260305_040051.xlsx
2026-03-05 04:00:52,367 - INFO - Fila 2: Iniciando descarga - Dismel Ltda | SUPERTIENDAS Y DROGUERIAS OLIMPICAS
2026-03-05 04:00:52,401 - INFO - Fila 2: Modal de formato abierto, esperando selección...
2026-03-05 04:00:53,439 - INFO - Fila 2: Formato XLSX seleccionado
2026-03-05 04:00:54,454 - INFO - Fila 2: Botón Descargar encontrado
2026-03-05 04:00:54,974 - INFO - Fila 2: Descargando archivo...
2026-03-05 04:00:57,806 - INFO - Fila 2: [OK] Descargado exitosamente: VENTAS_PAGE1_FILA2_20260305_040057.xlsx
2026-03-05 04:00:58,830 - INFO - Fila 3: Iniciando descarga - Dismel Ltda | SUPERTIENDAS Y DROGUERIAS OLIMPICAS
2026-03-05 04:00:58,863 - INFO - Fila 3: Modal de formato abierto, esperando selección...
2026-03-05 04:00:59,904 - INFO - Fila 3: Formato XLSX seleccionado
2026-03-05 04:01:00,918 - INFO - Fila 3: Botón Descargar encontrado
2026-03-05 04:01:01,440 - INFO - Fila 3: Descargando archivo...
2026-03-05 04:01:04,238 - INFO - Fila 3: [OK] Descargado exitosamente: VENTAS_PAGE1_FILA3_20260305_040104.xlsx
2026-03-05 04:01:05,253 - INFO - No hay página siguiente. Fin de paginación.
2026-03-05 04:01:05,253 - INFO - ======================================================================
2026-03-05 04:01:05,253 - INFO - [OK] Proceso completado
2026-03-05 04:01:05,253 - INFO - [REPORT] Total de descargas: 3 archivo(s)
2026-03-05 04:01:05,254 - INFO - 📁 Ubicación: D:\TAREAS\CARVAJAL\descargas_reportes
2026-03-05 04:01:05,254 - INFO - [LOG] Logs guardados en: logs_reportes\reporte_descargas_20260305_040002.log
2026-03-05 04:01:05,254 - INFO - ======================================================================
2026-03-05 04:01:05,254 - INFO - ✅ Descarga de reportes de ventas completada exitosamente
2026-03-05 04:01:05,397 - INFO - 
[OK] Navegador cerrado. Proceso finalizado correctamente
2026-03-05 04:01:05,398 - INFO - [LOG] Archivo de log: logs_reportes\reporte_descargas_20260305_040002.log
2026-03-05 04:01:05,398 - INFO - ======================================================================
