2026-03-02 12:00:01,745 - INFO - ======================================================================
2026-03-02 12:00:01,745 - INFO - INICIO DE SESIÓN - 02/03/2026 12:00:01
2026-03-02 12:00:01,745 - INFO - ======================================================================
2026-03-02 12:00:02,280 - INFO - Iniciando Playwright...
2026-03-02 12:00:02,453 - INFO - Navegador (Chromium) lanzado en modo oculto
2026-03-02 12:00:02,822 - INFO - Navegando a: https://cencarvajal.com/#/portal/login
2026-03-02 12:00:07,494 - INFO - [Intento 1/3] Intentando login…
2026-03-02 12:00:09,897 - INFO - [Intento 1] Formulario de login enviado
2026-03-02 12:00:19,900 - WARNING - [Intento 1] No apareció 'Tus servicios' después de intentar login (posible modal)
2026-03-02 12:00:19,923 - INFO - [Intento 1] Se hizo clic en botón 'Continuar' del modal
2026-03-02 12:00:26,925 - WARNING - [Intento 1] Aún no aparece 'Tus servicios' tras aceptar modal
2026-03-02 12:00:26,925 - INFO - [Intento 1] Navegando de nuevo a login y reintentando...
2026-03-02 12:00:26,934 - INFO - [Intento 1] Página de login cargada nuevamente
2026-03-02 12:00:26,934 - INFO - [Intento 2/3] Intentando login…
2026-03-02 12:00:26,990 - INFO - [Intento 2] Formulario de login enviado
2026-03-02 12:00:29,790 - INFO - [Intento 2] [OK] Login exitoso - texto 'Tus servicios' encontrado
2026-03-02 12:00:29,790 - INFO - [Intento 2] Esperando que la página se cargue completamente...
2026-03-02 12:00:31,790 - INFO - [Intento 2] Página estabilizada, listo para descargar
2026-03-02 12:00:31,791 - INFO - ======================================================================
2026-03-02 12:00:31,791 - INFO - [*] Iniciando descarga de Reportes VENTAS
2026-03-02 12:00:31,791 - INFO - ======================================================================
2026-03-02 12:00:31,791 - INFO - Navegando a: https://cencarvajal.com/receivingadvicenewportal/#/home/consult-service?service=SLSRPT
2026-03-02 12:00:31,816 - INFO - Esperando que Angular cargue...
2026-03-02 12:00:35,373 - INFO - ✓ Formulario de filtros cargado
2026-03-02 12:00:37,374 - INFO - Configurando filtro de fechas: 01/03/2026 a 02/03/2026
2026-03-02 12:00:37,404 - INFO - Campo 'Fecha inicio' rellenado: 01/03/2026
2026-03-02 12:00:37,964 - INFO - Campo 'Fecha fin' rellenado: 02/03/2026
2026-03-02 12:00:39,473 - INFO - Calendarios cerrados, filtros de fecha configurados
2026-03-02 12:00:39,473 - INFO - 🔍 Presionando botón 'Buscar' para obtener el listado...
2026-03-02 12:00:39,517 - INFO - ✓ Búsqueda completada y tabla cargada
2026-03-02 12:00:41,522 - INFO - ✓ Se encontraron 1 registro(s)
2026-03-02 12:00:41,522 - INFO - 📄 Procesando página 1...
2026-03-02 12:00:41,526 - INFO -   -> 1 fila(s) en esta página
2026-03-02 12:00:41,550 - INFO - Fila 1: Iniciando descarga - Dismel Ltda | SUPERTIENDAS Y DROGUERIAS OLIMPICAS
2026-03-02 12:00:41,586 - INFO - Fila 1: Modal de formato abierto, esperando selección...
2026-03-02 12:00:42,623 - INFO - Fila 1: Formato XLSX seleccionado
2026-03-02 12:00:43,637 - INFO - Fila 1: Botón Descargar encontrado
2026-03-02 12:00:44,157 - INFO - Fila 1: Descargando archivo...
2026-03-02 12:00:49,981 - INFO - Fila 1: [OK] Descargado exitosamente: VENTAS_PAGE1_FILA1_20260302_120049.xlsx
2026-03-02 12:00:50,996 - INFO - No hay página siguiente. Fin de paginación.
2026-03-02 12:00:50,996 - INFO - ======================================================================
2026-03-02 12:00:50,996 - INFO - [OK] Proceso completado
2026-03-02 12:00:50,996 - INFO - [REPORT] Total de descargas: 1 archivo(s)
2026-03-02 12:00:50,996 - INFO - 📁 Ubicación: D:\TAREAS\CARVAJAL\descargas_reportes
2026-03-02 12:00:50,996 - INFO - [LOG] Logs guardados en: logs_reportes\reporte_descargas_20260302_120001.log
2026-03-02 12:00:50,996 - INFO - ======================================================================
2026-03-02 12:00:50,997 - INFO - ✅ Descarga de reportes de ventas completada exitosamente
2026-03-02 12:00:51,140 - INFO - 
[OK] Navegador cerrado. Proceso finalizado correctamente
2026-03-02 12:00:51,140 - INFO - [LOG] Archivo de log: logs_reportes\reporte_descargas_20260302_120001.log
2026-03-02 12:00:51,140 - INFO - ======================================================================
