2026-03-03 00:00:02,649 - INFO - ======================================================================
2026-03-03 00:00:02,649 - INFO - INICIO DE SESIÓN - 03/03/2026 00:00:02
2026-03-03 00:00:02,650 - INFO - ======================================================================
2026-03-03 00:00:03,181 - INFO - Iniciando Playwright...
2026-03-03 00:00:03,359 - INFO - Navegador (Chromium) lanzado en modo oculto
2026-03-03 00:00:03,724 - INFO - Navegando a: https://cencarvajal.com/#/portal/login
2026-03-03 00:00:08,648 - INFO - [Intento 1/3] Intentando login…
2026-03-03 00:00:11,052 - INFO - [Intento 1] Formulario de login enviado
2026-03-03 00:00:21,053 - WARNING - [Intento 1] No apareció 'Tus servicios' después de intentar login (posible modal)
2026-03-03 00:00:21,078 - INFO - [Intento 1] Se hizo clic en botón 'Continuar' del modal
2026-03-03 00:00:28,080 - WARNING - [Intento 1] Aún no aparece 'Tus servicios' tras aceptar modal
2026-03-03 00:00:28,080 - INFO - [Intento 1] Navegando de nuevo a login y reintentando...
2026-03-03 00:00:28,089 - INFO - [Intento 1] Página de login cargada nuevamente
2026-03-03 00:00:28,090 - INFO - [Intento 2/3] Intentando login…
2026-03-03 00:00:28,145 - INFO - [Intento 2] Formulario de login enviado
2026-03-03 00:00:30,442 - INFO - [Intento 2] [OK] Login exitoso - texto 'Tus servicios' encontrado
2026-03-03 00:00:30,442 - INFO - [Intento 2] Esperando que la página se cargue completamente...
2026-03-03 00:00:32,442 - INFO - [Intento 2] Página estabilizada, listo para descargar
2026-03-03 00:00:32,442 - INFO - ======================================================================
2026-03-03 00:00:32,443 - INFO - [*] Iniciando descarga de Reportes VENTAS
2026-03-03 00:00:32,443 - INFO - ======================================================================
2026-03-03 00:00:32,443 - INFO - Navegando a: https://cencarvajal.com/receivingadvicenewportal/#/home/consult-service?service=SLSRPT
2026-03-03 00:00:32,472 - INFO - Esperando que Angular cargue...
2026-03-03 00:00:36,000 - INFO - ✓ Formulario de filtros cargado
2026-03-03 00:00:38,001 - INFO - Configurando filtro de fechas: 02/03/2026 a 03/03/2026
2026-03-03 00:00:38,031 - INFO - Campo 'Fecha inicio' rellenado: 02/03/2026
2026-03-03 00:00:38,586 - INFO - Campo 'Fecha fin' rellenado: 03/03/2026
2026-03-03 00:00:40,096 - INFO - Calendarios cerrados, filtros de fecha configurados
2026-03-03 00:00:40,096 - INFO - 🔍 Presionando botón 'Buscar' para obtener el listado...
2026-03-03 00:00:40,139 - INFO - ✓ Búsqueda completada y tabla cargada
2026-03-03 00:00:42,145 - INFO - ✓ Se encontraron 2 registro(s)
2026-03-03 00:00:42,145 - INFO - 📄 Procesando página 1...
2026-03-03 00:00:42,150 - INFO -   -> 2 fila(s) en esta página
2026-03-03 00:00:42,174 - INFO - Fila 1: Iniciando descarga - Dismel Ltda | SUPERTIENDAS Y DROGUERIAS OLIMPICAS
2026-03-03 00:00:42,208 - INFO - Fila 1: Modal de formato abierto, esperando selección...
2026-03-03 00:00:43,245 - INFO - Fila 1: Formato XLSX seleccionado
2026-03-03 00:00:44,259 - INFO - Fila 1: Botón Descargar encontrado
2026-03-03 00:00:44,780 - INFO - Fila 1: Descargando archivo...
2026-03-03 00:00:50,634 - INFO - Fila 1: [OK] Descargado exitosamente: VENTAS_PAGE1_FILA1_20260303_000050.xlsx
2026-03-03 00:00:51,658 - INFO - Fila 2: Iniciando descarga - Dismel Ltda | SUPERTIENDAS Y DROGUERIAS OLIMPICAS
2026-03-03 00:00:51,690 - INFO - Fila 2: Modal de formato abierto, esperando selección...
2026-03-03 00:00:52,726 - INFO - Fila 2: Formato XLSX seleccionado
2026-03-03 00:00:53,740 - INFO - Fila 2: Botón Descargar encontrado
2026-03-03 00:00:54,262 - INFO - Fila 2: Descargando archivo...
2026-03-03 00:00:57,122 - INFO - Fila 2: [OK] Descargado exitosamente: VENTAS_PAGE1_FILA2_20260303_000057.xlsx
2026-03-03 00:00:58,138 - INFO - No hay página siguiente. Fin de paginación.
2026-03-03 00:00:58,138 - INFO - ======================================================================
2026-03-03 00:00:58,138 - INFO - [OK] Proceso completado
2026-03-03 00:00:58,138 - INFO - [REPORT] Total de descargas: 2 archivo(s)
2026-03-03 00:00:58,138 - INFO - 📁 Ubicación: D:\TAREAS\CARVAJAL\descargas_reportes
2026-03-03 00:00:58,139 - INFO - [LOG] Logs guardados en: logs_reportes\reporte_descargas_20260303_000002.log
2026-03-03 00:00:58,139 - INFO - ======================================================================
2026-03-03 00:00:58,139 - INFO - ✅ Descarga de reportes de ventas completada exitosamente
2026-03-03 00:00:58,276 - INFO - 
[OK] Navegador cerrado. Proceso finalizado correctamente
2026-03-03 00:00:58,276 - INFO - [LOG] Archivo de log: logs_reportes\reporte_descargas_20260303_000002.log
2026-03-03 00:00:58,277 - INFO - ======================================================================
