2026-03-03 01:00:02,650 - INFO - ======================================================================
2026-03-03 01:00:02,651 - INFO - INICIO DE SESIÓN - 03/03/2026 01:00:02
2026-03-03 01:00:02,651 - INFO - ======================================================================
2026-03-03 01:00:03,186 - INFO - Iniciando Playwright...
2026-03-03 01:00:03,367 - INFO - Navegador (Chromium) lanzado en modo oculto
2026-03-03 01:00:03,732 - INFO - Navegando a: https://cencarvajal.com/#/portal/login
2026-03-03 01:00:08,554 - INFO - [Intento 1/3] Intentando login…
2026-03-03 01:00:10,991 - INFO - [Intento 1] Formulario de login enviado
2026-03-03 01:00:20,993 - WARNING - [Intento 1] No apareció 'Tus servicios' después de intentar login (posible modal)
2026-03-03 01:00:21,016 - INFO - [Intento 1] Se hizo clic en botón 'Continuar' del modal
2026-03-03 01:00:28,017 - WARNING - [Intento 1] Aún no aparece 'Tus servicios' tras aceptar modal
2026-03-03 01:00:28,018 - INFO - [Intento 1] Navegando de nuevo a login y reintentando...
2026-03-03 01:00:28,027 - INFO - [Intento 1] Página de login cargada nuevamente
2026-03-03 01:00:28,027 - INFO - [Intento 2/3] Intentando login…
2026-03-03 01:00:28,085 - INFO - [Intento 2] Formulario de login enviado
2026-03-03 01:00:30,382 - INFO - [Intento 2] [OK] Login exitoso - texto 'Tus servicios' encontrado
2026-03-03 01:00:30,382 - INFO - [Intento 2] Esperando que la página se cargue completamente...
2026-03-03 01:00:32,383 - INFO - [Intento 2] Página estabilizada, listo para descargar
2026-03-03 01:00:32,383 - INFO - ======================================================================
2026-03-03 01:00:32,383 - INFO - [*] Iniciando descarga de Reportes VENTAS
2026-03-03 01:00:32,383 - INFO - ======================================================================
2026-03-03 01:00:32,383 - INFO - Navegando a: https://cencarvajal.com/receivingadvicenewportal/#/home/consult-service?service=SLSRPT
2026-03-03 01:00:32,406 - INFO - Esperando que Angular cargue...
2026-03-03 01:00:35,941 - INFO - ✓ Formulario de filtros cargado
2026-03-03 01:00:37,942 - INFO - Configurando filtro de fechas: 02/03/2026 a 03/03/2026
2026-03-03 01:00:37,972 - INFO - Campo 'Fecha inicio' rellenado: 02/03/2026
2026-03-03 01:00:38,512 - INFO - Campo 'Fecha fin' rellenado: 03/03/2026
2026-03-03 01:00:40,021 - INFO - Calendarios cerrados, filtros de fecha configurados
2026-03-03 01:00:40,022 - INFO - 🔍 Presionando botón 'Buscar' para obtener el listado...
2026-03-03 01:00:40,062 - INFO - ✓ Búsqueda completada y tabla cargada
2026-03-03 01:00:42,068 - INFO - ✓ Se encontraron 2 registro(s)
2026-03-03 01:00:42,068 - INFO - 📄 Procesando página 1...
2026-03-03 01:00:42,073 - INFO -   -> 2 fila(s) en esta página
2026-03-03 01:00:42,098 - INFO - Fila 1: Iniciando descarga - Dismel Ltda | SUPERTIENDAS Y DROGUERIAS OLIMPICAS
2026-03-03 01:00:42,132 - INFO - Fila 1: Modal de formato abierto, esperando selección...
2026-03-03 01:00:43,168 - INFO - Fila 1: Formato XLSX seleccionado
2026-03-03 01:00:44,182 - INFO - Fila 1: Botón Descargar encontrado
2026-03-03 01:00:44,703 - INFO - Fila 1: Descargando archivo...
2026-03-03 01:00:50,605 - INFO - Fila 1: [OK] Descargado exitosamente: VENTAS_PAGE1_FILA1_20260303_010050.xlsx
2026-03-03 01:00:51,629 - INFO - Fila 2: Iniciando descarga - Dismel Ltda | SUPERTIENDAS Y DROGUERIAS OLIMPICAS
2026-03-03 01:00:51,663 - INFO - Fila 2: Modal de formato abierto, esperando selección...
2026-03-03 01:00:52,699 - INFO - Fila 2: Formato XLSX seleccionado
2026-03-03 01:00:53,712 - INFO - Fila 2: Botón Descargar encontrado
2026-03-03 01:00:54,234 - INFO - Fila 2: Descargando archivo...
2026-03-03 01:00:56,946 - INFO - Fila 2: [OK] Descargado exitosamente: VENTAS_PAGE1_FILA2_20260303_010056.xlsx
2026-03-03 01:00:57,961 - INFO - No hay página siguiente. Fin de paginación.
2026-03-03 01:00:57,961 - INFO - ======================================================================
2026-03-03 01:00:57,962 - INFO - [OK] Proceso completado
2026-03-03 01:00:57,962 - INFO - [REPORT] Total de descargas: 2 archivo(s)
2026-03-03 01:00:57,962 - INFO - 📁 Ubicación: D:\TAREAS\CARVAJAL\descargas_reportes
2026-03-03 01:00:57,962 - INFO - [LOG] Logs guardados en: logs_reportes\reporte_descargas_20260303_010002.log
2026-03-03 01:00:57,962 - INFO - ======================================================================
2026-03-03 01:00:57,962 - INFO - ✅ Descarga de reportes de ventas completada exitosamente
2026-03-03 01:00:58,096 - INFO - 
[OK] Navegador cerrado. Proceso finalizado correctamente
2026-03-03 01:00:58,096 - INFO - [LOG] Archivo de log: logs_reportes\reporte_descargas_20260303_010002.log
2026-03-03 01:00:58,096 - INFO - ======================================================================
