2026-03-04 14:00:02,655 - INFO - ======================================================================
2026-03-04 14:00:02,655 - INFO - INICIO DE SESIÓN - 04/03/2026 14:00:02
2026-03-04 14:00:02,655 - INFO - ======================================================================
2026-03-04 14:00:03,187 - INFO - Iniciando Playwright...
2026-03-04 14:00:03,362 - INFO - Navegador (Chromium) lanzado en modo oculto
2026-03-04 14:00:03,756 - INFO - Navegando a: https://cencarvajal.com/#/portal/login
2026-03-04 14:00:08,545 - INFO - [Intento 1/3] Intentando login…
2026-03-04 14:00:10,980 - INFO - [Intento 1] Formulario de login enviado
2026-03-04 14:00:20,982 - WARNING - [Intento 1] No apareció 'Tus servicios' después de intentar login (posible modal)
2026-03-04 14:00:21,006 - INFO - [Intento 1] Se hizo clic en botón 'Continuar' del modal
2026-03-04 14:00:28,009 - WARNING - [Intento 1] Aún no aparece 'Tus servicios' tras aceptar modal
2026-03-04 14:00:28,009 - INFO - [Intento 1] Navegando de nuevo a login y reintentando...
2026-03-04 14:00:28,018 - INFO - [Intento 1] Página de login cargada nuevamente
2026-03-04 14:00:28,018 - INFO - [Intento 2/3] Intentando login…
2026-03-04 14:00:28,073 - INFO - [Intento 2] Formulario de login enviado
2026-03-04 14:00:30,433 - INFO - [Intento 2] [OK] Login exitoso - texto 'Tus servicios' encontrado
2026-03-04 14:00:30,433 - INFO - [Intento 2] Esperando que la página se cargue completamente...
2026-03-04 14:00:32,434 - INFO - [Intento 2] Página estabilizada, listo para descargar
2026-03-04 14:00:32,434 - INFO - ======================================================================
2026-03-04 14:00:32,434 - INFO - [*] Iniciando descarga de Reportes VENTAS
2026-03-04 14:00:32,434 - INFO - ======================================================================
2026-03-04 14:00:32,434 - INFO - Navegando a: https://cencarvajal.com/receivingadvicenewportal/#/home/consult-service?service=SLSRPT
2026-03-04 14:00:32,749 - INFO - Esperando que Angular cargue...
2026-03-04 14:00:36,526 - INFO - ✓ Formulario de filtros cargado
2026-03-04 14:00:38,527 - INFO - Configurando filtro de fechas: 03/03/2026 a 04/03/2026
2026-03-04 14:00:38,556 - INFO - Campo 'Fecha inicio' rellenado: 03/03/2026
2026-03-04 14:00:39,113 - INFO - Campo 'Fecha fin' rellenado: 04/03/2026
2026-03-04 14:00:40,622 - INFO - Calendarios cerrados, filtros de fecha configurados
2026-03-04 14:00:40,622 - INFO - 🔍 Presionando botón 'Buscar' para obtener el listado...
2026-03-04 14:00:40,666 - INFO - ✓ Búsqueda completada y tabla cargada
2026-03-04 14:00:42,672 - INFO - ✓ Se encontraron 2 registro(s)
2026-03-04 14:00:42,672 - INFO - 📄 Procesando página 1...
2026-03-04 14:00:42,677 - INFO -   -> 2 fila(s) en esta página
2026-03-04 14:00:42,701 - INFO - Fila 1: Iniciando descarga - Dismel Ltda | SUPERTIENDAS Y DROGUERIAS OLIMPICAS
2026-03-04 14:00:42,735 - INFO - Fila 1: Modal de formato abierto, esperando selección...
2026-03-04 14:00:43,773 - INFO - Fila 1: Formato XLSX seleccionado
2026-03-04 14:00:44,787 - INFO - Fila 1: Botón Descargar encontrado
2026-03-04 14:00:45,308 - INFO - Fila 1: Descargando archivo...
2026-03-04 14:00:51,129 - INFO - Fila 1: [OK] Descargado exitosamente: VENTAS_PAGE1_FILA1_20260304_140051.xlsx
2026-03-04 14:00:52,154 - INFO - Fila 2: Iniciando descarga - Dismel Ltda | SUPERTIENDAS Y DROGUERIAS OLIMPICAS
2026-03-04 14:00:52,185 - INFO - Fila 2: Modal de formato abierto, esperando selección...
2026-03-04 14:00:53,222 - INFO - Fila 2: Formato XLSX seleccionado
2026-03-04 14:00:54,236 - INFO - Fila 2: Botón Descargar encontrado
2026-03-04 14:00:54,756 - INFO - Fila 2: Descargando archivo...
2026-03-04 14:00:57,534 - INFO - Fila 2: [OK] Descargado exitosamente: VENTAS_PAGE1_FILA2_20260304_140057.xlsx
2026-03-04 14:00:58,549 - INFO - No hay página siguiente. Fin de paginación.
2026-03-04 14:00:58,549 - INFO - ======================================================================
2026-03-04 14:00:58,550 - INFO - [OK] Proceso completado
2026-03-04 14:00:58,550 - INFO - [REPORT] Total de descargas: 2 archivo(s)
2026-03-04 14:00:58,550 - INFO - 📁 Ubicación: D:\TAREAS\CARVAJAL\descargas_reportes
2026-03-04 14:00:58,550 - INFO - [LOG] Logs guardados en: logs_reportes\reporte_descargas_20260304_140002.log
2026-03-04 14:00:58,550 - INFO - ======================================================================
2026-03-04 14:00:58,550 - INFO - ✅ Descarga de reportes de ventas completada exitosamente
2026-03-04 14:00:58,627 - INFO - 
[OK] Navegador cerrado. Proceso finalizado correctamente
2026-03-04 14:00:58,627 - INFO - [LOG] Archivo de log: logs_reportes\reporte_descargas_20260304_140002.log
2026-03-04 14:00:58,628 - INFO - ======================================================================
