2026-03-03 07:00:02,659 - INFO - ======================================================================
2026-03-03 07:00:02,659 - INFO - INICIO DE SESIÓN - 03/03/2026 07:00:02
2026-03-03 07:00:02,659 - INFO - ======================================================================
2026-03-03 07:00:03,195 - INFO - Iniciando Playwright...
2026-03-03 07:00:03,373 - INFO - Navegador (Chromium) lanzado en modo oculto
2026-03-03 07:00:03,745 - INFO - Navegando a: https://cencarvajal.com/#/portal/login
2026-03-03 07:00:08,595 - INFO - [Intento 1/3] Intentando login…
2026-03-03 07:00:10,995 - INFO - [Intento 1] Formulario de login enviado
2026-03-03 07:00:20,997 - WARNING - [Intento 1] No apareció 'Tus servicios' después de intentar login (posible modal)
2026-03-03 07:00:21,020 - INFO - [Intento 1] Se hizo clic en botón 'Continuar' del modal
2026-03-03 07:00:28,021 - WARNING - [Intento 1] Aún no aparece 'Tus servicios' tras aceptar modal
2026-03-03 07:00:28,022 - INFO - [Intento 1] Navegando de nuevo a login y reintentando...
2026-03-03 07:00:28,031 - INFO - [Intento 1] Página de login cargada nuevamente
2026-03-03 07:00:28,031 - INFO - [Intento 2/3] Intentando login…
2026-03-03 07:00:28,087 - INFO - [Intento 2] Formulario de login enviado
2026-03-03 07:00:29,942 - INFO - [Intento 2] [OK] Login exitoso - texto 'Tus servicios' encontrado
2026-03-03 07:00:29,942 - INFO - [Intento 2] Esperando que la página se cargue completamente...
2026-03-03 07:00:31,942 - INFO - [Intento 2] Página estabilizada, listo para descargar
2026-03-03 07:00:31,942 - INFO - ======================================================================
2026-03-03 07:00:31,943 - INFO - [*] Iniciando descarga de Reportes VENTAS
2026-03-03 07:00:31,943 - INFO - ======================================================================
2026-03-03 07:00:31,943 - INFO - Navegando a: https://cencarvajal.com/receivingadvicenewportal/#/home/consult-service?service=SLSRPT
2026-03-03 07:00:31,970 - INFO - Esperando que Angular cargue...
2026-03-03 07:00:35,519 - INFO - ✓ Formulario de filtros cargado
2026-03-03 07:00:37,520 - INFO - Configurando filtro de fechas: 02/03/2026 a 03/03/2026
2026-03-03 07:00:37,550 - INFO - Campo 'Fecha inicio' rellenado: 02/03/2026
2026-03-03 07:00:38,108 - INFO - Campo 'Fecha fin' rellenado: 03/03/2026
2026-03-03 07:00:39,617 - INFO - Calendarios cerrados, filtros de fecha configurados
2026-03-03 07:00:39,617 - INFO - 🔍 Presionando botón 'Buscar' para obtener el listado...
2026-03-03 07:00:39,664 - INFO - ✓ Búsqueda completada y tabla cargada
2026-03-03 07:00:41,670 - INFO - ✓ Se encontraron 1 registro(s)
2026-03-03 07:00:41,670 - INFO - 📄 Procesando página 1...
2026-03-03 07:00:41,674 - INFO -   -> 1 fila(s) en esta página
2026-03-03 07:00:41,698 - INFO - Fila 1: Iniciando descarga - Dismel Ltda | SUPERTIENDAS Y DROGUERIAS OLIMPICAS
2026-03-03 07:00:41,733 - INFO - Fila 1: Modal de formato abierto, esperando selección...
2026-03-03 07:00:42,769 - INFO - Fila 1: Formato XLSX seleccionado
2026-03-03 07:00:43,784 - INFO - Fila 1: Botón Descargar encontrado
2026-03-03 07:00:44,305 - INFO - Fila 1: Descargando archivo...
2026-03-03 07:00:50,053 - INFO - Fila 1: [OK] Descargado exitosamente: VENTAS_PAGE1_FILA1_20260303_070050.xlsx
2026-03-03 07:00:51,068 - INFO - No hay página siguiente. Fin de paginación.
2026-03-03 07:00:51,068 - INFO - ======================================================================
2026-03-03 07:00:51,068 - INFO - [OK] Proceso completado
2026-03-03 07:00:51,068 - INFO - [REPORT] Total de descargas: 1 archivo(s)
2026-03-03 07:00:51,068 - INFO - 📁 Ubicación: D:\TAREAS\CARVAJAL\descargas_reportes
2026-03-03 07:00:51,068 - INFO - [LOG] Logs guardados en: logs_reportes\reporte_descargas_20260303_070002.log
2026-03-03 07:00:51,068 - INFO - ======================================================================
2026-03-03 07:00:51,068 - INFO - ✅ Descarga de reportes de ventas completada exitosamente
2026-03-03 07:00:51,199 - INFO - 
[OK] Navegador cerrado. Proceso finalizado correctamente
2026-03-03 07:00:51,199 - INFO - [LOG] Archivo de log: logs_reportes\reporte_descargas_20260303_070002.log
2026-03-03 07:00:51,200 - INFO - ======================================================================
