2026-03-02 16:00:01,745 - INFO - ======================================================================
2026-03-02 16:00:01,746 - INFO - INICIO DE SESIÓN - 02/03/2026 16:00:01
2026-03-02 16:00:01,746 - INFO - ======================================================================
2026-03-02 16:00:02,283 - INFO - Iniciando Playwright...
2026-03-02 16:00:02,441 - INFO - Navegador (Chromium) lanzado en modo oculto
2026-03-02 16:00:02,815 - INFO - Navegando a: https://cencarvajal.com/#/portal/login
2026-03-02 16:00:07,489 - INFO - [Intento 1/3] Intentando login…
2026-03-02 16:00:09,904 - INFO - [Intento 1] Formulario de login enviado
2026-03-02 16:00:19,907 - WARNING - [Intento 1] No apareció 'Tus servicios' después de intentar login (posible modal)
2026-03-02 16:00:19,930 - INFO - [Intento 1] Se hizo clic en botón 'Continuar' del modal
2026-03-02 16:00:26,932 - WARNING - [Intento 1] Aún no aparece 'Tus servicios' tras aceptar modal
2026-03-02 16:00:26,932 - INFO - [Intento 1] Navegando de nuevo a login y reintentando...
2026-03-02 16:00:26,942 - INFO - [Intento 1] Página de login cargada nuevamente
2026-03-02 16:00:26,942 - INFO - [Intento 2/3] Intentando login…
2026-03-02 16:00:26,998 - INFO - [Intento 2] Formulario de login enviado
2026-03-02 16:00:29,362 - INFO - [Intento 2] [OK] Login exitoso - texto 'Tus servicios' encontrado
2026-03-02 16:00:29,362 - INFO - [Intento 2] Esperando que la página se cargue completamente...
2026-03-02 16:00:31,363 - INFO - [Intento 2] Página estabilizada, listo para descargar
2026-03-02 16:00:31,363 - INFO - ======================================================================
2026-03-02 16:00:31,363 - INFO - [*] Iniciando descarga de Reportes VENTAS
2026-03-02 16:00:31,363 - INFO - ======================================================================
2026-03-02 16:00:31,363 - INFO - Navegando a: https://cencarvajal.com/receivingadvicenewportal/#/home/consult-service?service=SLSRPT
2026-03-02 16:00:31,390 - INFO - Esperando que Angular cargue...
2026-03-02 16:00:34,921 - INFO - ✓ Formulario de filtros cargado
2026-03-02 16:00:36,921 - INFO - Configurando filtro de fechas: 01/03/2026 a 02/03/2026
2026-03-02 16:00:36,951 - INFO - Campo 'Fecha inicio' rellenado: 01/03/2026
2026-03-02 16:00:37,488 - INFO - Campo 'Fecha fin' rellenado: 02/03/2026
2026-03-02 16:00:39,014 - INFO - Calendarios cerrados, filtros de fecha configurados
2026-03-02 16:00:39,015 - INFO - 🔍 Presionando botón 'Buscar' para obtener el listado...
2026-03-02 16:00:39,041 - INFO - ✓ Búsqueda completada y tabla cargada
2026-03-02 16:00:41,047 - INFO - ✓ Se encontraron 2 registro(s)
2026-03-02 16:00:41,047 - INFO - 📄 Procesando página 1...
2026-03-02 16:00:41,052 - INFO -   -> 2 fila(s) en esta página
2026-03-02 16:00:41,076 - INFO - Fila 1: Iniciando descarga - Dismel Ltda | SUPERTIENDAS Y DROGUERIAS OLIMPICAS
2026-03-02 16:00:41,110 - INFO - Fila 1: Modal de formato abierto, esperando selección...
2026-03-02 16:00:42,147 - INFO - Fila 1: Formato XLSX seleccionado
2026-03-02 16:00:43,160 - INFO - Fila 1: Botón Descargar encontrado
2026-03-02 16:00:43,682 - INFO - Fila 1: Descargando archivo...
2026-03-02 16:00:49,530 - INFO - Fila 1: [OK] Descargado exitosamente: VENTAS_PAGE1_FILA1_20260302_160049.xlsx
2026-03-02 16:00:50,554 - INFO - Fila 2: Iniciando descarga - Dismel Ltda | SUPERTIENDAS Y DROGUERIAS OLIMPICAS
2026-03-02 16:00:50,592 - INFO - Fila 2: Modal de formato abierto, esperando selección...
2026-03-02 16:00:51,629 - INFO - Fila 2: Formato XLSX seleccionado
2026-03-02 16:00:52,642 - INFO - Fila 2: Botón Descargar encontrado
2026-03-02 16:00:53,164 - INFO - Fila 2: Descargando archivo...
2026-03-02 16:00:55,875 - INFO - Fila 2: [OK] Descargado exitosamente: VENTAS_PAGE1_FILA2_20260302_160055.xlsx
2026-03-02 16:00:56,891 - INFO - No hay página siguiente. Fin de paginación.
2026-03-02 16:00:56,891 - INFO - ======================================================================
2026-03-02 16:00:56,891 - INFO - [OK] Proceso completado
2026-03-02 16:00:56,891 - INFO - [REPORT] Total de descargas: 2 archivo(s)
2026-03-02 16:00:56,891 - INFO - 📁 Ubicación: D:\TAREAS\CARVAJAL\descargas_reportes
2026-03-02 16:00:56,891 - INFO - [LOG] Logs guardados en: logs_reportes\reporte_descargas_20260302_160001.log
2026-03-02 16:00:56,891 - INFO - ======================================================================
2026-03-02 16:00:56,892 - INFO - ✅ Descarga de reportes de ventas completada exitosamente
2026-03-02 16:00:57,025 - INFO - 
[OK] Navegador cerrado. Proceso finalizado correctamente
2026-03-02 16:00:57,025 - INFO - [LOG] Archivo de log: logs_reportes\reporte_descargas_20260302_160001.log
2026-03-02 16:00:57,026 - INFO - ======================================================================
