2026-03-05 00:00:02,671 - INFO - ======================================================================
2026-03-05 00:00:02,671 - INFO - INICIO DE SESIÓN - 05/03/2026 00:00:02
2026-03-05 00:00:02,671 - INFO - ======================================================================
2026-03-05 00:00:03,201 - INFO - Iniciando Playwright...
2026-03-05 00:00:03,401 - INFO - Navegador (Chromium) lanzado en modo oculto
2026-03-05 00:00:03,768 - INFO - Navegando a: https://cencarvajal.com/#/portal/login
2026-03-05 00:00:09,134 - INFO - [Intento 1/3] Intentando login…
2026-03-05 00:00:11,607 - INFO - [Intento 1] Formulario de login enviado
2026-03-05 00:00:21,609 - WARNING - [Intento 1] No apareció 'Tus servicios' después de intentar login (posible modal)
2026-03-05 00:00:21,632 - INFO - [Intento 1] Se hizo clic en botón 'Continuar' del modal
2026-03-05 00:00:28,634 - WARNING - [Intento 1] Aún no aparece 'Tus servicios' tras aceptar modal
2026-03-05 00:00:28,634 - INFO - [Intento 1] Navegando de nuevo a login y reintentando...
2026-03-05 00:00:28,644 - INFO - [Intento 1] Página de login cargada nuevamente
2026-03-05 00:00:28,644 - INFO - [Intento 2/3] Intentando login…
2026-03-05 00:00:28,700 - INFO - [Intento 2] Formulario de login enviado
2026-03-05 00:00:31,073 - INFO - [Intento 2] [OK] Login exitoso - texto 'Tus servicios' encontrado
2026-03-05 00:00:31,073 - INFO - [Intento 2] Esperando que la página se cargue completamente...
2026-03-05 00:00:33,074 - INFO - [Intento 2] Página estabilizada, listo para descargar
2026-03-05 00:00:33,074 - INFO - ======================================================================
2026-03-05 00:00:33,074 - INFO - [*] Iniciando descarga de Reportes VENTAS
2026-03-05 00:00:33,074 - INFO - ======================================================================
2026-03-05 00:00:33,074 - INFO - Navegando a: https://cencarvajal.com/receivingadvicenewportal/#/home/consult-service?service=SLSRPT
2026-03-05 00:00:33,097 - INFO - Esperando que Angular cargue...
2026-03-05 00:00:36,630 - INFO - ✓ Formulario de filtros cargado
2026-03-05 00:00:38,631 - INFO - Configurando filtro de fechas: 04/03/2026 a 05/03/2026
2026-03-05 00:00:38,661 - INFO - Campo 'Fecha inicio' rellenado: 04/03/2026
2026-03-05 00:00:39,201 - INFO - Campo 'Fecha fin' rellenado: 05/03/2026
2026-03-05 00:00:40,714 - INFO - Calendarios cerrados, filtros de fecha configurados
2026-03-05 00:00:40,714 - INFO - 🔍 Presionando botón 'Buscar' para obtener el listado...
2026-03-05 00:00:40,743 - INFO - ✓ Búsqueda completada y tabla cargada
2026-03-05 00:00:42,750 - INFO - ✓ Se encontraron 3 registro(s)
2026-03-05 00:00:42,750 - INFO - 📄 Procesando página 1...
2026-03-05 00:00:42,755 - INFO -   -> 3 fila(s) en esta página
2026-03-05 00:00:42,780 - INFO - Fila 1: Iniciando descarga - Dismel Ltda | SUPERTIENDAS Y DROGUERIAS OLIMPICAS
2026-03-05 00:00:42,815 - INFO - Fila 1: Modal de formato abierto, esperando selección...
2026-03-05 00:00:43,849 - INFO - Fila 1: Formato XLSX seleccionado
2026-03-05 00:00:44,864 - INFO - Fila 1: Botón Descargar encontrado
2026-03-05 00:00:45,385 - INFO - Fila 1: Descargando archivo...
2026-03-05 00:00:51,403 - INFO - Fila 1: [OK] Descargado exitosamente: VENTAS_PAGE1_FILA1_20260305_000051.xlsx
2026-03-05 00:00:52,427 - INFO - Fila 2: Iniciando descarga - Dismel Ltda | SUPERTIENDAS Y DROGUERIAS OLIMPICAS
2026-03-05 00:00:52,460 - INFO - Fila 2: Modal de formato abierto, esperando selección...
2026-03-05 00:00:53,499 - INFO - Fila 2: Formato XLSX seleccionado
2026-03-05 00:00:54,513 - INFO - Fila 2: Botón Descargar encontrado
2026-03-05 00:00:55,032 - INFO - Fila 2: Descargando archivo...
2026-03-05 00:00:57,763 - INFO - Fila 2: [OK] Descargado exitosamente: VENTAS_PAGE1_FILA2_20260305_000057.xlsx
2026-03-05 00:00:58,789 - INFO - Fila 3: Iniciando descarga - Dismel Ltda | SUPERTIENDAS Y DROGUERIAS OLIMPICAS
2026-03-05 00:00:58,827 - INFO - Fila 3: Modal de formato abierto, esperando selección...
2026-03-05 00:00:59,864 - INFO - Fila 3: Formato XLSX seleccionado
2026-03-05 00:01:00,877 - INFO - Fila 3: Botón Descargar encontrado
2026-03-05 00:01:01,399 - INFO - Fila 3: Descargando archivo...
2026-03-05 00:01:04,031 - INFO - Fila 3: [OK] Descargado exitosamente: VENTAS_PAGE1_FILA3_20260305_000104.xlsx
2026-03-05 00:01:05,047 - INFO - No hay página siguiente. Fin de paginación.
2026-03-05 00:01:05,047 - INFO - ======================================================================
2026-03-05 00:01:05,047 - INFO - [OK] Proceso completado
2026-03-05 00:01:05,047 - INFO - [REPORT] Total de descargas: 3 archivo(s)
2026-03-05 00:01:05,047 - INFO - 📁 Ubicación: D:\TAREAS\CARVAJAL\descargas_reportes
2026-03-05 00:01:05,047 - INFO - [LOG] Logs guardados en: logs_reportes\reporte_descargas_20260305_000002.log
2026-03-05 00:01:05,047 - INFO - ======================================================================
2026-03-05 00:01:05,047 - INFO - ✅ Descarga de reportes de ventas completada exitosamente
2026-03-05 00:01:05,195 - INFO - 
[OK] Navegador cerrado. Proceso finalizado correctamente
2026-03-05 00:01:05,195 - INFO - [LOG] Archivo de log: logs_reportes\reporte_descargas_20260305_000002.log
2026-03-05 00:01:05,196 - INFO - ======================================================================
