2026-03-03 16:00:02,651 - INFO - ======================================================================
2026-03-03 16:00:02,651 - INFO - INICIO DE SESIÓN - 03/03/2026 16:00:02
2026-03-03 16:00:02,651 - INFO - ======================================================================
2026-03-03 16:00:03,191 - INFO - Iniciando Playwright...
2026-03-03 16:00:03,377 - INFO - Navegador (Chromium) lanzado en modo oculto
2026-03-03 16:00:03,746 - INFO - Navegando a: https://cencarvajal.com/#/portal/login
2026-03-03 16:00:08,248 - INFO - [Intento 1/3] Intentando login…
2026-03-03 16:00:11,648 - INFO - [Intento 1] Formulario de login enviado
2026-03-03 16:00:21,650 - WARNING - [Intento 1] No apareció 'Tus servicios' después de intentar login (posible modal)
2026-03-03 16:00:21,691 - INFO - [Intento 1] Se hizo clic en botón 'Continuar' del modal
2026-03-03 16:00:28,693 - WARNING - [Intento 1] Aún no aparece 'Tus servicios' tras aceptar modal
2026-03-03 16:00:28,693 - INFO - [Intento 1] Navegando de nuevo a login y reintentando...
2026-03-03 16:00:28,702 - INFO - [Intento 1] Página de login cargada nuevamente
2026-03-03 16:00:28,702 - INFO - [Intento 2/3] Intentando login…
2026-03-03 16:00:28,757 - INFO - [Intento 2] Formulario de login enviado
2026-03-03 16:00:31,059 - INFO - [Intento 2] [OK] Login exitoso - texto 'Tus servicios' encontrado
2026-03-03 16:00:31,060 - INFO - [Intento 2] Esperando que la página se cargue completamente...
2026-03-03 16:00:33,060 - INFO - [Intento 2] Página estabilizada, listo para descargar
2026-03-03 16:00:33,060 - INFO - ======================================================================
2026-03-03 16:00:33,060 - INFO - [*] Iniciando descarga de Reportes VENTAS
2026-03-03 16:00:33,060 - INFO - ======================================================================
2026-03-03 16:00:33,061 - INFO - Navegando a: https://cencarvajal.com/receivingadvicenewportal/#/home/consult-service?service=SLSRPT
2026-03-03 16:00:33,086 - INFO - Esperando que Angular cargue...
2026-03-03 16:00:36,652 - INFO - ✓ Formulario de filtros cargado
2026-03-03 16:00:38,653 - INFO - Configurando filtro de fechas: 02/03/2026 a 03/03/2026
2026-03-03 16:00:38,683 - INFO - Campo 'Fecha inicio' rellenado: 02/03/2026
2026-03-03 16:00:39,237 - INFO - Campo 'Fecha fin' rellenado: 03/03/2026
2026-03-03 16:00:40,746 - INFO - Calendarios cerrados, filtros de fecha configurados
2026-03-03 16:00:40,746 - INFO - 🔍 Presionando botón 'Buscar' para obtener el listado...
2026-03-03 16:00:40,784 - INFO - ✓ Búsqueda completada y tabla cargada
2026-03-03 16:00:42,791 - INFO - ✓ Se encontraron 3 registro(s)
2026-03-03 16:00:42,791 - INFO - 📄 Procesando página 1...
2026-03-03 16:00:42,796 - INFO -   -> 3 fila(s) en esta página
2026-03-03 16:00:42,821 - INFO - Fila 1: Iniciando descarga - Dismel Ltda | SUPERTIENDAS Y DROGUERIAS OLIMPICAS
2026-03-03 16:00:42,854 - INFO - Fila 1: Modal de formato abierto, esperando selección...
2026-03-03 16:00:43,891 - INFO - Fila 1: Formato XLSX seleccionado
2026-03-03 16:00:44,905 - INFO - Fila 1: Botón Descargar encontrado
2026-03-03 16:00:45,426 - INFO - Fila 1: Descargando archivo...
2026-03-03 16:00:51,258 - INFO - Fila 1: [OK] Descargado exitosamente: VENTAS_PAGE1_FILA1_20260303_160051.xlsx
2026-03-03 16:00:52,283 - INFO - Fila 2: Iniciando descarga - Dismel Ltda | SUPERTIENDAS Y DROGUERIAS OLIMPICAS
2026-03-03 16:00:52,319 - INFO - Fila 2: Modal de formato abierto, esperando selección...
2026-03-03 16:00:53,356 - INFO - Fila 2: Formato XLSX seleccionado
2026-03-03 16:00:54,371 - INFO - Fila 2: Botón Descargar encontrado
2026-03-03 16:00:54,891 - INFO - Fila 2: Descargando archivo...
2026-03-03 16:00:57,626 - INFO - Fila 2: [OK] Descargado exitosamente: VENTAS_PAGE1_FILA2_20260303_160057.xlsx
2026-03-03 16:00:58,651 - INFO - Fila 3: Iniciando descarga - Dismel Ltda | SUPERTIENDAS Y DROGUERIAS OLIMPICAS
2026-03-03 16:00:58,683 - INFO - Fila 3: Modal de formato abierto, esperando selección...
2026-03-03 16:00:59,722 - INFO - Fila 3: Formato XLSX seleccionado
2026-03-03 16:01:00,736 - INFO - Fila 3: Botón Descargar encontrado
2026-03-03 16:01:01,258 - INFO - Fila 3: Descargando archivo...
2026-03-03 16:01:03,940 - INFO - Fila 3: [OK] Descargado exitosamente: VENTAS_PAGE1_FILA3_20260303_160103.xlsx
2026-03-03 16:01:04,955 - INFO - No hay página siguiente. Fin de paginación.
2026-03-03 16:01:04,955 - INFO - ======================================================================
2026-03-03 16:01:04,956 - INFO - [OK] Proceso completado
2026-03-03 16:01:04,956 - INFO - [REPORT] Total de descargas: 3 archivo(s)
2026-03-03 16:01:04,956 - INFO - 📁 Ubicación: D:\TAREAS\CARVAJAL\descargas_reportes
2026-03-03 16:01:04,956 - INFO - [LOG] Logs guardados en: logs_reportes\reporte_descargas_20260303_160002.log
2026-03-03 16:01:04,956 - INFO - ======================================================================
2026-03-03 16:01:04,956 - INFO - ✅ Descarga de reportes de ventas completada exitosamente
2026-03-03 16:01:05,098 - INFO - 
[OK] Navegador cerrado. Proceso finalizado correctamente
2026-03-03 16:01:05,099 - INFO - [LOG] Archivo de log: logs_reportes\reporte_descargas_20260303_160002.log
2026-03-03 16:01:05,099 - INFO - ======================================================================
