2026-03-04 15:00:02,656 - INFO - ======================================================================
2026-03-04 15:00:02,656 - INFO - INICIO DE SESIÓN - 04/03/2026 15:00:02
2026-03-04 15:00:02,656 - INFO - ======================================================================
2026-03-04 15:00:03,195 - INFO - Iniciando Playwright...
2026-03-04 15:00:03,370 - INFO - Navegador (Chromium) lanzado en modo oculto
2026-03-04 15:00:03,728 - INFO - Navegando a: https://cencarvajal.com/#/portal/login
2026-03-04 15:00:08,514 - INFO - [Intento 1/3] Intentando login…
2026-03-04 15:00:11,423 - INFO - [Intento 1] Formulario de login enviado
2026-03-04 15:00:21,425 - WARNING - [Intento 1] No apareció 'Tus servicios' después de intentar login (posible modal)
2026-03-04 15:00:21,444 - INFO - [Intento 1] Se hizo clic en botón 'Continuar' del modal
2026-03-04 15:00:28,447 - WARNING - [Intento 1] Aún no aparece 'Tus servicios' tras aceptar modal
2026-03-04 15:00:28,447 - INFO - [Intento 1] Navegando de nuevo a login y reintentando...
2026-03-04 15:00:28,456 - INFO - [Intento 1] Página de login cargada nuevamente
2026-03-04 15:00:28,456 - INFO - [Intento 2/3] Intentando login…
2026-03-04 15:00:28,512 - INFO - [Intento 2] Formulario de login enviado
2026-03-04 15:00:30,876 - INFO - [Intento 2] [OK] Login exitoso - texto 'Tus servicios' encontrado
2026-03-04 15:00:30,876 - INFO - [Intento 2] Esperando que la página se cargue completamente...
2026-03-04 15:00:32,877 - INFO - [Intento 2] Página estabilizada, listo para descargar
2026-03-04 15:00:32,877 - INFO - ======================================================================
2026-03-04 15:00:32,877 - INFO - [*] Iniciando descarga de Reportes VENTAS
2026-03-04 15:00:32,877 - INFO - ======================================================================
2026-03-04 15:00:32,877 - INFO - Navegando a: https://cencarvajal.com/receivingadvicenewportal/#/home/consult-service?service=SLSRPT
2026-03-04 15:00:32,900 - INFO - Esperando que Angular cargue...
2026-03-04 15:00:36,429 - INFO - ✓ Formulario de filtros cargado
2026-03-04 15:00:38,430 - INFO - Configurando filtro de fechas: 03/03/2026 a 04/03/2026
2026-03-04 15:00:38,460 - INFO - Campo 'Fecha inicio' rellenado: 03/03/2026
2026-03-04 15:00:38,998 - INFO - Campo 'Fecha fin' rellenado: 04/03/2026
2026-03-04 15:00:40,510 - INFO - Calendarios cerrados, filtros de fecha configurados
2026-03-04 15:00:40,510 - INFO - 🔍 Presionando botón 'Buscar' para obtener el listado...
2026-03-04 15:00:40,539 - INFO - ✓ Búsqueda completada y tabla cargada
2026-03-04 15:00:42,545 - INFO - ✓ Se encontraron 2 registro(s)
2026-03-04 15:00:42,545 - INFO - 📄 Procesando página 1...
2026-03-04 15:00:42,550 - INFO -   -> 2 fila(s) en esta página
2026-03-04 15:00:42,574 - INFO - Fila 1: Iniciando descarga - Dismel Ltda | SUPERTIENDAS Y DROGUERIAS OLIMPICAS
2026-03-04 15:00:42,609 - INFO - Fila 1: Modal de formato abierto, esperando selección...
2026-03-04 15:00:43,646 - INFO - Fila 1: Formato XLSX seleccionado
2026-03-04 15:00:44,660 - INFO - Fila 1: Botón Descargar encontrado
2026-03-04 15:00:45,181 - INFO - Fila 1: Descargando archivo...
2026-03-04 15:00:51,099 - INFO - Fila 1: [OK] Descargado exitosamente: VENTAS_PAGE1_FILA1_20260304_150051.xlsx
2026-03-04 15:00:52,124 - INFO - Fila 2: Iniciando descarga - Dismel Ltda | SUPERTIENDAS Y DROGUERIAS OLIMPICAS
2026-03-04 15:00:52,157 - INFO - Fila 2: Modal de formato abierto, esperando selección...
2026-03-04 15:00:53,195 - INFO - Fila 2: Formato XLSX seleccionado
2026-03-04 15:00:54,209 - INFO - Fila 2: Botón Descargar encontrado
2026-03-04 15:00:54,730 - INFO - Fila 2: Descargando archivo...
2026-03-04 15:00:57,556 - INFO - Fila 2: [OK] Descargado exitosamente: VENTAS_PAGE1_FILA2_20260304_150057.xlsx
2026-03-04 15:00:58,571 - INFO - No hay página siguiente. Fin de paginación.
2026-03-04 15:00:58,571 - INFO - ======================================================================
2026-03-04 15:00:58,572 - INFO - [OK] Proceso completado
2026-03-04 15:00:58,572 - INFO - [REPORT] Total de descargas: 2 archivo(s)
2026-03-04 15:00:58,572 - INFO - 📁 Ubicación: D:\TAREAS\CARVAJAL\descargas_reportes
2026-03-04 15:00:58,572 - INFO - [LOG] Logs guardados en: logs_reportes\reporte_descargas_20260304_150002.log
2026-03-04 15:00:58,572 - INFO - ======================================================================
2026-03-04 15:00:58,572 - INFO - ✅ Descarga de reportes de ventas completada exitosamente
2026-03-04 15:00:58,714 - INFO - 
[OK] Navegador cerrado. Proceso finalizado correctamente
2026-03-04 15:00:58,714 - INFO - [LOG] Archivo de log: logs_reportes\reporte_descargas_20260304_150002.log
2026-03-04 15:00:58,715 - INFO - ======================================================================
