2026-03-03 12:00:02,657 - INFO - ======================================================================
2026-03-03 12:00:02,657 - INFO - INICIO DE SESIÓN - 03/03/2026 12:00:02
2026-03-03 12:00:02,657 - INFO - ======================================================================
2026-03-03 12:00:03,189 - INFO - Iniciando Playwright...
2026-03-03 12:00:03,363 - INFO - Navegador (Chromium) lanzado en modo oculto
2026-03-03 12:00:03,751 - INFO - Navegando a: https://cencarvajal.com/#/portal/login
2026-03-03 12:00:08,360 - INFO - [Intento 1/3] Intentando login…
2026-03-03 12:00:10,782 - INFO - [Intento 1] Formulario de login enviado
2026-03-03 12:00:20,784 - WARNING - [Intento 1] No apareció 'Tus servicios' después de intentar login (posible modal)
2026-03-03 12:00:20,800 - INFO - [Intento 1] Se hizo clic en botón 'Continuar' del modal
2026-03-03 12:00:27,802 - WARNING - [Intento 1] Aún no aparece 'Tus servicios' tras aceptar modal
2026-03-03 12:00:27,803 - INFO - [Intento 1] Navegando de nuevo a login y reintentando...
2026-03-03 12:00:27,812 - INFO - [Intento 1] Página de login cargada nuevamente
2026-03-03 12:00:27,812 - INFO - [Intento 2/3] Intentando login…
2026-03-03 12:00:27,868 - INFO - [Intento 2] Formulario de login enviado
2026-03-03 12:00:30,227 - INFO - [Intento 2] [OK] Login exitoso - texto 'Tus servicios' encontrado
2026-03-03 12:00:30,228 - INFO - [Intento 2] Esperando que la página se cargue completamente...
2026-03-03 12:00:32,228 - INFO - [Intento 2] Página estabilizada, listo para descargar
2026-03-03 12:00:32,229 - INFO - ======================================================================
2026-03-03 12:00:32,229 - INFO - [*] Iniciando descarga de Reportes VENTAS
2026-03-03 12:00:32,229 - INFO - ======================================================================
2026-03-03 12:00:32,229 - INFO - Navegando a: https://cencarvajal.com/receivingadvicenewportal/#/home/consult-service?service=SLSRPT
2026-03-03 12:00:32,253 - INFO - Esperando que Angular cargue...
2026-03-03 12:00:35,785 - INFO - ✓ Formulario de filtros cargado
2026-03-03 12:00:37,786 - INFO - Configurando filtro de fechas: 02/03/2026 a 03/03/2026
2026-03-03 12:00:37,816 - INFO - Campo 'Fecha inicio' rellenado: 02/03/2026
2026-03-03 12:00:38,355 - INFO - Campo 'Fecha fin' rellenado: 03/03/2026
2026-03-03 12:00:39,865 - INFO - Calendarios cerrados, filtros de fecha configurados
2026-03-03 12:00:39,865 - INFO - 🔍 Presionando botón 'Buscar' para obtener el listado...
2026-03-03 12:00:39,911 - INFO - ✓ Búsqueda completada y tabla cargada
2026-03-03 12:00:41,916 - INFO - ✓ Se encontraron 1 registro(s)
2026-03-03 12:00:41,916 - INFO - 📄 Procesando página 1...
2026-03-03 12:00:41,920 - INFO -   -> 1 fila(s) en esta página
2026-03-03 12:00:41,944 - INFO - Fila 1: Iniciando descarga - Dismel Ltda | SUPERTIENDAS Y DROGUERIAS OLIMPICAS
2026-03-03 12:00:41,979 - INFO - Fila 1: Modal de formato abierto, esperando selección...
2026-03-03 12:00:43,017 - INFO - Fila 1: Formato XLSX seleccionado
2026-03-03 12:00:44,031 - INFO - Fila 1: Botón Descargar encontrado
2026-03-03 12:00:44,552 - INFO - Fila 1: Descargando archivo...
2026-03-03 12:00:50,488 - INFO - Fila 1: [OK] Descargado exitosamente: VENTAS_PAGE1_FILA1_20260303_120050.xlsx
2026-03-03 12:00:51,503 - INFO - No hay página siguiente. Fin de paginación.
2026-03-03 12:00:51,503 - INFO - ======================================================================
2026-03-03 12:00:51,503 - INFO - [OK] Proceso completado
2026-03-03 12:00:51,503 - INFO - [REPORT] Total de descargas: 1 archivo(s)
2026-03-03 12:00:51,503 - INFO - 📁 Ubicación: D:\TAREAS\CARVAJAL\descargas_reportes
2026-03-03 12:00:51,503 - INFO - [LOG] Logs guardados en: logs_reportes\reporte_descargas_20260303_120002.log
2026-03-03 12:00:51,503 - INFO - ======================================================================
2026-03-03 12:00:51,504 - INFO - ✅ Descarga de reportes de ventas completada exitosamente
2026-03-03 12:00:51,635 - INFO - 
[OK] Navegador cerrado. Proceso finalizado correctamente
2026-03-03 12:00:51,635 - INFO - [LOG] Archivo de log: logs_reportes\reporte_descargas_20260303_120002.log
2026-03-03 12:00:51,635 - INFO - ======================================================================
