2026-03-04 04:00:02,681 - INFO - ======================================================================
2026-03-04 04:00:02,681 - INFO - INICIO DE SESIÓN - 04/03/2026 04:00:02
2026-03-04 04:00:02,682 - INFO - ======================================================================
2026-03-04 04:00:03,211 - INFO - Iniciando Playwright...
2026-03-04 04:00:03,443 - INFO - Navegador (Chromium) lanzado en modo oculto
2026-03-04 04:00:03,973 - INFO - Navegando a: https://cencarvajal.com/#/portal/login
2026-03-04 04:00:09,157 - INFO - [Intento 1/3] Intentando login…
2026-03-04 04:00:11,634 - INFO - [Intento 1] Formulario de login enviado
2026-03-04 04:00:21,637 - WARNING - [Intento 1] No apareció 'Tus servicios' después de intentar login (posible modal)
2026-03-04 04:00:21,662 - INFO - [Intento 1] Se hizo clic en botón 'Continuar' del modal
2026-03-04 04:00:28,665 - WARNING - [Intento 1] Aún no aparece 'Tus servicios' tras aceptar modal
2026-03-04 04:00:28,665 - INFO - [Intento 1] Navegando de nuevo a login y reintentando...
2026-03-04 04:00:28,674 - INFO - [Intento 1] Página de login cargada nuevamente
2026-03-04 04:00:28,674 - INFO - [Intento 2/3] Intentando login…
2026-03-04 04:00:28,730 - INFO - [Intento 2] Formulario de login enviado
2026-03-04 04:00:31,100 - INFO - [Intento 2] [OK] Login exitoso - texto 'Tus servicios' encontrado
2026-03-04 04:00:31,100 - INFO - [Intento 2] Esperando que la página se cargue completamente...
2026-03-04 04:00:33,100 - INFO - [Intento 2] Página estabilizada, listo para descargar
2026-03-04 04:00:33,101 - INFO - ======================================================================
2026-03-04 04:00:33,101 - INFO - [*] Iniciando descarga de Reportes VENTAS
2026-03-04 04:00:33,101 - INFO - ======================================================================
2026-03-04 04:00:33,101 - INFO - Navegando a: https://cencarvajal.com/receivingadvicenewportal/#/home/consult-service?service=SLSRPT
2026-03-04 04:00:33,131 - INFO - Esperando que Angular cargue...
2026-03-04 04:00:36,750 - INFO - ✓ Formulario de filtros cargado
2026-03-04 04:00:38,751 - INFO - Configurando filtro de fechas: 03/03/2026 a 04/03/2026
2026-03-04 04:00:38,781 - INFO - Campo 'Fecha inicio' rellenado: 03/03/2026
2026-03-04 04:00:39,320 - INFO - Campo 'Fecha fin' rellenado: 04/03/2026
2026-03-04 04:00:40,829 - INFO - Calendarios cerrados, filtros de fecha configurados
2026-03-04 04:00:40,830 - INFO - 🔍 Presionando botón 'Buscar' para obtener el listado...
2026-03-04 04:00:40,872 - INFO - ✓ Búsqueda completada y tabla cargada
2026-03-04 04:00:42,879 - INFO - ✓ Se encontraron 3 registro(s)
2026-03-04 04:00:42,879 - INFO - 📄 Procesando página 1...
2026-03-04 04:00:42,884 - INFO -   -> 3 fila(s) en esta página
2026-03-04 04:00:42,908 - INFO - Fila 1: Iniciando descarga - Dismel Ltda | SUPERTIENDAS Y DROGUERIAS OLIMPICAS
2026-03-04 04:00:42,944 - INFO - Fila 1: Modal de formato abierto, esperando selección...
2026-03-04 04:00:43,980 - INFO - Fila 1: Formato XLSX seleccionado
2026-03-04 04:00:44,995 - INFO - Fila 1: Botón Descargar encontrado
2026-03-04 04:00:45,515 - INFO - Fila 1: Descargando archivo...
2026-03-04 04:00:51,414 - INFO - Fila 1: [OK] Descargado exitosamente: VENTAS_PAGE1_FILA1_20260304_040051.xlsx
2026-03-04 04:00:52,439 - INFO - Fila 2: Iniciando descarga - Dismel Ltda | SUPERTIENDAS Y DROGUERIAS OLIMPICAS
2026-03-04 04:00:52,474 - INFO - Fila 2: Modal de formato abierto, esperando selección...
2026-03-04 04:00:53,511 - INFO - Fila 2: Formato XLSX seleccionado
2026-03-04 04:00:54,525 - INFO - Fila 2: Botón Descargar encontrado
2026-03-04 04:00:55,047 - INFO - Fila 2: Descargando archivo...
2026-03-04 04:00:58,087 - INFO - Fila 2: [OK] Descargado exitosamente: VENTAS_PAGE1_FILA2_20260304_040058.xlsx
2026-03-04 04:00:59,111 - INFO - Fila 3: Iniciando descarga - Dismel Ltda | SUPERTIENDAS Y DROGUERIAS OLIMPICAS
2026-03-04 04:00:59,138 - INFO - Fila 3: Modal de formato abierto, esperando selección...
2026-03-04 04:01:00,178 - INFO - Fila 3: Formato XLSX seleccionado
2026-03-04 04:01:01,191 - INFO - Fila 3: Botón Descargar encontrado
2026-03-04 04:01:01,712 - INFO - Fila 3: Descargando archivo...
2026-03-04 04:01:04,446 - INFO - Fila 3: [OK] Descargado exitosamente: VENTAS_PAGE1_FILA3_20260304_040104.xlsx
2026-03-04 04:01:05,461 - INFO - No hay página siguiente. Fin de paginación.
2026-03-04 04:01:05,461 - INFO - ======================================================================
2026-03-04 04:01:05,462 - INFO - [OK] Proceso completado
2026-03-04 04:01:05,462 - INFO - [REPORT] Total de descargas: 3 archivo(s)
2026-03-04 04:01:05,462 - INFO - 📁 Ubicación: D:\TAREAS\CARVAJAL\descargas_reportes
2026-03-04 04:01:05,462 - INFO - [LOG] Logs guardados en: logs_reportes\reporte_descargas_20260304_040002.log
2026-03-04 04:01:05,462 - INFO - ======================================================================
2026-03-04 04:01:05,462 - INFO - ✅ Descarga de reportes de ventas completada exitosamente
2026-03-04 04:01:05,618 - INFO - 
[OK] Navegador cerrado. Proceso finalizado correctamente
2026-03-04 04:01:05,618 - INFO - [LOG] Archivo de log: logs_reportes\reporte_descargas_20260304_040002.log
2026-03-04 04:01:05,619 - INFO - ======================================================================
