2026-03-02 11:00:01,744 - INFO - ======================================================================
2026-03-02 11:00:01,745 - INFO - INICIO DE SESIÓN - 02/03/2026 11:00:01
2026-03-02 11:00:01,745 - INFO - ======================================================================
2026-03-02 11:00:02,279 - INFO - Iniciando Playwright...
2026-03-02 11:00:02,454 - INFO - Navegador (Chromium) lanzado en modo oculto
2026-03-02 11:00:02,821 - INFO - Navegando a: https://cencarvajal.com/#/portal/login
2026-03-02 11:00:07,421 - INFO - [Intento 1/3] Intentando login…
2026-03-02 11:00:09,819 - INFO - [Intento 1] Formulario de login enviado
2026-03-02 11:00:19,822 - WARNING - [Intento 1] No apareció 'Tus servicios' después de intentar login (posible modal)
2026-03-02 11:00:19,849 - INFO - [Intento 1] Se hizo clic en botón 'Continuar' del modal
2026-03-02 11:00:26,853 - WARNING - [Intento 1] Aún no aparece 'Tus servicios' tras aceptar modal
2026-03-02 11:00:26,853 - INFO - [Intento 1] Navegando de nuevo a login y reintentando...
2026-03-02 11:00:26,863 - INFO - [Intento 1] Página de login cargada nuevamente
2026-03-02 11:00:26,863 - INFO - [Intento 2/3] Intentando login…
2026-03-02 11:00:26,917 - INFO - [Intento 2] Formulario de login enviado
2026-03-02 11:00:29,238 - INFO - [Intento 2] [OK] Login exitoso - texto 'Tus servicios' encontrado
2026-03-02 11:00:29,238 - INFO - [Intento 2] Esperando que la página se cargue completamente...
2026-03-02 11:00:31,239 - INFO - [Intento 2] Página estabilizada, listo para descargar
2026-03-02 11:00:31,239 - INFO - ======================================================================
2026-03-02 11:00:31,239 - INFO - [*] Iniciando descarga de Reportes VENTAS
2026-03-02 11:00:31,239 - INFO - ======================================================================
2026-03-02 11:00:31,239 - INFO - Navegando a: https://cencarvajal.com/receivingadvicenewportal/#/home/consult-service?service=SLSRPT
2026-03-02 11:00:31,266 - INFO - Esperando que Angular cargue...
2026-03-02 11:00:34,818 - INFO - ✓ Formulario de filtros cargado
2026-03-02 11:00:36,819 - INFO - Configurando filtro de fechas: 01/03/2026 a 02/03/2026
2026-03-02 11:00:36,890 - INFO - Campo 'Fecha inicio' rellenado: 01/03/2026
2026-03-02 11:00:37,430 - INFO - Campo 'Fecha fin' rellenado: 02/03/2026
2026-03-02 11:00:38,940 - INFO - Calendarios cerrados, filtros de fecha configurados
2026-03-02 11:00:38,940 - INFO - 🔍 Presionando botón 'Buscar' para obtener el listado...
2026-03-02 11:00:38,979 - INFO - ✓ Búsqueda completada y tabla cargada
2026-03-02 11:00:40,984 - INFO - ✓ Se encontraron 1 registro(s)
2026-03-02 11:00:40,985 - INFO - 📄 Procesando página 1...
2026-03-02 11:00:40,989 - INFO -   -> 1 fila(s) en esta página
2026-03-02 11:00:41,012 - INFO - Fila 1: Iniciando descarga - Dismel Ltda | SUPERTIENDAS Y DROGUERIAS OLIMPICAS
2026-03-02 11:00:41,047 - INFO - Fila 1: Modal de formato abierto, esperando selección...
2026-03-02 11:00:42,084 - INFO - Fila 1: Formato XLSX seleccionado
2026-03-02 11:00:43,098 - INFO - Fila 1: Botón Descargar encontrado
2026-03-02 11:00:43,618 - INFO - Fila 1: Descargando archivo...
2026-03-02 11:00:49,413 - INFO - Fila 1: [OK] Descargado exitosamente: VENTAS_PAGE1_FILA1_20260302_110049.xlsx
2026-03-02 11:00:50,426 - INFO - No hay página siguiente. Fin de paginación.
2026-03-02 11:00:50,427 - INFO - ======================================================================
2026-03-02 11:00:50,427 - INFO - [OK] Proceso completado
2026-03-02 11:00:50,427 - INFO - [REPORT] Total de descargas: 1 archivo(s)
2026-03-02 11:00:50,427 - INFO - 📁 Ubicación: D:\TAREAS\CARVAJAL\descargas_reportes
2026-03-02 11:00:50,427 - INFO - [LOG] Logs guardados en: logs_reportes\reporte_descargas_20260302_110001.log
2026-03-02 11:00:50,427 - INFO - ======================================================================
2026-03-02 11:00:50,427 - INFO - ✅ Descarga de reportes de ventas completada exitosamente
2026-03-02 11:00:50,577 - INFO - 
[OK] Navegador cerrado. Proceso finalizado correctamente
2026-03-02 11:00:50,577 - INFO - [LOG] Archivo de log: logs_reportes\reporte_descargas_20260302_110001.log
2026-03-02 11:00:50,577 - INFO - ======================================================================
