2026-03-02 13:00:01,744 - INFO - ======================================================================
2026-03-02 13:00:01,744 - INFO - INICIO DE SESIÓN - 02/03/2026 13:00:01
2026-03-02 13:00:01,745 - INFO - ======================================================================
2026-03-02 13:00:02,276 - INFO - Iniciando Playwright...
2026-03-02 13:00:02,454 - INFO - Navegador (Chromium) lanzado en modo oculto
2026-03-02 13:00:02,826 - INFO - Navegando a: https://cencarvajal.com/#/portal/login
2026-03-02 13:00:07,592 - INFO - [Intento 1/3] Intentando login…
2026-03-02 13:00:10,021 - INFO - [Intento 1] Formulario de login enviado
2026-03-02 13:00:20,023 - WARNING - [Intento 1] No apareció 'Tus servicios' después de intentar login (posible modal)
2026-03-02 13:00:20,044 - INFO - [Intento 1] Se hizo clic en botón 'Continuar' del modal
2026-03-02 13:00:27,047 - WARNING - [Intento 1] Aún no aparece 'Tus servicios' tras aceptar modal
2026-03-02 13:00:27,047 - INFO - [Intento 1] Navegando de nuevo a login y reintentando...
2026-03-02 13:00:27,056 - INFO - [Intento 1] Página de login cargada nuevamente
2026-03-02 13:00:27,056 - INFO - [Intento 2/3] Intentando login…
2026-03-02 13:00:27,112 - INFO - [Intento 2] Formulario de login enviado
2026-03-02 13:00:29,408 - INFO - [Intento 2] [OK] Login exitoso - texto 'Tus servicios' encontrado
2026-03-02 13:00:29,408 - INFO - [Intento 2] Esperando que la página se cargue completamente...
2026-03-02 13:00:31,409 - INFO - [Intento 2] Página estabilizada, listo para descargar
2026-03-02 13:00:31,409 - INFO - ======================================================================
2026-03-02 13:00:31,409 - INFO - [*] Iniciando descarga de Reportes VENTAS
2026-03-02 13:00:31,410 - INFO - ======================================================================
2026-03-02 13:00:31,410 - INFO - Navegando a: https://cencarvajal.com/receivingadvicenewportal/#/home/consult-service?service=SLSRPT
2026-03-02 13:00:31,436 - INFO - Esperando que Angular cargue...
2026-03-02 13:00:35,017 - INFO - ✓ Formulario de filtros cargado
2026-03-02 13:00:37,018 - INFO - Configurando filtro de fechas: 01/03/2026 a 02/03/2026
2026-03-02 13:00:37,048 - INFO - Campo 'Fecha inicio' rellenado: 01/03/2026
2026-03-02 13:00:37,588 - INFO - Campo 'Fecha fin' rellenado: 02/03/2026
2026-03-02 13:00:39,114 - INFO - Calendarios cerrados, filtros de fecha configurados
2026-03-02 13:00:39,115 - INFO - 🔍 Presionando botón 'Buscar' para obtener el listado...
2026-03-02 13:00:39,173 - INFO - ✓ Búsqueda completada y tabla cargada
2026-03-02 13:00:41,178 - INFO - ✓ Se encontraron 1 registro(s)
2026-03-02 13:00:41,178 - INFO - 📄 Procesando página 1...
2026-03-02 13:00:41,183 - INFO -   -> 1 fila(s) en esta página
2026-03-02 13:00:41,206 - INFO - Fila 1: Iniciando descarga - Dismel Ltda | SUPERTIENDAS Y DROGUERIAS OLIMPICAS
2026-03-02 13:00:41,241 - INFO - Fila 1: Modal de formato abierto, esperando selección...
2026-03-02 13:00:42,279 - INFO - Fila 1: Formato XLSX seleccionado
2026-03-02 13:00:43,293 - INFO - Fila 1: Botón Descargar encontrado
2026-03-02 13:00:43,814 - INFO - Fila 1: Descargando archivo...
2026-03-02 13:00:49,621 - INFO - Fila 1: [OK] Descargado exitosamente: VENTAS_PAGE1_FILA1_20260302_130049.xlsx
2026-03-02 13:00:50,637 - INFO - No hay página siguiente. Fin de paginación.
2026-03-02 13:00:50,637 - INFO - ======================================================================
2026-03-02 13:00:50,637 - INFO - [OK] Proceso completado
2026-03-02 13:00:50,638 - INFO - [REPORT] Total de descargas: 1 archivo(s)
2026-03-02 13:00:50,638 - INFO - 📁 Ubicación: D:\TAREAS\CARVAJAL\descargas_reportes
2026-03-02 13:00:50,638 - INFO - [LOG] Logs guardados en: logs_reportes\reporte_descargas_20260302_130001.log
2026-03-02 13:00:50,638 - INFO - ======================================================================
2026-03-02 13:00:50,638 - INFO - ✅ Descarga de reportes de ventas completada exitosamente
2026-03-02 13:00:50,771 - INFO - 
[OK] Navegador cerrado. Proceso finalizado correctamente
2026-03-02 13:00:50,771 - INFO - [LOG] Archivo de log: logs_reportes\reporte_descargas_20260302_130001.log
2026-03-02 13:00:50,772 - INFO - ======================================================================
