2026-03-03 06:00:02,650 - INFO - ======================================================================
2026-03-03 06:00:02,650 - INFO - INICIO DE SESIÓN - 03/03/2026 06:00:02
2026-03-03 06:00:02,651 - INFO - ======================================================================
2026-03-03 06:00:03,183 - INFO - Iniciando Playwright...
2026-03-03 06:00:03,357 - INFO - Navegador (Chromium) lanzado en modo oculto
2026-03-03 06:00:03,726 - INFO - Navegando a: https://cencarvajal.com/#/portal/login
2026-03-03 06:00:08,606 - INFO - [Intento 1/3] Intentando login…
2026-03-03 06:00:11,055 - INFO - [Intento 1] Formulario de login enviado
2026-03-03 06:00:21,057 - WARNING - [Intento 1] No apareció 'Tus servicios' después de intentar login (posible modal)
2026-03-03 06:00:21,080 - INFO - [Intento 1] Se hizo clic en botón 'Continuar' del modal
2026-03-03 06:00:28,082 - WARNING - [Intento 1] Aún no aparece 'Tus servicios' tras aceptar modal
2026-03-03 06:00:28,082 - INFO - [Intento 1] Navegando de nuevo a login y reintentando...
2026-03-03 06:00:28,092 - INFO - [Intento 1] Página de login cargada nuevamente
2026-03-03 06:00:28,092 - INFO - [Intento 2/3] Intentando login…
2026-03-03 06:00:28,148 - INFO - [Intento 2] Formulario de login enviado
2026-03-03 06:00:30,528 - INFO - [Intento 2] [OK] Login exitoso - texto 'Tus servicios' encontrado
2026-03-03 06:00:30,528 - INFO - [Intento 2] Esperando que la página se cargue completamente...
2026-03-03 06:00:32,529 - INFO - [Intento 2] Página estabilizada, listo para descargar
2026-03-03 06:00:32,529 - INFO - ======================================================================
2026-03-03 06:00:32,529 - INFO - [*] Iniciando descarga de Reportes VENTAS
2026-03-03 06:00:32,529 - INFO - ======================================================================
2026-03-03 06:00:32,529 - INFO - Navegando a: https://cencarvajal.com/receivingadvicenewportal/#/home/consult-service?service=SLSRPT
2026-03-03 06:00:32,796 - INFO - Esperando que Angular cargue...
2026-03-03 06:00:36,538 - INFO - ✓ Formulario de filtros cargado
2026-03-03 06:00:38,539 - INFO - Configurando filtro de fechas: 02/03/2026 a 03/03/2026
2026-03-03 06:00:38,569 - INFO - Campo 'Fecha inicio' rellenado: 02/03/2026
2026-03-03 06:00:39,108 - INFO - Campo 'Fecha fin' rellenado: 03/03/2026
2026-03-03 06:00:40,617 - INFO - Calendarios cerrados, filtros de fecha configurados
2026-03-03 06:00:40,617 - INFO - 🔍 Presionando botón 'Buscar' para obtener el listado...
2026-03-03 06:00:40,658 - INFO - ✓ Búsqueda completada y tabla cargada
2026-03-03 06:00:42,663 - INFO - ✓ Se encontraron 1 registro(s)
2026-03-03 06:00:42,663 - INFO - 📄 Procesando página 1...
2026-03-03 06:00:42,667 - INFO -   -> 1 fila(s) en esta página
2026-03-03 06:00:42,690 - INFO - Fila 1: Iniciando descarga - Dismel Ltda | SUPERTIENDAS Y DROGUERIAS OLIMPICAS
2026-03-03 06:00:42,727 - INFO - Fila 1: Modal de formato abierto, esperando selección...
2026-03-03 06:00:43,765 - INFO - Fila 1: Formato XLSX seleccionado
2026-03-03 06:00:44,778 - INFO - Fila 1: Botón Descargar encontrado
2026-03-03 06:00:45,299 - INFO - Fila 1: Descargando archivo...
2026-03-03 06:00:51,325 - INFO - Fila 1: [OK] Descargado exitosamente: VENTAS_PAGE1_FILA1_20260303_060051.xlsx
2026-03-03 06:00:52,339 - INFO - No hay página siguiente. Fin de paginación.
2026-03-03 06:00:52,339 - INFO - ======================================================================
2026-03-03 06:00:52,340 - INFO - [OK] Proceso completado
2026-03-03 06:00:52,340 - INFO - [REPORT] Total de descargas: 1 archivo(s)
2026-03-03 06:00:52,340 - INFO - 📁 Ubicación: D:\TAREAS\CARVAJAL\descargas_reportes
2026-03-03 06:00:52,340 - INFO - [LOG] Logs guardados en: logs_reportes\reporte_descargas_20260303_060002.log
2026-03-03 06:00:52,340 - INFO - ======================================================================
2026-03-03 06:00:52,340 - INFO - ✅ Descarga de reportes de ventas completada exitosamente
2026-03-03 06:00:52,472 - INFO - 
[OK] Navegador cerrado. Proceso finalizado correctamente
2026-03-03 06:00:52,472 - INFO - [LOG] Archivo de log: logs_reportes\reporte_descargas_20260303_060002.log
2026-03-03 06:00:52,472 - INFO - ======================================================================
