2026-03-02 21:00:02,650 - INFO - ======================================================================
2026-03-02 21:00:02,650 - INFO - INICIO DE SESIÓN - 02/03/2026 21:00:02
2026-03-02 21:00:02,650 - INFO - ======================================================================
2026-03-02 21:00:03,187 - INFO - Iniciando Playwright...
2026-03-02 21:00:03,361 - INFO - Navegador (Chromium) lanzado en modo oculto
2026-03-02 21:00:03,729 - INFO - Navegando a: https://cencarvajal.com/#/portal/login
2026-03-02 21:00:08,608 - INFO - [Intento 1/3] Intentando login…
2026-03-02 21:00:11,002 - INFO - [Intento 1] Formulario de login enviado
2026-03-02 21:00:21,009 - WARNING - [Intento 1] No apareció 'Tus servicios' después de intentar login (posible modal)
2026-03-02 21:00:21,026 - INFO - [Intento 1] Se hizo clic en botón 'Continuar' del modal
2026-03-02 21:00:28,029 - WARNING - [Intento 1] Aún no aparece 'Tus servicios' tras aceptar modal
2026-03-02 21:00:28,029 - INFO - [Intento 1] Navegando de nuevo a login y reintentando...
2026-03-02 21:00:28,038 - INFO - [Intento 1] Página de login cargada nuevamente
2026-03-02 21:00:28,038 - INFO - [Intento 2/3] Intentando login…
2026-03-02 21:00:28,094 - INFO - [Intento 2] Formulario de login enviado
2026-03-02 21:00:30,456 - INFO - [Intento 2] [OK] Login exitoso - texto 'Tus servicios' encontrado
2026-03-02 21:00:30,456 - INFO - [Intento 2] Esperando que la página se cargue completamente...
2026-03-02 21:00:32,457 - INFO - [Intento 2] Página estabilizada, listo para descargar
2026-03-02 21:00:32,457 - INFO - ======================================================================
2026-03-02 21:00:32,457 - INFO - [*] Iniciando descarga de Reportes VENTAS
2026-03-02 21:00:32,457 - INFO - ======================================================================
2026-03-02 21:00:32,457 - INFO - Navegando a: https://cencarvajal.com/receivingadvicenewportal/#/home/consult-service?service=SLSRPT
2026-03-02 21:00:32,483 - INFO - Esperando que Angular cargue...
2026-03-02 21:00:36,018 - INFO - ✓ Formulario de filtros cargado
2026-03-02 21:00:38,019 - INFO - Configurando filtro de fechas: 01/03/2026 a 02/03/2026
2026-03-02 21:00:38,049 - INFO - Campo 'Fecha inicio' rellenado: 01/03/2026
2026-03-02 21:00:38,588 - INFO - Campo 'Fecha fin' rellenado: 02/03/2026
2026-03-02 21:00:40,097 - INFO - Calendarios cerrados, filtros de fecha configurados
2026-03-02 21:00:40,097 - INFO - 🔍 Presionando botón 'Buscar' para obtener el listado...
2026-03-02 21:00:40,138 - INFO - ✓ Búsqueda completada y tabla cargada
2026-03-02 21:00:42,144 - INFO - ✓ Se encontraron 2 registro(s)
2026-03-02 21:00:42,144 - INFO - 📄 Procesando página 1...
2026-03-02 21:00:42,149 - INFO -   -> 2 fila(s) en esta página
2026-03-02 21:00:42,173 - INFO - Fila 1: Iniciando descarga - Dismel Ltda | SUPERTIENDAS Y DROGUERIAS OLIMPICAS
2026-03-02 21:00:42,209 - INFO - Fila 1: Modal de formato abierto, esperando selección...
2026-03-02 21:00:43,243 - INFO - Fila 1: Formato XLSX seleccionado
2026-03-02 21:00:44,257 - INFO - Fila 1: Botón Descargar encontrado
2026-03-02 21:00:44,779 - INFO - Fila 1: Descargando archivo...
2026-03-02 21:00:50,548 - INFO - Fila 1: [OK] Descargado exitosamente: VENTAS_PAGE1_FILA1_20260302_210050.xlsx
2026-03-02 21:00:51,573 - INFO - Fila 2: Iniciando descarga - Dismel Ltda | SUPERTIENDAS Y DROGUERIAS OLIMPICAS
2026-03-02 21:00:51,605 - INFO - Fila 2: Modal de formato abierto, esperando selección...
2026-03-02 21:00:52,643 - INFO - Fila 2: Formato XLSX seleccionado
2026-03-02 21:00:53,657 - INFO - Fila 2: Botón Descargar encontrado
2026-03-02 21:00:54,178 - INFO - Fila 2: Descargando archivo...
2026-03-02 21:00:56,982 - INFO - Fila 2: [OK] Descargado exitosamente: VENTAS_PAGE1_FILA2_20260302_210056.xlsx
2026-03-02 21:00:57,997 - INFO - No hay página siguiente. Fin de paginación.
2026-03-02 21:00:57,997 - INFO - ======================================================================
2026-03-02 21:00:57,998 - INFO - [OK] Proceso completado
2026-03-02 21:00:57,998 - INFO - [REPORT] Total de descargas: 2 archivo(s)
2026-03-02 21:00:57,998 - INFO - 📁 Ubicación: D:\TAREAS\CARVAJAL\descargas_reportes
2026-03-02 21:00:57,998 - INFO - [LOG] Logs guardados en: logs_reportes\reporte_descargas_20260302_210002.log
2026-03-02 21:00:57,998 - INFO - ======================================================================
2026-03-02 21:00:57,998 - INFO - ✅ Descarga de reportes de ventas completada exitosamente
2026-03-02 21:00:58,137 - INFO - 
[OK] Navegador cerrado. Proceso finalizado correctamente
2026-03-02 21:00:58,137 - INFO - [LOG] Archivo de log: logs_reportes\reporte_descargas_20260302_210002.log
2026-03-02 21:00:58,137 - INFO - ======================================================================
