2026-03-03 03:00:02,650 - INFO - ======================================================================
2026-03-03 03:00:02,650 - INFO - INICIO DE SESIÓN - 03/03/2026 03:00:02
2026-03-03 03:00:02,650 - INFO - ======================================================================
2026-03-03 03:00:03,183 - INFO - Iniciando Playwright...
2026-03-03 03:00:03,362 - INFO - Navegador (Chromium) lanzado en modo oculto
2026-03-03 03:00:03,723 - INFO - Navegando a: https://cencarvajal.com/#/portal/login
2026-03-03 03:00:08,704 - INFO - [Intento 1/3] Intentando login…
2026-03-03 03:00:11,120 - INFO - [Intento 1] Formulario de login enviado
2026-03-03 03:00:21,123 - WARNING - [Intento 1] No apareció 'Tus servicios' después de intentar login (posible modal)
2026-03-03 03:00:21,145 - INFO - [Intento 1] Se hizo clic en botón 'Continuar' del modal
2026-03-03 03:00:28,149 - WARNING - [Intento 1] Aún no aparece 'Tus servicios' tras aceptar modal
2026-03-03 03:00:28,149 - INFO - [Intento 1] Navegando de nuevo a login y reintentando...
2026-03-03 03:00:28,158 - INFO - [Intento 1] Página de login cargada nuevamente
2026-03-03 03:00:28,158 - INFO - [Intento 2/3] Intentando login…
2026-03-03 03:00:28,213 - INFO - [Intento 2] Formulario de login enviado
2026-03-03 03:00:30,534 - INFO - [Intento 2] [OK] Login exitoso - texto 'Tus servicios' encontrado
2026-03-03 03:00:30,534 - INFO - [Intento 2] Esperando que la página se cargue completamente...
2026-03-03 03:00:32,534 - INFO - [Intento 2] Página estabilizada, listo para descargar
2026-03-03 03:00:32,535 - INFO - ======================================================================
2026-03-03 03:00:32,535 - INFO - [*] Iniciando descarga de Reportes VENTAS
2026-03-03 03:00:32,535 - INFO - ======================================================================
2026-03-03 03:00:32,535 - INFO - Navegando a: https://cencarvajal.com/receivingadvicenewportal/#/home/consult-service?service=SLSRPT
2026-03-03 03:00:32,565 - INFO - Esperando que Angular cargue...
2026-03-03 03:00:36,096 - INFO - ✓ Formulario de filtros cargado
2026-03-03 03:00:38,097 - INFO - Configurando filtro de fechas: 02/03/2026 a 03/03/2026
2026-03-03 03:00:38,127 - INFO - Campo 'Fecha inicio' rellenado: 02/03/2026
2026-03-03 03:00:38,688 - INFO - Campo 'Fecha fin' rellenado: 03/03/2026
2026-03-03 03:00:40,198 - INFO - Calendarios cerrados, filtros de fecha configurados
2026-03-03 03:00:40,198 - INFO - 🔍 Presionando botón 'Buscar' para obtener el listado...
2026-03-03 03:00:40,240 - INFO - ✓ Búsqueda completada y tabla cargada
2026-03-03 03:00:42,246 - INFO - ✓ Se encontraron 2 registro(s)
2026-03-03 03:00:42,246 - INFO - 📄 Procesando página 1...
2026-03-03 03:00:42,251 - INFO -   -> 2 fila(s) en esta página
2026-03-03 03:00:42,275 - INFO - Fila 1: Iniciando descarga - Dismel Ltda | SUPERTIENDAS Y DROGUERIAS OLIMPICAS
2026-03-03 03:00:42,309 - INFO - Fila 1: Modal de formato abierto, esperando selección...
2026-03-03 03:00:43,347 - INFO - Fila 1: Formato XLSX seleccionado
2026-03-03 03:00:44,361 - INFO - Fila 1: Botón Descargar encontrado
2026-03-03 03:00:44,880 - INFO - Fila 1: Descargando archivo...
2026-03-03 03:00:50,809 - INFO - Fila 1: [OK] Descargado exitosamente: VENTAS_PAGE1_FILA1_20260303_030050.xlsx
2026-03-03 03:00:51,835 - INFO - Fila 2: Iniciando descarga - Dismel Ltda | SUPERTIENDAS Y DROGUERIAS OLIMPICAS
2026-03-03 03:00:51,873 - INFO - Fila 2: Modal de formato abierto, esperando selección...
2026-03-03 03:00:52,913 - INFO - Fila 2: Formato XLSX seleccionado
2026-03-03 03:00:53,927 - INFO - Fila 2: Botón Descargar encontrado
2026-03-03 03:00:54,447 - INFO - Fila 2: Descargando archivo...
2026-03-03 03:00:57,321 - INFO - Fila 2: [OK] Descargado exitosamente: VENTAS_PAGE1_FILA2_20260303_030057.xlsx
2026-03-03 03:00:58,337 - INFO - No hay página siguiente. Fin de paginación.
2026-03-03 03:00:58,337 - INFO - ======================================================================
2026-03-03 03:00:58,337 - INFO - [OK] Proceso completado
2026-03-03 03:00:58,337 - INFO - [REPORT] Total de descargas: 2 archivo(s)
2026-03-03 03:00:58,337 - INFO - 📁 Ubicación: D:\TAREAS\CARVAJAL\descargas_reportes
2026-03-03 03:00:58,337 - INFO - [LOG] Logs guardados en: logs_reportes\reporte_descargas_20260303_030002.log
2026-03-03 03:00:58,337 - INFO - ======================================================================
2026-03-03 03:00:58,338 - INFO - ✅ Descarga de reportes de ventas completada exitosamente
2026-03-03 03:00:58,469 - INFO - 
[OK] Navegador cerrado. Proceso finalizado correctamente
2026-03-03 03:00:58,469 - INFO - [LOG] Archivo de log: logs_reportes\reporte_descargas_20260303_030002.log
2026-03-03 03:00:58,470 - INFO - ======================================================================
