2026-03-04 06:00:02,655 - INFO - ======================================================================
2026-03-04 06:00:02,655 - INFO - INICIO DE SESIÓN - 04/03/2026 06:00:02
2026-03-04 06:00:02,655 - INFO - ======================================================================
2026-03-04 06:00:03,186 - INFO - Iniciando Playwright...
2026-03-04 06:00:03,362 - INFO - Navegador (Chromium) lanzado en modo oculto
2026-03-04 06:00:03,716 - INFO - Navegando a: https://cencarvajal.com/#/portal/login
2026-03-04 06:00:09,268 - INFO - [Intento 1/3] Intentando login…
2026-03-04 06:00:11,716 - INFO - [Intento 1] Formulario de login enviado
2026-03-04 06:00:21,718 - WARNING - [Intento 1] No apareció 'Tus servicios' después de intentar login (posible modal)
2026-03-04 06:00:21,740 - INFO - [Intento 1] Se hizo clic en botón 'Continuar' del modal
2026-03-04 06:00:28,744 - WARNING - [Intento 1] Aún no aparece 'Tus servicios' tras aceptar modal
2026-03-04 06:00:28,744 - INFO - [Intento 1] Navegando de nuevo a login y reintentando...
2026-03-04 06:00:28,753 - INFO - [Intento 1] Página de login cargada nuevamente
2026-03-04 06:00:28,753 - INFO - [Intento 2/3] Intentando login…
2026-03-04 06:00:28,808 - INFO - [Intento 2] Formulario de login enviado
2026-03-04 06:00:31,117 - INFO - [Intento 2] [OK] Login exitoso - texto 'Tus servicios' encontrado
2026-03-04 06:00:31,117 - INFO - [Intento 2] Esperando que la página se cargue completamente...
2026-03-04 06:00:33,118 - INFO - [Intento 2] Página estabilizada, listo para descargar
2026-03-04 06:00:33,118 - INFO - ======================================================================
2026-03-04 06:00:33,118 - INFO - [*] Iniciando descarga de Reportes VENTAS
2026-03-04 06:00:33,118 - INFO - ======================================================================
2026-03-04 06:00:33,118 - INFO - Navegando a: https://cencarvajal.com/receivingadvicenewportal/#/home/consult-service?service=SLSRPT
2026-03-04 06:00:33,146 - INFO - Esperando que Angular cargue...
2026-03-04 06:00:37,146 - INFO - ✓ Formulario de filtros cargado
2026-03-04 06:00:39,147 - INFO - Configurando filtro de fechas: 03/03/2026 a 04/03/2026
2026-03-04 06:00:39,176 - INFO - Campo 'Fecha inicio' rellenado: 03/03/2026
2026-03-04 06:00:39,731 - INFO - Campo 'Fecha fin' rellenado: 04/03/2026
2026-03-04 06:00:41,241 - INFO - Calendarios cerrados, filtros de fecha configurados
2026-03-04 06:00:41,241 - INFO - 🔍 Presionando botón 'Buscar' para obtener el listado...
2026-03-04 06:00:41,285 - INFO - ✓ Búsqueda completada y tabla cargada
2026-03-04 06:00:43,292 - INFO - ✓ Se encontraron 2 registro(s)
2026-03-04 06:00:43,292 - INFO - 📄 Procesando página 1...
2026-03-04 06:00:43,297 - INFO -   -> 2 fila(s) en esta página
2026-03-04 06:00:43,321 - INFO - Fila 1: Iniciando descarga - Dismel Ltda | SUPERTIENDAS Y DROGUERIAS OLIMPICAS
2026-03-04 06:00:43,353 - INFO - Fila 1: Modal de formato abierto, esperando selección...
2026-03-04 06:00:44,391 - INFO - Fila 1: Formato XLSX seleccionado
2026-03-04 06:00:45,406 - INFO - Fila 1: Botón Descargar encontrado
2026-03-04 06:00:45,926 - INFO - Fila 1: Descargando archivo...
2026-03-04 06:00:51,876 - INFO - Fila 1: [OK] Descargado exitosamente: VENTAS_PAGE1_FILA1_20260304_060051.xlsx
2026-03-04 06:00:52,901 - INFO - Fila 2: Iniciando descarga - Dismel Ltda | SUPERTIENDAS Y DROGUERIAS OLIMPICAS
2026-03-04 06:00:52,936 - INFO - Fila 2: Modal de formato abierto, esperando selección...
2026-03-04 06:00:53,973 - INFO - Fila 2: Formato XLSX seleccionado
2026-03-04 06:00:54,987 - INFO - Fila 2: Botón Descargar encontrado
2026-03-04 06:00:55,509 - INFO - Fila 2: Descargando archivo...
2026-03-04 06:00:58,206 - INFO - Fila 2: [OK] Descargado exitosamente: VENTAS_PAGE1_FILA2_20260304_060058.xlsx
2026-03-04 06:00:59,221 - INFO - No hay página siguiente. Fin de paginación.
2026-03-04 06:00:59,221 - INFO - ======================================================================
2026-03-04 06:00:59,222 - INFO - [OK] Proceso completado
2026-03-04 06:00:59,222 - INFO - [REPORT] Total de descargas: 2 archivo(s)
2026-03-04 06:00:59,222 - INFO - 📁 Ubicación: D:\TAREAS\CARVAJAL\descargas_reportes
2026-03-04 06:00:59,222 - INFO - [LOG] Logs guardados en: logs_reportes\reporte_descargas_20260304_060002.log
2026-03-04 06:00:59,222 - INFO - ======================================================================
2026-03-04 06:00:59,222 - INFO - ✅ Descarga de reportes de ventas completada exitosamente
2026-03-04 06:00:59,361 - INFO - 
[OK] Navegador cerrado. Proceso finalizado correctamente
2026-03-04 06:00:59,361 - INFO - [LOG] Archivo de log: logs_reportes\reporte_descargas_20260304_060002.log
2026-03-04 06:00:59,362 - INFO - ======================================================================
