2026-03-04 22:00:02,677 - INFO - ======================================================================
2026-03-04 22:00:02,677 - INFO - INICIO DE SESIÓN - 04/03/2026 22:00:02
2026-03-04 22:00:02,677 - INFO - ======================================================================
2026-03-04 22:00:03,223 - INFO - Iniciando Playwright...
2026-03-04 22:00:03,382 - INFO - Navegador (Chromium) lanzado en modo oculto
2026-03-04 22:00:03,769 - INFO - Navegando a: https://cencarvajal.com/#/portal/login
2026-03-04 22:00:09,348 - INFO - [Intento 1/3] Intentando login…
2026-03-04 22:00:11,330 - INFO - [Intento 1] Formulario de login enviado
2026-03-04 22:00:21,333 - WARNING - [Intento 1] No apareció 'Tus servicios' después de intentar login (posible modal)
2026-03-04 22:00:21,354 - INFO - [Intento 1] Se hizo clic en botón 'Continuar' del modal
2026-03-04 22:00:28,357 - WARNING - [Intento 1] Aún no aparece 'Tus servicios' tras aceptar modal
2026-03-04 22:00:28,357 - INFO - [Intento 1] Navegando de nuevo a login y reintentando...
2026-03-04 22:00:28,366 - INFO - [Intento 1] Página de login cargada nuevamente
2026-03-04 22:00:28,366 - INFO - [Intento 2/3] Intentando login…
2026-03-04 22:00:28,421 - INFO - [Intento 2] Formulario de login enviado
2026-03-04 22:00:30,779 - INFO - [Intento 2] [OK] Login exitoso - texto 'Tus servicios' encontrado
2026-03-04 22:00:30,780 - INFO - [Intento 2] Esperando que la página se cargue completamente...
2026-03-04 22:00:32,781 - INFO - [Intento 2] Página estabilizada, listo para descargar
2026-03-04 22:00:32,781 - INFO - ======================================================================
2026-03-04 22:00:32,781 - INFO - [*] Iniciando descarga de Reportes VENTAS
2026-03-04 22:00:32,781 - INFO - ======================================================================
2026-03-04 22:00:32,781 - INFO - Navegando a: https://cencarvajal.com/receivingadvicenewportal/#/home/consult-service?service=SLSRPT
2026-03-04 22:00:32,814 - INFO - Esperando que Angular cargue...
2026-03-04 22:00:36,653 - INFO - ✓ Formulario de filtros cargado
2026-03-04 22:00:38,654 - INFO - Configurando filtro de fechas: 03/03/2026 a 04/03/2026
2026-03-04 22:00:38,684 - INFO - Campo 'Fecha inicio' rellenado: 03/03/2026
2026-03-04 22:00:39,238 - INFO - Campo 'Fecha fin' rellenado: 04/03/2026
2026-03-04 22:00:40,748 - INFO - Calendarios cerrados, filtros de fecha configurados
2026-03-04 22:00:40,748 - INFO - 🔍 Presionando botón 'Buscar' para obtener el listado...
2026-03-04 22:00:40,782 - INFO - ✓ Búsqueda completada y tabla cargada
2026-03-04 22:00:42,788 - INFO - ✓ Se encontraron 3 registro(s)
2026-03-04 22:00:42,789 - INFO - 📄 Procesando página 1...
2026-03-04 22:00:42,794 - INFO -   -> 3 fila(s) en esta página
2026-03-04 22:00:42,819 - INFO - Fila 1: Iniciando descarga - Dismel Ltda | SUPERTIENDAS Y DROGUERIAS OLIMPICAS
2026-03-04 22:00:42,850 - INFO - Fila 1: Modal de formato abierto, esperando selección...
2026-03-04 22:00:43,888 - INFO - Fila 1: Formato XLSX seleccionado
2026-03-04 22:00:44,903 - INFO - Fila 1: Botón Descargar encontrado
2026-03-04 22:00:45,423 - INFO - Fila 1: Descargando archivo...
2026-03-04 22:00:51,200 - INFO - Fila 1: [OK] Descargado exitosamente: VENTAS_PAGE1_FILA1_20260304_220051.xlsx
2026-03-04 22:00:52,225 - INFO - Fila 2: Iniciando descarga - Dismel Ltda | SUPERTIENDAS Y DROGUERIAS OLIMPICAS
2026-03-04 22:00:52,265 - INFO - Fila 2: Modal de formato abierto, esperando selección...
2026-03-04 22:00:53,303 - INFO - Fila 2: Formato XLSX seleccionado
2026-03-04 22:00:54,317 - INFO - Fila 2: Botón Descargar encontrado
2026-03-04 22:00:54,838 - INFO - Fila 2: Descargando archivo...
2026-03-04 22:00:57,548 - INFO - Fila 2: [OK] Descargado exitosamente: VENTAS_PAGE1_FILA2_20260304_220057.xlsx
2026-03-04 22:00:58,573 - INFO - Fila 3: Iniciando descarga - Dismel Ltda | SUPERTIENDAS Y DROGUERIAS OLIMPICAS
2026-03-04 22:00:58,613 - INFO - Fila 3: Modal de formato abierto, esperando selección...
2026-03-04 22:00:59,653 - INFO - Fila 3: Formato XLSX seleccionado
2026-03-04 22:01:00,667 - INFO - Fila 3: Botón Descargar encontrado
2026-03-04 22:01:01,188 - INFO - Fila 3: Descargando archivo...
2026-03-04 22:01:03,975 - INFO - Fila 3: [OK] Descargado exitosamente: VENTAS_PAGE1_FILA3_20260304_220103.xlsx
2026-03-04 22:01:04,990 - INFO - No hay página siguiente. Fin de paginación.
2026-03-04 22:01:04,990 - INFO - ======================================================================
2026-03-04 22:01:04,990 - INFO - [OK] Proceso completado
2026-03-04 22:01:04,991 - INFO - [REPORT] Total de descargas: 3 archivo(s)
2026-03-04 22:01:04,991 - INFO - 📁 Ubicación: D:\TAREAS\CARVAJAL\descargas_reportes
2026-03-04 22:01:04,991 - INFO - [LOG] Logs guardados en: logs_reportes\reporte_descargas_20260304_220002.log
2026-03-04 22:01:04,991 - INFO - ======================================================================
2026-03-04 22:01:04,991 - INFO - ✅ Descarga de reportes de ventas completada exitosamente
2026-03-04 22:01:05,140 - INFO - 
[OK] Navegador cerrado. Proceso finalizado correctamente
2026-03-04 22:01:05,140 - INFO - [LOG] Archivo de log: logs_reportes\reporte_descargas_20260304_220002.log
2026-03-04 22:01:05,140 - INFO - ======================================================================
