2026-03-03 11:00:02,651 - INFO - ======================================================================
2026-03-03 11:00:02,651 - INFO - INICIO DE SESIÓN - 03/03/2026 11:00:02
2026-03-03 11:00:02,651 - INFO - ======================================================================
2026-03-03 11:00:03,187 - INFO - Iniciando Playwright...
2026-03-03 11:00:03,366 - INFO - Navegador (Chromium) lanzado en modo oculto
2026-03-03 11:00:03,735 - INFO - Navegando a: https://cencarvajal.com/#/portal/login
2026-03-03 11:00:08,466 - INFO - [Intento 1/3] Intentando login…
2026-03-03 11:00:10,868 - INFO - [Intento 1] Formulario de login enviado
2026-03-03 11:00:20,875 - WARNING - [Intento 1] No apareció 'Tus servicios' después de intentar login (posible modal)
2026-03-03 11:00:20,894 - INFO - [Intento 1] Se hizo clic en botón 'Continuar' del modal
2026-03-03 11:00:27,896 - WARNING - [Intento 1] Aún no aparece 'Tus servicios' tras aceptar modal
2026-03-03 11:00:27,896 - INFO - [Intento 1] Navegando de nuevo a login y reintentando...
2026-03-03 11:00:27,906 - INFO - [Intento 1] Página de login cargada nuevamente
2026-03-03 11:00:27,906 - INFO - [Intento 2/3] Intentando login…
2026-03-03 11:00:27,962 - INFO - [Intento 2] Formulario de login enviado
2026-03-03 11:00:30,310 - INFO - [Intento 2] [OK] Login exitoso - texto 'Tus servicios' encontrado
2026-03-03 11:00:30,310 - INFO - [Intento 2] Esperando que la página se cargue completamente...
2026-03-03 11:00:32,311 - INFO - [Intento 2] Página estabilizada, listo para descargar
2026-03-03 11:00:32,311 - INFO - ======================================================================
2026-03-03 11:00:32,311 - INFO - [*] Iniciando descarga de Reportes VENTAS
2026-03-03 11:00:32,311 - INFO - ======================================================================
2026-03-03 11:00:32,311 - INFO - Navegando a: https://cencarvajal.com/receivingadvicenewportal/#/home/consult-service?service=SLSRPT
2026-03-03 11:00:32,336 - INFO - Esperando que Angular cargue...
2026-03-03 11:00:35,857 - INFO - ✓ Formulario de filtros cargado
2026-03-03 11:00:37,858 - INFO - Configurando filtro de fechas: 02/03/2026 a 03/03/2026
2026-03-03 11:00:37,888 - INFO - Campo 'Fecha inicio' rellenado: 02/03/2026
2026-03-03 11:00:38,447 - INFO - Campo 'Fecha fin' rellenado: 03/03/2026
2026-03-03 11:00:39,957 - INFO - Calendarios cerrados, filtros de fecha configurados
2026-03-03 11:00:39,957 - INFO - 🔍 Presionando botón 'Buscar' para obtener el listado...
2026-03-03 11:00:39,988 - INFO - ✓ Búsqueda completada y tabla cargada
2026-03-03 11:00:41,993 - INFO - ✓ Se encontraron 1 registro(s)
2026-03-03 11:00:41,994 - INFO - 📄 Procesando página 1...
2026-03-03 11:00:41,998 - INFO -   -> 1 fila(s) en esta página
2026-03-03 11:00:42,021 - INFO - Fila 1: Iniciando descarga - Dismel Ltda | SUPERTIENDAS Y DROGUERIAS OLIMPICAS
2026-03-03 11:00:42,056 - INFO - Fila 1: Modal de formato abierto, esperando selección...
2026-03-03 11:00:43,095 - INFO - Fila 1: Formato XLSX seleccionado
2026-03-03 11:00:44,108 - INFO - Fila 1: Botón Descargar encontrado
2026-03-03 11:00:44,629 - INFO - Fila 1: Descargando archivo...
2026-03-03 11:00:50,785 - INFO - Fila 1: [OK] Descargado exitosamente: VENTAS_PAGE1_FILA1_20260303_110050.xlsx
2026-03-03 11:00:51,799 - INFO - No hay página siguiente. Fin de paginación.
2026-03-03 11:00:51,799 - INFO - ======================================================================
2026-03-03 11:00:51,799 - INFO - [OK] Proceso completado
2026-03-03 11:00:51,800 - INFO - [REPORT] Total de descargas: 1 archivo(s)
2026-03-03 11:00:51,800 - INFO - 📁 Ubicación: D:\TAREAS\CARVAJAL\descargas_reportes
2026-03-03 11:00:51,800 - INFO - [LOG] Logs guardados en: logs_reportes\reporte_descargas_20260303_110002.log
2026-03-03 11:00:51,800 - INFO - ======================================================================
2026-03-03 11:00:51,800 - INFO - ✅ Descarga de reportes de ventas completada exitosamente
2026-03-03 11:00:51,938 - INFO - 
[OK] Navegador cerrado. Proceso finalizado correctamente
2026-03-03 11:00:51,938 - INFO - [LOG] Archivo de log: logs_reportes\reporte_descargas_20260303_110002.log
2026-03-03 11:00:51,939 - INFO - ======================================================================
