2026-03-03 04:00:02,666 - INFO - ======================================================================
2026-03-03 04:00:02,666 - INFO - INICIO DE SESIÓN - 03/03/2026 04:00:02
2026-03-03 04:00:02,666 - INFO - ======================================================================
2026-03-03 04:00:03,196 - INFO - Iniciando Playwright...
2026-03-03 04:00:03,483 - INFO - Navegador (Chromium) lanzado en modo oculto
2026-03-03 04:00:03,974 - INFO - Navegando a: https://cencarvajal.com/#/portal/login
2026-03-03 04:00:09,001 - INFO - [Intento 1/3] Intentando login…
2026-03-03 04:00:11,376 - INFO - [Intento 1] Formulario de login enviado
2026-03-03 04:00:21,378 - WARNING - [Intento 1] No apareció 'Tus servicios' después de intentar login (posible modal)
2026-03-03 04:00:21,402 - INFO - [Intento 1] Se hizo clic en botón 'Continuar' del modal
2026-03-03 04:00:28,404 - WARNING - [Intento 1] Aún no aparece 'Tus servicios' tras aceptar modal
2026-03-03 04:00:28,404 - INFO - [Intento 1] Navegando de nuevo a login y reintentando...
2026-03-03 04:00:28,414 - INFO - [Intento 1] Página de login cargada nuevamente
2026-03-03 04:00:28,414 - INFO - [Intento 2/3] Intentando login…
2026-03-03 04:00:28,470 - INFO - [Intento 2] Formulario de login enviado
2026-03-03 04:00:30,841 - INFO - [Intento 2] [OK] Login exitoso - texto 'Tus servicios' encontrado
2026-03-03 04:00:30,842 - INFO - [Intento 2] Esperando que la página se cargue completamente...
2026-03-03 04:00:32,842 - INFO - [Intento 2] Página estabilizada, listo para descargar
2026-03-03 04:00:32,842 - INFO - ======================================================================
2026-03-03 04:00:32,842 - INFO - [*] Iniciando descarga de Reportes VENTAS
2026-03-03 04:00:32,842 - INFO - ======================================================================
2026-03-03 04:00:32,843 - INFO - Navegando a: https://cencarvajal.com/receivingadvicenewportal/#/home/consult-service?service=SLSRPT
2026-03-03 04:00:32,872 - INFO - Esperando que Angular cargue...
2026-03-03 04:00:36,429 - INFO - ✓ Formulario de filtros cargado
2026-03-03 04:00:38,430 - INFO - Configurando filtro de fechas: 02/03/2026 a 03/03/2026
2026-03-03 04:00:38,460 - INFO - Campo 'Fecha inicio' rellenado: 02/03/2026
2026-03-03 04:00:38,998 - INFO - Campo 'Fecha fin' rellenado: 03/03/2026
2026-03-03 04:00:40,507 - INFO - Calendarios cerrados, filtros de fecha configurados
2026-03-03 04:00:40,507 - INFO - 🔍 Presionando botón 'Buscar' para obtener el listado...
2026-03-03 04:00:40,547 - INFO - ✓ Búsqueda completada y tabla cargada
2026-03-03 04:00:42,553 - INFO - ✓ Se encontraron 2 registro(s)
2026-03-03 04:00:42,553 - INFO - 📄 Procesando página 1...
2026-03-03 04:00:42,558 - INFO -   -> 2 fila(s) en esta página
2026-03-03 04:00:42,582 - INFO - Fila 1: Iniciando descarga - Dismel Ltda | SUPERTIENDAS Y DROGUERIAS OLIMPICAS
2026-03-03 04:00:42,615 - INFO - Fila 1: Modal de formato abierto, esperando selección...
2026-03-03 04:00:43,652 - INFO - Fila 1: Formato XLSX seleccionado
2026-03-03 04:00:44,666 - INFO - Fila 1: Botón Descargar encontrado
2026-03-03 04:00:45,187 - INFO - Fila 1: Descargando archivo...
2026-03-03 04:00:51,143 - INFO - Fila 1: [OK] Descargado exitosamente: VENTAS_PAGE1_FILA1_20260303_040051.xlsx
2026-03-03 04:00:52,168 - INFO - Fila 2: Iniciando descarga - Dismel Ltda | SUPERTIENDAS Y DROGUERIAS OLIMPICAS
2026-03-03 04:00:52,196 - INFO - Fila 2: Modal de formato abierto, esperando selección...
2026-03-03 04:00:53,234 - INFO - Fila 2: Formato XLSX seleccionado
2026-03-03 04:00:54,248 - INFO - Fila 2: Botón Descargar encontrado
2026-03-03 04:00:54,770 - INFO - Fila 2: Descargando archivo...
2026-03-03 04:00:57,555 - INFO - Fila 2: [OK] Descargado exitosamente: VENTAS_PAGE1_FILA2_20260303_040057.xlsx
2026-03-03 04:00:58,571 - INFO - No hay página siguiente. Fin de paginación.
2026-03-03 04:00:58,571 - INFO - ======================================================================
2026-03-03 04:00:58,571 - INFO - [OK] Proceso completado
2026-03-03 04:00:58,571 - INFO - [REPORT] Total de descargas: 2 archivo(s)
2026-03-03 04:00:58,571 - INFO - 📁 Ubicación: D:\TAREAS\CARVAJAL\descargas_reportes
2026-03-03 04:00:58,572 - INFO - [LOG] Logs guardados en: logs_reportes\reporte_descargas_20260303_040002.log
2026-03-03 04:00:58,572 - INFO - ======================================================================
2026-03-03 04:00:58,572 - INFO - ✅ Descarga de reportes de ventas completada exitosamente
2026-03-03 04:00:58,719 - INFO - 
[OK] Navegador cerrado. Proceso finalizado correctamente
2026-03-03 04:00:58,719 - INFO - [LOG] Archivo de log: logs_reportes\reporte_descargas_20260303_040002.log
2026-03-03 04:00:58,720 - INFO - ======================================================================
