2026-03-04 17:00:02,655 - INFO - ======================================================================
2026-03-04 17:00:02,655 - INFO - INICIO DE SESIÓN - 04/03/2026 17:00:02
2026-03-04 17:00:02,655 - INFO - ======================================================================
2026-03-04 17:00:03,188 - INFO - Iniciando Playwright...
2026-03-04 17:00:03,360 - INFO - Navegador (Chromium) lanzado en modo oculto
2026-03-04 17:00:03,729 - INFO - Navegando a: https://cencarvajal.com/#/portal/login
2026-03-04 17:00:08,503 - INFO - [Intento 1/3] Intentando login…
2026-03-04 17:00:10,937 - INFO - [Intento 1] Formulario de login enviado
2026-03-04 17:00:20,940 - WARNING - [Intento 1] No apareció 'Tus servicios' después de intentar login (posible modal)
2026-03-04 17:00:20,974 - INFO - [Intento 1] Se hizo clic en botón 'Continuar' del modal
2026-03-04 17:00:27,976 - WARNING - [Intento 1] Aún no aparece 'Tus servicios' tras aceptar modal
2026-03-04 17:00:27,976 - INFO - [Intento 1] Navegando de nuevo a login y reintentando...
2026-03-04 17:00:27,986 - INFO - [Intento 1] Página de login cargada nuevamente
2026-03-04 17:00:27,986 - INFO - [Intento 2/3] Intentando login…
2026-03-04 17:00:28,042 - INFO - [Intento 2] Formulario de login enviado
2026-03-04 17:00:30,408 - INFO - [Intento 2] [OK] Login exitoso - texto 'Tus servicios' encontrado
2026-03-04 17:00:30,408 - INFO - [Intento 2] Esperando que la página se cargue completamente...
2026-03-04 17:00:32,408 - INFO - [Intento 2] Página estabilizada, listo para descargar
2026-03-04 17:00:32,408 - INFO - ======================================================================
2026-03-04 17:00:32,408 - INFO - [*] Iniciando descarga de Reportes VENTAS
2026-03-04 17:00:32,409 - INFO - ======================================================================
2026-03-04 17:00:32,409 - INFO - Navegando a: https://cencarvajal.com/receivingadvicenewportal/#/home/consult-service?service=SLSRPT
2026-03-04 17:00:32,435 - INFO - Esperando que Angular cargue...
2026-03-04 17:00:35,971 - INFO - ✓ Formulario de filtros cargado
2026-03-04 17:00:37,972 - INFO - Configurando filtro de fechas: 03/03/2026 a 04/03/2026
2026-03-04 17:00:38,002 - INFO - Campo 'Fecha inicio' rellenado: 03/03/2026
2026-03-04 17:00:38,558 - INFO - Campo 'Fecha fin' rellenado: 04/03/2026
2026-03-04 17:00:40,067 - INFO - Calendarios cerrados, filtros de fecha configurados
2026-03-04 17:00:40,068 - INFO - 🔍 Presionando botón 'Buscar' para obtener el listado...
2026-03-04 17:00:40,101 - INFO - ✓ Búsqueda completada y tabla cargada
2026-03-04 17:00:42,107 - INFO - ✓ Se encontraron 3 registro(s)
2026-03-04 17:00:42,108 - INFO - 📄 Procesando página 1...
2026-03-04 17:00:42,113 - INFO -   -> 3 fila(s) en esta página
2026-03-04 17:00:42,138 - INFO - Fila 1: Iniciando descarga - Dismel Ltda | SUPERTIENDAS Y DROGUERIAS OLIMPICAS
2026-03-04 17:00:42,170 - INFO - Fila 1: Modal de formato abierto, esperando selección...
2026-03-04 17:00:43,208 - INFO - Fila 1: Formato XLSX seleccionado
2026-03-04 17:00:44,223 - INFO - Fila 1: Botón Descargar encontrado
2026-03-04 17:00:44,743 - INFO - Fila 1: Descargando archivo...
2026-03-04 17:00:50,671 - INFO - Fila 1: [OK] Descargado exitosamente: VENTAS_PAGE1_FILA1_20260304_170050.xlsx
2026-03-04 17:00:51,696 - INFO - Fila 2: Iniciando descarga - Dismel Ltda | SUPERTIENDAS Y DROGUERIAS OLIMPICAS
2026-03-04 17:00:51,735 - INFO - Fila 2: Modal de formato abierto, esperando selección...
2026-03-04 17:00:52,773 - INFO - Fila 2: Formato XLSX seleccionado
2026-03-04 17:00:53,787 - INFO - Fila 2: Botón Descargar encontrado
2026-03-04 17:00:54,308 - INFO - Fila 2: Descargando archivo...
2026-03-04 17:00:57,020 - INFO - Fila 2: [OK] Descargado exitosamente: VENTAS_PAGE1_FILA2_20260304_170056.xlsx
2026-03-04 17:00:58,046 - INFO - Fila 3: Iniciando descarga - Dismel Ltda | SUPERTIENDAS Y DROGUERIAS OLIMPICAS
2026-03-04 17:00:58,081 - INFO - Fila 3: Modal de formato abierto, esperando selección...
2026-03-04 17:00:59,122 - INFO - Fila 3: Formato XLSX seleccionado
2026-03-04 17:01:00,136 - INFO - Fila 3: Botón Descargar encontrado
2026-03-04 17:01:00,657 - INFO - Fila 3: Descargando archivo...
2026-03-04 17:01:03,384 - INFO - Fila 3: [OK] Descargado exitosamente: VENTAS_PAGE1_FILA3_20260304_170103.xlsx
2026-03-04 17:01:04,400 - INFO - No hay página siguiente. Fin de paginación.
2026-03-04 17:01:04,400 - INFO - ======================================================================
2026-03-04 17:01:04,400 - INFO - [OK] Proceso completado
2026-03-04 17:01:04,400 - INFO - [REPORT] Total de descargas: 3 archivo(s)
2026-03-04 17:01:04,400 - INFO - 📁 Ubicación: D:\TAREAS\CARVAJAL\descargas_reportes
2026-03-04 17:01:04,400 - INFO - [LOG] Logs guardados en: logs_reportes\reporte_descargas_20260304_170002.log
2026-03-04 17:01:04,400 - INFO - ======================================================================
2026-03-04 17:01:04,400 - INFO - ✅ Descarga de reportes de ventas completada exitosamente
2026-03-04 17:01:04,545 - INFO - 
[OK] Navegador cerrado. Proceso finalizado correctamente
2026-03-04 17:01:04,546 - INFO - [LOG] Archivo de log: logs_reportes\reporte_descargas_20260304_170002.log
2026-03-04 17:01:04,546 - INFO - ======================================================================
