2026-03-02 22:00:02,654 - INFO - ======================================================================
2026-03-02 22:00:02,654 - INFO - INICIO DE SESIÓN - 02/03/2026 22:00:02
2026-03-02 22:00:02,655 - INFO - ======================================================================
2026-03-02 22:00:03,212 - INFO - Iniciando Playwright...
2026-03-02 22:00:03,422 - INFO - Navegador (Chromium) lanzado en modo oculto
2026-03-02 22:00:03,823 - INFO - Navegando a: https://cencarvajal.com/#/portal/login
2026-03-02 22:00:08,673 - INFO - [Intento 1/3] Intentando login…
2026-03-02 22:00:11,095 - INFO - [Intento 1] Formulario de login enviado
2026-03-02 22:00:21,098 - WARNING - [Intento 1] No apareció 'Tus servicios' después de intentar login (posible modal)
2026-03-02 22:00:21,116 - INFO - [Intento 1] Se hizo clic en botón 'Continuar' del modal
2026-03-02 22:00:28,119 - WARNING - [Intento 1] Aún no aparece 'Tus servicios' tras aceptar modal
2026-03-02 22:00:28,119 - INFO - [Intento 1] Navegando de nuevo a login y reintentando...
2026-03-02 22:00:28,128 - INFO - [Intento 1] Página de login cargada nuevamente
2026-03-02 22:00:28,128 - INFO - [Intento 2/3] Intentando login…
2026-03-02 22:00:28,183 - INFO - [Intento 2] Formulario de login enviado
2026-03-02 22:00:30,545 - INFO - [Intento 2] [OK] Login exitoso - texto 'Tus servicios' encontrado
2026-03-02 22:00:30,545 - INFO - [Intento 2] Esperando que la página se cargue completamente...
2026-03-02 22:00:32,546 - INFO - [Intento 2] Página estabilizada, listo para descargar
2026-03-02 22:00:32,546 - INFO - ======================================================================
2026-03-02 22:00:32,546 - INFO - [*] Iniciando descarga de Reportes VENTAS
2026-03-02 22:00:32,546 - INFO - ======================================================================
2026-03-02 22:00:32,546 - INFO - Navegando a: https://cencarvajal.com/receivingadvicenewportal/#/home/consult-service?service=SLSRPT
2026-03-02 22:00:32,570 - INFO - Esperando que Angular cargue...
2026-03-02 22:00:36,340 - INFO - ✓ Formulario de filtros cargado
2026-03-02 22:00:38,341 - INFO - Configurando filtro de fechas: 01/03/2026 a 02/03/2026
2026-03-02 22:00:38,372 - INFO - Campo 'Fecha inicio' rellenado: 01/03/2026
2026-03-02 22:00:38,928 - INFO - Campo 'Fecha fin' rellenado: 02/03/2026
2026-03-02 22:00:40,437 - INFO - Calendarios cerrados, filtros de fecha configurados
2026-03-02 22:00:40,438 - INFO - 🔍 Presionando botón 'Buscar' para obtener el listado...
2026-03-02 22:00:40,478 - INFO - ✓ Búsqueda completada y tabla cargada
2026-03-02 22:00:42,484 - INFO - ✓ Se encontraron 2 registro(s)
2026-03-02 22:00:42,484 - INFO - 📄 Procesando página 1...
2026-03-02 22:00:42,489 - INFO -   -> 2 fila(s) en esta página
2026-03-02 22:00:42,512 - INFO - Fila 1: Iniciando descarga - Dismel Ltda | SUPERTIENDAS Y DROGUERIAS OLIMPICAS
2026-03-02 22:00:42,546 - INFO - Fila 1: Modal de formato abierto, esperando selección...
2026-03-02 22:00:43,583 - INFO - Fila 1: Formato XLSX seleccionado
2026-03-02 22:00:44,597 - INFO - Fila 1: Botón Descargar encontrado
2026-03-02 22:00:45,118 - INFO - Fila 1: Descargando archivo...
2026-03-02 22:00:50,852 - INFO - Fila 1: [OK] Descargado exitosamente: VENTAS_PAGE1_FILA1_20260302_220050.xlsx
2026-03-02 22:00:51,877 - INFO - Fila 2: Iniciando descarga - Dismel Ltda | SUPERTIENDAS Y DROGUERIAS OLIMPICAS
2026-03-02 22:00:51,911 - INFO - Fila 2: Modal de formato abierto, esperando selección...
2026-03-02 22:00:52,948 - INFO - Fila 2: Formato XLSX seleccionado
2026-03-02 22:00:53,962 - INFO - Fila 2: Botón Descargar encontrado
2026-03-02 22:00:54,484 - INFO - Fila 2: Descargando archivo...
2026-03-02 22:00:57,246 - INFO - Fila 2: [OK] Descargado exitosamente: VENTAS_PAGE1_FILA2_20260302_220057.xlsx
2026-03-02 22:00:58,261 - INFO - No hay página siguiente. Fin de paginación.
2026-03-02 22:00:58,262 - INFO - ======================================================================
2026-03-02 22:00:58,262 - INFO - [OK] Proceso completado
2026-03-02 22:00:58,262 - INFO - [REPORT] Total de descargas: 2 archivo(s)
2026-03-02 22:00:58,262 - INFO - 📁 Ubicación: D:\TAREAS\CARVAJAL\descargas_reportes
2026-03-02 22:00:58,262 - INFO - [LOG] Logs guardados en: logs_reportes\reporte_descargas_20260302_220002.log
2026-03-02 22:00:58,262 - INFO - ======================================================================
2026-03-02 22:00:58,263 - INFO - ✅ Descarga de reportes de ventas completada exitosamente
2026-03-02 22:00:58,398 - INFO - 
[OK] Navegador cerrado. Proceso finalizado correctamente
2026-03-02 22:00:58,399 - INFO - [LOG] Archivo de log: logs_reportes\reporte_descargas_20260302_220002.log
2026-03-02 22:00:58,399 - INFO - ======================================================================
