2026-03-04 05:00:02,674 - INFO - ======================================================================
2026-03-04 05:00:02,674 - INFO - INICIO DE SESIÓN - 04/03/2026 05:00:02
2026-03-04 05:00:02,674 - INFO - ======================================================================
2026-03-04 05:00:03,209 - INFO - Iniciando Playwright...
2026-03-04 05:00:03,388 - INFO - Navegador (Chromium) lanzado en modo oculto
2026-03-04 05:00:03,760 - INFO - Navegando a: https://cencarvajal.com/#/portal/login
2026-03-04 05:00:09,081 - INFO - [Intento 1/3] Intentando login…
2026-03-04 05:00:11,109 - INFO - [Intento 1] Formulario de login enviado
2026-03-04 05:00:21,111 - WARNING - [Intento 1] No apareció 'Tus servicios' después de intentar login (posible modal)
2026-03-04 05:00:21,135 - INFO - [Intento 1] Se hizo clic en botón 'Continuar' del modal
2026-03-04 05:00:28,137 - WARNING - [Intento 1] Aún no aparece 'Tus servicios' tras aceptar modal
2026-03-04 05:00:28,137 - INFO - [Intento 1] Navegando de nuevo a login y reintentando...
2026-03-04 05:00:28,146 - INFO - [Intento 1] Página de login cargada nuevamente
2026-03-04 05:00:28,146 - INFO - [Intento 2/3] Intentando login…
2026-03-04 05:00:28,202 - INFO - [Intento 2] Formulario de login enviado
2026-03-04 05:00:30,567 - INFO - [Intento 2] [OK] Login exitoso - texto 'Tus servicios' encontrado
2026-03-04 05:00:30,567 - INFO - [Intento 2] Esperando que la página se cargue completamente...
2026-03-04 05:00:32,568 - INFO - [Intento 2] Página estabilizada, listo para descargar
2026-03-04 05:00:32,568 - INFO - ======================================================================
2026-03-04 05:00:32,568 - INFO - [*] Iniciando descarga de Reportes VENTAS
2026-03-04 05:00:32,568 - INFO - ======================================================================
2026-03-04 05:00:32,568 - INFO - Navegando a: https://cencarvajal.com/receivingadvicenewportal/#/home/consult-service?service=SLSRPT
2026-03-04 05:00:32,599 - INFO - Esperando que Angular cargue...
2026-03-04 05:00:36,132 - INFO - ✓ Formulario de filtros cargado
2026-03-04 05:00:38,133 - INFO - Configurando filtro de fechas: 03/03/2026 a 04/03/2026
2026-03-04 05:00:38,163 - INFO - Campo 'Fecha inicio' rellenado: 03/03/2026
2026-03-04 05:00:38,700 - INFO - Campo 'Fecha fin' rellenado: 04/03/2026
2026-03-04 05:00:40,227 - INFO - Calendarios cerrados, filtros de fecha configurados
2026-03-04 05:00:40,227 - INFO - 🔍 Presionando botón 'Buscar' para obtener el listado...
2026-03-04 05:00:40,280 - INFO - ✓ Búsqueda completada y tabla cargada
2026-03-04 05:00:42,286 - INFO - ✓ Se encontraron 2 registro(s)
2026-03-04 05:00:42,286 - INFO - 📄 Procesando página 1...
2026-03-04 05:00:42,290 - INFO -   -> 2 fila(s) en esta página
2026-03-04 05:00:42,314 - INFO - Fila 1: Iniciando descarga - Dismel Ltda | SUPERTIENDAS Y DROGUERIAS OLIMPICAS
2026-03-04 05:00:42,348 - INFO - Fila 1: Modal de formato abierto, esperando selección...
2026-03-04 05:00:43,385 - INFO - Fila 1: Formato XLSX seleccionado
2026-03-04 05:00:44,399 - INFO - Fila 1: Botón Descargar encontrado
2026-03-04 05:00:44,920 - INFO - Fila 1: Descargando archivo...
2026-03-04 05:00:50,849 - INFO - Fila 1: [OK] Descargado exitosamente: VENTAS_PAGE1_FILA1_20260304_050050.xlsx
2026-03-04 05:00:51,876 - INFO - Fila 2: Iniciando descarga - Dismel Ltda | SUPERTIENDAS Y DROGUERIAS OLIMPICAS
2026-03-04 05:00:51,913 - INFO - Fila 2: Modal de formato abierto, esperando selección...
2026-03-04 05:00:52,952 - INFO - Fila 2: Formato XLSX seleccionado
2026-03-04 05:00:53,965 - INFO - Fila 2: Botón Descargar encontrado
2026-03-04 05:00:54,487 - INFO - Fila 2: Descargando archivo...
2026-03-04 05:00:57,181 - INFO - Fila 2: [OK] Descargado exitosamente: VENTAS_PAGE1_FILA2_20260304_050057.xlsx
2026-03-04 05:00:58,196 - INFO - No hay página siguiente. Fin de paginación.
2026-03-04 05:00:58,197 - INFO - ======================================================================
2026-03-04 05:00:58,197 - INFO - [OK] Proceso completado
2026-03-04 05:00:58,197 - INFO - [REPORT] Total de descargas: 2 archivo(s)
2026-03-04 05:00:58,197 - INFO - 📁 Ubicación: D:\TAREAS\CARVAJAL\descargas_reportes
2026-03-04 05:00:58,197 - INFO - [LOG] Logs guardados en: logs_reportes\reporte_descargas_20260304_050002.log
2026-03-04 05:00:58,197 - INFO - ======================================================================
2026-03-04 05:00:58,197 - INFO - ✅ Descarga de reportes de ventas completada exitosamente
2026-03-04 05:00:58,342 - INFO - 
[OK] Navegador cerrado. Proceso finalizado correctamente
2026-03-04 05:00:58,342 - INFO - [LOG] Archivo de log: logs_reportes\reporte_descargas_20260304_050002.log
2026-03-04 05:00:58,343 - INFO - ======================================================================
