2026-03-02 23:00:02,651 - INFO - ======================================================================
2026-03-02 23:00:02,651 - INFO - INICIO DE SESIÓN - 02/03/2026 23:00:02
2026-03-02 23:00:02,652 - INFO - ======================================================================
2026-03-02 23:00:03,186 - INFO - Iniciando Playwright...
2026-03-02 23:00:03,361 - INFO - Navegador (Chromium) lanzado en modo oculto
2026-03-02 23:00:03,725 - INFO - Navegando a: https://cencarvajal.com/#/portal/login
2026-03-02 23:00:08,678 - INFO - [Intento 1/3] Intentando login…
2026-03-02 23:00:11,112 - INFO - [Intento 1] Formulario de login enviado
2026-03-02 23:00:21,115 - WARNING - [Intento 1] No apareció 'Tus servicios' después de intentar login (posible modal)
2026-03-02 23:00:21,138 - INFO - [Intento 1] Se hizo clic en botón 'Continuar' del modal
2026-03-02 23:00:28,140 - WARNING - [Intento 1] Aún no aparece 'Tus servicios' tras aceptar modal
2026-03-02 23:00:28,141 - INFO - [Intento 1] Navegando de nuevo a login y reintentando...
2026-03-02 23:00:28,150 - INFO - [Intento 1] Página de login cargada nuevamente
2026-03-02 23:00:28,150 - INFO - [Intento 2/3] Intentando login…
2026-03-02 23:00:28,206 - INFO - [Intento 2] Formulario de login enviado
2026-03-02 23:00:30,580 - INFO - [Intento 2] [OK] Login exitoso - texto 'Tus servicios' encontrado
2026-03-02 23:00:30,580 - INFO - [Intento 2] Esperando que la página se cargue completamente...
2026-03-02 23:00:32,580 - INFO - [Intento 2] Página estabilizada, listo para descargar
2026-03-02 23:00:32,580 - INFO - ======================================================================
2026-03-02 23:00:32,581 - INFO - [*] Iniciando descarga de Reportes VENTAS
2026-03-02 23:00:32,581 - INFO - ======================================================================
2026-03-02 23:00:32,581 - INFO - Navegando a: https://cencarvajal.com/receivingadvicenewportal/#/home/consult-service?service=SLSRPT
2026-03-02 23:00:32,606 - INFO - Esperando que Angular cargue...
2026-03-02 23:00:36,142 - INFO - ✓ Formulario de filtros cargado
2026-03-02 23:00:38,143 - INFO - Configurando filtro de fechas: 01/03/2026 a 02/03/2026
2026-03-02 23:00:38,174 - INFO - Campo 'Fecha inicio' rellenado: 01/03/2026
2026-03-02 23:00:38,712 - INFO - Campo 'Fecha fin' rellenado: 02/03/2026
2026-03-02 23:00:40,239 - INFO - Calendarios cerrados, filtros de fecha configurados
2026-03-02 23:00:40,239 - INFO - 🔍 Presionando botón 'Buscar' para obtener el listado...
2026-03-02 23:00:40,266 - INFO - ✓ Búsqueda completada y tabla cargada
2026-03-02 23:00:42,272 - INFO - ✓ Se encontraron 2 registro(s)
2026-03-02 23:00:42,272 - INFO - 📄 Procesando página 1...
2026-03-02 23:00:42,277 - INFO -   -> 2 fila(s) en esta página
2026-03-02 23:00:42,301 - INFO - Fila 1: Iniciando descarga - Dismel Ltda | SUPERTIENDAS Y DROGUERIAS OLIMPICAS
2026-03-02 23:00:42,335 - INFO - Fila 1: Modal de formato abierto, esperando selección...
2026-03-02 23:00:43,373 - INFO - Fila 1: Formato XLSX seleccionado
2026-03-02 23:00:44,386 - INFO - Fila 1: Botón Descargar encontrado
2026-03-02 23:00:44,909 - INFO - Fila 1: Descargando archivo...
2026-03-02 23:00:50,693 - INFO - Fila 1: [OK] Descargado exitosamente: VENTAS_PAGE1_FILA1_20260302_230050.xlsx
2026-03-02 23:00:51,718 - INFO - Fila 2: Iniciando descarga - Dismel Ltda | SUPERTIENDAS Y DROGUERIAS OLIMPICAS
2026-03-02 23:00:51,750 - INFO - Fila 2: Modal de formato abierto, esperando selección...
2026-03-02 23:00:52,788 - INFO - Fila 2: Formato XLSX seleccionado
2026-03-02 23:00:53,802 - INFO - Fila 2: Botón Descargar encontrado
2026-03-02 23:00:54,323 - INFO - Fila 2: Descargando archivo...
2026-03-02 23:00:57,043 - INFO - Fila 2: [OK] Descargado exitosamente: VENTAS_PAGE1_FILA2_20260302_230057.xlsx
2026-03-02 23:00:58,059 - INFO - No hay página siguiente. Fin de paginación.
2026-03-02 23:00:58,059 - INFO - ======================================================================
2026-03-02 23:00:58,059 - INFO - [OK] Proceso completado
2026-03-02 23:00:58,059 - INFO - [REPORT] Total de descargas: 2 archivo(s)
2026-03-02 23:00:58,059 - INFO - 📁 Ubicación: D:\TAREAS\CARVAJAL\descargas_reportes
2026-03-02 23:00:58,059 - INFO - [LOG] Logs guardados en: logs_reportes\reporte_descargas_20260302_230002.log
2026-03-02 23:00:58,060 - INFO - ======================================================================
2026-03-02 23:00:58,060 - INFO - ✅ Descarga de reportes de ventas completada exitosamente
2026-03-02 23:00:58,154 - INFO - 
[OK] Navegador cerrado. Proceso finalizado correctamente
2026-03-02 23:00:58,154 - INFO - [LOG] Archivo de log: logs_reportes\reporte_descargas_20260302_230002.log
2026-03-02 23:00:58,154 - INFO - ======================================================================
