2026-03-05 08:00:02,702 - INFO - ======================================================================
2026-03-05 08:00:02,702 - INFO - INICIO DE SESIÓN - 05/03/2026 08:00:02
2026-03-05 08:00:02,702 - INFO - ======================================================================
2026-03-05 08:00:09,260 - INFO - Iniciando Playwright...
2026-03-05 08:00:10,018 - INFO - Navegador (Chromium) lanzado en modo oculto
2026-03-05 08:00:10,390 - INFO - Navegando a: https://cencarvajal.com/#/portal/login
2026-03-05 08:00:15,379 - INFO - [Intento 1/3] Intentando login…
2026-03-05 08:00:17,758 - INFO - [Intento 1] Formulario de login enviado
2026-03-05 08:00:27,760 - WARNING - [Intento 1] No apareció 'Tus servicios' después de intentar login (posible modal)
2026-03-05 08:00:27,779 - INFO - [Intento 1] Se hizo clic en botón 'Continuar' del modal
2026-03-05 08:00:34,782 - WARNING - [Intento 1] Aún no aparece 'Tus servicios' tras aceptar modal
2026-03-05 08:00:34,782 - INFO - [Intento 1] Navegando de nuevo a login y reintentando...
2026-03-05 08:00:34,792 - INFO - [Intento 1] Página de login cargada nuevamente
2026-03-05 08:00:34,792 - INFO - [Intento 2/3] Intentando login…
2026-03-05 08:00:34,847 - INFO - [Intento 2] Formulario de login enviado
2026-03-05 08:00:37,198 - INFO - [Intento 2] [OK] Login exitoso - texto 'Tus servicios' encontrado
2026-03-05 08:00:37,198 - INFO - [Intento 2] Esperando que la página se cargue completamente...
2026-03-05 08:00:39,198 - INFO - [Intento 2] Página estabilizada, listo para descargar
2026-03-05 08:00:39,198 - INFO - ======================================================================
2026-03-05 08:00:39,199 - INFO - [*] Iniciando descarga de Reportes VENTAS
2026-03-05 08:00:39,199 - INFO - ======================================================================
2026-03-05 08:00:39,199 - INFO - Navegando a: https://cencarvajal.com/receivingadvicenewportal/#/home/consult-service?service=SLSRPT
2026-03-05 08:00:39,223 - INFO - Esperando que Angular cargue...
2026-03-05 08:00:42,862 - INFO - ✓ Formulario de filtros cargado
2026-03-05 08:00:44,863 - INFO - Configurando filtro de fechas: 04/03/2026 a 05/03/2026
2026-03-05 08:00:44,957 - INFO - Campo 'Fecha inicio' rellenado: 04/03/2026
2026-03-05 08:00:45,495 - INFO - Campo 'Fecha fin' rellenado: 05/03/2026
2026-03-05 08:00:47,004 - INFO - Calendarios cerrados, filtros de fecha configurados
2026-03-05 08:00:47,004 - INFO - 🔍 Presionando botón 'Buscar' para obtener el listado...
2026-03-05 08:00:47,041 - INFO - ✓ Búsqueda completada y tabla cargada
2026-03-05 08:00:49,047 - INFO - ✓ Se encontraron 1 registro(s)
2026-03-05 08:00:49,047 - INFO - 📄 Procesando página 1...
2026-03-05 08:00:49,051 - INFO -   -> 1 fila(s) en esta página
2026-03-05 08:00:49,074 - INFO - Fila 1: Iniciando descarga - Dismel Ltda | SUPERTIENDAS Y DROGUERIAS OLIMPICAS
2026-03-05 08:00:49,109 - INFO - Fila 1: Modal de formato abierto, esperando selección...
2026-03-05 08:00:50,146 - INFO - Fila 1: Formato XLSX seleccionado
2026-03-05 08:00:51,160 - INFO - Fila 1: Botón Descargar encontrado
2026-03-05 08:00:51,681 - INFO - Fila 1: Descargando archivo...
2026-03-05 08:00:57,733 - INFO - Fila 1: [OK] Descargado exitosamente: VENTAS_PAGE1_FILA1_20260305_080057.xlsx
2026-03-05 08:00:58,748 - INFO - No hay página siguiente. Fin de paginación.
2026-03-05 08:00:58,748 - INFO - ======================================================================
2026-03-05 08:00:58,748 - INFO - [OK] Proceso completado
2026-03-05 08:00:58,748 - INFO - [REPORT] Total de descargas: 1 archivo(s)
2026-03-05 08:00:58,749 - INFO - 📁 Ubicación: D:\TAREAS\CARVAJAL\descargas_reportes
2026-03-05 08:00:58,749 - INFO - [LOG] Logs guardados en: logs_reportes\reporte_descargas_20260305_080002.log
2026-03-05 08:00:58,749 - INFO - ======================================================================
2026-03-05 08:00:58,749 - INFO - ✅ Descarga de reportes de ventas completada exitosamente
2026-03-05 08:00:58,933 - INFO - 
[OK] Navegador cerrado. Proceso finalizado correctamente
2026-03-05 08:00:58,933 - INFO - [LOG] Archivo de log: logs_reportes\reporte_descargas_20260305_080002.log
2026-03-05 08:00:58,933 - INFO - ======================================================================
