2026-03-05 06:00:02,656 - INFO - ======================================================================
2026-03-05 06:00:02,656 - INFO - INICIO DE SESIÓN - 05/03/2026 06:00:02
2026-03-05 06:00:02,656 - INFO - ======================================================================
2026-03-05 06:00:03,190 - INFO - Iniciando Playwright...
2026-03-05 06:00:03,366 - INFO - Navegador (Chromium) lanzado en modo oculto
2026-03-05 06:00:03,734 - INFO - Navegando a: https://cencarvajal.com/#/portal/login
2026-03-05 06:00:08,811 - INFO - [Intento 1/3] Intentando login…
2026-03-05 06:00:11,243 - INFO - [Intento 1] Formulario de login enviado
2026-03-05 06:00:21,246 - WARNING - [Intento 1] No apareció 'Tus servicios' después de intentar login (posible modal)
2026-03-05 06:00:21,268 - INFO - [Intento 1] Se hizo clic en botón 'Continuar' del modal
2026-03-05 06:00:28,270 - WARNING - [Intento 1] Aún no aparece 'Tus servicios' tras aceptar modal
2026-03-05 06:00:28,270 - INFO - [Intento 1] Navegando de nuevo a login y reintentando...
2026-03-05 06:00:28,280 - INFO - [Intento 1] Página de login cargada nuevamente
2026-03-05 06:00:28,280 - INFO - [Intento 2/3] Intentando login…
2026-03-05 06:00:28,336 - INFO - [Intento 2] Formulario de login enviado
2026-03-05 06:00:30,694 - INFO - [Intento 2] [OK] Login exitoso - texto 'Tus servicios' encontrado
2026-03-05 06:00:30,694 - INFO - [Intento 2] Esperando que la página se cargue completamente...
2026-03-05 06:00:32,695 - INFO - [Intento 2] Página estabilizada, listo para descargar
2026-03-05 06:00:32,695 - INFO - ======================================================================
2026-03-05 06:00:32,696 - INFO - [*] Iniciando descarga de Reportes VENTAS
2026-03-05 06:00:32,696 - INFO - ======================================================================
2026-03-05 06:00:32,696 - INFO - Navegando a: https://cencarvajal.com/receivingadvicenewportal/#/home/consult-service?service=SLSRPT
2026-03-05 06:00:32,721 - INFO - Esperando que Angular cargue...
2026-03-05 06:00:36,256 - INFO - ✓ Formulario de filtros cargado
2026-03-05 06:00:38,257 - INFO - Configurando filtro de fechas: 04/03/2026 a 05/03/2026
2026-03-05 06:00:38,288 - INFO - Campo 'Fecha inicio' rellenado: 04/03/2026
2026-03-05 06:00:38,826 - INFO - Campo 'Fecha fin' rellenado: 05/03/2026
2026-03-05 06:00:40,353 - INFO - Calendarios cerrados, filtros de fecha configurados
2026-03-05 06:00:40,353 - INFO - 🔍 Presionando botón 'Buscar' para obtener el listado...
2026-03-05 06:00:40,380 - INFO - ✓ Búsqueda completada y tabla cargada
2026-03-05 06:00:42,385 - INFO - ✓ Se encontraron 1 registro(s)
2026-03-05 06:00:42,385 - INFO - 📄 Procesando página 1...
2026-03-05 06:00:42,389 - INFO -   -> 1 fila(s) en esta página
2026-03-05 06:00:42,413 - INFO - Fila 1: Iniciando descarga - Dismel Ltda | SUPERTIENDAS Y DROGUERIAS OLIMPICAS
2026-03-05 06:00:42,448 - INFO - Fila 1: Modal de formato abierto, esperando selección...
2026-03-05 06:00:43,485 - INFO - Fila 1: Formato XLSX seleccionado
2026-03-05 06:00:44,499 - INFO - Fila 1: Botón Descargar encontrado
2026-03-05 06:00:45,019 - INFO - Fila 1: Descargando archivo...
2026-03-05 06:00:51,004 - INFO - Fila 1: [OK] Descargado exitosamente: VENTAS_PAGE1_FILA1_20260305_060050.xlsx
2026-03-05 06:00:52,019 - INFO - No hay página siguiente. Fin de paginación.
2026-03-05 06:00:52,019 - INFO - ======================================================================
2026-03-05 06:00:52,019 - INFO - [OK] Proceso completado
2026-03-05 06:00:52,020 - INFO - [REPORT] Total de descargas: 1 archivo(s)
2026-03-05 06:00:52,020 - INFO - 📁 Ubicación: D:\TAREAS\CARVAJAL\descargas_reportes
2026-03-05 06:00:52,020 - INFO - [LOG] Logs guardados en: logs_reportes\reporte_descargas_20260305_060002.log
2026-03-05 06:00:52,020 - INFO - ======================================================================
2026-03-05 06:00:52,020 - INFO - ✅ Descarga de reportes de ventas completada exitosamente
2026-03-05 06:00:52,099 - INFO - 
[OK] Navegador cerrado. Proceso finalizado correctamente
2026-03-05 06:00:52,099 - INFO - [LOG] Archivo de log: logs_reportes\reporte_descargas_20260305_060002.log
2026-03-05 06:00:52,099 - INFO - ======================================================================
