2026-03-02 20:00:02,651 - INFO - ======================================================================
2026-03-02 20:00:02,651 - INFO - INICIO DE SESIÓN - 02/03/2026 20:00:02
2026-03-02 20:00:02,651 - INFO - ======================================================================
2026-03-02 20:00:03,187 - INFO - Iniciando Playwright...
2026-03-02 20:00:03,365 - INFO - Navegador (Chromium) lanzado en modo oculto
2026-03-02 20:00:03,737 - INFO - Navegando a: https://cencarvajal.com/#/portal/login
2026-03-02 20:00:08,456 - INFO - [Intento 1/3] Intentando login…
2026-03-02 20:00:10,861 - INFO - [Intento 1] Formulario de login enviado
2026-03-02 20:00:20,863 - WARNING - [Intento 1] No apareció 'Tus servicios' después de intentar login (posible modal)
2026-03-02 20:00:20,887 - INFO - [Intento 1] Se hizo clic en botón 'Continuar' del modal
2026-03-02 20:00:27,889 - WARNING - [Intento 1] Aún no aparece 'Tus servicios' tras aceptar modal
2026-03-02 20:00:27,889 - INFO - [Intento 1] Navegando de nuevo a login y reintentando...
2026-03-02 20:00:27,901 - INFO - [Intento 1] Página de login cargada nuevamente
2026-03-02 20:00:27,901 - INFO - [Intento 2/3] Intentando login…
2026-03-02 20:00:27,955 - INFO - [Intento 2] Formulario de login enviado
2026-03-02 20:00:30,314 - INFO - [Intento 2] [OK] Login exitoso - texto 'Tus servicios' encontrado
2026-03-02 20:00:30,314 - INFO - [Intento 2] Esperando que la página se cargue completamente...
2026-03-02 20:00:32,314 - INFO - [Intento 2] Página estabilizada, listo para descargar
2026-03-02 20:00:32,314 - INFO - ======================================================================
2026-03-02 20:00:32,315 - INFO - [*] Iniciando descarga de Reportes VENTAS
2026-03-02 20:00:32,315 - INFO - ======================================================================
2026-03-02 20:00:32,315 - INFO - Navegando a: https://cencarvajal.com/receivingadvicenewportal/#/home/consult-service?service=SLSRPT
2026-03-02 20:00:32,339 - INFO - Esperando que Angular cargue...
2026-03-02 20:00:35,897 - INFO - ✓ Formulario de filtros cargado
2026-03-02 20:00:37,898 - INFO - Configurando filtro de fechas: 01/03/2026 a 02/03/2026
2026-03-02 20:00:37,927 - INFO - Campo 'Fecha inicio' rellenado: 01/03/2026
2026-03-02 20:00:38,482 - INFO - Campo 'Fecha fin' rellenado: 02/03/2026
2026-03-02 20:00:39,991 - INFO - Calendarios cerrados, filtros de fecha configurados
2026-03-02 20:00:39,991 - INFO - 🔍 Presionando botón 'Buscar' para obtener el listado...
2026-03-02 20:00:40,031 - INFO - ✓ Búsqueda completada y tabla cargada
2026-03-02 20:00:42,038 - INFO - ✓ Se encontraron 2 registro(s)
2026-03-02 20:00:42,038 - INFO - 📄 Procesando página 1...
2026-03-02 20:00:42,042 - INFO -   -> 2 fila(s) en esta página
2026-03-02 20:00:42,066 - INFO - Fila 1: Iniciando descarga - Dismel Ltda | SUPERTIENDAS Y DROGUERIAS OLIMPICAS
2026-03-02 20:00:42,101 - INFO - Fila 1: Modal de formato abierto, esperando selección...
2026-03-02 20:00:43,137 - INFO - Fila 1: Formato XLSX seleccionado
2026-03-02 20:00:44,151 - INFO - Fila 1: Botón Descargar encontrado
2026-03-02 20:00:44,672 - INFO - Fila 1: Descargando archivo...
2026-03-02 20:00:50,425 - INFO - Fila 1: [OK] Descargado exitosamente: VENTAS_PAGE1_FILA1_20260302_200050.xlsx
2026-03-02 20:00:51,449 - INFO - Fila 2: Iniciando descarga - Dismel Ltda | SUPERTIENDAS Y DROGUERIAS OLIMPICAS
2026-03-02 20:00:51,482 - INFO - Fila 2: Modal de formato abierto, esperando selección...
2026-03-02 20:00:52,520 - INFO - Fila 2: Formato XLSX seleccionado
2026-03-02 20:00:53,533 - INFO - Fila 2: Botón Descargar encontrado
2026-03-02 20:00:54,055 - INFO - Fila 2: Descargando archivo...
2026-03-02 20:00:56,751 - INFO - Fila 2: [OK] Descargado exitosamente: VENTAS_PAGE1_FILA2_20260302_200056.xlsx
2026-03-02 20:00:57,766 - INFO - No hay página siguiente. Fin de paginación.
2026-03-02 20:00:57,766 - INFO - ======================================================================
2026-03-02 20:00:57,767 - INFO - [OK] Proceso completado
2026-03-02 20:00:57,767 - INFO - [REPORT] Total de descargas: 2 archivo(s)
2026-03-02 20:00:57,767 - INFO - 📁 Ubicación: D:\TAREAS\CARVAJAL\descargas_reportes
2026-03-02 20:00:57,767 - INFO - [LOG] Logs guardados en: logs_reportes\reporte_descargas_20260302_200002.log
2026-03-02 20:00:57,767 - INFO - ======================================================================
2026-03-02 20:00:57,767 - INFO - ✅ Descarga de reportes de ventas completada exitosamente
2026-03-02 20:00:57,906 - INFO - 
[OK] Navegador cerrado. Proceso finalizado correctamente
2026-03-02 20:00:57,907 - INFO - [LOG] Archivo de log: logs_reportes\reporte_descargas_20260302_200002.log
2026-03-02 20:00:57,907 - INFO - ======================================================================
