2026-03-03 18:00:02,120 - INFO - ======================================================================
2026-03-03 18:00:02,120 - INFO - INICIO DE SESIÓN - 03/03/2026 18:00:02
2026-03-03 18:00:02,121 - INFO - ======================================================================
2026-03-03 18:00:02,665 - INFO - Iniciando Playwright...
2026-03-03 18:00:02,847 - INFO - Navegador (Chromium) lanzado en modo oculto
2026-03-03 18:00:03,210 - INFO - Navegando a: https://cencarvajal.com/#/portal/login
2026-03-03 18:00:07,874 - INFO - [Intento 1/3] Intentando login…
2026-03-03 18:00:10,295 - INFO - [Intento 1] Formulario de login enviado
2026-03-03 18:00:20,301 - WARNING - [Intento 1] No apareció 'Tus servicios' después de intentar login (posible modal)
2026-03-03 18:00:20,318 - INFO - [Intento 1] Se hizo clic en botón 'Continuar' del modal
2026-03-03 18:00:27,321 - WARNING - [Intento 1] Aún no aparece 'Tus servicios' tras aceptar modal
2026-03-03 18:00:27,321 - INFO - [Intento 1] Navegando de nuevo a login y reintentando...
2026-03-03 18:00:27,333 - INFO - [Intento 1] Página de login cargada nuevamente
2026-03-03 18:00:27,333 - INFO - [Intento 2/3] Intentando login…
2026-03-03 18:00:27,387 - INFO - [Intento 2] Formulario de login enviado
2026-03-03 18:00:29,752 - INFO - [Intento 2] [OK] Login exitoso - texto 'Tus servicios' encontrado
2026-03-03 18:00:29,752 - INFO - [Intento 2] Esperando que la página se cargue completamente...
2026-03-03 18:00:31,753 - INFO - [Intento 2] Página estabilizada, listo para descargar
2026-03-03 18:00:31,753 - INFO - ======================================================================
2026-03-03 18:00:31,753 - INFO - [*] Iniciando descarga de Reportes VENTAS
2026-03-03 18:00:31,753 - INFO - ======================================================================
2026-03-03 18:00:31,753 - INFO - Navegando a: https://cencarvajal.com/receivingadvicenewportal/#/home/consult-service?service=SLSRPT
2026-03-03 18:00:31,783 - INFO - Esperando que Angular cargue...
2026-03-03 18:00:35,320 - INFO - ✓ Formulario de filtros cargado
2026-03-03 18:00:37,321 - INFO - Configurando filtro de fechas: 02/03/2026 a 03/03/2026
2026-03-03 18:00:37,351 - INFO - Campo 'Fecha inicio' rellenado: 02/03/2026
2026-03-03 18:00:37,907 - INFO - Campo 'Fecha fin' rellenado: 03/03/2026
2026-03-03 18:00:39,417 - INFO - Calendarios cerrados, filtros de fecha configurados
2026-03-03 18:00:39,417 - INFO - 🔍 Presionando botón 'Buscar' para obtener el listado...
2026-03-03 18:00:39,463 - INFO - ✓ Búsqueda completada y tabla cargada
2026-03-03 18:00:41,470 - INFO - ✓ Se encontraron 3 registro(s)
2026-03-03 18:00:41,470 - INFO - 📄 Procesando página 1...
2026-03-03 18:00:41,475 - INFO -   -> 3 fila(s) en esta página
2026-03-03 18:00:41,500 - INFO - Fila 1: Iniciando descarga - Dismel Ltda | SUPERTIENDAS Y DROGUERIAS OLIMPICAS
2026-03-03 18:00:41,532 - INFO - Fila 1: Modal de formato abierto, esperando selección...
2026-03-03 18:00:42,571 - INFO - Fila 1: Formato XLSX seleccionado
2026-03-03 18:00:43,585 - INFO - Fila 1: Botón Descargar encontrado
2026-03-03 18:00:44,105 - INFO - Fila 1: Descargando archivo...
2026-03-03 18:00:49,947 - INFO - Fila 1: [OK] Descargado exitosamente: VENTAS_PAGE1_FILA1_20260303_180049.xlsx
2026-03-03 18:00:50,972 - INFO - Fila 2: Iniciando descarga - Dismel Ltda | SUPERTIENDAS Y DROGUERIAS OLIMPICAS
2026-03-03 18:00:51,013 - INFO - Fila 2: Modal de formato abierto, esperando selección...
2026-03-03 18:00:52,053 - INFO - Fila 2: Formato XLSX seleccionado
2026-03-03 18:00:53,067 - INFO - Fila 2: Botón Descargar encontrado
2026-03-03 18:00:53,587 - INFO - Fila 2: Descargando archivo...
2026-03-03 18:00:56,401 - INFO - Fila 2: [OK] Descargado exitosamente: VENTAS_PAGE1_FILA2_20260303_180056.xlsx
2026-03-03 18:00:57,425 - INFO - Fila 3: Iniciando descarga - Dismel Ltda | SUPERTIENDAS Y DROGUERIAS OLIMPICAS
2026-03-03 18:00:57,460 - INFO - Fila 3: Modal de formato abierto, esperando selección...
2026-03-03 18:00:58,500 - INFO - Fila 3: Formato XLSX seleccionado
2026-03-03 18:00:59,514 - INFO - Fila 3: Botón Descargar encontrado
2026-03-03 18:01:00,036 - INFO - Fila 3: Descargando archivo...
2026-03-03 18:01:02,693 - INFO - Fila 3: [OK] Descargado exitosamente: VENTAS_PAGE1_FILA3_20260303_180102.xlsx
2026-03-03 18:01:03,708 - INFO - No hay página siguiente. Fin de paginación.
2026-03-03 18:01:03,708 - INFO - ======================================================================
2026-03-03 18:01:03,708 - INFO - [OK] Proceso completado
2026-03-03 18:01:03,708 - INFO - [REPORT] Total de descargas: 3 archivo(s)
2026-03-03 18:01:03,708 - INFO - 📁 Ubicación: D:\TAREAS\CARVAJAL\descargas_reportes
2026-03-03 18:01:03,709 - INFO - [LOG] Logs guardados en: logs_reportes\reporte_descargas_20260303_180002.log
2026-03-03 18:01:03,709 - INFO - ======================================================================
2026-03-03 18:01:03,709 - INFO - ✅ Descarga de reportes de ventas completada exitosamente
2026-03-03 18:01:03,853 - INFO - 
[OK] Navegador cerrado. Proceso finalizado correctamente
2026-03-03 18:01:03,853 - INFO - [LOG] Archivo de log: logs_reportes\reporte_descargas_20260303_180002.log
2026-03-03 18:01:03,853 - INFO - ======================================================================
